#
# A fatal error has been detected by the Java Runtime Environment:
#
#  EXCEPTION_ACCESS_VIOLATION (0xc0000005) at pc=0x00007ff92a5ae166, pid=8552, tid=3648
#
# JRE version: Java(TM) SE Runtime Environment 18.9 (11.0.13+10) (build 11.0.13+10-LTS-370)
# Java VM: Java HotSpot(TM) 64-Bit Server VM 18.9 (11.0.13+10-LTS-370, mixed mode, tiered, compressed oops, g1 gc, windows-amd64)
# Problematic frame:
# V  [jvm.dll+0x2ae166]
#
# No core dump will be written. Minidumps are not enabled by default on client versions of Windows
#
# If you would like to submit a bug report, please visit:
#   https://bugreport.java.com/bugreport/crash.jsp
#

---------------  S U M M A R Y ------------

Command Line: --add-opens=java.base/java.util=ALL-UNNAMED --add-opens=java.base/java.lang=ALL-UNNAMED --add-opens=java.base/java.lang.invoke=ALL-UNNAMED --add-opens=java.base/java.util=ALL-UNNAMED --add-opens=java.prefs/java.util.prefs=ALL-UNNAMED --add-opens=java.prefs/java.util.prefs=ALL-UNNAMED --add-opens=java.base/java.nio.charset=ALL-UNNAMED --add-opens=java.base/java.net=ALL-UNNAMED --add-opens=java.base/java.util.concurrent.atomic=ALL-UNNAMED -XX:MaxMetaspaceSize=256m -XX:+HeapDumpOnOutOfMemoryError -Xms256m -Xmx512m -Dfile.encoding=windows-1252 -Duser.country=US -Duser.language=en -Duser.variant org.gradle.launcher.daemon.bootstrap.GradleDaemon 7.5

Host: Intel(R) Core(TM) i5-3230M CPU @ 2.60GHz, 4 cores, 11G,  Windows 10 , 64 bit Build 19041 (10.0.19041.1806)
Time: Sat Jul 30 11:18:06 2022 Tokyo Standard Time elapsed time: 36.727561 seconds (0d 0h 0m 36s)

---------------  T H R E A D  ---------------

Current thread (0x00000197e2999800):  JavaThread "C2 CompilerThread1" daemon [_thread_in_native, id=3648, stack(0x0000006ea2d00000,0x0000006ea2e00000)]


Current CompileTask:
C2:  36727 10345   !   4       com.sun.org.apache.xerces.internal.impl.XMLDocumentFragmentScannerImpl$FragmentContentDriver::next (2329 bytes)

Stack: [0x0000006ea2d00000,0x0000006ea2e00000],  sp=0x0000006ea2dfb040,  free space=1004k
Native frames: (J=compiled Java code, j=interpreted, Vv=VM code, C=native code)
V  [jvm.dll+0x2ae166]
V  [jvm.dll+0x2ae426]
V  [jvm.dll+0x53bfd6]
V  [jvm.dll+0x1f9d8b]
V  [jvm.dll+0x1f731d]
V  [jvm.dll+0x177991]
V  [jvm.dll+0x206d84]
V  [jvm.dll+0x204ebb]
V  [jvm.dll+0x727e70]
V  [jvm.dll+0x720a54]
V  [jvm.dll+0x627606]
C  [ucrtbase.dll+0x21bb2]
C  [KERNEL32.DLL+0x17034]
C  [ntdll.dll+0x52651]


siginfo: EXCEPTION_ACCESS_VIOLATION (0xc0000005), reading address 0x00000397df02b420


Register to memory mapping:

RIP=0x00007ff92a5ae166 jvm.dll
RAX=0x00000397df02b420 is an unknown value
RBX=0x00000197df02b1b0 points into unknown readable memory: 0x00007ff92ab2b5c0 | c0 b5 b2 2a f9 7f 00 00
RCX=0x0000000000000838 is an unknown value
RDX=0x00000197e304a160 points into unknown readable memory: 0x00000197df02b1b0 | b0 b1 02 df 97 01 00 00
RSP=0x0000006ea2dfb040 is pointing into the stack for thread: 0x00000197e2999800
RBP=0x0000006ea2dfb0b0 is pointing into the stack for thread: 0x00000197e2999800
RSI=0x0 is NULL
RDI=0x00000197df06e740 points into unknown readable memory: 0xffffffff00000001 | 01 00 00 00 ff ff ff ff
R8 =0x0000000000004000 is an unknown value
R9 =0x0000000000000c4e is an unknown value
R10=0x00000197df0764b0 points into unknown readable memory: 0x00000000000000e1 | e1 00 00 00 00 00 00 00
R11=0x00000197db4de9e0 points into unknown readable memory: 0x0406402444281267 | 67 12 28 44 24 40 06 04
R12=0x00000197df06e740 points into unknown readable memory: 0xffffffff00000001 | 01 00 00 00 ff ff ff ff
R13=0x0000006ea2dfc1d0 is pointing into the stack for thread: 0x00000197e2999800
R14=0x0000000000000839 is an unknown value
R15=0x0000006ea2dfb130 is pointing into the stack for thread: 0x00000197e2999800


Registers:
RAX=0x00000397df02b420, RBX=0x00000197df02b1b0, RCX=0x0000000000000838, RDX=0x00000197e304a160
RSP=0x0000006ea2dfb040, RBP=0x0000006ea2dfb0b0, RSI=0x0000000000000000, RDI=0x00000197df06e740
R8 =0x0000000000004000, R9 =0x0000000000000c4e, R10=0x00000197df0764b0, R11=0x00000197db4de9e0
R12=0x00000197df06e740, R13=0x0000006ea2dfc1d0, R14=0x0000000000000839, R15=0x0000006ea2dfb130
RIP=0x00007ff92a5ae166, EFLAGS=0x0000000000010246

Top of Stack: (sp=0x0000006ea2dfb040)
0x0000006ea2dfb040:   00000197dec19b80 00000197e3020f90
0x0000006ea2dfb050:   0000000000000000 0000000000000000
0x0000006ea2dfb060:   00000197e304a168 00000197df02b1b0
0x0000006ea2dfb070:   000002bf00000011 0000000000000000
0x0000006ea2dfb080:   0000000000000008 00000197df074eb0
0x0000006ea2dfb090:   00000197df06e740 00000197df306c90
0x0000006ea2dfb0a0:   00000197df300520 0000006ea2dfc1d0
0x0000006ea2dfb0b0:   00000197e2af2da0 00000197e034e268
0x0000006ea2dfb0c0:   00000197e3020f90 00007ff92a5ae426
0x0000006ea2dfb0d0:   00000197e3020f90 0000000000000000
0x0000006ea2dfb0e0:   00000197dcd3dde0 00000197df06e740
0x0000006ea2dfb0f0:   00000197d9ac2e50 0000000000000000
0x0000006ea2dfb100:   00000197e3020f90 00000197e2af2da0
0x0000006ea2dfb110:   00000197df300520 00000197df306c90
0x0000006ea2dfb120:   00000000000dd030 00000197df308508
0x0000006ea2dfb130:   00007ff92abb8160 00000197e2af2da0 

Instructions: (pc=0x00007ff92a5ae166)
0x00007ff92a5ae146:   f6 0f 8e 50 01 00 00 4c 8b 65 38 0f 1f 40 00 66
0x00007ff92a5ae156:   66 66 0f 1f 84 00 00 00 00 00 48 8b 43 10 ff ce
0x00007ff92a5ae166:   48 8b 3c f0 48 8b cf 48 8b 07 ff 50 10 84 c0 0f
0x00007ff92a5ae176:   84 12 01 00 00 8b 4f 28 41 3b 4d 28 0f 83 05 01 


Stack slot to memory mapping:
stack at sp + 0 slots: 0x00000197dec19b80 points into unknown readable memory: 0x00007ff92ab540c8 | c8 40 b5 2a f9 7f 00 00
stack at sp + 1 slots: 0x00000197e3020f90 points into unknown readable memory: 0x0000000000000000 | 00 00 00 00 00 00 00 00
stack at sp + 2 slots: 0x0 is NULL
stack at sp + 3 slots: 0x0 is NULL
stack at sp + 4 slots: 0x00000197e304a168 points into unknown readable memory: 0x0000000100000839 | 39 08 00 00 01 00 00 00
stack at sp + 5 slots: 0x00000197df02b1b0 points into unknown readable memory: 0x00007ff92ab2b5c0 | c0 b5 b2 2a f9 7f 00 00
stack at sp + 6 slots: 0x000002bf00000011 is an unknown value
stack at sp + 7 slots: 0x0 is NULL


---------------  P R O C E S S  ---------------

Threads class SMR info:
_java_thread_list=0x00000197da2c30b0, length=94, elements={
0x00000197bea5c000, 0x00000197d88ad800, 0x00000197d88b7800, 0x00000197d88cc000,
0x00000197d88cd800, 0x00000197d88d0000, 0x00000197d88d5000, 0x00000197d9254800,
0x00000197d88dd800, 0x00000197d93a6800, 0x00000197db3ba000, 0x00000197db73d000,
0x00000197da8ca800, 0x00000197db307800, 0x00000197dbcae800, 0x00000197db483000,
0x00000197db062800, 0x00000197db3b5000, 0x00000197db4c5000, 0x00000197db3ab000,
0x00000197db3af000, 0x00000197db3b1800, 0x00000197db3b0000, 0x00000197db3ac800,
0x00000197db3b0800, 0x00000197db3ad800, 0x00000197db3ae000, 0x00000197db3ab800,
0x00000197dc31c000, 0x00000197dc31b000, 0x00000197dc317000, 0x00000197dc31d800,
0x00000197dc318800, 0x00000197dc31e800, 0x00000197dc319800, 0x00000197dc31f000,
0x00000197dc320000, 0x00000197dc31a800, 0x00000197dc321000, 0x00000197dc325000,
0x00000197dc321800, 0x00000197dc325800, 0x00000197dc323800, 0x00000197dc322800,
0x00000197dc324000, 0x00000197dcbd3800, 0x00000197dcbd5800, 0x00000197dcbd4800,
0x00000197dcbd1800, 0x00000197dcbd3000, 0x00000197dcbd6000, 0x00000197dcbd0800,
0x00000197dcbd7000, 0x00000197dcbd8000, 0x00000197dcbd2000, 0x00000197dcbdc800,
0x00000197dcbd8800, 0x00000197dcbda000, 0x00000197dcbd9800, 0x00000197dcbdb000,
0x00000197dcbdd800, 0x00000197dcbde800, 0x00000197dcbdf000, 0x00000197dcbdc000,
0x00000197d95b6800, 0x00000197d95b7000, 0x00000197d95b8000, 0x00000197d95b4000,
0x00000197d95b9000, 0x00000197d95b5800, 0x00000197d95b3000, 0x00000197d95b4800,
0x00000197d95bf800, 0x00000197d95b9800, 0x00000197d95c0000, 0x00000197d95bd800,
0x00000197d95bd000, 0x00000197d95c1000, 0x00000197e2999800, 0x00000197d95bc000,
0x00000197d9296800, 0x00000197d929a000, 0x00000197d929b000, 0x00000197d9295000,
0x00000197d9298800, 0x00000197d9297800, 0x00000197d9299000, 0x00000197d929b800,
0x00000197d9296000, 0x00000197d92a0800, 0x00000197d92a1800, 0x00000197d92a2000,
0x00000197d929c800, 0x00000197d929d000
}

Java Threads: ( => current thread )
  0x00000197bea5c000 JavaThread "main" [_thread_blocked, id=7096, stack(0x0000006ea0c00000,0x0000006ea0d00000)]
  0x00000197d88ad800 JavaThread "Reference Handler" daemon [_thread_blocked, id=2240, stack(0x0000006ea1300000,0x0000006ea1400000)]
  0x00000197d88b7800 JavaThread "Finalizer" daemon [_thread_blocked, id=8180, stack(0x0000006ea1400000,0x0000006ea1500000)]
  0x00000197d88cc000 JavaThread "Signal Dispatcher" daemon [_thread_blocked, id=1128, stack(0x0000006ea1500000,0x0000006ea1600000)]
  0x00000197d88cd800 JavaThread "Attach Listener" daemon [_thread_blocked, id=1244, stack(0x0000006ea1600000,0x0000006ea1700000)]
  0x00000197d88d0000 JavaThread "Service Thread" daemon [_thread_blocked, id=7856, stack(0x0000006ea1700000,0x0000006ea1800000)]
  0x00000197d88d5000 JavaThread "C2 CompilerThread0" daemon [_thread_in_native, id=3948, stack(0x0000006ea1800000,0x0000006ea1900000)]
  0x00000197d9254800 JavaThread "C1 CompilerThread0" daemon [_thread_in_native, id=6620, stack(0x0000006ea1900000,0x0000006ea1a00000)]
  0x00000197d88dd800 JavaThread "Sweeper thread" daemon [_thread_blocked, id=816, stack(0x0000006ea1a00000,0x0000006ea1b00000)]
  0x00000197d93a6800 JavaThread "Common-Cleaner" daemon [_thread_blocked, id=6012, stack(0x0000006ea1b00000,0x0000006ea1c00000)]
  0x00000197db3ba000 JavaThread "Daemon health stats" [_thread_blocked, id=3020, stack(0x0000006ea2100000,0x0000006ea2200000)]
  0x00000197db73d000 JavaThread "Incoming local TCP Connector on port 59089" [_thread_in_native, id=2996, stack(0x0000006ea2200000,0x0000006ea2300000)]
  0x00000197da8ca800 JavaThread "Daemon periodic checks" [_thread_blocked, id=6396, stack(0x0000006ea2300000,0x0000006ea2400000)]
  0x00000197db307800 JavaThread "Daemon" [_thread_blocked, id=5416, stack(0x0000006ea2400000,0x0000006ea2500000)]
  0x00000197dbcae800 JavaThread "Handler for socket connection from /127.0.0.1:59089 to /127.0.0.1:59090" [_thread_in_native, id=520, stack(0x0000006ea2500000,0x0000006ea2600000)]
  0x00000197db483000 JavaThread "Cancel handler" [_thread_blocked, id=4492, stack(0x0000006ea2600000,0x0000006ea2700000)]
  0x00000197db062800 JavaThread "Daemon worker" [_thread_in_Java, id=7704, stack(0x0000006ea2700000,0x0000006ea2800000)]
  0x00000197db3b5000 JavaThread "Asynchronous log dispatcher for DefaultDaemonConnection: socket connection from /127.0.0.1:59089 to /127.0.0.1:59090" [_thread_blocked, id=9668, stack(0x0000006ea2800000,0x0000006ea2900000)]
  0x00000197db4c5000 JavaThread "Stdin handler" [_thread_blocked, id=3916, stack(0x0000006ea2900000,0x0000006ea2a00000)]
  0x00000197db3ab000 JavaThread "Daemon client event forwarder" [_thread_blocked, id=8556, stack(0x0000006ea2a00000,0x0000006ea2b00000)]
  0x00000197db3af000 JavaThread "Cache worker for journal cache (C:\Users\LUCKY\.gradle\caches\journal-1)" [_thread_blocked, id=8168, stack(0x0000006ea2b00000,0x0000006ea2c00000)]
  0x00000197db3b1800 JavaThread "File lock request listener" [_thread_in_native, id=7116, stack(0x0000006ea2c00000,0x0000006ea2d00000)]
  0x00000197db3b0000 JavaThread "Cache worker for file hash cache (C:\Users\LUCKY\.gradle\caches\7.5\fileHashes)" [_thread_blocked, id=7808, stack(0x0000006ea1d00000,0x0000006ea1e00000)]
  0x00000197db3ac800 JavaThread "File watcher server" daemon [_thread_in_native, id=10564, stack(0x0000006ea2e00000,0x0000006ea2f00000)]
  0x00000197db3b0800 JavaThread "File watcher consumer" daemon [_thread_blocked, id=7868, stack(0x0000006ea2f00000,0x0000006ea3000000)]
  0x00000197db3ad800 JavaThread "Cache worker for checksums cache (D:\MyWork\ReactNative\BPM\BPM_MIC-main\android\.gradle\7.5\checksums)" [_thread_blocked, id=10560, stack(0x0000006ea3000000,0x0000006ea3100000)]
  0x00000197db3ae000 JavaThread "Cache worker for cache directory md-rule (C:\Users\LUCKY\.gradle\caches\7.5\md-rule)" [_thread_blocked, id=8256, stack(0x0000006ea3100000,0x0000006ea3200000)]
  0x00000197db3ab800 JavaThread "Cache worker for file content cache (C:\Users\LUCKY\.gradle\caches\7.5\fileContent)" [_thread_blocked, id=5768, stack(0x0000006ea3200000,0x0000006ea3300000)]
  0x00000197dc31c000 JavaThread "Cache worker for file hash cache (D:\MyWork\ReactNative\BPM\BPM_MIC-main\android\.gradle\7.5\fileHashes)" [_thread_blocked, id=5364, stack(0x0000006ea3300000,0x0000006ea3400000)]
  0x00000197dc31b000 JavaThread "Cache worker for cache directory md-supplier (C:\Users\LUCKY\.gradle\caches\7.5\md-supplier)" [_thread_blocked, id=10424, stack(0x0000006ea3400000,0x0000006ea3500000)]
  0x00000197dc317000 JavaThread "Cache worker for execution history cache (C:\Users\LUCKY\.gradle\caches\7.5\executionHistory)" [_thread_blocked, id=8448, stack(0x0000006ea3500000,0x0000006ea3600000)]
  0x00000197dc31d800 JavaThread "jar transforms" [_thread_blocked, id=7540, stack(0x0000006ea3600000,0x0000006ea3700000)]
  0x00000197dc318800 JavaThread "jar transforms Thread 2" [_thread_blocked, id=9344, stack(0x0000006ea3700000,0x0000006ea3800000)]
  0x00000197dc31e800 JavaThread "jar transforms Thread 3" [_thread_blocked, id=10968, stack(0x0000006ea3800000,0x0000006ea3900000)]
  0x00000197dc319800 JavaThread "jar transforms Thread 4" [_thread_blocked, id=10736, stack(0x0000006ea3900000,0x0000006ea3a00000)]
  0x00000197dc31f000 JavaThread "Cache worker for dependencies-accessors (D:\MyWork\ReactNative\BPM\BPM_MIC-main\android\.gradle\7.5\dependencies-accessors)" [_thread_blocked, id=8100, stack(0x0000006ea3a00000,0x0000006ea3b00000)]
  0x00000197dc320000 JavaThread "Cache worker for Build Output Cleanup Cache (D:\MyWork\ReactNative\BPM\BPM_MIC-main\android\.gradle\buildOutputCleanup)" [_thread_blocked, id=4884, stack(0x0000006ea3b00000,0x0000006ea3c00000)]
  0x00000197dc31a800 JavaThread "Unconstrained build operations" [_thread_blocked, id=11012, stack(0x0000006ea3c00000,0x0000006ea3d00000)]
  0x00000197dc321000 JavaThread "Unconstrained build operations Thread 2" [_thread_blocked, id=8548, stack(0x0000006ea3d00000,0x0000006ea3e00000)]
  0x00000197dc325000 JavaThread "Unconstrained build operations Thread 3" [_thread_blocked, id=4428, stack(0x0000006ea3e00000,0x0000006ea3f00000)]
  0x00000197dc321800 JavaThread "Unconstrained build operations Thread 4" [_thread_blocked, id=9608, stack(0x0000006ea3f00000,0x0000006ea4000000)]
  0x00000197dc325800 JavaThread "Unconstrained build operations Thread 5" [_thread_blocked, id=9236, stack(0x0000006ea4000000,0x0000006ea4100000)]
  0x00000197dc323800 JavaThread "Unconstrained build operations Thread 6" [_thread_blocked, id=10136, stack(0x0000006ea4100000,0x0000006ea4200000)]
  0x00000197dc322800 JavaThread "Unconstrained build operations Thread 7" [_thread_blocked, id=1660, stack(0x0000006ea4200000,0x0000006ea4300000)]
  0x00000197dc324000 JavaThread "Unconstrained build operations Thread 8" [_thread_blocked, id=9732, stack(0x0000006ea4300000,0x0000006ea4400000)]
  0x00000197dcbd3800 JavaThread "Unconstrained build operations Thread 9" [_thread_blocked, id=1740, stack(0x0000006ea4400000,0x0000006ea4500000)]
  0x00000197dcbd5800 JavaThread "Unconstrained build operations Thread 10" [_thread_blocked, id=7108, stack(0x0000006ea4500000,0x0000006ea4600000)]
  0x00000197dcbd4800 JavaThread "Unconstrained build operations Thread 11" [_thread_blocked, id=10620, stack(0x0000006ea4600000,0x0000006ea4700000)]
  0x00000197dcbd1800 JavaThread "Unconstrained build operations Thread 12" [_thread_blocked, id=252, stack(0x0000006ea4700000,0x0000006ea4800000)]
  0x00000197dcbd3000 JavaThread "Unconstrained build operations Thread 13" [_thread_blocked, id=8812, stack(0x0000006ea4800000,0x0000006ea4900000)]
  0x00000197dcbd6000 JavaThread "Unconstrained build operations Thread 14" [_thread_blocked, id=9144, stack(0x0000006ea4900000,0x0000006ea4a00000)]
  0x00000197dcbd0800 JavaThread "Unconstrained build operations Thread 15" [_thread_blocked, id=5528, stack(0x0000006ea4a00000,0x0000006ea4b00000)]
  0x00000197dcbd7000 JavaThread "Unconstrained build operations Thread 16" [_thread_blocked, id=3748, stack(0x0000006ea4b00000,0x0000006ea4c00000)]
  0x00000197dcbd8000 JavaThread "Unconstrained build operations Thread 17" [_thread_blocked, id=2296, stack(0x0000006ea4c00000,0x0000006ea4d00000)]
  0x00000197dcbd2000 JavaThread "Unconstrained build operations Thread 18" [_thread_blocked, id=10176, stack(0x0000006ea4d00000,0x0000006ea4e00000)]
  0x00000197dcbdc800 JavaThread "Unconstrained build operations Thread 19" [_thread_blocked, id=9532, stack(0x0000006ea4e00000,0x0000006ea4f00000)]
  0x00000197dcbd8800 JavaThread "Unconstrained build operations Thread 20" [_thread_blocked, id=7844, stack(0x0000006ea4f00000,0x0000006ea5000000)]
  0x00000197dcbda000 JavaThread "Unconstrained build operations Thread 21" [_thread_blocked, id=3156, stack(0x0000006ea5000000,0x0000006ea5100000)]
  0x00000197dcbd9800 JavaThread "Unconstrained build operations Thread 22" [_thread_blocked, id=2644, stack(0x0000006ea5100000,0x0000006ea5200000)]
  0x00000197dcbdb000 JavaThread "Unconstrained build operations Thread 23" [_thread_blocked, id=11148, stack(0x0000006ea5200000,0x0000006ea5300000)]
  0x00000197dcbdd800 JavaThread "Unconstrained build operations Thread 24" [_thread_blocked, id=10548, stack(0x0000006ea5300000,0x0000006ea5400000)]
  0x00000197dcbde800 JavaThread "Unconstrained build operations Thread 25" [_thread_blocked, id=9724, stack(0x0000006ea5400000,0x0000006ea5500000)]
  0x00000197dcbdf000 JavaThread "Unconstrained build operations Thread 26" [_thread_blocked, id=2248, stack(0x0000006ea5500000,0x0000006ea5600000)]
  0x00000197dcbdc000 JavaThread "Unconstrained build operations Thread 27" [_thread_blocked, id=11176, stack(0x0000006ea5600000,0x0000006ea5700000)]
  0x00000197d95b6800 JavaThread "Unconstrained build operations Thread 28" [_thread_blocked, id=3068, stack(0x0000006ea5700000,0x0000006ea5800000)]
  0x00000197d95b7000 JavaThread "Unconstrained build operations Thread 29" [_thread_blocked, id=1468, stack(0x0000006ea5800000,0x0000006ea5900000)]
  0x00000197d95b8000 JavaThread "Unconstrained build operations Thread 30" [_thread_blocked, id=7684, stack(0x0000006ea5900000,0x0000006ea5a00000)]
  0x00000197d95b4000 JavaThread "Unconstrained build operations Thread 31" [_thread_blocked, id=2496, stack(0x0000006ea5a00000,0x0000006ea5b00000)]
  0x00000197d95b9000 JavaThread "Unconstrained build operations Thread 32" [_thread_blocked, id=8304, stack(0x0000006ea5b00000,0x0000006ea5c00000)]
  0x00000197d95b5800 JavaThread "Unconstrained build operations Thread 33" [_thread_blocked, id=8292, stack(0x0000006ea5c00000,0x0000006ea5d00000)]
  0x00000197d95b3000 JavaThread "Unconstrained build operations Thread 34" [_thread_blocked, id=11184, stack(0x0000006ea5d00000,0x0000006ea5e00000)]
  0x00000197d95b4800 JavaThread "Unconstrained build operations Thread 35" [_thread_blocked, id=3620, stack(0x0000006ea5e00000,0x0000006ea5f00000)]
  0x00000197d95bf800 JavaThread "Unconstrained build operations Thread 36" [_thread_blocked, id=1608, stack(0x0000006ea5f00000,0x0000006ea6000000)]
  0x00000197d95b9800 JavaThread "Unconstrained build operations Thread 37" [_thread_blocked, id=7588, stack(0x0000006ea6000000,0x0000006ea6100000)]
  0x00000197d95c0000 JavaThread "Unconstrained build operations Thread 38" [_thread_blocked, id=10920, stack(0x0000006ea6100000,0x0000006ea6200000)]
  0x00000197d95bd800 JavaThread "Unconstrained build operations Thread 39" [_thread_blocked, id=2664, stack(0x0000006ea6200000,0x0000006ea6300000)]
  0x00000197d95bd000 JavaThread "Unconstrained build operations Thread 40" [_thread_blocked, id=4876, stack(0x0000006ea6300000,0x0000006ea6400000)]
  0x00000197d95c1000 JavaThread "Memory manager" [_thread_blocked, id=8452, stack(0x0000006ea6400000,0x0000006ea6500000)]
=>0x00000197e2999800 JavaThread "C2 CompilerThread1" daemon [_thread_in_native, id=3648, stack(0x0000006ea2d00000,0x0000006ea2e00000)]
  0x00000197d95bc000 JavaThread "Keep-Alive-Timer" daemon [_thread_blocked, id=4272, stack(0x0000006ea6700000,0x0000006ea6800000)]
  0x00000197d9296800 JavaThread "pool-2-thread-2" [_thread_in_native, id=3260, stack(0x0000006ea6900000,0x0000006ea6a00000)]
  0x00000197d929a000 JavaThread "pool-2-thread-3" [_thread_in_native, id=7772, stack(0x0000006ea6a00000,0x0000006ea6b00000)]
  0x00000197d929b000 JavaThread "pool-2-thread-4" [_thread_in_native, id=6860, stack(0x0000006ea6b00000,0x0000006ea6c00000)]
  0x00000197d9295000 JavaThread "pool-2-thread-5" [_thread_in_native, id=9840, stack(0x0000006ea6c00000,0x0000006ea6d00000)]
  0x00000197d9298800 JavaThread "pool-2-thread-6" [_thread_in_native, id=9264, stack(0x0000006ea6d00000,0x0000006ea6e00000)]
  0x00000197d9297800 JavaThread "pool-2-thread-7" [_thread_in_native, id=7812, stack(0x0000006ea6e00000,0x0000006ea6f00000)]
  0x00000197d9299000 JavaThread "pool-2-thread-8" [_thread_in_native, id=6644, stack(0x0000006ea6f00000,0x0000006ea7000000)]
  0x00000197d929b800 JavaThread "pool-2-thread-9" [_thread_in_native, id=11168, stack(0x0000006ea7000000,0x0000006ea7100000)]
  0x00000197d9296000 JavaThread "pool-2-thread-10" [_thread_in_native, id=11132, stack(0x0000006ea7100000,0x0000006ea7200000)]
  0x00000197d92a0800 JavaThread "pool-2-thread-11" [_thread_in_native, id=5236, stack(0x0000006ea7200000,0x0000006ea7300000)]
  0x00000197d92a1800 JavaThread "pool-2-thread-12" [_thread_in_native, id=8604, stack(0x0000006ea7300000,0x0000006ea7400000)]
  0x00000197d92a2000 JavaThread "pool-2-thread-13" [_thread_in_native, id=1352, stack(0x0000006ea7400000,0x0000006ea7500000)]
  0x00000197d929c800 JavaThread "pool-2-thread-14" [_thread_in_native, id=7992, stack(0x0000006ea7500000,0x0000006ea7600000)]
  0x00000197d929d000 JavaThread "pool-2-thread-15" [_thread_in_native, id=9356, stack(0x0000006ea7600000,0x0000006ea7700000)]

Other Threads:
  0x00000197d8886800 VMThread "VM Thread" [stack: 0x0000006ea1200000,0x0000006ea1300000] [id=6016]
  0x00000197d93e8800 WatcherThread [stack: 0x0000006ea1c00000,0x0000006ea1d00000] [id=3316]
  0x00000197bea73000 GCTaskThread "GC Thread#0" [stack: 0x0000006ea0d00000,0x0000006ea0e00000] [id=1920]
  0x00000197d9536000 GCTaskThread "GC Thread#1" [stack: 0x0000006ea1e00000,0x0000006ea1f00000] [id=5740]
  0x00000197d9a39800 GCTaskThread "GC Thread#2" [stack: 0x0000006ea1f00000,0x0000006ea2000000] [id=2976]
  0x00000197d9a3a800 GCTaskThread "GC Thread#3" [stack: 0x0000006ea2000000,0x0000006ea2100000] [id=6752]
  0x00000197bea83800 ConcurrentGCThread "G1 Main Marker" [stack: 0x0000006ea0e00000,0x0000006ea0f00000] [id=8380]
  0x00000197bea85000 ConcurrentGCThread "G1 Conc#0" [stack: 0x0000006ea0f00000,0x0000006ea1000000] [id=4928]
  0x00000197d8722800 ConcurrentGCThread "G1 Refine#0" [stack: 0x0000006ea1000000,0x0000006ea1100000] [id=1632]
  0x00000197d8723800 ConcurrentGCThread "G1 Young RemSet Sampling" [stack: 0x0000006ea1100000,0x0000006ea1200000] [id=6908]

Threads with active compile tasks:
C2 CompilerThread0  36837 10360       4       com.sun.org.apache.xerces.internal.impl.XMLEntityScanner::scanQName (546 bytes)
C2 CompilerThread1  36837 10345   !   4       com.sun.org.apache.xerces.internal.impl.XMLDocumentFragmentScannerImpl$FragmentContentDriver::next (2329 bytes)

VM state:not at safepoint (normal execution)

VM Mutex/Monitor currently owned by a thread: None

Heap address: 0x00000000e0000000, size: 512 MB, Compressed Oops mode: 32-bit
Narrow klass base: 0x0000000000000000, Narrow klass shift: 3
Compressed class space size: 260046848 Address: 0x0000000100000000

Heap:
 garbage-first heap   total 262144K, used 187143K [0x00000000e0000000, 0x0000000100000000)
  region size 1024K, 113 young (115712K), 16 survivors (16384K)
 Metaspace       used 86208K, capacity 89415K, committed 89676K, reserved 331776K
  class space    used 11173K, capacity 12347K, committed 12364K, reserved 253952K
Heap Regions: E=young(eden), S=young(survivor), O=old, HS=humongous(starts), HC=humongous(continues), CS=collection set, F=free, A=archive, TAMS=top-at-mark-start (previous, next)
|   0|0x00000000e0000000, 0x00000000e0100000, 0x00000000e0100000|100%|HS|  |TAMS 0x00000000e0100000, 0x00000000e0000000| Complete 
|   1|0x00000000e0100000, 0x00000000e0200000, 0x00000000e0200000|100%|HC|  |TAMS 0x00000000e0200000, 0x00000000e0100000| Complete 
|   2|0x00000000e0200000, 0x00000000e0300000, 0x00000000e0300000|100%|HC|  |TAMS 0x00000000e0300000, 0x00000000e0200000| Complete 
|   3|0x00000000e0300000, 0x00000000e0400000, 0x00000000e0400000|100%| O|  |TAMS 0x00000000e0400000, 0x00000000e0300000| Untracked 
|   4|0x00000000e0400000, 0x00000000e0500000, 0x00000000e0500000|100%| O|  |TAMS 0x00000000e0500000, 0x00000000e0400000| Untracked 
|   5|0x00000000e0500000, 0x00000000e0600000, 0x00000000e0600000|100%| O|  |TAMS 0x00000000e0600000, 0x00000000e0500000| Untracked 
|   6|0x00000000e0600000, 0x00000000e0700000, 0x00000000e0700000|100%| O|  |TAMS 0x00000000e0700000, 0x00000000e0600000| Untracked 
|   7|0x00000000e0700000, 0x00000000e0800000, 0x00000000e0800000|100%| O|  |TAMS 0x00000000e0800000, 0x00000000e0700000| Untracked 
|   8|0x00000000e0800000, 0x00000000e0900000, 0x00000000e0900000|100%| O|  |TAMS 0x00000000e0900000, 0x00000000e0800000| Untracked 
|   9|0x00000000e0900000, 0x00000000e0a00000, 0x00000000e0a00000|100%| O|  |TAMS 0x00000000e0a00000, 0x00000000e0900000| Untracked 
|  10|0x00000000e0a00000, 0x00000000e0b00000, 0x00000000e0b00000|100%| O|  |TAMS 0x00000000e0b00000, 0x00000000e0a00000| Untracked 
|  11|0x00000000e0b00000, 0x00000000e0c00000, 0x00000000e0c00000|100%| O|  |TAMS 0x00000000e0c00000, 0x00000000e0b00000| Untracked 
|  12|0x00000000e0c00000, 0x00000000e0d00000, 0x00000000e0d00000|100%| O|  |TAMS 0x00000000e0d00000, 0x00000000e0c00000| Untracked 
|  13|0x00000000e0d00000, 0x00000000e0e00000, 0x00000000e0e00000|100%| O|  |TAMS 0x00000000e0e00000, 0x00000000e0d00000| Untracked 
|  14|0x00000000e0e00000, 0x00000000e0f00000, 0x00000000e0f00000|100%| O|  |TAMS 0x00000000e0f00000, 0x00000000e0e00000| Untracked 
|  15|0x00000000e0f00000, 0x00000000e1000000, 0x00000000e1000000|100%| O|  |TAMS 0x00000000e1000000, 0x00000000e0f00000| Untracked 
|  16|0x00000000e1000000, 0x00000000e1100000, 0x00000000e1100000|100%| O|  |TAMS 0x00000000e1100000, 0x00000000e1000000| Untracked 
|  17|0x00000000e1100000, 0x00000000e1200000, 0x00000000e1200000|100%|HS|  |TAMS 0x00000000e1200000, 0x00000000e1100000| Complete 
|  18|0x00000000e1200000, 0x00000000e1300000, 0x00000000e1300000|100%|HC|  |TAMS 0x00000000e1300000, 0x00000000e1200000| Complete 
|  19|0x00000000e1300000, 0x00000000e1400000, 0x00000000e1400000|100%|HC|  |TAMS 0x00000000e1400000, 0x00000000e1300000| Complete 
|  20|0x00000000e1400000, 0x00000000e1500000, 0x00000000e1500000|100%|HS|  |TAMS 0x00000000e1500000, 0x00000000e1400000| Complete 
|  21|0x00000000e1500000, 0x00000000e1600000, 0x00000000e1600000|100%|HC|  |TAMS 0x00000000e1600000, 0x00000000e1500000| Complete 
|  22|0x00000000e1600000, 0x00000000e1700000, 0x00000000e1700000|100%| O|  |TAMS 0x00000000e1700000, 0x00000000e1600000| Untracked 
|  23|0x00000000e1700000, 0x00000000e1800000, 0x00000000e1800000|100%| O|  |TAMS 0x00000000e1800000, 0x00000000e1700000| Untracked 
|  24|0x00000000e1800000, 0x00000000e1900000, 0x00000000e1900000|100%| O|  |TAMS 0x00000000e1900000, 0x00000000e1800000| Untracked 
|  25|0x00000000e1900000, 0x00000000e1a00000, 0x00000000e1a00000|100%| O|  |TAMS 0x00000000e1a00000, 0x00000000e1900000| Untracked 
|  26|0x00000000e1a00000, 0x00000000e1b00000, 0x00000000e1b00000|100%| O|  |TAMS 0x00000000e1b00000, 0x00000000e1a00000| Untracked 
|  27|0x00000000e1b00000, 0x00000000e1c00000, 0x00000000e1c00000|100%| O|  |TAMS 0x00000000e1c00000, 0x00000000e1b00000| Untracked 
|  28|0x00000000e1c00000, 0x00000000e1d00000, 0x00000000e1d00000|100%| O|  |TAMS 0x00000000e1d00000, 0x00000000e1c00000| Untracked 
|  29|0x00000000e1d00000, 0x00000000e1e00000, 0x00000000e1e00000|100%| O|  |TAMS 0x00000000e1e00000, 0x00000000e1d00000| Untracked 
|  30|0x00000000e1e00000, 0x00000000e1f00000, 0x00000000e1f00000|100%| O|  |TAMS 0x00000000e1f00000, 0x00000000e1e00000| Untracked 
|  31|0x00000000e1f00000, 0x00000000e2000000, 0x00000000e2000000|100%| O|  |TAMS 0x00000000e2000000, 0x00000000e1f00000| Untracked 
|  32|0x00000000e2000000, 0x00000000e2100000, 0x00000000e2100000|100%| O|  |TAMS 0x00000000e2100000, 0x00000000e2000000| Untracked 
|  33|0x00000000e2100000, 0x00000000e2200000, 0x00000000e2200000|100%| O|  |TAMS 0x00000000e2200000, 0x00000000e2100000| Untracked 
|  34|0x00000000e2200000, 0x00000000e2300000, 0x00000000e2300000|100%| O|  |TAMS 0x00000000e22c2400, 0x00000000e2200000| Untracked 
|  35|0x00000000e2300000, 0x00000000e2400000, 0x00000000e2400000|100%| O|  |TAMS 0x00000000e2300000, 0x00000000e2300000| Untracked 
|  36|0x00000000e2400000, 0x00000000e2500000, 0x00000000e2500000|100%| O|  |TAMS 0x00000000e2400000, 0x00000000e2400000| Untracked 
|  37|0x00000000e2500000, 0x00000000e2600000, 0x00000000e2600000|100%| O|  |TAMS 0x00000000e2500000, 0x00000000e2500000| Untracked 
|  38|0x00000000e2600000, 0x00000000e2700000, 0x00000000e2700000|100%| O|  |TAMS 0x00000000e2600000, 0x00000000e2600000| Untracked 
|  39|0x00000000e2700000, 0x00000000e2800000, 0x00000000e2800000|100%| O|  |TAMS 0x00000000e2700000, 0x00000000e2700000| Untracked 
|  40|0x00000000e2800000, 0x00000000e2900000, 0x00000000e2900000|100%| O|  |TAMS 0x00000000e2800000, 0x00000000e2800000| Untracked 
|  41|0x00000000e2900000, 0x00000000e2a00000, 0x00000000e2a00000|100%| O|  |TAMS 0x00000000e2900000, 0x00000000e2900000| Untracked 
|  42|0x00000000e2a00000, 0x00000000e2b00000, 0x00000000e2b00000|100%| O|  |TAMS 0x00000000e2a00000, 0x00000000e2a00000| Untracked 
|  43|0x00000000e2b00000, 0x00000000e2c00000, 0x00000000e2c00000|100%| O|  |TAMS 0x00000000e2b00000, 0x00000000e2b00000| Untracked 
|  44|0x00000000e2c00000, 0x00000000e2d00000, 0x00000000e2d00000|100%| O|  |TAMS 0x00000000e2c00000, 0x00000000e2c00000| Untracked 
|  45|0x00000000e2d00000, 0x00000000e2e00000, 0x00000000e2e00000|100%| O|  |TAMS 0x00000000e2d00000, 0x00000000e2d00000| Untracked 
|  46|0x00000000e2e00000, 0x00000000e2f00000, 0x00000000e2f00000|100%| O|  |TAMS 0x00000000e2e00000, 0x00000000e2e00000| Untracked 
|  47|0x00000000e2f00000, 0x00000000e3000000, 0x00000000e3000000|100%| O|  |TAMS 0x00000000e2f00000, 0x00000000e2f00000| Untracked 
|  48|0x00000000e3000000, 0x00000000e3100000, 0x00000000e3100000|100%|HS|  |TAMS 0x00000000e3000000, 0x00000000e3000000| Complete 
|  49|0x00000000e3100000, 0x00000000e3200000, 0x00000000e3200000|100%|HS|  |TAMS 0x00000000e3100000, 0x00000000e3100000| Complete 
|  50|0x00000000e3200000, 0x00000000e3300000, 0x00000000e3300000|100%|HS|  |TAMS 0x00000000e3200000, 0x00000000e3200000| Complete 
|  51|0x00000000e3300000, 0x00000000e3400000, 0x00000000e3400000|100%|HS|  |TAMS 0x00000000e3300000, 0x00000000e3300000| Complete 
|  52|0x00000000e3400000, 0x00000000e3500000, 0x00000000e3500000|100%|HC|  |TAMS 0x00000000e3400000, 0x00000000e3400000| Complete 
|  53|0x00000000e3500000, 0x00000000e3600000, 0x00000000e3600000|100%| O|  |TAMS 0x00000000e3500000, 0x00000000e3500000| Untracked 
|  54|0x00000000e3600000, 0x00000000e3700000, 0x00000000e3700000|100%| O|  |TAMS 0x00000000e3600000, 0x00000000e3600000| Untracked 
|  55|0x00000000e3700000, 0x00000000e3800000, 0x00000000e3800000|100%| O|  |TAMS 0x00000000e3700000, 0x00000000e3700000| Untracked 
|  56|0x00000000e3800000, 0x00000000e3900000, 0x00000000e3900000|100%| O|  |TAMS 0x00000000e3800000, 0x00000000e3800000| Untracked 
|  57|0x00000000e3900000, 0x00000000e3a00000, 0x00000000e3a00000|100%| O|  |TAMS 0x00000000e3900000, 0x00000000e3900000| Untracked 
|  58|0x00000000e3a00000, 0x00000000e3b00000, 0x00000000e3b00000|100%| O|  |TAMS 0x00000000e3a00000, 0x00000000e3a00000| Untracked 
|  59|0x00000000e3b00000, 0x00000000e3c00000, 0x00000000e3c00000|100%| O|  |TAMS 0x00000000e3b00000, 0x00000000e3b00000| Untracked 
|  60|0x00000000e3c00000, 0x00000000e3d00000, 0x00000000e3d00000|100%| O|  |TAMS 0x00000000e3c00000, 0x00000000e3c00000| Untracked 
|  61|0x00000000e3d00000, 0x00000000e3e00000, 0x00000000e3e00000|100%| O|  |TAMS 0x00000000e3d00000, 0x00000000e3d00000| Untracked 
|  62|0x00000000e3e00000, 0x00000000e3f00000, 0x00000000e3f00000|100%| O|  |TAMS 0x00000000e3e00000, 0x00000000e3e00000| Untracked 
|  63|0x00000000e3f00000, 0x00000000e4000000, 0x00000000e4000000|100%| O|  |TAMS 0x00000000e3f00000, 0x00000000e3f00000| Untracked 
|  64|0x00000000e4000000, 0x00000000e4100000, 0x00000000e4100000|100%| O|  |TAMS 0x00000000e4000000, 0x00000000e4000000| Untracked 
|  65|0x00000000e4100000, 0x00000000e4200000, 0x00000000e4200000|100%| O|  |TAMS 0x00000000e4100000, 0x00000000e4100000| Untracked 
|  66|0x00000000e4200000, 0x00000000e4300000, 0x00000000e4300000|100%| O|  |TAMS 0x00000000e4200000, 0x00000000e4200000| Untracked 
|  67|0x00000000e4300000, 0x00000000e4400000, 0x00000000e4400000|100%| O|  |TAMS 0x00000000e4300000, 0x00000000e4300000| Untracked 
|  68|0x00000000e4400000, 0x00000000e4500000, 0x00000000e4500000|100%| O|  |TAMS 0x00000000e4400000, 0x00000000e4400000| Untracked 
|  69|0x00000000e4500000, 0x00000000e4600000, 0x00000000e4600000|100%| O|  |TAMS 0x00000000e4500000, 0x00000000e4500000| Untracked 
|  70|0x00000000e4600000, 0x00000000e4700000, 0x00000000e4700000|100%| O|  |TAMS 0x00000000e4600000, 0x00000000e4600000| Untracked 
|  71|0x00000000e4700000, 0x00000000e4800000, 0x00000000e4800000|100%| O|  |TAMS 0x00000000e4700000, 0x00000000e4700000| Untracked 
|  72|0x00000000e4800000, 0x00000000e4841e00, 0x00000000e4900000| 25%| O|  |TAMS 0x00000000e4800000, 0x00000000e4800000| Untracked 
|  73|0x00000000e4900000, 0x00000000e4900000, 0x00000000e4a00000|  0%| F|  |TAMS 0x00000000e4900000, 0x00000000e4900000| Untracked 
|  74|0x00000000e4a00000, 0x00000000e4a00000, 0x00000000e4b00000|  0%| F|  |TAMS 0x00000000e4a00000, 0x00000000e4a00000| Untracked 
|  75|0x00000000e4b00000, 0x00000000e4b00000, 0x00000000e4c00000|  0%| F|  |TAMS 0x00000000e4b00000, 0x00000000e4b00000| Untracked 
|  76|0x00000000e4c00000, 0x00000000e4c00000, 0x00000000e4d00000|  0%| F|  |TAMS 0x00000000e4c00000, 0x00000000e4c00000| Untracked 
|  77|0x00000000e4d00000, 0x00000000e4d00000, 0x00000000e4e00000|  0%| F|  |TAMS 0x00000000e4d00000, 0x00000000e4d00000| Untracked 
|  78|0x00000000e4e00000, 0x00000000e4e00000, 0x00000000e4f00000|  0%| F|  |TAMS 0x00000000e4e00000, 0x00000000e4e00000| Untracked 
|  79|0x00000000e4f00000, 0x00000000e4f00000, 0x00000000e5000000|  0%| F|  |TAMS 0x00000000e4f00000, 0x00000000e4f00000| Untracked 
|  80|0x00000000e5000000, 0x00000000e5000000, 0x00000000e5100000|  0%| F|  |TAMS 0x00000000e5000000, 0x00000000e5000000| Untracked 
|  81|0x00000000e5100000, 0x00000000e5100000, 0x00000000e5200000|  0%| F|  |TAMS 0x00000000e5100000, 0x00000000e5100000| Untracked 
|  82|0x00000000e5200000, 0x00000000e5200000, 0x00000000e5300000|  0%| F|  |TAMS 0x00000000e5200000, 0x00000000e5200000| Untracked 
|  83|0x00000000e5300000, 0x00000000e5300000, 0x00000000e5400000|  0%| F|  |TAMS 0x00000000e5300000, 0x00000000e5300000| Untracked 
|  84|0x00000000e5400000, 0x00000000e5400000, 0x00000000e5500000|  0%| F|  |TAMS 0x00000000e5400000, 0x00000000e5400000| Untracked 
|  85|0x00000000e5500000, 0x00000000e5500000, 0x00000000e5600000|  0%| F|  |TAMS 0x00000000e5500000, 0x00000000e5500000| Untracked 
|  86|0x00000000e5600000, 0x00000000e5600000, 0x00000000e5700000|  0%| F|  |TAMS 0x00000000e5600000, 0x00000000e5600000| Untracked 
|  87|0x00000000e5700000, 0x00000000e5700000, 0x00000000e5800000|  0%| F|  |TAMS 0x00000000e5700000, 0x00000000e5700000| Untracked 
|  88|0x00000000e5800000, 0x00000000e5800000, 0x00000000e5900000|  0%| F|  |TAMS 0x00000000e5800000, 0x00000000e5800000| Untracked 
|  89|0x00000000e5900000, 0x00000000e5900000, 0x00000000e5a00000|  0%| F|  |TAMS 0x00000000e5900000, 0x00000000e5900000| Untracked 
|  90|0x00000000e5a00000, 0x00000000e5a00000, 0x00000000e5b00000|  0%| F|  |TAMS 0x00000000e5a00000, 0x00000000e5a00000| Untracked 
|  91|0x00000000e5b00000, 0x00000000e5b00000, 0x00000000e5c00000|  0%| F|  |TAMS 0x00000000e5b00000, 0x00000000e5b00000| Untracked 
|  92|0x00000000e5c00000, 0x00000000e5c00000, 0x00000000e5d00000|  0%| F|  |TAMS 0x00000000e5c00000, 0x00000000e5c00000| Untracked 
|  93|0x00000000e5d00000, 0x00000000e5d00000, 0x00000000e5e00000|  0%| F|  |TAMS 0x00000000e5d00000, 0x00000000e5d00000| Untracked 
|  94|0x00000000e5e00000, 0x00000000e5e00000, 0x00000000e5f00000|  0%| F|  |TAMS 0x00000000e5e00000, 0x00000000e5e00000| Untracked 
|  95|0x00000000e5f00000, 0x00000000e5f00000, 0x00000000e6000000|  0%| F|  |TAMS 0x00000000e5f00000, 0x00000000e5f00000| Untracked 
|  96|0x00000000e6000000, 0x00000000e6000000, 0x00000000e6100000|  0%| F|  |TAMS 0x00000000e6000000, 0x00000000e6000000| Untracked 
|  97|0x00000000e6100000, 0x00000000e6100000, 0x00000000e6200000|  0%| F|  |TAMS 0x00000000e6100000, 0x00000000e6100000| Untracked 
|  98|0x00000000e6200000, 0x00000000e6200000, 0x00000000e6300000|  0%| F|  |TAMS 0x00000000e6200000, 0x00000000e6200000| Untracked 
|  99|0x00000000e6300000, 0x00000000e6300000, 0x00000000e6400000|  0%| F|  |TAMS 0x00000000e6300000, 0x00000000e6300000| Untracked 
| 100|0x00000000e6400000, 0x00000000e6480000, 0x00000000e6500000| 50%| S|CS|TAMS 0x00000000e6400000, 0x00000000e6400000| Complete 
| 101|0x00000000e6500000, 0x00000000e6600000, 0x00000000e6600000|100%| S|CS|TAMS 0x00000000e6500000, 0x00000000e6500000| Complete 
| 102|0x00000000e6600000, 0x00000000e6700000, 0x00000000e6700000|100%| S|CS|TAMS 0x00000000e6600000, 0x00000000e6600000| Complete 
| 103|0x00000000e6700000, 0x00000000e6800000, 0x00000000e6800000|100%| S|CS|TAMS 0x00000000e6700000, 0x00000000e6700000| Complete 
| 104|0x00000000e6800000, 0x00000000e6900000, 0x00000000e6900000|100%| S|CS|TAMS 0x00000000e6800000, 0x00000000e6800000| Complete 
| 105|0x00000000e6900000, 0x00000000e6a00000, 0x00000000e6a00000|100%| S|CS|TAMS 0x00000000e6900000, 0x00000000e6900000| Complete 
| 106|0x00000000e6a00000, 0x00000000e6a00000, 0x00000000e6b00000|  0%| F|  |TAMS 0x00000000e6a00000, 0x00000000e6a00000| Untracked 
| 107|0x00000000e6b00000, 0x00000000e6b00000, 0x00000000e6c00000|  0%| F|  |TAMS 0x00000000e6b00000, 0x00000000e6b00000| Untracked 
| 108|0x00000000e6c00000, 0x00000000e6c00000, 0x00000000e6d00000|  0%| F|  |TAMS 0x00000000e6c00000, 0x00000000e6c00000| Untracked 
| 109|0x00000000e6d00000, 0x00000000e6d00000, 0x00000000e6e00000|  0%| F|  |TAMS 0x00000000e6d00000, 0x00000000e6d00000| Untracked 
| 110|0x00000000e6e00000, 0x00000000e6e00000, 0x00000000e6f00000|  0%| F|  |TAMS 0x00000000e6e00000, 0x00000000e6e00000| Untracked 
| 111|0x00000000e6f00000, 0x00000000e6f00000, 0x00000000e7000000|  0%| F|  |TAMS 0x00000000e6f00000, 0x00000000e6f00000| Untracked 
| 112|0x00000000e7000000, 0x00000000e7000000, 0x00000000e7100000|  0%| F|  |TAMS 0x00000000e7000000, 0x00000000e7000000| Untracked 
| 113|0x00000000e7100000, 0x00000000e7100000, 0x00000000e7200000|  0%| F|  |TAMS 0x00000000e7100000, 0x00000000e7100000| Untracked 
| 114|0x00000000e7200000, 0x00000000e7200000, 0x00000000e7300000|  0%| F|  |TAMS 0x00000000e7200000, 0x00000000e7200000| Untracked 
| 115|0x00000000e7300000, 0x00000000e7300000, 0x00000000e7400000|  0%| F|  |TAMS 0x00000000e7300000, 0x00000000e7300000| Untracked 
| 116|0x00000000e7400000, 0x00000000e7400000, 0x00000000e7500000|  0%| F|  |TAMS 0x00000000e7400000, 0x00000000e7400000| Untracked 
| 117|0x00000000e7500000, 0x00000000e7500000, 0x00000000e7600000|  0%| F|  |TAMS 0x00000000e7500000, 0x00000000e7500000| Untracked 
| 118|0x00000000e7600000, 0x00000000e7600000, 0x00000000e7700000|  0%| F|  |TAMS 0x00000000e7600000, 0x00000000e7600000| Untracked 
| 119|0x00000000e7700000, 0x00000000e7700000, 0x00000000e7800000|  0%| F|  |TAMS 0x00000000e7700000, 0x00000000e7700000| Untracked 
| 120|0x00000000e7800000, 0x00000000e7900000, 0x00000000e7900000|100%| S|CS|TAMS 0x00000000e7800000, 0x00000000e7800000| Complete 
| 121|0x00000000e7900000, 0x00000000e7a00000, 0x00000000e7a00000|100%| S|CS|TAMS 0x00000000e7900000, 0x00000000e7900000| Complete 
| 122|0x00000000e7a00000, 0x00000000e7b00000, 0x00000000e7b00000|100%| S|CS|TAMS 0x00000000e7a00000, 0x00000000e7a00000| Complete 
| 123|0x00000000e7b00000, 0x00000000e7c00000, 0x00000000e7c00000|100%| S|CS|TAMS 0x00000000e7b00000, 0x00000000e7b00000| Complete 
| 124|0x00000000e7c00000, 0x00000000e7d00000, 0x00000000e7d00000|100%| S|CS|TAMS 0x00000000e7c00000, 0x00000000e7c00000| Complete 
| 125|0x00000000e7d00000, 0x00000000e7e00000, 0x00000000e7e00000|100%| S|CS|TAMS 0x00000000e7d00000, 0x00000000e7d00000| Complete 
| 126|0x00000000e7e00000, 0x00000000e7f00000, 0x00000000e7f00000|100%| S|CS|TAMS 0x00000000e7e00000, 0x00000000e7e00000| Complete 
| 127|0x00000000e7f00000, 0x00000000e8000000, 0x00000000e8000000|100%| S|CS|TAMS 0x00000000e7f00000, 0x00000000e7f00000| Complete 
| 128|0x00000000e8000000, 0x00000000e8100000, 0x00000000e8100000|100%| S|CS|TAMS 0x00000000e8000000, 0x00000000e8000000| Complete 
| 129|0x00000000e8100000, 0x00000000e8200000, 0x00000000e8200000|100%| S|CS|TAMS 0x00000000e8100000, 0x00000000e8100000| Complete 
| 130|0x00000000e8200000, 0x00000000e8200000, 0x00000000e8300000|  0%| F|  |TAMS 0x00000000e8200000, 0x00000000e8200000| Untracked 
| 131|0x00000000e8300000, 0x00000000e8300000, 0x00000000e8400000|  0%| F|  |TAMS 0x00000000e8300000, 0x00000000e8300000| Untracked 
| 132|0x00000000e8400000, 0x00000000e8400000, 0x00000000e8500000|  0%| F|  |TAMS 0x00000000e8400000, 0x00000000e8400000| Untracked 
| 133|0x00000000e8500000, 0x00000000e8500000, 0x00000000e8600000|  0%| F|  |TAMS 0x00000000e8500000, 0x00000000e8500000| Untracked 
| 134|0x00000000e8600000, 0x00000000e8600000, 0x00000000e8700000|  0%| F|  |TAMS 0x00000000e8600000, 0x00000000e8600000| Untracked 
| 135|0x00000000e8700000, 0x00000000e8700000, 0x00000000e8800000|  0%| F|  |TAMS 0x00000000e8700000, 0x00000000e8700000| Untracked 
| 136|0x00000000e8800000, 0x00000000e8800000, 0x00000000e8900000|  0%| F|  |TAMS 0x00000000e8800000, 0x00000000e8800000| Untracked 
| 137|0x00000000e8900000, 0x00000000e8900000, 0x00000000e8a00000|  0%| F|  |TAMS 0x00000000e8900000, 0x00000000e8900000| Untracked 
| 138|0x00000000e8a00000, 0x00000000e8a00000, 0x00000000e8b00000|  0%| F|  |TAMS 0x00000000e8a00000, 0x00000000e8a00000| Untracked 
| 139|0x00000000e8b00000, 0x00000000e8b00000, 0x00000000e8c00000|  0%| F|  |TAMS 0x00000000e8b00000, 0x00000000e8b00000| Untracked 
| 140|0x00000000e8c00000, 0x00000000e8c00000, 0x00000000e8d00000|  0%| F|  |TAMS 0x00000000e8c00000, 0x00000000e8c00000| Untracked 
| 141|0x00000000e8d00000, 0x00000000e8d00000, 0x00000000e8e00000|  0%| F|  |TAMS 0x00000000e8d00000, 0x00000000e8d00000| Untracked 
| 142|0x00000000e8e00000, 0x00000000e8e00000, 0x00000000e8f00000|  0%| F|  |TAMS 0x00000000e8e00000, 0x00000000e8e00000| Untracked 
| 143|0x00000000e8f00000, 0x00000000e8f00000, 0x00000000e9000000|  0%| F|  |TAMS 0x00000000e8f00000, 0x00000000e8f00000| Untracked 
| 144|0x00000000e9000000, 0x00000000e9000000, 0x00000000e9100000|  0%| F|  |TAMS 0x00000000e9000000, 0x00000000e9000000| Untracked 
| 145|0x00000000e9100000, 0x00000000e9100000, 0x00000000e9200000|  0%| F|  |TAMS 0x00000000e9100000, 0x00000000e9100000| Untracked 
| 146|0x00000000e9200000, 0x00000000e9200000, 0x00000000e9300000|  0%| F|  |TAMS 0x00000000e9200000, 0x00000000e9200000| Untracked 
| 147|0x00000000e9300000, 0x00000000e9300000, 0x00000000e9400000|  0%| F|  |TAMS 0x00000000e9300000, 0x00000000e9300000| Untracked 
| 148|0x00000000e9400000, 0x00000000e9400000, 0x00000000e9500000|  0%| F|  |TAMS 0x00000000e9400000, 0x00000000e9400000| Untracked 
| 149|0x00000000e9500000, 0x00000000e9500000, 0x00000000e9600000|  0%| F|  |TAMS 0x00000000e9500000, 0x00000000e9500000| Untracked 
| 150|0x00000000e9600000, 0x00000000e9600000, 0x00000000e9700000|  0%| F|  |TAMS 0x00000000e9600000, 0x00000000e9600000| Untracked 
| 151|0x00000000e9700000, 0x00000000e9700000, 0x00000000e9800000|  0%| F|  |TAMS 0x00000000e9700000, 0x00000000e9700000| Untracked 
| 152|0x00000000e9800000, 0x00000000e9800000, 0x00000000e9900000|  0%| F|  |TAMS 0x00000000e9800000, 0x00000000e9800000| Untracked 
| 153|0x00000000e9900000, 0x00000000e9900000, 0x00000000e9a00000|  0%| F|  |TAMS 0x00000000e9900000, 0x00000000e9900000| Untracked 
| 154|0x00000000e9a00000, 0x00000000e9a00000, 0x00000000e9b00000|  0%| F|  |TAMS 0x00000000e9a00000, 0x00000000e9a00000| Untracked 
| 155|0x00000000e9b00000, 0x00000000e9b00000, 0x00000000e9c00000|  0%| F|  |TAMS 0x00000000e9b00000, 0x00000000e9b00000| Untracked 
| 156|0x00000000e9c00000, 0x00000000e9c00000, 0x00000000e9d00000|  0%| F|  |TAMS 0x00000000e9c00000, 0x00000000e9c00000| Untracked 
| 157|0x00000000e9d00000, 0x00000000e9d00000, 0x00000000e9e00000|  0%| F|  |TAMS 0x00000000e9d00000, 0x00000000e9d00000| Untracked 
| 158|0x00000000e9e00000, 0x00000000e9e00000, 0x00000000e9f00000|  0%| F|  |TAMS 0x00000000e9e00000, 0x00000000e9e00000| Untracked 
| 159|0x00000000e9f00000, 0x00000000e9f80800, 0x00000000ea000000| 50%| E|  |TAMS 0x00000000e9f00000, 0x00000000e9f00000| Complete 
| 160|0x00000000ea000000, 0x00000000ea100000, 0x00000000ea100000|100%| E|CS|TAMS 0x00000000ea000000, 0x00000000ea000000| Complete 
| 161|0x00000000ea100000, 0x00000000ea200000, 0x00000000ea200000|100%| E|CS|TAMS 0x00000000ea100000, 0x00000000ea100000| Complete 
| 162|0x00000000ea200000, 0x00000000ea300000, 0x00000000ea300000|100%| E|CS|TAMS 0x00000000ea200000, 0x00000000ea200000| Complete 
| 163|0x00000000ea300000, 0x00000000ea400000, 0x00000000ea400000|100%| E|CS|TAMS 0x00000000ea300000, 0x00000000ea300000| Complete 
| 164|0x00000000ea400000, 0x00000000ea500000, 0x00000000ea500000|100%| E|CS|TAMS 0x00000000ea400000, 0x00000000ea400000| Complete 
| 165|0x00000000ea500000, 0x00000000ea600000, 0x00000000ea600000|100%| E|CS|TAMS 0x00000000ea500000, 0x00000000ea500000| Complete 
| 166|0x00000000ea600000, 0x00000000ea700000, 0x00000000ea700000|100%| E|CS|TAMS 0x00000000ea600000, 0x00000000ea600000| Complete 
| 167|0x00000000ea700000, 0x00000000ea800000, 0x00000000ea800000|100%| E|CS|TAMS 0x00000000ea700000, 0x00000000ea700000| Complete 
| 168|0x00000000ea800000, 0x00000000ea900000, 0x00000000ea900000|100%| E|CS|TAMS 0x00000000ea800000, 0x00000000ea800000| Complete 
| 169|0x00000000ea900000, 0x00000000eaa00000, 0x00000000eaa00000|100%| E|CS|TAMS 0x00000000ea900000, 0x00000000ea900000| Complete 
| 170|0x00000000eaa00000, 0x00000000eab00000, 0x00000000eab00000|100%| E|CS|TAMS 0x00000000eaa00000, 0x00000000eaa00000| Complete 
| 171|0x00000000eab00000, 0x00000000eac00000, 0x00000000eac00000|100%| E|CS|TAMS 0x00000000eab00000, 0x00000000eab00000| Complete 
| 172|0x00000000eac00000, 0x00000000ead00000, 0x00000000ead00000|100%| E|CS|TAMS 0x00000000eac00000, 0x00000000eac00000| Complete 
| 173|0x00000000ead00000, 0x00000000eae00000, 0x00000000eae00000|100%| E|CS|TAMS 0x00000000ead00000, 0x00000000ead00000| Complete 
| 174|0x00000000eae00000, 0x00000000eaf00000, 0x00000000eaf00000|100%| E|CS|TAMS 0x00000000eae00000, 0x00000000eae00000| Complete 
| 175|0x00000000eaf00000, 0x00000000eb000000, 0x00000000eb000000|100%| E|CS|TAMS 0x00000000eaf00000, 0x00000000eaf00000| Complete 
| 176|0x00000000eb000000, 0x00000000eb100000, 0x00000000eb100000|100%| E|CS|TAMS 0x00000000eb000000, 0x00000000eb000000| Complete 
| 177|0x00000000eb100000, 0x00000000eb200000, 0x00000000eb200000|100%| E|CS|TAMS 0x00000000eb100000, 0x00000000eb100000| Complete 
| 178|0x00000000eb200000, 0x00000000eb300000, 0x00000000eb300000|100%| E|CS|TAMS 0x00000000eb200000, 0x00000000eb200000| Complete 
| 179|0x00000000eb300000, 0x00000000eb400000, 0x00000000eb400000|100%| E|CS|TAMS 0x00000000eb300000, 0x00000000eb300000| Complete 
| 180|0x00000000eb400000, 0x00000000eb500000, 0x00000000eb500000|100%| E|CS|TAMS 0x00000000eb400000, 0x00000000eb400000| Complete 
| 181|0x00000000eb500000, 0x00000000eb600000, 0x00000000eb600000|100%| E|CS|TAMS 0x00000000eb500000, 0x00000000eb500000| Complete 
| 182|0x00000000eb600000, 0x00000000eb700000, 0x00000000eb700000|100%| E|  |TAMS 0x00000000eb600000, 0x00000000eb600000| Complete 
| 183|0x00000000eb700000, 0x00000000eb800000, 0x00000000eb800000|100%| E|CS|TAMS 0x00000000eb700000, 0x00000000eb700000| Complete 
| 184|0x00000000eb800000, 0x00000000eb900000, 0x00000000eb900000|100%| E|CS|TAMS 0x00000000eb800000, 0x00000000eb800000| Complete 
| 185|0x00000000eb900000, 0x00000000eba00000, 0x00000000eba00000|100%| E|CS|TAMS 0x00000000eb900000, 0x00000000eb900000| Complete 
| 186|0x00000000eba00000, 0x00000000ebb00000, 0x00000000ebb00000|100%| E|CS|TAMS 0x00000000eba00000, 0x00000000eba00000| Complete 
| 187|0x00000000ebb00000, 0x00000000ebc00000, 0x00000000ebc00000|100%| E|CS|TAMS 0x00000000ebb00000, 0x00000000ebb00000| Complete 
| 188|0x00000000ebc00000, 0x00000000ebd00000, 0x00000000ebd00000|100%| E|CS|TAMS 0x00000000ebc00000, 0x00000000ebc00000| Complete 
| 189|0x00000000ebd00000, 0x00000000ebe00000, 0x00000000ebe00000|100%| E|CS|TAMS 0x00000000ebd00000, 0x00000000ebd00000| Complete 
| 190|0x00000000ebe00000, 0x00000000ebf00000, 0x00000000ebf00000|100%| E|CS|TAMS 0x00000000ebe00000, 0x00000000ebe00000| Complete 
| 191|0x00000000ebf00000, 0x00000000ec000000, 0x00000000ec000000|100%| E|CS|TAMS 0x00000000ebf00000, 0x00000000ebf00000| Complete 
| 192|0x00000000ec000000, 0x00000000ec100000, 0x00000000ec100000|100%| E|CS|TAMS 0x00000000ec000000, 0x00000000ec000000| Complete 
| 193|0x00000000ec100000, 0x00000000ec200000, 0x00000000ec200000|100%| E|CS|TAMS 0x00000000ec100000, 0x00000000ec100000| Complete 
| 194|0x00000000ec200000, 0x00000000ec300000, 0x00000000ec300000|100%| E|CS|TAMS 0x00000000ec200000, 0x00000000ec200000| Complete 
| 195|0x00000000ec300000, 0x00000000ec400000, 0x00000000ec400000|100%| E|CS|TAMS 0x00000000ec300000, 0x00000000ec300000| Complete 
| 196|0x00000000ec400000, 0x00000000ec500000, 0x00000000ec500000|100%| E|CS|TAMS 0x00000000ec400000, 0x00000000ec400000| Complete 
| 197|0x00000000ec500000, 0x00000000ec600000, 0x00000000ec600000|100%| E|CS|TAMS 0x00000000ec500000, 0x00000000ec500000| Complete 
| 198|0x00000000ec600000, 0x00000000ec700000, 0x00000000ec700000|100%| E|CS|TAMS 0x00000000ec600000, 0x00000000ec600000| Complete 
| 199|0x00000000ec700000, 0x00000000ec800000, 0x00000000ec800000|100%| E|CS|TAMS 0x00000000ec700000, 0x00000000ec700000| Complete 
| 200|0x00000000ec800000, 0x00000000ec900000, 0x00000000ec900000|100%| E|CS|TAMS 0x00000000ec800000, 0x00000000ec800000| Complete 
| 201|0x00000000ec900000, 0x00000000eca00000, 0x00000000eca00000|100%| E|CS|TAMS 0x00000000ec900000, 0x00000000ec900000| Complete 
| 202|0x00000000eca00000, 0x00000000ecb00000, 0x00000000ecb00000|100%| E|CS|TAMS 0x00000000eca00000, 0x00000000eca00000| Complete 
| 203|0x00000000ecb00000, 0x00000000ecc00000, 0x00000000ecc00000|100%| E|CS|TAMS 0x00000000ecb00000, 0x00000000ecb00000| Complete 
| 204|0x00000000ecc00000, 0x00000000ecd00000, 0x00000000ecd00000|100%| E|CS|TAMS 0x00000000ecc00000, 0x00000000ecc00000| Complete 
| 205|0x00000000ecd00000, 0x00000000ece00000, 0x00000000ece00000|100%| E|CS|TAMS 0x00000000ecd00000, 0x00000000ecd00000| Complete 
| 206|0x00000000ece00000, 0x00000000ecf00000, 0x00000000ecf00000|100%| E|CS|TAMS 0x00000000ece00000, 0x00000000ece00000| Complete 
| 207|0x00000000ecf00000, 0x00000000ed000000, 0x00000000ed000000|100%| E|CS|TAMS 0x00000000ecf00000, 0x00000000ecf00000| Complete 
| 208|0x00000000ed000000, 0x00000000ed100000, 0x00000000ed100000|100%| E|CS|TAMS 0x00000000ed000000, 0x00000000ed000000| Complete 
| 209|0x00000000ed100000, 0x00000000ed200000, 0x00000000ed200000|100%| E|CS|TAMS 0x00000000ed100000, 0x00000000ed100000| Complete 
| 210|0x00000000ed200000, 0x00000000ed300000, 0x00000000ed300000|100%| E|CS|TAMS 0x00000000ed200000, 0x00000000ed200000| Complete 
| 211|0x00000000ed300000, 0x00000000ed400000, 0x00000000ed400000|100%| E|CS|TAMS 0x00000000ed300000, 0x00000000ed300000| Complete 
| 212|0x00000000ed400000, 0x00000000ed500000, 0x00000000ed500000|100%| E|CS|TAMS 0x00000000ed400000, 0x00000000ed400000| Complete 
| 213|0x00000000ed500000, 0x00000000ed600000, 0x00000000ed600000|100%| E|CS|TAMS 0x00000000ed500000, 0x00000000ed500000| Complete 
| 214|0x00000000ed600000, 0x00000000ed700000, 0x00000000ed700000|100%| E|CS|TAMS 0x00000000ed600000, 0x00000000ed600000| Complete 
| 215|0x00000000ed700000, 0x00000000ed800000, 0x00000000ed800000|100%| E|CS|TAMS 0x00000000ed700000, 0x00000000ed700000| Complete 
| 216|0x00000000ed800000, 0x00000000ed900000, 0x00000000ed900000|100%| E|CS|TAMS 0x00000000ed800000, 0x00000000ed800000| Complete 
| 217|0x00000000ed900000, 0x00000000eda00000, 0x00000000eda00000|100%| E|CS|TAMS 0x00000000ed900000, 0x00000000ed900000| Complete 
| 218|0x00000000eda00000, 0x00000000edb00000, 0x00000000edb00000|100%| E|CS|TAMS 0x00000000eda00000, 0x00000000eda00000| Complete 
| 219|0x00000000edb00000, 0x00000000edc00000, 0x00000000edc00000|100%| E|CS|TAMS 0x00000000edb00000, 0x00000000edb00000| Complete 
| 220|0x00000000edc00000, 0x00000000edd00000, 0x00000000edd00000|100%| E|CS|TAMS 0x00000000edc00000, 0x00000000edc00000| Complete 
| 221|0x00000000edd00000, 0x00000000ede00000, 0x00000000ede00000|100%| E|CS|TAMS 0x00000000edd00000, 0x00000000edd00000| Complete 
| 222|0x00000000ede00000, 0x00000000edf00000, 0x00000000edf00000|100%| E|CS|TAMS 0x00000000ede00000, 0x00000000ede00000| Complete 
| 223|0x00000000edf00000, 0x00000000ee000000, 0x00000000ee000000|100%| E|CS|TAMS 0x00000000edf00000, 0x00000000edf00000| Complete 
| 224|0x00000000ee000000, 0x00000000ee100000, 0x00000000ee100000|100%| E|CS|TAMS 0x00000000ee000000, 0x00000000ee000000| Complete 
| 225|0x00000000ee100000, 0x00000000ee200000, 0x00000000ee200000|100%| E|CS|TAMS 0x00000000ee100000, 0x00000000ee100000| Complete 
| 226|0x00000000ee200000, 0x00000000ee300000, 0x00000000ee300000|100%| E|CS|TAMS 0x00000000ee200000, 0x00000000ee200000| Complete 
| 227|0x00000000ee300000, 0x00000000ee400000, 0x00000000ee400000|100%| E|CS|TAMS 0x00000000ee300000, 0x00000000ee300000| Complete 
| 228|0x00000000ee400000, 0x00000000ee500000, 0x00000000ee500000|100%| E|CS|TAMS 0x00000000ee400000, 0x00000000ee400000| Complete 
| 229|0x00000000ee500000, 0x00000000ee600000, 0x00000000ee600000|100%| E|CS|TAMS 0x00000000ee500000, 0x00000000ee500000| Complete 
| 230|0x00000000ee600000, 0x00000000ee700000, 0x00000000ee700000|100%| E|CS|TAMS 0x00000000ee600000, 0x00000000ee600000| Complete 
| 231|0x00000000ee700000, 0x00000000ee800000, 0x00000000ee800000|100%| E|CS|TAMS 0x00000000ee700000, 0x00000000ee700000| Complete 
| 232|0x00000000ee800000, 0x00000000ee900000, 0x00000000ee900000|100%| E|CS|TAMS 0x00000000ee800000, 0x00000000ee800000| Complete 
| 233|0x00000000ee900000, 0x00000000eea00000, 0x00000000eea00000|100%| E|CS|TAMS 0x00000000ee900000, 0x00000000ee900000| Complete 
| 234|0x00000000eea00000, 0x00000000eeb00000, 0x00000000eeb00000|100%| E|CS|TAMS 0x00000000eea00000, 0x00000000eea00000| Complete 
| 235|0x00000000eeb00000, 0x00000000eec00000, 0x00000000eec00000|100%| E|CS|TAMS 0x00000000eeb00000, 0x00000000eeb00000| Complete 
| 236|0x00000000eec00000, 0x00000000eed00000, 0x00000000eed00000|100%| E|CS|TAMS 0x00000000eec00000, 0x00000000eec00000| Complete 
| 237|0x00000000eed00000, 0x00000000eee00000, 0x00000000eee00000|100%| E|CS|TAMS 0x00000000eed00000, 0x00000000eed00000| Complete 
| 238|0x00000000eee00000, 0x00000000eef00000, 0x00000000eef00000|100%| E|CS|TAMS 0x00000000eee00000, 0x00000000eee00000| Complete 
| 239|0x00000000eef00000, 0x00000000ef000000, 0x00000000ef000000|100%| E|CS|TAMS 0x00000000eef00000, 0x00000000eef00000| Complete 
| 240|0x00000000ef000000, 0x00000000ef100000, 0x00000000ef100000|100%| E|CS|TAMS 0x00000000ef000000, 0x00000000ef000000| Complete 
| 241|0x00000000ef100000, 0x00000000ef200000, 0x00000000ef200000|100%| E|CS|TAMS 0x00000000ef100000, 0x00000000ef100000| Complete 
| 242|0x00000000ef200000, 0x00000000ef300000, 0x00000000ef300000|100%| E|CS|TAMS 0x00000000ef200000, 0x00000000ef200000| Complete 
| 243|0x00000000ef300000, 0x00000000ef400000, 0x00000000ef400000|100%| E|CS|TAMS 0x00000000ef300000, 0x00000000ef300000| Complete 
| 244|0x00000000ef400000, 0x00000000ef500000, 0x00000000ef500000|100%| E|CS|TAMS 0x00000000ef400000, 0x00000000ef400000| Complete 
| 245|0x00000000ef500000, 0x00000000ef600000, 0x00000000ef600000|100%| E|CS|TAMS 0x00000000ef500000, 0x00000000ef500000| Complete 
| 246|0x00000000ef600000, 0x00000000ef700000, 0x00000000ef700000|100%| E|CS|TAMS 0x00000000ef600000, 0x00000000ef600000| Complete 
| 247|0x00000000ef700000, 0x00000000ef800000, 0x00000000ef800000|100%| E|CS|TAMS 0x00000000ef700000, 0x00000000ef700000| Complete 
| 248|0x00000000ef800000, 0x00000000ef900000, 0x00000000ef900000|100%| E|CS|TAMS 0x00000000ef800000, 0x00000000ef800000| Complete 
| 249|0x00000000ef900000, 0x00000000efa00000, 0x00000000efa00000|100%| E|CS|TAMS 0x00000000ef900000, 0x00000000ef900000| Complete 
| 250|0x00000000efa00000, 0x00000000efb00000, 0x00000000efb00000|100%| E|CS|TAMS 0x00000000efa00000, 0x00000000efa00000| Complete 
| 251|0x00000000efb00000, 0x00000000efc00000, 0x00000000efc00000|100%| E|CS|TAMS 0x00000000efb00000, 0x00000000efb00000| Complete 
| 252|0x00000000efc00000, 0x00000000efd00000, 0x00000000efd00000|100%| E|CS|TAMS 0x00000000efc00000, 0x00000000efc00000| Complete 
| 253|0x00000000efd00000, 0x00000000efe00000, 0x00000000efe00000|100%| E|CS|TAMS 0x00000000efd00000, 0x00000000efd00000| Complete 
| 254|0x00000000efe00000, 0x00000000eff00000, 0x00000000eff00000|100%| E|CS|TAMS 0x00000000efe00000, 0x00000000efe00000| Complete 
| 255|0x00000000eff00000, 0x00000000f0000000, 0x00000000f0000000|100%| E|CS|TAMS 0x00000000eff00000, 0x00000000eff00000| Complete 

Card table byte_map: [0x00000197d5090000,0x00000197d5190000] _byte_map_base: 0x00000197d4990000

Marking Bits (Prev, Next): (CMBitMap*) 0x00000197bea80bc0, (CMBitMap*) 0x00000197bea80b88
 Prev Bits: [0x00000197d5a90000, 0x00000197d6290000)
 Next Bits: [0x00000197d5290000, 0x00000197d5a90000)

Polling page: 0x00000197bca30000

Metaspace:

Usage:
  Non-class:     75.26 MB capacity,    73.28 MB ( 97%) used,     1.73 MB (  2%) free+waste,   259.38 KB ( <1%) overhead. 
      Class:     12.06 MB capacity,    10.91 MB ( 90%) used,     1.02 MB (  8%) free+waste,   126.25 KB (  1%) overhead. 
       Both:     87.32 MB capacity,    84.19 MB ( 96%) used,     2.75 MB (  3%) free+waste,   385.63 KB ( <1%) overhead. 

Virtual space:
  Non-class space:       76.00 MB reserved,      75.50 MB (>99%) committed 
      Class space:      248.00 MB reserved,      12.07 MB (  5%) committed 
             Both:      324.00 MB reserved,      87.57 MB ( 27%) committed 

Chunk freelists:
   Non-Class:  0 bytes
       Class:  640 bytes
        Both:  640 bytes

CodeHeap 'non-profiled nmethods': size=120064Kb used=6292Kb max_used=6292Kb free=113771Kb
 bounds [0x00000197cdb50000, 0x00000197ce180000, 0x00000197d5090000]
CodeHeap 'profiled nmethods': size=120000Kb used=23068Kb max_used=23068Kb free=96931Kb
 bounds [0x00000197c6620000, 0x00000197c7cb0000, 0x00000197cdb50000]
CodeHeap 'non-nmethods': size=5696Kb used=2304Kb max_used=2342Kb free=3391Kb
 bounds [0x00000197c6090000, 0x00000197c6300000, 0x00000197c6620000]
 total_blobs=11243 nmethods=10326 adapters=828
 compilation: enabled
              stopped_count=0, restarted_count=0
 full_count=0

Compilation events (10 events):
Event: 36.662 Thread 0x00000197d9254800 nmethod 10387 0x00000197c7c82290 code [0x00000197c7c82520, 0x00000197c7c82c88]
Event: 36.663 Thread 0x00000197d9254800 10376   !   3       sun.security.jca.GetInstance::getInstance (130 bytes)
Event: 36.665 Thread 0x00000197d9254800 nmethod 10376 0x00000197c7c83110 code [0x00000197c7c83500, 0x00000197c7c850a8]
Event: 36.665 Thread 0x00000197d9254800 10386       1       java.security.Provider::getName (5 bytes)
Event: 36.665 Thread 0x00000197d9254800 nmethod 10386 0x00000197ce169190 code [0x00000197ce169320, 0x00000197ce1693d8]
Event: 36.665 Thread 0x00000197d9254800 10389       2       java.security.Security::getImpl (31 bytes)
Event: 36.666 Thread 0x00000197d9254800 nmethod 10389 0x00000197c7c85b90 code [0x00000197c7c85da0, 0x00000197c7c86518]
Event: 36.666 Thread 0x00000197d9254800 10390   !   2       java.security.Provider::newInstanceUtil (85 bytes)
Event: 36.669 Thread 0x00000197d9254800 nmethod 10390 0x00000197c7c86810 code [0x00000197c7c86c00, 0x00000197c7c87fd8]
Event: 36.669 Thread 0x00000197d9254800 10391   !   2       javax.crypto.Mac::chooseFirstProvider (236 bytes)

GC Heap History (10 events):
Event: 16.850 GC heap before
{Heap before GC invocations=7 (full 0):
 garbage-first heap   total 262144K, used 159919K [0x00000000e0000000, 0x0000000100000000)
  region size 1024K, 136 young (139264K), 15 survivors (15360K)
 Metaspace       used 54286K, capacity 55850K, committed 56064K, reserved 303104K
  class space    used 6944K, capacity 7594K, committed 7680K, reserved 253952K
}
Event: 16.878 GC heap after
{Heap after GC invocations=8 (full 0):
 garbage-first heap   total 262144K, used 43639K [0x00000000e0000000, 0x0000000100000000)
  region size 1024K, 16 young (16384K), 16 survivors (16384K)
 Metaspace       used 54286K, capacity 55850K, committed 56064K, reserved 303104K
  class space    used 6944K, capacity 7594K, committed 7680K, reserved 253952K
}
Event: 17.988 GC heap before
{Heap before GC invocations=8 (full 0):
 garbage-first heap   total 262144K, used 87671K [0x00000000e0000000, 0x0000000100000000)
  region size 1024K, 61 young (62464K), 16 survivors (16384K)
 Metaspace       used 58401K, capacity 60098K, committed 60160K, reserved 307200K
  class space    used 7505K, capacity 8177K, committed 8192K, reserved 253952K
}
Event: 18.013 GC heap after
{Heap after GC invocations=9 (full 0):
 garbage-first heap   total 262144K, used 48393K [0x00000000e0000000, 0x0000000100000000)
  region size 1024K, 13 young (13312K), 13 survivors (13312K)
 Metaspace       used 58401K, capacity 60098K, committed 60160K, reserved 307200K
  class space    used 7505K, capacity 8177K, committed 8192K, reserved 253952K
}
Event: 25.149 GC heap before
{Heap before GC invocations=10 (full 0):
 garbage-first heap   total 262144K, used 188681K [0x00000000e0000000, 0x0000000100000000)
  region size 1024K, 150 young (153600K), 13 survivors (13312K)
 Metaspace       used 71364K, capacity 73342K, committed 73548K, reserved 317440K
  class space    used 9206K, capacity 9993K, committed 10060K, reserved 253952K
}
Event: 25.179 GC heap after
{Heap after GC invocations=11 (full 0):
 garbage-first heap   total 262144K, used 56771K [0x00000000e0000000, 0x0000000100000000)
  region size 1024K, 13 young (13312K), 13 survivors (13312K)
 Metaspace       used 71364K, capacity 73342K, committed 73548K, reserved 317440K
  class space    used 9206K, capacity 9993K, committed 10060K, reserved 253952K
}
Event: 29.769 GC heap before
{Heap before GC invocations=11 (full 0):
 garbage-first heap   total 262144K, used 196035K [0x00000000e0000000, 0x0000000100000000)
  region size 1024K, 149 young (152576K), 13 survivors (13312K)
 Metaspace       used 78105K, capacity 80870K, committed 81100K, reserved 325632K
  class space    used 10118K, capacity 11152K, committed 11212K, reserved 253952K
}
Event: 29.820 GC heap after
{Heap after GC invocations=12 (full 0):
 garbage-first heap   total 262144K, used 68608K [0x00000000e0000000, 0x0000000100000000)
  region size 1024K, 19 young (19456K), 19 survivors (19456K)
 Metaspace       used 78105K, capacity 80870K, committed 81100K, reserved 325632K
  class space    used 10118K, capacity 11152K, committed 11212K, reserved 253952K
}
Event: 33.265 GC heap before
{Heap before GC invocations=12 (full 0):
 garbage-first heap   total 262144K, used 201728K [0x00000000e0000000, 0x0000000100000000)
  region size 1024K, 145 young (148480K), 19 survivors (19456K)
 Metaspace       used 81146K, capacity 84299K, committed 84556K, reserved 327680K
  class space    used 10608K, capacity 11775K, committed 11852K, reserved 253952K
}
Event: 33.320 GC heap after
{Heap after GC invocations=13 (full 0):
 garbage-first heap   total 262144K, used 89863K [0x00000000e0000000, 0x0000000100000000)
  region size 1024K, 16 young (16384K), 16 survivors (16384K)
 Metaspace       used 81146K, capacity 84299K, committed 84556K, reserved 327680K
  class space    used 10608K, capacity 11775K, committed 11852K, reserved 253952K
}

Deoptimization events (10 events):
Event: 35.821 Thread 0x00000197db062800 Uncommon trap: reason=bimorphic_or_optimized_type_check action=maybe_recompile pc=0x00000197ce09c400 method=java.util.zip.InflaterInputStream.read([BII)I @ 100 c2
Event: 35.821 Thread 0x00000197db062800 Uncommon trap: reason=bimorphic_or_optimized_type_check action=maybe_recompile pc=0x00000197ce09c400 method=java.util.zip.InflaterInputStream.read([BII)I @ 100 c2
Event: 36.060 Thread 0x00000197db062800 Uncommon trap: reason=class_check action=maybe_recompile pc=0x00000197cdf28944 method=java.lang.Class.createAnnotationData(I)Ljava/lang/Class$AnnotationData; @ 103 c2
Event: 36.061 Thread 0x00000197db062800 Uncommon trap: reason=class_check action=maybe_recompile pc=0x00000197cdf28944 method=java.lang.Class.createAnnotationData(I)Ljava/lang/Class$AnnotationData; @ 103 c2
Event: 36.061 Thread 0x00000197db062800 Uncommon trap: reason=class_check action=maybe_recompile pc=0x00000197cdf28944 method=java.lang.Class.createAnnotationData(I)Ljava/lang/Class$AnnotationData; @ 103 c2
Event: 36.075 Thread 0x00000197db062800 Uncommon trap: reason=unstable_if action=reinterpret pc=0x00000197cdf66f8c method=java.lang.ClassLoader.preDefineClass(Ljava/lang/String;Ljava/security/ProtectionDomain;)Ljava/security/ProtectionDomain; @ 93 c2
Event: 36.153 Thread 0x00000197d95be800 Uncommon trap: reason=unstable_if action=reinterpret pc=0x00000197ce10344c method=java.lang.ThreadLocal.get()Ljava/lang/Object; @ 11 c2
Event: 36.159 Thread 0x00000197d92a1800 Uncommon trap: reason=unstable_if action=reinterpret pc=0x00000197cde5b90c method=java.lang.ThreadLocal.get()Ljava/lang/Object; @ 11 c2
Event: 36.160 Thread 0x00000197d92a0800 Uncommon trap: reason=unstable_if action=reinterpret pc=0x00000197cde5b90c method=java.lang.ThreadLocal.get()Ljava/lang/Object; @ 11 c2
Event: 36.456 Thread 0x00000197db062800 Uncommon trap: reason=unstable_if action=reinterpret pc=0x00000197cdf55704 method=com.sun.org.apache.xerces.internal.util.SymbolTable.addSymbol([CII)Ljava/lang/String; @ 64 c2

Classes redefined (0 events):
No events

Internal exceptions (10 events):
Event: 34.056 Thread 0x00000197db062800 Exception <a 'sun/nio/fs/WindowsException'{0x00000000ee314198}> (0x00000000ee314198) thrown at [./open/src/hotspot/share/prims/jni.cpp, line 611]
Event: 34.056 Thread 0x00000197db062800 Exception <a 'sun/nio/fs/WindowsException'{0x00000000ee3144e0}> (0x00000000ee3144e0) thrown at [./open/src/hotspot/share/prims/jni.cpp, line 611]
Event: 34.220 Thread 0x00000197db062800 Exception <a 'sun/nio/fs/WindowsException'{0x00000000ed636770}> (0x00000000ed636770) thrown at [./open/src/hotspot/share/prims/jni.cpp, line 611]
Event: 34.220 Thread 0x00000197db062800 Exception <a 'sun/nio/fs/WindowsException'{0x00000000ed636998}> (0x00000000ed636998) thrown at [./open/src/hotspot/share/prims/jni.cpp, line 611]
Event: 34.221 Thread 0x00000197db062800 Implicit null exception at 0x00000197cdc93c50 to 0x00000197cdc9649c
Event: 34.252 Thread 0x00000197db062800 Exception <a 'sun/nio/fs/WindowsException'{0x00000000ed6f33f8}> (0x00000000ed6f33f8) thrown at [./open/src/hotspot/share/prims/jni.cpp, line 611]
Event: 36.075 Thread 0x00000197db062800 Implicit null exception at 0x00000197cdf66e45 to 0x00000197cdf66f78
Event: 36.153 Thread 0x00000197d95be800 Implicit null exception at 0x00000197ce103024 to 0x00000197ce10342c
Event: 36.159 Thread 0x00000197d92a1800 Implicit null exception at 0x00000197cde5b62b to 0x00000197cde5b8f8
Event: 36.159 Thread 0x00000197d92a0800 Implicit null exception at 0x00000197cde5b62b to 0x00000197cde5b8f8

Events (10 events):
Event: 36.689 Thread 0x00000197d929a000 DEOPT PACKING pc=0x00000197c7b4316e sp=0x0000006ea6afdaf0
Event: 36.689 Thread 0x00000197d929a000 DEOPT UNPACKING pc=0x00000197c60b6d5e sp=0x0000006ea6afcf20 mode 0
Event: 36.690 Thread 0x00000197d929a000 DEOPT PACKING pc=0x00000197c7b4313b sp=0x0000006ea6afdaf0
Event: 36.690 Thread 0x00000197d929a000 DEOPT UNPACKING pc=0x00000197c60b6d5e sp=0x0000006ea6afcf20 mode 0
Event: 36.690 Thread 0x00000197d929a000 DEOPT PACKING pc=0x00000197c7b4316e sp=0x0000006ea6afdaf0
Event: 36.690 Thread 0x00000197d929a000 DEOPT UNPACKING pc=0x00000197c60b6d5e sp=0x0000006ea6afcf20 mode 0
Event: 36.691 loading class sun/security/ssl/PreSharedKeyExtension$SHPreSharedKeySpec
Event: 36.691 loading class sun/security/ssl/PreSharedKeyExtension$SHPreSharedKeySpec done
Event: 36.700 Thread 0x00000197d929f000 Thread added: 0x00000197d929f000
Event: 36.707 Executing VM operation: RevokeBias


Dynamic libraries:
0x00007ff7d7130000 - 0x00007ff7d713f000 	C:\Program Files\Java\jdk-11.0.13\bin\java.exe
0x00007ff95e110000 - 0x00007ff95e308000 	C:\Windows\SYSTEM32\ntdll.dll
0x00007ff95c920000 - 0x00007ff95c9dd000 	C:\Windows\System32\KERNEL32.DLL
0x00007ff95bc30000 - 0x00007ff95befe000 	C:\Windows\System32\KERNELBASE.dll
0x00007ff95c040000 - 0x00007ff95c140000 	C:\Windows\System32\ucrtbase.dll
0x00007ff94d350000 - 0x00007ff94d365000 	C:\Program Files\Java\jdk-11.0.13\bin\VCRUNTIME140.dll
0x00007ff936990000 - 0x00007ff9369a8000 	C:\Program Files\Java\jdk-11.0.13\bin\jli.dll
0x00007ff95d2c0000 - 0x00007ff95d36e000 	C:\Windows\System32\ADVAPI32.dll
0x00007ff95ce20000 - 0x00007ff95cebe000 	C:\Windows\System32\msvcrt.dll
0x00007ff95e030000 - 0x00007ff95e0cc000 	C:\Windows\System32\sechost.dll
0x00007ff95caa0000 - 0x00007ff95cbc5000 	C:\Windows\System32\RPCRT4.dll
0x00007ff95dad0000 - 0x00007ff95dc70000 	C:\Windows\System32\USER32.dll
0x00007ff95c140000 - 0x00007ff95c162000 	C:\Windows\System32\win32u.dll
0x00007ff95d290000 - 0x00007ff95d2ba000 	C:\Windows\System32\GDI32.dll
0x00007ff95abe0000 - 0x00007ff95ae7a000 	C:\Windows\WinSxS\amd64_microsoft.windows.common-controls_6595b64144ccf1df_6.0.19041.1110_none_60b5254171f9507e\COMCTL32.dll
0x00007ff95bf30000 - 0x00007ff95c03b000 	C:\Windows\System32\gdi32full.dll
0x00007ff95b950000 - 0x00007ff95b9ed000 	C:\Windows\System32\msvcp_win.dll
0x00007ff950f80000 - 0x00007ff950f8a000 	C:\Windows\SYSTEM32\VERSION.dll
0x00007ff95ca70000 - 0x00007ff95caa0000 	C:\Windows\System32\IMM32.DLL
0x00007ff92ae20000 - 0x00007ff92aebb000 	C:\Program Files\Java\jdk-11.0.13\bin\msvcp140.dll
0x00007ff92a300000 - 0x00007ff92ae13000 	C:\Program Files\Java\jdk-11.0.13\bin\server\jvm.dll
0x00007ff95d650000 - 0x00007ff95d658000 	C:\Windows\System32\PSAPI.DLL
0x00007ff950740000 - 0x00007ff950767000 	C:\Windows\SYSTEM32\WINMM.dll
0x00007ff94d340000 - 0x00007ff94d349000 	C:\Windows\SYSTEM32\WSOCK32.dll
0x00007ff95ddc0000 - 0x00007ff95de2b000 	C:\Windows\System32\WS2_32.dll
0x00007ff958870000 - 0x00007ff958882000 	C:\Windows\SYSTEM32\kernel.appcore.dll
0x00007ff946290000 - 0x00007ff9462a0000 	C:\Program Files\Java\jdk-11.0.13\bin\verify.dll
0x00007ff95b160000 - 0x00007ff95b344000 	C:\Windows\SYSTEM32\DBGHELP.DLL
0x00007ff95af90000 - 0x00007ff95afbc000 	C:\Windows\SYSTEM32\dbgcore.DLL
0x00007ff95b9f0000 - 0x00007ff95ba72000 	C:\Windows\System32\bcryptPrimitives.dll
0x00007ff92d120000 - 0x00007ff92d148000 	C:\Program Files\Java\jdk-11.0.13\bin\java.dll
0x00007ff936980000 - 0x00007ff93698a000 	C:\Program Files\Java\jdk-11.0.13\bin\jimage.dll
0x00007ff92c370000 - 0x00007ff92c386000 	C:\Program Files\Java\jdk-11.0.13\bin\zip.dll
0x00007ff95c1d0000 - 0x00007ff95c914000 	C:\Windows\System32\SHELL32.dll
0x00007ff958c50000 - 0x00007ff9593e4000 	C:\Windows\SYSTEM32\windows.storage.dll
0x00007ff95cec0000 - 0x00007ff95d214000 	C:\Windows\System32\combase.dll
0x00007ff95ab40000 - 0x00007ff95ab70000 	C:\Windows\SYSTEM32\Wldp.dll
0x00007ff95d5a0000 - 0x00007ff95d64d000 	C:\Windows\System32\SHCORE.dll
0x00007ff95c170000 - 0x00007ff95c1c5000 	C:\Windows\System32\shlwapi.dll
0x00007ff95b770000 - 0x00007ff95b78f000 	C:\Windows\SYSTEM32\profapi.dll
0x00007ff92a2e0000 - 0x00007ff92a2f9000 	C:\Program Files\Java\jdk-11.0.13\bin\net.dll
0x00007ff951420000 - 0x00007ff95152a000 	C:\Windows\SYSTEM32\WINHTTP.dll
0x00007ff95aa10000 - 0x00007ff95aa7a000 	C:\Windows\system32\mswsock.dll
0x00007ff92a2c0000 - 0x00007ff92a2d2000 	C:\Program Files\Java\jdk-11.0.13\bin\nio.dll
0x00007ff931350000 - 0x00007ff931377000 	C:\Users\LUCKY\.gradle\native\e1d6ef7f7dcc3fd88c89a11ec53ec762bb8ba0a96d01ffa2cd45eb1d1d8dd5c5\windows-amd64\native-platform.dll
0x00007ff929a50000 - 0x00007ff929b94000 	C:\Users\LUCKY\.gradle\native\0d407fdbe67a94daf76414ababcb853783967236a71b16ec16e742cd7a986fd3\windows-amd64\native-platform-file-events.dll
0x00007ff930b80000 - 0x00007ff930b89000 	C:\Program Files\Java\jdk-11.0.13\bin\management.dll
0x00007ff92a280000 - 0x00007ff92a28b000 	C:\Program Files\Java\jdk-11.0.13\bin\management_ext.dll
0x00007ff95b550000 - 0x00007ff95b568000 	C:\Windows\SYSTEM32\CRYPTSP.dll
0x00007ff95a240000 - 0x00007ff95a274000 	C:\Windows\system32\rsaenh.dll
0x00007ff95bf00000 - 0x00007ff95bf27000 	C:\Windows\System32\bcrypt.dll
0x00007ff95b6f0000 - 0x00007ff95b71e000 	C:\Windows\SYSTEM32\USERENV.dll
0x00007ff95ab00000 - 0x00007ff95ab0c000 	C:\Windows\SYSTEM32\CRYPTBASE.dll
0x00007ff95a590000 - 0x00007ff95a5cb000 	C:\Windows\SYSTEM32\IPHLPAPI.DLL
0x00007ff95df70000 - 0x00007ff95df78000 	C:\Windows\System32\NSI.dll
0x00007ff952d00000 - 0x00007ff952d17000 	C:\Windows\SYSTEM32\dhcpcsvc6.DLL
0x00007ff953a70000 - 0x00007ff953a8d000 	C:\Windows\SYSTEM32\dhcpcsvc.DLL
0x00007ff95a5d0000 - 0x00007ff95a69b000 	C:\Windows\SYSTEM32\DNSAPI.dll
0x00007ff936020000 - 0x00007ff936045000 	C:\Program Files\Java\jdk-11.0.13\bin\sunec.dll
0x00007ff951340000 - 0x00007ff95134a000 	C:\Windows\System32\rasadhlp.dll
0x00007ff951c30000 - 0x00007ff951cb0000 	C:\Windows\System32\fwpuclnt.dll
0x00007ff946130000 - 0x00007ff94613d000 	C:\Program Files\Java\jdk-11.0.13\bin\sunmscapi.dll
0x00007ff95ba80000 - 0x00007ff95bbd6000 	C:\Windows\System32\CRYPT32.dll
0x00007ff95abb0000 - 0x00007ff95abd7000 	C:\Windows\SYSTEM32\ncrypt.dll
0x00007ff95ab70000 - 0x00007ff95abab000 	C:\Windows\SYSTEM32\NTASN1.dll

dbghelp: loaded successfully - version: 4.0.5 - missing functions: none
symbol engine: initialized successfully - sym options: 0x614 - pdb path: .;C:\Program Files\Java\jdk-11.0.13\bin;C:\Windows\SYSTEM32;C:\Windows\WinSxS\amd64_microsoft.windows.common-controls_6595b64144ccf1df_6.0.19041.1110_none_60b5254171f9507e;C:\Program Files\Java\jdk-11.0.13\bin\server;C:\Users\LUCKY\.gradle\native\e1d6ef7f7dcc3fd88c89a11ec53ec762bb8ba0a96d01ffa2cd45eb1d1d8dd5c5\windows-amd64;C:\Users\LUCKY\.gradle\native\0d407fdbe67a94daf76414ababcb853783967236a71b16ec16e742cd7a986fd3\windows-amd64

VM Arguments:
jvm_args: --add-opens=java.base/java.util=ALL-UNNAMED --add-opens=java.base/java.lang=ALL-UNNAMED --add-opens=java.base/java.lang.invoke=ALL-UNNAMED --add-opens=java.base/java.util=ALL-UNNAMED --add-opens=java.prefs/java.util.prefs=ALL-UNNAMED --add-opens=java.prefs/java.util.prefs=ALL-UNNAMED --add-opens=java.base/java.nio.charset=ALL-UNNAMED --add-opens=java.base/java.net=ALL-UNNAMED --add-opens=java.base/java.util.concurrent.atomic=ALL-UNNAMED -XX:MaxMetaspaceSize=256m -XX:+HeapDumpOnOutOfMemoryError -Xms256m -Xmx512m -Dfile.encoding=windows-1252 -Duser.country=US -Duser.language=en -Duser.variant 
java_command: org.gradle.launcher.daemon.bootstrap.GradleDaemon 7.5
java_class_path (initial): C:\Users\LUCKY\.gradle\wrapper\dists\gradle-7.5-all\6qsw290k5lz422uaf8jf6m7co\gradle-7.5\lib\gradle-launcher-7.5.jar
Launcher Type: SUN_STANDARD

[Global flags]
     intx CICompilerCount                          = 3                                         {product} {ergonomic}
   size_t CompressedClassSpaceSize                 = 260046848                                 {product} {ergonomic}
     uint ConcGCThreads                            = 1                                         {product} {ergonomic}
     uint G1ConcRefinementThreads                  = 4                                         {product} {ergonomic}
   size_t G1HeapRegionSize                         = 1048576                                   {product} {ergonomic}
    uintx GCDrainStackTargetSize                   = 64                                        {product} {ergonomic}
     bool HeapDumpOnOutOfMemoryError               = true                                   {manageable} {command line}
   size_t InitialHeapSize                          = 268435456                                 {product} {command line}
   size_t MarkStackSize                            = 4194304                                   {product} {ergonomic}
   size_t MaxHeapSize                              = 536870912                                 {product} {command line}
   size_t MaxMetaspaceSize                         = 268435456                                 {product} {command line}
   size_t MaxNewSize                               = 321912832                                 {product} {ergonomic}
   size_t MinHeapDeltaBytes                        = 1048576                                   {product} {ergonomic}
    uintx NonNMethodCodeHeapSize                   = 5830732                                {pd product} {ergonomic}
    uintx NonProfiledCodeHeapSize                  = 122913754                              {pd product} {ergonomic}
    uintx ProfiledCodeHeapSize                     = 122913754                              {pd product} {ergonomic}
    uintx ReservedCodeCacheSize                    = 251658240                              {pd product} {ergonomic}
     bool SegmentedCodeCache                       = true                                      {product} {ergonomic}
     bool UseCompressedClassPointers               = true                                 {lp64_product} {ergonomic}
     bool UseCompressedOops                        = true                                 {lp64_product} {ergonomic}
     bool UseG1GC                                  = true                                      {product} {ergonomic}
     bool UseLargePagesIndividualAllocation        = false                                  {pd product} {ergonomic}

Logging:
Log output configuration:
 #0: stdout all=warning uptime,level,tags
 #1: stderr all=off uptime,level,tags

Environment Variables:
JAVA_HOME=C:\Program Files\Java\jdk-11.0.13\
CLASSPATH=D:\MyWork\ReactNative\BPM\BPM_MIC-main\android\\gradle\wrapper\gradle-wrapper.jar
PATH=D:\MyWork\ReactNative\BPM\BPM_MIC-main\android\node_modules\.bin;D:\MyWork\ReactNative\BPM\BPM_MIC-main\node_modules\.bin;D:\MyWork\ReactNative\BPM\node_modules\.bin;D:\MyWork\ReactNative\node_modules\.bin;D:\MyWork\node_modules\.bin;D:\node_modules\.bin;C:\Program Files\nodejs;C:\Program Files (x86)\OpenJDK\jdk-8.0.262.10-hotspot\bin;C:\Program Files (x86)\Common Files\Oracle\Java\javapath;C:\Program Files\Common Files\Oracle\Java\javapath;C:\Windows\system32;C:\Windows;C:\Windows\System32\Wbem;C:\Windows\System32\WindowsPowerShell\v1.0\;C:\Windows\System32\OpenSSH\;C:\Program Files\Git\cmd;C:\Users\LUCKY\AppData\Roaming\nvm;C:\Program Files\nodejs;C:\xampp\php;C:\ProgramData\ComposerSetup\bin;C:\Program Files\PuTTY\;C:\Program Files\Java\jdk-18.0.1.1\bin;C:\Program Files\Microsoft SQL Server\150\Tools\Binn\;C:\Users\LUCKY\AppData\Local\Android\Sdk\platform-tools;C:\Program Files\Java\jdk-11.0.13\bin;C:\Users\LUCKY\AppData\Local\Programs\Python\Python310\Scripts\;C:\Users\LUCKY\AppData\Local\Programs\Python\Python310\;C:\Users\LUCKY\AppData\Local\Microsoft\WindowsApps;C:\Program Files\Bandizip\;C:\Users\LUCKY\AppData\Roaming\npm;C:\Users\LUCKY\AppData\Local\Programs\Microsoft VS Code\bin;C:\Users\LUCKY\AppData\Roaming\nvm;C:\Program Files\nodejs;C:\Users\LUCKY\AppData\Roaming\Composer\vendor\bin;C:\Program Files\JetBrains\PyCharm Community Edition 2022.1.1\bin;
USERNAME=LUCKY
OS=Windows_NT
PROCESSOR_IDENTIFIER=Intel64 Family 6 Model 58 Stepping 9, GenuineIntel



---------------  S Y S T E M  ---------------

OS: Windows 10 , 64 bit Build 19041 (10.0.19041.1806)

CPU:total 4 (initial active 4) (2 cores per cpu, 2 threads per core) family 6 model 58 stepping 9 microcode 0x21, cmov, cx8, fxsr, mmx, sse, sse2, sse3, ssse3, sse4.1, sse4.2, popcnt, avx, aes, clmul, erms, ht, tsc, tscinvbit, tscinv

Memory: 4k page, system-wide physical 12182M (4783M free)
TotalPageFile size 16790M (AvailPageFile size 8675M)
current process WorkingSet (physical memory assigned to process): 490M, peak: 492M
current process commit charge ("private bytes"): 550M, peak: 552M

vm_info: Java HotSpot(TM) 64-Bit Server VM (11.0.13+10-LTS-370) for windows-amd64 JRE (11.0.13+10-LTS-370), built on Sep 15 2021 22:10:36 by "mach5one" with MS VC++ 15.9 (VS2017)

END.
