#
# A fatal error has been detected by the Java Runtime Environment:
#
#  EXCEPTION_ACCESS_VIOLATION (0xc0000005) at pc=0x00007ff89efc1217, pid=6672, tid=5596
#
# JRE version: Java(TM) SE Runtime Environment (18.0.1.1+2) (build 18.0.1.1+2-6)
# Java VM: Java HotSpot(TM) 64-Bit Server VM (18.0.1.1+2-6, mixed mode, sharing, tiered, compressed oops, compressed class ptrs, g1 gc, windows-amd64)
# Problematic frame:
# V  [jvm.dll+0x5a1217]
#
# No core dump will be written. Minidumps are not enabled by default on client versions of Windows
#
# If you would like to submit a bug report, please visit:
#   https://bugreport.java.com/bugreport/crash.jsp
#

---------------  S U M M A R Y ------------

Command Line: --add-opens=java.base/java.util=ALL-UNNAMED --add-opens=java.base/java.lang=ALL-UNNAMED --add-opens=java.base/java.lang.invoke=ALL-UNNAMED --add-opens=java.base/java.util=ALL-UNNAMED --add-opens=java.prefs/java.util.prefs=ALL-UNNAMED --add-opens=java.prefs/java.util.prefs=ALL-UNNAMED --add-opens=java.base/java.nio.charset=ALL-UNNAMED --add-opens=java.base/java.net=ALL-UNNAMED --add-opens=java.base/java.util.concurrent.atomic=ALL-UNNAMED -XX:MaxMetaspaceSize=256m -XX:+HeapDumpOnOutOfMemoryError -Xms256m -Xmx512m -Dfile.encoding=UTF-8 -Duser.country=US -Duser.language=en -Duser.variant org.gradle.launcher.daemon.bootstrap.GradleDaemon 7.5

Host: Intel(R) Core(TM) i5-3230M CPU @ 2.60GHz, 4 cores, 11G,  Windows 10 , 64 bit Build 19041 (10.0.19041.1806)
Time: Fri Jul 29 10:30:07 2022 Tokyo Standard Time elapsed time: 25.823064 seconds (0d 0h 0m 25s)

---------------  T H R E A D  ---------------

Current thread (0x000002bc00efb890):  JavaThread "C2 CompilerThread1" daemon [_thread_in_native, id=5596, stack(0x000000d076900000,0x000000d076a00000)]


Current CompileTask:
C2:  25823 7337       4       java.util.regex.Matcher::replaceAll (59 bytes)

Stack: [0x000000d076900000,0x000000d076a00000],  sp=0x000000d0769fa570,  free space=1001k
Native frames: (J=compiled Java code, j=interpreted, Vv=VM code, C=native code)
V  [jvm.dll+0x5a1217]
V  [jvm.dll+0x5a078f]
V  [jvm.dll+0x238398]
V  [jvm.dll+0x2319c5]
V  [jvm.dll+0x22eeeb]
V  [jvm.dll+0x1b9cfc]
V  [jvm.dll+0x23e8ca]
V  [jvm.dll+0x23cbb5]
V  [jvm.dll+0x7a5fb1]
V  [jvm.dll+0x7a03ea]
V  [jvm.dll+0x697725]
C  [ucrtbase.dll+0x21bb2]
C  [KERNEL32.DLL+0x17034]
C  [ntdll.dll+0x52651]


siginfo: EXCEPTION_ACCESS_VIOLATION (0xc0000005), reading address 0x000000bc7eecc268


Register to memory mapping:

RIP=0x00007ff89efc1217 jvm.dll
RAX=0x000002bc036fa168 points into unknown readable memory: 0x0000000000000000 | 00 00 00 00 00 00 00 00
RBX=0x000000bc7eecc268 is an unknown value
RCX=0x000000000000000b is an unknown value
RDX=0x000002bc00bda6a0 points into unknown readable memory: 0xff3ffffc7ff3cf3f | 3f cf f3 7f fc ff 3f ff
RSP=0x000000d0769fa570 is pointing into the stack for thread: 0x000002bc00efb890
RBP=0x000000d0769fa9c0 is pointing into the stack for thread: 0x000002bc00efb890
RSI=0x0000000000000001 is an unknown value
RDI=0x0 is NULL
R8 =0x0000000000000002 is an unknown value
R9 =0x0000000000000002 is an unknown value
R10=0x00007ff8cb2c0000 VCRUNTIME140.dll
R11=0x000002bc00bdaca0 points into unknown readable memory: 0x000002bc00f088c0 | c0 88 f0 00 bc 02 00 00
R12=0x000000000000000c is an unknown value
R13=0x000000d0769fa600 is pointing into the stack for thread: 0x000002bc00efb890
R14=0x000002bc036fa130 points into unknown readable memory: 0x00007ff89f3858e0 | e0 58 38 9f f8 7f 00 00
R15=0x000000d0769fa620 is pointing into the stack for thread: 0x000002bc00efb890


Registers:
RAX=0x000002bc036fa168, RBX=0x000000bc7eecc268, RCX=0x000000000000000b, RDX=0x000002bc00bda6a0
RSP=0x000000d0769fa570, RBP=0x000000d0769fa9c0, RSI=0x0000000000000001, RDI=0x0000000000000000
R8 =0x0000000000000002, R9 =0x0000000000000002, R10=0x00007ff8cb2c0000, R11=0x000002bc00bdaca0
R12=0x000000000000000c, R13=0x000000d0769fa600, R14=0x000002bc036fa130, R15=0x000000d0769fa620
RIP=0x00007ff89efc1217, EFLAGS=0x0000000000010202

Top of Stack: (sp=0x000000d0769fa570)
0x000000d0769fa570:   000002bc7f00cdb0 000000d0769fa9c0
0x000000d0769fa580:   000000d0769fa640 00007ff89f1fd55e
0x000000d0769fa590:   0000000000000000 0000000000000000
0x000000d0769fa5a0:   000000d0769fa9c0 0000000000000001
0x000000d0769fa5b0:   000002bc60771460 0000000000028300
0x000000d0769fa5c0:   000000d0769fa6d0 00007ff89efc078f
0x000000d0769fa5d0:   0000000000000000 000000d0769fa620
0x000000d0769fa5e0:   000002bc00000024 000000d0769fa640
0x000000d0769fa5f0:   0000000000000001 000002bc5e5c0000
0x000000d0769fa600:   000002bc01f603e0 00007ff800000100
0x000000d0769fa610:   000002bc00bda8a0 0000000000000064
0x000000d0769fa620:   0000000000000080 000002bc00bda6a0
0x000000d0769fa630:   0000000000000080 000002bc01f603e0
0x000000d0769fa640:   000002bc00bd5020 000002bc00bda270
0x000000d0769fa650:   000002bc00bd5020 000002bc01f603e0
0x000000d0769fa660:   000002bc01f603e0 0000000000000004 

Instructions: (pc=0x00007ff89efc1217)
0x00007ff89efc1117:   00 00 4d 8b 09 4d 85 c9 74 37 49 8b 49 68 48 85
0x00007ff89efc1127:   c9 74 26 8b 51 18 33 c0 85 d2 74 1d 4c 8b 41 10
0x00007ff89efc1137:   66 0f 1f 84 00 00 00 00 00 4d 3b 34 c0 0f 84 9e
0x00007ff89efc1147:   00 00 00 ff c0 3b c2 72 f0 4d 8b 09 4d 85 c9 75
0x00007ff89efc1157:   c9 49 8b 46 08 49 8b d6 48 8b cd 48 8b 30 4c 8b
0x00007ff89efc1167:   c6 e8 63 dd fe ff 48 8b 4f 60 48 85 c9 74 08 49
0x00007ff89efc1177:   8b d6 e8 a2 7b 0d 00 8b 7e 28 8b df c1 eb 05 41
0x00007ff89efc1187:   3b 1f 72 0a 8b d3 49 8b cf e8 5b c3 23 00 49 8b
0x00007ff89efc1197:   47 08 83 e7 1f 48 8d 14 98 40 0f b6 cf 41 b8 01
0x00007ff89efc11a7:   00 00 00 41 d3 e0 8b 0a 8b c1 41 0b c0 89 02 41
0x00007ff89efc11b7:   85 c8 75 23 41 8b 5d 18 8d 43 01 41 89 45 18 41
0x00007ff89efc11c7:   3b 5d 08 72 0a 8b d3 49 8b cd e8 1a 62 0d 00 49
0x00007ff89efc11d7:   8b 45 10 48 89 34 d8 8b 74 24 70 44 8d 66 01 eb
0x00007ff89efc11e7:   04 8b 74 24 70 44 3b e6 0f 83 f8 00 00 00 66 66
0x00007ff89efc11f7:   66 0f 1f 84 00 00 00 00 00 49 8b 46 08 41 8b cc
0x00007ff89efc1207:   41 ff c4 48 8b 1c c8 48 85 db 0f 84 cb 00 00 00
0x00007ff89efc1217:   48 8b 03 48 8b cb ff 90 a8 00 00 00 84 c0 74 38
0x00007ff89efc1227:   48 8b 03 48 8b cb ff 50 10 84 c0 75 2b 48 8b 43
0x00007ff89efc1237:   08 8b 7b 28 4c 8b 38 3b 7d 28 72 0b 8b d7 48 8d
0x00007ff89efc1247:   4d 20 e8 a2 61 0d 00 48 8b 45 30 49 8d 57 01 4c
0x00007ff89efc1257:   8b 7c 24 68 48 89 14 f8 8b 73 28 8b fe c1 ef 05
0x00007ff89efc1267:   41 3b 3f 72 0a 8b d7 49 8b cf e8 7a c2 23 00 49
0x00007ff89efc1277:   8b 47 08 83 e6 1f 44 8b 0c b8 48 8d 14 b8 41 8b
0x00007ff89efc1287:   c1 41 b8 01 00 00 00 40 0f b6 ce 41 d3 e0 41 0b
0x00007ff89efc1297:   c0 45 23 c8 89 02 8b 43 28 3b 45 28 0f 83 d2 00
0x00007ff89efc12a7:   00 00 8b c8 48 8b 45 30 48 83 3c c8 00 0f 84 c1
0x00007ff89efc12b7:   00 00 00 45 85 c9 75 23 41 8b 7d 18 8d 47 01 41
0x00007ff89efc12c7:   89 45 18 41 3b 7d 08 72 0a 8b d7 49 8b cd e8 16
0x00007ff89efc12d7:   61 0d 00 49 8b 45 10 48 89 1c f8 44 3b 64 24 70
0x00007ff89efc12e7:   0f 82 13 ff ff ff 41 8b 46 28 3b 45 28 73 0d 8b
0x00007ff89efc12f7:   c8 48 8b 45 30 48 83 3c c8 00 75 57 49 8b d6 48
0x00007ff89efc1307:   8b cd e8 c2 43 00 00 41 8b 5e 28 48 8b f0 3b 5d 


Stack slot to memory mapping:
stack at sp + 0 slots: 0x000002bc7f00cdb0 points into unknown readable memory: 0x00007ff89f328858 | 58 88 32 9f f8 7f 00 00
stack at sp + 1 slots: 0x000000d0769fa9c0 is pointing into the stack for thread: 0x000002bc00efb890
stack at sp + 2 slots: 0x000000d0769fa640 is pointing into the stack for thread: 0x000002bc00efb890
stack at sp + 3 slots: 0x00007ff89f1fd55e jvm.dll
stack at sp + 4 slots: 0x0 is NULL
stack at sp + 5 slots: 0x0 is NULL
stack at sp + 6 slots: 0x000000d0769fa9c0 is pointing into the stack for thread: 0x000002bc00efb890
stack at sp + 7 slots: 0x0000000000000001 is an unknown value


---------------  P R O C E S S  ---------------

Threads class SMR info:
_java_thread_list=0x000002bc01dad890, length=81, elements={
0x000002bc60752010, 0x000002bc6081e650, 0x000002bc7a7f02b0, 0x000002bc7a8083d0,
0x000002bc7a808c80, 0x000002bc7a809530, 0x000002bc7a80c600, 0x000002bc7a8106e0,
0x000002bc7a818fe0, 0x000002bc7a8220a0, 0x000002bc7ec82130, 0x000002bc7ec8ae20,
0x000002bc7f734de0, 0x000002bc00df9f50, 0x000002bc00947550, 0x000002bc00df5f60,
0x000002bc00df7a10, 0x000002bc00028700, 0x000002bc7f781ca0, 0x000002bc003a0220,
0x000002bc0039e540, 0x000002bc0039e070, 0x000002bc0039f3b0, 0x000002bc0039eee0,
0x000002bc0039d6d0, 0x000002bc003a1090, 0x000002bc003a06f0, 0x000002bc0039dba0,
0x000002bc016a5ad0, 0x000002bc016a2f80, 0x000002bc016a8620, 0x000002bc016a6470,
0x000002bc016a5130, 0x000002bc016a8fc0, 0x000002bc016a9490, 0x000002bc016a9960,
0x000002bc016a4790, 0x000002bc016a72e0, 0x000002bc016aa300, 0x000002bc02923500,
0x000002bc016a3920, 0x000002bc016a77b0, 0x000002bc016a7c80, 0x000002bc016a5600,
0x000002bc016a4c60, 0x000002bc023e8570, 0x000002bc023ea250, 0x000002bc023e8a40,
0x000002bc023e8f10, 0x000002bc023ea720, 0x000002bc023e7230, 0x000002bc02924840,
0x000002bc029239d0, 0x000002bc02924370, 0x000002bc02924d10, 0x000002bc02923ea0,
0x000002bc01084a00, 0x000002bc023e93e0, 0x000002bc023e7700, 0x000002bc023e98b0,
0x000002bc01cea270, 0x000002bc01ce9400, 0x000002bc01ce9da0, 0x000002bc01cea740,
0x000002bc01cebf50, 0x000002bc0234bd20, 0x000002bc0234b380, 0x000002bc01ce98d0,
0x000002bc01ceac10, 0x000002bc01ce8f30, 0x000002bc023e6d60, 0x000002bc01085870,
0x000002bc01084ed0, 0x000002bc023e7bd0, 0x000002bc023e9d80, 0x000002bc0234c6c0,
0x000002bc0234c1f0, 0x000002bc0234b850, 0x000002bc001230f0, 0x000002bc01ceb0e0,
0x000002bc00efb890
}

Java Threads: ( => current thread )
  0x000002bc60752010 JavaThread "main" [_thread_blocked, id=13488, stack(0x000000d070e00000,0x000000d070f00000)]
  0x000002bc6081e650 JavaThread "Reference Handler" daemon [_thread_blocked, id=9168, stack(0x000000d071500000,0x000000d071600000)]
  0x000002bc7a7f02b0 JavaThread "Finalizer" daemon [_thread_blocked, id=1336, stack(0x000000d071600000,0x000000d071700000)]
  0x000002bc7a8083d0 JavaThread "Signal Dispatcher" daemon [_thread_blocked, id=16348, stack(0x000000d071700000,0x000000d071800000)]
  0x000002bc7a808c80 JavaThread "Attach Listener" daemon [_thread_blocked, id=9376, stack(0x000000d071800000,0x000000d071900000)]
  0x000002bc7a809530 JavaThread "Service Thread" daemon [_thread_blocked, id=14944, stack(0x000000d071900000,0x000000d071a00000)]
  0x000002bc7a80c600 JavaThread "Monitor Deflation Thread" daemon [_thread_blocked, id=11072, stack(0x000000d071a00000,0x000000d071b00000)]
  0x000002bc7a8106e0 JavaThread "C2 CompilerThread0" daemon [_thread_blocked, id=5744, stack(0x000000d071b00000,0x000000d071c00000)]
  0x000002bc7a818fe0 JavaThread "C1 CompilerThread0" daemon [_thread_blocked, id=1200, stack(0x000000d071c00000,0x000000d071d00000)]
  0x000002bc7a8220a0 JavaThread "Sweeper thread" daemon [_thread_blocked, id=14408, stack(0x000000d071d00000,0x000000d071e00000)]
  0x000002bc7ec82130 JavaThread "Common-Cleaner" daemon [_thread_blocked, id=15372, stack(0x000000d071e00000,0x000000d071f00000)]
  0x000002bc7ec8ae20 JavaThread "Notification Thread" daemon [_thread_blocked, id=15032, stack(0x000000d071f00000,0x000000d072000000)]
  0x000002bc7f734de0 JavaThread "Daemon health stats" [_thread_blocked, id=15120, stack(0x000000d072500000,0x000000d072600000)]
  0x000002bc00df9f50 JavaThread "Incoming local TCP Connector on port 64219" [_thread_in_native, id=13752, stack(0x000000d072600000,0x000000d072700000)]
  0x000002bc00947550 JavaThread "Daemon periodic checks" [_thread_blocked, id=5632, stack(0x000000d072700000,0x000000d072800000)]
  0x000002bc00df5f60 JavaThread "Daemon" [_thread_blocked, id=11208, stack(0x000000d072800000,0x000000d072900000)]
  0x000002bc00df7a10 JavaThread "Handler for socket connection from /127.0.0.1:64219 to /127.0.0.1:64220" [_thread_in_native, id=10424, stack(0x000000d072900000,0x000000d072a00000)]
  0x000002bc00028700 JavaThread "Cancel handler" [_thread_blocked, id=9972, stack(0x000000d072100000,0x000000d072200000)]
  0x000002bc7f781ca0 JavaThread "Daemon worker" [_thread_in_vm, id=12568, stack(0x000000d072a00000,0x000000d072b00000)]
  0x000002bc003a0220 JavaThread "Asynchronous log dispatcher for DefaultDaemonConnection: socket connection from /127.0.0.1:64219 to /127.0.0.1:64220" [_thread_blocked, id=4864, stack(0x000000d072b00000,0x000000d072c00000)]
  0x000002bc0039e540 JavaThread "Stdin handler" [_thread_blocked, id=14604, stack(0x000000d072c00000,0x000000d072d00000)]
  0x000002bc0039e070 JavaThread "Daemon client event forwarder" [_thread_blocked, id=6548, stack(0x000000d072d00000,0x000000d072e00000)]
  0x000002bc0039f3b0 JavaThread "Cache worker for journal cache (C:\Users\LUCKY\.gradle\caches\journal-1)" [_thread_blocked, id=5720, stack(0x000000d072e00000,0x000000d072f00000)]
  0x000002bc0039eee0 JavaThread "File lock request listener" [_thread_in_native, id=10628, stack(0x000000d072f00000,0x000000d073000000)]
  0x000002bc0039d6d0 JavaThread "Cache worker for file hash cache (C:\Users\LUCKY\.gradle\caches\7.5\fileHashes)" [_thread_blocked, id=8892, stack(0x000000d073100000,0x000000d073200000)]
  0x000002bc003a1090 JavaThread "File watcher server" daemon [_thread_in_native, id=12652, stack(0x000000d073200000,0x000000d073300000)]
  0x000002bc003a06f0 JavaThread "File watcher consumer" daemon [_thread_blocked, id=8932, stack(0x000000d073300000,0x000000d073400000)]
  0x000002bc0039dba0 JavaThread "Cache worker for checksums cache (D:\MyWork\ReactNative\BPM\BPM_MIC-main\android\.gradle\7.5\checksums)" [_thread_blocked, id=15504, stack(0x000000d073400000,0x000000d073500000)]
  0x000002bc016a5ad0 JavaThread "Cache worker for cache directory md-rule (C:\Users\LUCKY\.gradle\caches\7.5\md-rule)" [_thread_blocked, id=8444, stack(0x000000d073500000,0x000000d073600000)]
  0x000002bc016a2f80 JavaThread "Cache worker for file content cache (C:\Users\LUCKY\.gradle\caches\7.5\fileContent)" [_thread_blocked, id=13608, stack(0x000000d073600000,0x000000d073700000)]
  0x000002bc016a8620 JavaThread "Cache worker for file hash cache (D:\MyWork\ReactNative\BPM\BPM_MIC-main\android\.gradle\7.5\fileHashes)" [_thread_blocked, id=16312, stack(0x000000d073700000,0x000000d073800000)]
  0x000002bc016a6470 JavaThread "Cache worker for cache directory md-supplier (C:\Users\LUCKY\.gradle\caches\7.5\md-supplier)" [_thread_blocked, id=16092, stack(0x000000d073800000,0x000000d073900000)]
  0x000002bc016a5130 JavaThread "Cache worker for execution history cache (C:\Users\LUCKY\.gradle\caches\7.5\executionHistory)" [_thread_blocked, id=16132, stack(0x000000d073900000,0x000000d073a00000)]
  0x000002bc016a8fc0 JavaThread "jar transforms" [_thread_blocked, id=11184, stack(0x000000d073a00000,0x000000d073b00000)]
  0x000002bc016a9490 JavaThread "jar transforms Thread 2" [_thread_blocked, id=8588, stack(0x000000d073b00000,0x000000d073c00000)]
  0x000002bc016a9960 JavaThread "jar transforms Thread 3" [_thread_blocked, id=15880, stack(0x000000d073c00000,0x000000d073d00000)]
  0x000002bc016a4790 JavaThread "jar transforms Thread 4" [_thread_blocked, id=15712, stack(0x000000d073d00000,0x000000d073e00000)]
  0x000002bc016a72e0 JavaThread "Cache worker for dependencies-accessors (D:\MyWork\ReactNative\BPM\BPM_MIC-main\android\.gradle\7.5\dependencies-accessors)" [_thread_blocked, id=9152, stack(0x000000d073e00000,0x000000d073f00000)]
  0x000002bc016aa300 JavaThread "Cache worker for Build Output Cleanup Cache (D:\MyWork\ReactNative\BPM\BPM_MIC-main\android\.gradle\buildOutputCleanup)" [_thread_blocked, id=4660, stack(0x000000d074000000,0x000000d074100000)]
  0x000002bc02923500 JavaThread "Unconstrained build operations" [_thread_blocked, id=14324, stack(0x000000d074100000,0x000000d074200000)]
  0x000002bc016a3920 JavaThread "Unconstrained build operations Thread 2" [_thread_blocked, id=4244, stack(0x000000d074200000,0x000000d074300000)]
  0x000002bc016a77b0 JavaThread "Unconstrained build operations Thread 3" [_thread_blocked, id=5888, stack(0x000000d074300000,0x000000d074400000)]
  0x000002bc016a7c80 JavaThread "Unconstrained build operations Thread 4" [_thread_blocked, id=13892, stack(0x000000d074400000,0x000000d074500000)]
  0x000002bc016a5600 JavaThread "Unconstrained build operations Thread 5" [_thread_blocked, id=15988, stack(0x000000d074500000,0x000000d074600000)]
  0x000002bc016a4c60 JavaThread "Unconstrained build operations Thread 6" [_thread_blocked, id=16104, stack(0x000000d074600000,0x000000d074700000)]
  0x000002bc023e8570 JavaThread "Unconstrained build operations Thread 7" [_thread_blocked, id=16296, stack(0x000000d074700000,0x000000d074800000)]
  0x000002bc023ea250 JavaThread "Unconstrained build operations Thread 8" [_thread_blocked, id=5880, stack(0x000000d074800000,0x000000d074900000)]
  0x000002bc023e8a40 JavaThread "Unconstrained build operations Thread 9" [_thread_blocked, id=14312, stack(0x000000d074900000,0x000000d074a00000)]
  0x000002bc023e8f10 JavaThread "Unconstrained build operations Thread 10" [_thread_blocked, id=10756, stack(0x000000d074a00000,0x000000d074b00000)]
  0x000002bc023ea720 JavaThread "Unconstrained build operations Thread 11" [_thread_blocked, id=11020, stack(0x000000d074b00000,0x000000d074c00000)]
  0x000002bc023e7230 JavaThread "Unconstrained build operations Thread 12" [_thread_blocked, id=13496, stack(0x000000d074c00000,0x000000d074d00000)]
  0x000002bc02924840 JavaThread "Unconstrained build operations Thread 13" [_thread_blocked, id=8844, stack(0x000000d074d00000,0x000000d074e00000)]
  0x000002bc029239d0 JavaThread "Unconstrained build operations Thread 14" [_thread_blocked, id=14824, stack(0x000000d074e00000,0x000000d074f00000)]
  0x000002bc02924370 JavaThread "Unconstrained build operations Thread 15" [_thread_blocked, id=7616, stack(0x000000d074f00000,0x000000d075000000)]
  0x000002bc02924d10 JavaThread "Unconstrained build operations Thread 16" [_thread_blocked, id=3312, stack(0x000000d075000000,0x000000d075100000)]
  0x000002bc02923ea0 JavaThread "Unconstrained build operations Thread 17" [_thread_blocked, id=14080, stack(0x000000d075100000,0x000000d075200000)]
  0x000002bc01084a00 JavaThread "Unconstrained build operations Thread 18" [_thread_blocked, id=6684, stack(0x000000d075200000,0x000000d075300000)]
  0x000002bc023e93e0 JavaThread "Unconstrained build operations Thread 19" [_thread_blocked, id=8248, stack(0x000000d075300000,0x000000d075400000)]
  0x000002bc023e7700 JavaThread "Unconstrained build operations Thread 20" [_thread_blocked, id=15084, stack(0x000000d075400000,0x000000d075500000)]
  0x000002bc023e98b0 JavaThread "Unconstrained build operations Thread 21" [_thread_blocked, id=14844, stack(0x000000d075500000,0x000000d075600000)]
  0x000002bc01cea270 JavaThread "Unconstrained build operations Thread 22" [_thread_blocked, id=16040, stack(0x000000d075600000,0x000000d075700000)]
  0x000002bc01ce9400 JavaThread "Unconstrained build operations Thread 23" [_thread_blocked, id=3632, stack(0x000000d075700000,0x000000d075800000)]
  0x000002bc01ce9da0 JavaThread "Unconstrained build operations Thread 24" [_thread_blocked, id=4092, stack(0x000000d075800000,0x000000d075900000)]
  0x000002bc01cea740 JavaThread "Unconstrained build operations Thread 25" [_thread_blocked, id=15832, stack(0x000000d075900000,0x000000d075a00000)]
  0x000002bc01cebf50 JavaThread "Unconstrained build operations Thread 26" [_thread_blocked, id=5856, stack(0x000000d075a00000,0x000000d075b00000)]
  0x000002bc0234bd20 JavaThread "Unconstrained build operations Thread 27" [_thread_blocked, id=4820, stack(0x000000d075b00000,0x000000d075c00000)]
  0x000002bc0234b380 JavaThread "Unconstrained build operations Thread 28" [_thread_blocked, id=14148, stack(0x000000d075c00000,0x000000d075d00000)]
  0x000002bc01ce98d0 JavaThread "Unconstrained build operations Thread 29" [_thread_blocked, id=15552, stack(0x000000d075d00000,0x000000d075e00000)]
  0x000002bc01ceac10 JavaThread "Unconstrained build operations Thread 30" [_thread_blocked, id=4104, stack(0x000000d075e00000,0x000000d075f00000)]
  0x000002bc01ce8f30 JavaThread "Unconstrained build operations Thread 31" [_thread_blocked, id=12340, stack(0x000000d075f00000,0x000000d076000000)]
  0x000002bc023e6d60 JavaThread "Unconstrained build operations Thread 32" [_thread_blocked, id=2952, stack(0x000000d076000000,0x000000d076100000)]
  0x000002bc01085870 JavaThread "Unconstrained build operations Thread 33" [_thread_blocked, id=8504, stack(0x000000d076100000,0x000000d076200000)]
  0x000002bc01084ed0 JavaThread "Unconstrained build operations Thread 34" [_thread_blocked, id=8464, stack(0x000000d076200000,0x000000d076300000)]
  0x000002bc023e7bd0 JavaThread "Unconstrained build operations Thread 35" [_thread_blocked, id=5984, stack(0x000000d076300000,0x000000d076400000)]
  0x000002bc023e9d80 JavaThread "Unconstrained build operations Thread 36" [_thread_blocked, id=16236, stack(0x000000d076400000,0x000000d076500000)]
  0x000002bc0234c6c0 JavaThread "Unconstrained build operations Thread 37" [_thread_blocked, id=13540, stack(0x000000d076500000,0x000000d076600000)]
  0x000002bc0234c1f0 JavaThread "Unconstrained build operations Thread 38" [_thread_blocked, id=3832, stack(0x000000d076600000,0x000000d076700000)]
  0x000002bc0234b850 JavaThread "Unconstrained build operations Thread 39" [_thread_blocked, id=14156, stack(0x000000d076700000,0x000000d076800000)]
  0x000002bc001230f0 JavaThread "Unconstrained build operations Thread 40" [_thread_blocked, id=13400, stack(0x000000d076800000,0x000000d076900000)]
  0x000002bc01ceb0e0 JavaThread "Memory manager" [_thread_blocked, id=13744, stack(0x000000d073000000,0x000000d073100000)]
=>0x000002bc00efb890 JavaThread "C2 CompilerThread1" daemon [_thread_in_native, id=5596, stack(0x000000d076900000,0x000000d076a00000)]

Other Threads:
  0x000002bc6079b8a0 VMThread "VM Thread" [stack: 0x000000d071400000,0x000000d071500000] [id=13316]
  0x000002bc7ec8b6f0 WatcherThread "VM Periodic Task Thread" [stack: 0x000000d072000000,0x000000d072100000] [id=14252]
  0x000002bc60785cf0 WorkerThread "GC Thread#0" [stack: 0x000000d070f00000,0x000000d071000000] [id=9820]
  0x000002bc7f2ebdf0 WorkerThread "GC Thread#1" [stack: 0x000000d072200000,0x000000d072300000] [id=7944]
  0x000002bc7edab920 WorkerThread "GC Thread#2" [stack: 0x000000d072300000,0x000000d072400000] [id=15676]
  0x000002bc7f0e5300 WorkerThread "GC Thread#3" [stack: 0x000000d072400000,0x000000d072500000] [id=15328]
  0x000002bc6078bb40 ConcurrentGCThread "G1 Main Marker" [stack: 0x000000d071000000,0x000000d071100000] [id=14396]
  0x000002bc6078cbe0 WorkerThread "G1 Conc#0" [stack: 0x000000d071100000,0x000000d071200000] [id=6128]
  0x000002bc607fa7a0 ConcurrentGCThread "G1 Refine#0" [stack: 0x000000d071200000,0x000000d071300000] [id=15884]
  0x000002bc0209b610 ConcurrentGCThread "G1 Refine#1" [stack: 0x000000d073f00000,0x000000d074000000] [id=4488]
  0x000002bc607fafc0 ConcurrentGCThread "G1 Service" [stack: 0x000000d071300000,0x000000d071400000] [id=14264]

Threads with active compile tasks:
C1 CompilerThread0    25911 7447       3       java.util.ArrayList::<init> (65 bytes)
C2 CompilerThread1    25911 7337       4       java.util.regex.Matcher::replaceAll (59 bytes)

VM state: not at safepoint (normal execution)

VM Mutex/Monitor currently owned by a thread: None

Heap address: 0x00000000e0000000, size: 512 MB, Compressed Oops mode: 32-bit

CDS archive(s) mapped at: [0x0000000800000000-0x0000000800ba0000-0x0000000800ba0000), size 12189696, SharedBaseAddress: 0x0000000800000000, ArchiveRelocationMode: 0.
Compressed class space mapped at: 0x0000000800c00000-0x000000080dc00000, reserved size: 218103808
Narrow klass base: 0x0000000800000000, Narrow klass shift: 0, Narrow klass range: 0x100000000

GC Precious Log:
 CardTable entry size: 512
 Card Set container configuration: InlinePtr #cards 5 size 8 Array Of Cards #cards 12 size 40 Howl #buckets 4 coarsen threshold 1843 Howl Bitmap #cards 512 size 80 coarsen threshold 460 Card regions per heap region 1 cards per card region 2048
 CPUs: 4 total, 4 available
 Memory: 12182M
 Large Page Support: Disabled
 NUMA Support: Disabled
 Compressed Oops: Enabled (32-bit)
 Heap Region Size: 1M
 Heap Min Capacity: 256M
 Heap Initial Capacity: 256M
 Heap Max Capacity: 512M
 Pre-touch: Disabled
 Parallel Workers: 4
 Concurrent Workers: 1
 Concurrent Refinement Workers: 4
 Periodic GC: Disabled

Heap:
 garbage-first heap   total 262144K, used 79573K [0x00000000e0000000, 0x0000000100000000)
  region size 1024K, 31 young (31744K), 7 survivors (7168K)
 Metaspace       used 62034K, committed 63744K, reserved 278528K
  class space    used 8364K, committed 9216K, reserved 212992K

Heap Regions: E=young(eden), S=young(survivor), O=old, HS=humongous(starts), HC=humongous(continues), CS=collection set, F=free, OA=open archive, CA=closed archive, TAMS=top-at-mark-start (previous, next)
|   0|0x00000000e0000000, 0x00000000e0100000, 0x00000000e0100000|100%|HS|  |TAMS 0x00000000e0100000, 0x00000000e0000000| Complete 
|   1|0x00000000e0100000, 0x00000000e0200000, 0x00000000e0200000|100%|HC|  |TAMS 0x00000000e0200000, 0x00000000e0100000| Complete 
|   2|0x00000000e0200000, 0x00000000e0300000, 0x00000000e0300000|100%|HC|  |TAMS 0x00000000e0300000, 0x00000000e0200000| Complete 
|   3|0x00000000e0300000, 0x00000000e0300000, 0x00000000e0400000|  0%| F|  |TAMS 0x00000000e0300000, 0x00000000e0300000| Untracked 
|   4|0x00000000e0400000, 0x00000000e0500000, 0x00000000e0500000|100%| O|  |TAMS 0x00000000e0500000, 0x00000000e0400000| Untracked 
|   5|0x00000000e0500000, 0x00000000e0600000, 0x00000000e0600000|100%| O|  |TAMS 0x00000000e0600000, 0x00000000e0500000| Untracked 
|   6|0x00000000e0600000, 0x00000000e0700000, 0x00000000e0700000|100%| O|  |TAMS 0x00000000e0700000, 0x00000000e0600000| Untracked 
|   7|0x00000000e0700000, 0x00000000e0800000, 0x00000000e0800000|100%| O|  |TAMS 0x00000000e0800000, 0x00000000e0700000| Untracked 
|   8|0x00000000e0800000, 0x00000000e0900000, 0x00000000e0900000|100%| O|  |TAMS 0x00000000e0900000, 0x00000000e0800000| Untracked 
|   9|0x00000000e0900000, 0x00000000e0a00000, 0x00000000e0a00000|100%| O|  |TAMS 0x00000000e0a00000, 0x00000000e0900000| Untracked 
|  10|0x00000000e0a00000, 0x00000000e0b00000, 0x00000000e0b00000|100%| O|  |TAMS 0x00000000e0b00000, 0x00000000e0a00000| Untracked 
|  11|0x00000000e0b00000, 0x00000000e0c00000, 0x00000000e0c00000|100%| O|  |TAMS 0x00000000e0c00000, 0x00000000e0b00000| Untracked 
|  12|0x00000000e0c00000, 0x00000000e0d00000, 0x00000000e0d00000|100%| O|  |TAMS 0x00000000e0d00000, 0x00000000e0c00000| Untracked 
|  13|0x00000000e0d00000, 0x00000000e0e00000, 0x00000000e0e00000|100%| O|  |TAMS 0x00000000e0e00000, 0x00000000e0d00000| Untracked 
|  14|0x00000000e0e00000, 0x00000000e0f00000, 0x00000000e0f00000|100%| O|  |TAMS 0x00000000e0f00000, 0x00000000e0e00000| Untracked 
|  15|0x00000000e0f00000, 0x00000000e1000000, 0x00000000e1000000|100%| O|  |TAMS 0x00000000e1000000, 0x00000000e0f00000| Untracked 
|  16|0x00000000e1000000, 0x00000000e1100000, 0x00000000e1100000|100%| O|  |TAMS 0x00000000e1100000, 0x00000000e1000000| Untracked 
|  17|0x00000000e1100000, 0x00000000e1200000, 0x00000000e1200000|100%| O|  |TAMS 0x00000000e1200000, 0x00000000e1100000| Untracked 
|  18|0x00000000e1200000, 0x00000000e1300000, 0x00000000e1300000|100%| O|  |TAMS 0x00000000e1300000, 0x00000000e1200000| Untracked 
|  19|0x00000000e1300000, 0x00000000e1400000, 0x00000000e1400000|100%| O|  |TAMS 0x00000000e1400000, 0x00000000e1300000| Untracked 
|  20|0x00000000e1400000, 0x00000000e1500000, 0x00000000e1500000|100%| O|  |TAMS 0x00000000e1500000, 0x00000000e1400000| Untracked 
|  21|0x00000000e1500000, 0x00000000e1600000, 0x00000000e1600000|100%| O|  |TAMS 0x00000000e1600000, 0x00000000e1500000| Untracked 
|  22|0x00000000e1600000, 0x00000000e1700000, 0x00000000e1700000|100%| O|  |TAMS 0x00000000e1700000, 0x00000000e1600000| Untracked 
|  23|0x00000000e1700000, 0x00000000e1800000, 0x00000000e1800000|100%| O|  |TAMS 0x00000000e1800000, 0x00000000e1700000| Untracked 
|  24|0x00000000e1800000, 0x00000000e1900000, 0x00000000e1900000|100%| O|  |TAMS 0x00000000e1900000, 0x00000000e1800000| Untracked 
|  25|0x00000000e1900000, 0x00000000e1a00000, 0x00000000e1a00000|100%| O|  |TAMS 0x00000000e1a00000, 0x00000000e1900000| Untracked 
|  26|0x00000000e1a00000, 0x00000000e1b00000, 0x00000000e1b00000|100%| O|  |TAMS 0x00000000e1b00000, 0x00000000e1a00000| Untracked 
|  27|0x00000000e1b00000, 0x00000000e1c00000, 0x00000000e1c00000|100%| O|  |TAMS 0x00000000e1c00000, 0x00000000e1b00000| Untracked 
|  28|0x00000000e1c00000, 0x00000000e1d00000, 0x00000000e1d00000|100%| O|  |TAMS 0x00000000e1d00000, 0x00000000e1c00000| Untracked 
|  29|0x00000000e1d00000, 0x00000000e1e00000, 0x00000000e1e00000|100%| O|  |TAMS 0x00000000e1e00000, 0x00000000e1d00000| Untracked 
|  30|0x00000000e1e00000, 0x00000000e1f00000, 0x00000000e1f00000|100%| O|  |TAMS 0x00000000e1ebbe00, 0x00000000e1e00000| Untracked 
|  31|0x00000000e1f00000, 0x00000000e2000000, 0x00000000e2000000|100%|HS|  |TAMS 0x00000000e2000000, 0x00000000e1f00000| Complete 
|  32|0x00000000e2000000, 0x00000000e2100000, 0x00000000e2100000|100%|HC|  |TAMS 0x00000000e2100000, 0x00000000e2000000| Complete 
|  33|0x00000000e2100000, 0x00000000e2200000, 0x00000000e2200000|100%|HC|  |TAMS 0x00000000e2200000, 0x00000000e2100000| Complete 
|  34|0x00000000e2200000, 0x00000000e2300000, 0x00000000e2300000|100%|HS|  |TAMS 0x00000000e2300000, 0x00000000e2200000| Complete 
|  35|0x00000000e2300000, 0x00000000e2400000, 0x00000000e2400000|100%|HC|  |TAMS 0x00000000e2400000, 0x00000000e2300000| Complete 
|  36|0x00000000e2400000, 0x00000000e2500000, 0x00000000e2500000|100%| O|  |TAMS 0x00000000e2400000, 0x00000000e2400000| Untracked 
|  37|0x00000000e2500000, 0x00000000e2600000, 0x00000000e2600000|100%| O|  |TAMS 0x00000000e2500000, 0x00000000e2500000| Untracked 
|  38|0x00000000e2600000, 0x00000000e2700000, 0x00000000e2700000|100%| O|  |TAMS 0x00000000e2600000, 0x00000000e2600000| Untracked 
|  39|0x00000000e2700000, 0x00000000e2800000, 0x00000000e2800000|100%| O|  |TAMS 0x00000000e2700000, 0x00000000e2700000| Untracked 
|  40|0x00000000e2800000, 0x00000000e2900000, 0x00000000e2900000|100%| O|  |TAMS 0x00000000e2800000, 0x00000000e2800000| Untracked 
|  41|0x00000000e2900000, 0x00000000e2a00000, 0x00000000e2a00000|100%| O|  |TAMS 0x00000000e2900000, 0x00000000e2900000| Untracked 
|  42|0x00000000e2a00000, 0x00000000e2b00000, 0x00000000e2b00000|100%| O|  |TAMS 0x00000000e2a00000, 0x00000000e2a00000| Untracked 
|  43|0x00000000e2b00000, 0x00000000e2c00000, 0x00000000e2c00000|100%| O|  |TAMS 0x00000000e2b00000, 0x00000000e2b00000| Untracked 
|  44|0x00000000e2c00000, 0x00000000e2d00000, 0x00000000e2d00000|100%| O|  |TAMS 0x00000000e2c00000, 0x00000000e2c00000| Untracked 
|  45|0x00000000e2d00000, 0x00000000e2e00000, 0x00000000e2e00000|100%| O|  |TAMS 0x00000000e2d00000, 0x00000000e2d00000| Untracked 
|  46|0x00000000e2e00000, 0x00000000e2f00000, 0x00000000e2f00000|100%| O|  |TAMS 0x00000000e2e00000, 0x00000000e2e00000| Untracked 
|  47|0x00000000e2f00000, 0x00000000e3000000, 0x00000000e3000000|100%| O|  |TAMS 0x00000000e2f00000, 0x00000000e2f00000| Untracked 
|  48|0x00000000e3000000, 0x00000000e30b5600, 0x00000000e3100000| 70%| O|  |TAMS 0x00000000e3000000, 0x00000000e3000000| Untracked 
|  49|0x00000000e3100000, 0x00000000e3100000, 0x00000000e3200000|  0%| F|  |TAMS 0x00000000e3100000, 0x00000000e3100000| Untracked 
|  50|0x00000000e3200000, 0x00000000e3200000, 0x00000000e3300000|  0%| F|  |TAMS 0x00000000e3200000, 0x00000000e3200000| Untracked 
|  51|0x00000000e3300000, 0x00000000e3300000, 0x00000000e3400000|  0%| F|  |TAMS 0x00000000e3300000, 0x00000000e3300000| Untracked 
|  52|0x00000000e3400000, 0x00000000e3400000, 0x00000000e3500000|  0%| F|  |TAMS 0x00000000e3400000, 0x00000000e3400000| Untracked 
|  53|0x00000000e3500000, 0x00000000e3500000, 0x00000000e3600000|  0%| F|  |TAMS 0x00000000e3500000, 0x00000000e3500000| Untracked 
|  54|0x00000000e3600000, 0x00000000e3600000, 0x00000000e3700000|  0%| F|  |TAMS 0x00000000e3600000, 0x00000000e3600000| Untracked 
|  55|0x00000000e3700000, 0x00000000e3700000, 0x00000000e3800000|  0%| F|  |TAMS 0x00000000e3700000, 0x00000000e3700000| Untracked 
|  56|0x00000000e3800000, 0x00000000e3800000, 0x00000000e3900000|  0%| F|  |TAMS 0x00000000e3800000, 0x00000000e3800000| Untracked 
|  57|0x00000000e3900000, 0x00000000e3900000, 0x00000000e3a00000|  0%| F|  |TAMS 0x00000000e3900000, 0x00000000e3900000| Untracked 
|  58|0x00000000e3a00000, 0x00000000e3a00000, 0x00000000e3b00000|  0%| F|  |TAMS 0x00000000e3a00000, 0x00000000e3a00000| Untracked 
|  59|0x00000000e3b00000, 0x00000000e3b00000, 0x00000000e3c00000|  0%| F|  |TAMS 0x00000000e3b00000, 0x00000000e3b00000| Untracked 
|  60|0x00000000e3c00000, 0x00000000e3c00000, 0x00000000e3d00000|  0%| F|  |TAMS 0x00000000e3c00000, 0x00000000e3c00000| Untracked 
|  61|0x00000000e3d00000, 0x00000000e3d00000, 0x00000000e3e00000|  0%| F|  |TAMS 0x00000000e3d00000, 0x00000000e3d00000| Untracked 
|  62|0x00000000e3e00000, 0x00000000e3e00000, 0x00000000e3f00000|  0%| F|  |TAMS 0x00000000e3e00000, 0x00000000e3e00000| Untracked 
|  63|0x00000000e3f00000, 0x00000000e3f00000, 0x00000000e4000000|  0%| F|  |TAMS 0x00000000e3f00000, 0x00000000e3f00000| Untracked 
|  64|0x00000000e4000000, 0x00000000e4000000, 0x00000000e4100000|  0%| F|  |TAMS 0x00000000e4000000, 0x00000000e4000000| Untracked 
|  65|0x00000000e4100000, 0x00000000e4100000, 0x00000000e4200000|  0%| F|  |TAMS 0x00000000e4100000, 0x00000000e4100000| Untracked 
|  66|0x00000000e4200000, 0x00000000e4200000, 0x00000000e4300000|  0%| F|  |TAMS 0x00000000e4200000, 0x00000000e4200000| Untracked 
|  67|0x00000000e4300000, 0x00000000e4300000, 0x00000000e4400000|  0%| F|  |TAMS 0x00000000e4300000, 0x00000000e4300000| Untracked 
|  68|0x00000000e4400000, 0x00000000e4400000, 0x00000000e4500000|  0%| F|  |TAMS 0x00000000e4400000, 0x00000000e4400000| Untracked 
|  69|0x00000000e4500000, 0x00000000e4500000, 0x00000000e4600000|  0%| F|  |TAMS 0x00000000e4500000, 0x00000000e4500000| Untracked 
|  70|0x00000000e4600000, 0x00000000e4600000, 0x00000000e4700000|  0%| F|  |TAMS 0x00000000e4600000, 0x00000000e4600000| Untracked 
|  71|0x00000000e4700000, 0x00000000e4700000, 0x00000000e4800000|  0%| F|  |TAMS 0x00000000e4700000, 0x00000000e4700000| Untracked 
|  72|0x00000000e4800000, 0x00000000e4800000, 0x00000000e4900000|  0%| F|  |TAMS 0x00000000e4800000, 0x00000000e4800000| Untracked 
|  73|0x00000000e4900000, 0x00000000e4900000, 0x00000000e4a00000|  0%| F|  |TAMS 0x00000000e4900000, 0x00000000e4900000| Untracked 
|  74|0x00000000e4a00000, 0x00000000e4a00000, 0x00000000e4b00000|  0%| F|  |TAMS 0x00000000e4a00000, 0x00000000e4a00000| Untracked 
|  75|0x00000000e4b00000, 0x00000000e4b00000, 0x00000000e4c00000|  0%| F|  |TAMS 0x00000000e4b00000, 0x00000000e4b00000| Untracked 
|  76|0x00000000e4c00000, 0x00000000e4c00000, 0x00000000e4d00000|  0%| F|  |TAMS 0x00000000e4c00000, 0x00000000e4c00000| Untracked 
|  77|0x00000000e4d00000, 0x00000000e4d00000, 0x00000000e4e00000|  0%| F|  |TAMS 0x00000000e4d00000, 0x00000000e4d00000| Untracked 
|  78|0x00000000e4e00000, 0x00000000e4e00000, 0x00000000e4f00000|  0%| F|  |TAMS 0x00000000e4e00000, 0x00000000e4e00000| Untracked 
|  79|0x00000000e4f00000, 0x00000000e4f00000, 0x00000000e5000000|  0%| F|  |TAMS 0x00000000e4f00000, 0x00000000e4f00000| Untracked 
|  80|0x00000000e5000000, 0x00000000e5000000, 0x00000000e5100000|  0%| F|  |TAMS 0x00000000e5000000, 0x00000000e5000000| Untracked 
|  81|0x00000000e5100000, 0x00000000e5100000, 0x00000000e5200000|  0%| F|  |TAMS 0x00000000e5100000, 0x00000000e5100000| Untracked 
|  82|0x00000000e5200000, 0x00000000e5200000, 0x00000000e5300000|  0%| F|  |TAMS 0x00000000e5200000, 0x00000000e5200000| Untracked 
|  83|0x00000000e5300000, 0x00000000e5300000, 0x00000000e5400000|  0%| F|  |TAMS 0x00000000e5300000, 0x00000000e5300000| Untracked 
|  84|0x00000000e5400000, 0x00000000e5400000, 0x00000000e5500000|  0%| F|  |TAMS 0x00000000e5400000, 0x00000000e5400000| Untracked 
|  85|0x00000000e5500000, 0x00000000e5500000, 0x00000000e5600000|  0%| F|  |TAMS 0x00000000e5500000, 0x00000000e5500000| Untracked 
|  86|0x00000000e5600000, 0x00000000e5600000, 0x00000000e5700000|  0%| F|  |TAMS 0x00000000e5600000, 0x00000000e5600000| Untracked 
|  87|0x00000000e5700000, 0x00000000e5700000, 0x00000000e5800000|  0%| F|  |TAMS 0x00000000e5700000, 0x00000000e5700000| Untracked 
|  88|0x00000000e5800000, 0x00000000e5800000, 0x00000000e5900000|  0%| F|  |TAMS 0x00000000e5800000, 0x00000000e5800000| Untracked 
|  89|0x00000000e5900000, 0x00000000e5900000, 0x00000000e5a00000|  0%| F|  |TAMS 0x00000000e5900000, 0x00000000e5900000| Untracked 
|  90|0x00000000e5a00000, 0x00000000e5a00000, 0x00000000e5b00000|  0%| F|  |TAMS 0x00000000e5a00000, 0x00000000e5a00000| Untracked 
|  91|0x00000000e5b00000, 0x00000000e5b00000, 0x00000000e5c00000|  0%| F|  |TAMS 0x00000000e5b00000, 0x00000000e5b00000| Untracked 
|  92|0x00000000e5c00000, 0x00000000e5c00000, 0x00000000e5d00000|  0%| F|  |TAMS 0x00000000e5c00000, 0x00000000e5c00000| Untracked 
|  93|0x00000000e5d00000, 0x00000000e5d00000, 0x00000000e5e00000|  0%| F|  |TAMS 0x00000000e5d00000, 0x00000000e5d00000| Untracked 
|  94|0x00000000e5e00000, 0x00000000e5e00000, 0x00000000e5f00000|  0%| F|  |TAMS 0x00000000e5e00000, 0x00000000e5e00000| Untracked 
|  95|0x00000000e5f00000, 0x00000000e5f00000, 0x00000000e6000000|  0%| F|  |TAMS 0x00000000e5f00000, 0x00000000e5f00000| Untracked 
|  96|0x00000000e6000000, 0x00000000e6000000, 0x00000000e6100000|  0%| F|  |TAMS 0x00000000e6000000, 0x00000000e6000000| Untracked 
|  97|0x00000000e6100000, 0x00000000e6100000, 0x00000000e6200000|  0%| F|  |TAMS 0x00000000e6100000, 0x00000000e6100000| Untracked 
|  98|0x00000000e6200000, 0x00000000e6200000, 0x00000000e6300000|  0%| F|  |TAMS 0x00000000e6200000, 0x00000000e6200000| Untracked 
|  99|0x00000000e6300000, 0x00000000e6300000, 0x00000000e6400000|  0%| F|  |TAMS 0x00000000e6300000, 0x00000000e6300000| Untracked 
| 100|0x00000000e6400000, 0x00000000e6400000, 0x00000000e6500000|  0%| F|  |TAMS 0x00000000e6400000, 0x00000000e6400000| Untracked 
| 101|0x00000000e6500000, 0x00000000e6500000, 0x00000000e6600000|  0%| F|  |TAMS 0x00000000e6500000, 0x00000000e6500000| Untracked 
| 102|0x00000000e6600000, 0x00000000e6600000, 0x00000000e6700000|  0%| F|  |TAMS 0x00000000e6600000, 0x00000000e6600000| Untracked 
| 103|0x00000000e6700000, 0x00000000e6700000, 0x00000000e6800000|  0%| F|  |TAMS 0x00000000e6700000, 0x00000000e6700000| Untracked 
| 104|0x00000000e6800000, 0x00000000e6800000, 0x00000000e6900000|  0%| F|  |TAMS 0x00000000e6800000, 0x00000000e6800000| Untracked 
| 105|0x00000000e6900000, 0x00000000e6900000, 0x00000000e6a00000|  0%| F|  |TAMS 0x00000000e6900000, 0x00000000e6900000| Untracked 
| 106|0x00000000e6a00000, 0x00000000e6a00000, 0x00000000e6b00000|  0%| F|  |TAMS 0x00000000e6a00000, 0x00000000e6a00000| Untracked 
| 107|0x00000000e6b00000, 0x00000000e6b00000, 0x00000000e6c00000|  0%| F|  |TAMS 0x00000000e6b00000, 0x00000000e6b00000| Untracked 
| 108|0x00000000e6c00000, 0x00000000e6c00000, 0x00000000e6d00000|  0%| F|  |TAMS 0x00000000e6c00000, 0x00000000e6c00000| Untracked 
| 109|0x00000000e6d00000, 0x00000000e6d00000, 0x00000000e6e00000|  0%| F|  |TAMS 0x00000000e6d00000, 0x00000000e6d00000| Untracked 
| 110|0x00000000e6e00000, 0x00000000e6e00000, 0x00000000e6f00000|  0%| F|  |TAMS 0x00000000e6e00000, 0x00000000e6e00000| Untracked 
| 111|0x00000000e6f00000, 0x00000000e6f00000, 0x00000000e7000000|  0%| F|  |TAMS 0x00000000e6f00000, 0x00000000e6f00000| Untracked 
| 112|0x00000000e7000000, 0x00000000e7000000, 0x00000000e7100000|  0%| F|  |TAMS 0x00000000e7000000, 0x00000000e7000000| Untracked 
| 113|0x00000000e7100000, 0x00000000e7100000, 0x00000000e7200000|  0%| F|  |TAMS 0x00000000e7100000, 0x00000000e7100000| Untracked 
| 114|0x00000000e7200000, 0x00000000e7200000, 0x00000000e7300000|  0%| F|  |TAMS 0x00000000e7200000, 0x00000000e7200000| Untracked 
| 115|0x00000000e7300000, 0x00000000e7300000, 0x00000000e7400000|  0%| F|  |TAMS 0x00000000e7300000, 0x00000000e7300000| Untracked 
| 116|0x00000000e7400000, 0x00000000e7400000, 0x00000000e7500000|  0%| F|  |TAMS 0x00000000e7400000, 0x00000000e7400000| Untracked 
| 117|0x00000000e7500000, 0x00000000e7500000, 0x00000000e7600000|  0%| F|  |TAMS 0x00000000e7500000, 0x00000000e7500000| Untracked 
| 118|0x00000000e7600000, 0x00000000e7600000, 0x00000000e7700000|  0%| F|  |TAMS 0x00000000e7600000, 0x00000000e7600000| Untracked 
| 119|0x00000000e7700000, 0x00000000e7700000, 0x00000000e7800000|  0%| F|  |TAMS 0x00000000e7700000, 0x00000000e7700000| Untracked 
| 120|0x00000000e7800000, 0x00000000e7800000, 0x00000000e7900000|  0%| F|  |TAMS 0x00000000e7800000, 0x00000000e7800000| Untracked 
| 121|0x00000000e7900000, 0x00000000e7900000, 0x00000000e7a00000|  0%| F|  |TAMS 0x00000000e7900000, 0x00000000e7900000| Untracked 
| 122|0x00000000e7a00000, 0x00000000e7a00000, 0x00000000e7b00000|  0%| F|  |TAMS 0x00000000e7a00000, 0x00000000e7a00000| Untracked 
| 123|0x00000000e7b00000, 0x00000000e7b00000, 0x00000000e7c00000|  0%| F|  |TAMS 0x00000000e7b00000, 0x00000000e7b00000| Untracked 
| 124|0x00000000e7c00000, 0x00000000e7c00000, 0x00000000e7d00000|  0%| F|  |TAMS 0x00000000e7c00000, 0x00000000e7c00000| Untracked 
| 125|0x00000000e7d00000, 0x00000000e7d00000, 0x00000000e7e00000|  0%| F|  |TAMS 0x00000000e7d00000, 0x00000000e7d00000| Untracked 
| 126|0x00000000e7e00000, 0x00000000e7e00000, 0x00000000e7f00000|  0%| F|  |TAMS 0x00000000e7e00000, 0x00000000e7e00000| Untracked 
| 127|0x00000000e7f00000, 0x00000000e7f00000, 0x00000000e8000000|  0%| F|  |TAMS 0x00000000e7f00000, 0x00000000e7f00000| Untracked 
| 128|0x00000000e8000000, 0x00000000e8000000, 0x00000000e8100000|  0%| F|  |TAMS 0x00000000e8000000, 0x00000000e8000000| Untracked 
| 129|0x00000000e8100000, 0x00000000e8100000, 0x00000000e8200000|  0%| F|  |TAMS 0x00000000e8100000, 0x00000000e8100000| Untracked 
| 130|0x00000000e8200000, 0x00000000e8200000, 0x00000000e8300000|  0%| F|  |TAMS 0x00000000e8200000, 0x00000000e8200000| Untracked 
| 131|0x00000000e8300000, 0x00000000e8300000, 0x00000000e8400000|  0%| F|  |TAMS 0x00000000e8300000, 0x00000000e8300000| Untracked 
| 132|0x00000000e8400000, 0x00000000e8400000, 0x00000000e8500000|  0%| F|  |TAMS 0x00000000e8400000, 0x00000000e8400000| Untracked 
| 133|0x00000000e8500000, 0x00000000e8500000, 0x00000000e8600000|  0%| F|  |TAMS 0x00000000e8500000, 0x00000000e8500000| Untracked 
| 134|0x00000000e8600000, 0x00000000e8600000, 0x00000000e8700000|  0%| F|  |TAMS 0x00000000e8600000, 0x00000000e8600000| Untracked 
| 135|0x00000000e8700000, 0x00000000e8700000, 0x00000000e8800000|  0%| F|  |TAMS 0x00000000e8700000, 0x00000000e8700000| Untracked 
| 136|0x00000000e8800000, 0x00000000e8800000, 0x00000000e8900000|  0%| F|  |TAMS 0x00000000e8800000, 0x00000000e8800000| Untracked 
| 137|0x00000000e8900000, 0x00000000e8900000, 0x00000000e8a00000|  0%| F|  |TAMS 0x00000000e8900000, 0x00000000e8900000| Untracked 
| 138|0x00000000e8a00000, 0x00000000e8a00000, 0x00000000e8b00000|  0%| F|  |TAMS 0x00000000e8a00000, 0x00000000e8a00000| Untracked 
| 139|0x00000000e8b00000, 0x00000000e8b00000, 0x00000000e8c00000|  0%| F|  |TAMS 0x00000000e8b00000, 0x00000000e8b00000| Untracked 
| 140|0x00000000e8c00000, 0x00000000e8c00000, 0x00000000e8d00000|  0%| F|  |TAMS 0x00000000e8c00000, 0x00000000e8c00000| Untracked 
| 141|0x00000000e8d00000, 0x00000000e8d00000, 0x00000000e8e00000|  0%| F|  |TAMS 0x00000000e8d00000, 0x00000000e8d00000| Untracked 
| 142|0x00000000e8e00000, 0x00000000e8e00000, 0x00000000e8f00000|  0%| F|  |TAMS 0x00000000e8e00000, 0x00000000e8e00000| Untracked 
| 143|0x00000000e8f00000, 0x00000000e8f00000, 0x00000000e9000000|  0%| F|  |TAMS 0x00000000e8f00000, 0x00000000e8f00000| Untracked 
| 144|0x00000000e9000000, 0x00000000e9000000, 0x00000000e9100000|  0%| F|  |TAMS 0x00000000e9000000, 0x00000000e9000000| Untracked 
| 145|0x00000000e9100000, 0x00000000e9100000, 0x00000000e9200000|  0%| F|  |TAMS 0x00000000e9100000, 0x00000000e9100000| Untracked 
| 146|0x00000000e9200000, 0x00000000e9200000, 0x00000000e9300000|  0%| F|  |TAMS 0x00000000e9200000, 0x00000000e9200000| Untracked 
| 147|0x00000000e9300000, 0x00000000e9300000, 0x00000000e9400000|  0%| F|  |TAMS 0x00000000e9300000, 0x00000000e9300000| Untracked 
| 148|0x00000000e9400000, 0x00000000e9400000, 0x00000000e9500000|  0%| F|  |TAMS 0x00000000e9400000, 0x00000000e9400000| Untracked 
| 149|0x00000000e9500000, 0x00000000e9500000, 0x00000000e9600000|  0%| F|  |TAMS 0x00000000e9500000, 0x00000000e9500000| Untracked 
| 150|0x00000000e9600000, 0x00000000e9600000, 0x00000000e9700000|  0%| F|  |TAMS 0x00000000e9600000, 0x00000000e9600000| Untracked 
| 151|0x00000000e9700000, 0x00000000e9700000, 0x00000000e9800000|  0%| F|  |TAMS 0x00000000e9700000, 0x00000000e9700000| Untracked 
| 152|0x00000000e9800000, 0x00000000e9800000, 0x00000000e9900000|  0%| F|  |TAMS 0x00000000e9800000, 0x00000000e9800000| Untracked 
| 153|0x00000000e9900000, 0x00000000e9900000, 0x00000000e9a00000|  0%| F|  |TAMS 0x00000000e9900000, 0x00000000e9900000| Untracked 
| 154|0x00000000e9a00000, 0x00000000e9a00000, 0x00000000e9b00000|  0%| F|  |TAMS 0x00000000e9a00000, 0x00000000e9a00000| Untracked 
| 155|0x00000000e9b00000, 0x00000000e9b00000, 0x00000000e9c00000|  0%| F|  |TAMS 0x00000000e9b00000, 0x00000000e9b00000| Untracked 
| 156|0x00000000e9c00000, 0x00000000e9c00000, 0x00000000e9d00000|  0%| F|  |TAMS 0x00000000e9c00000, 0x00000000e9c00000| Untracked 
| 157|0x00000000e9d00000, 0x00000000e9d00000, 0x00000000e9e00000|  0%| F|  |TAMS 0x00000000e9d00000, 0x00000000e9d00000| Untracked 
| 158|0x00000000e9e00000, 0x00000000e9e00000, 0x00000000e9f00000|  0%| F|  |TAMS 0x00000000e9e00000, 0x00000000e9e00000| Untracked 
| 159|0x00000000e9f00000, 0x00000000e9f00000, 0x00000000ea000000|  0%| F|  |TAMS 0x00000000e9f00000, 0x00000000e9f00000| Untracked 
| 160|0x00000000ea000000, 0x00000000ea000000, 0x00000000ea100000|  0%| F|  |TAMS 0x00000000ea000000, 0x00000000ea000000| Untracked 
| 161|0x00000000ea100000, 0x00000000ea100000, 0x00000000ea200000|  0%| F|  |TAMS 0x00000000ea100000, 0x00000000ea100000| Untracked 
| 162|0x00000000ea200000, 0x00000000ea200000, 0x00000000ea300000|  0%| F|  |TAMS 0x00000000ea200000, 0x00000000ea200000| Untracked 
| 163|0x00000000ea300000, 0x00000000ea300000, 0x00000000ea400000|  0%| F|  |TAMS 0x00000000ea300000, 0x00000000ea300000| Untracked 
| 164|0x00000000ea400000, 0x00000000ea400000, 0x00000000ea500000|  0%| F|  |TAMS 0x00000000ea400000, 0x00000000ea400000| Untracked 
| 165|0x00000000ea500000, 0x00000000ea500000, 0x00000000ea600000|  0%| F|  |TAMS 0x00000000ea500000, 0x00000000ea500000| Untracked 
| 166|0x00000000ea600000, 0x00000000ea600000, 0x00000000ea700000|  0%| F|  |TAMS 0x00000000ea600000, 0x00000000ea600000| Untracked 
| 167|0x00000000ea700000, 0x00000000ea700000, 0x00000000ea800000|  0%| F|  |TAMS 0x00000000ea700000, 0x00000000ea700000| Untracked 
| 168|0x00000000ea800000, 0x00000000ea800000, 0x00000000ea900000|  0%| F|  |TAMS 0x00000000ea800000, 0x00000000ea800000| Untracked 
| 169|0x00000000ea900000, 0x00000000ea900000, 0x00000000eaa00000|  0%| F|  |TAMS 0x00000000ea900000, 0x00000000ea900000| Untracked 
| 170|0x00000000eaa00000, 0x00000000eaa00000, 0x00000000eab00000|  0%| F|  |TAMS 0x00000000eaa00000, 0x00000000eaa00000| Untracked 
| 171|0x00000000eab00000, 0x00000000eab00000, 0x00000000eac00000|  0%| F|  |TAMS 0x00000000eab00000, 0x00000000eab00000| Untracked 
| 172|0x00000000eac00000, 0x00000000eac00000, 0x00000000ead00000|  0%| F|  |TAMS 0x00000000eac00000, 0x00000000eac00000| Untracked 
| 173|0x00000000ead00000, 0x00000000ead00000, 0x00000000eae00000|  0%| F|  |TAMS 0x00000000ead00000, 0x00000000ead00000| Untracked 
| 174|0x00000000eae00000, 0x00000000eaf00000, 0x00000000eaf00000|100%| S|CS|TAMS 0x00000000eae00000, 0x00000000eae00000| Complete 
| 175|0x00000000eaf00000, 0x00000000eb000000, 0x00000000eb000000|100%| S|CS|TAMS 0x00000000eaf00000, 0x00000000eaf00000| Complete 
| 176|0x00000000eb000000, 0x00000000eb100000, 0x00000000eb100000|100%| S|CS|TAMS 0x00000000eb000000, 0x00000000eb000000| Complete 
| 177|0x00000000eb100000, 0x00000000eb200000, 0x00000000eb200000|100%| S|CS|TAMS 0x00000000eb100000, 0x00000000eb100000| Complete 
| 178|0x00000000eb200000, 0x00000000eb300000, 0x00000000eb300000|100%| S|CS|TAMS 0x00000000eb200000, 0x00000000eb200000| Complete 
| 179|0x00000000eb300000, 0x00000000eb400000, 0x00000000eb400000|100%| S|CS|TAMS 0x00000000eb300000, 0x00000000eb300000| Complete 
| 180|0x00000000eb400000, 0x00000000eb500000, 0x00000000eb500000|100%| S|CS|TAMS 0x00000000eb400000, 0x00000000eb400000| Complete 
| 181|0x00000000eb500000, 0x00000000eb500000, 0x00000000eb600000|  0%| F|  |TAMS 0x00000000eb500000, 0x00000000eb500000| Untracked 
| 182|0x00000000eb600000, 0x00000000eb600000, 0x00000000eb700000|  0%| F|  |TAMS 0x00000000eb600000, 0x00000000eb600000| Untracked 
| 183|0x00000000eb700000, 0x00000000eb700000, 0x00000000eb800000|  0%| F|  |TAMS 0x00000000eb700000, 0x00000000eb700000| Untracked 
| 184|0x00000000eb800000, 0x00000000eb800000, 0x00000000eb900000|  0%| F|  |TAMS 0x00000000eb800000, 0x00000000eb800000| Untracked 
| 185|0x00000000eb900000, 0x00000000eb900000, 0x00000000eba00000|  0%| F|  |TAMS 0x00000000eb900000, 0x00000000eb900000| Untracked 
| 186|0x00000000eba00000, 0x00000000eba00000, 0x00000000ebb00000|  0%| F|  |TAMS 0x00000000eba00000, 0x00000000eba00000| Untracked 
| 187|0x00000000ebb00000, 0x00000000ebb00000, 0x00000000ebc00000|  0%| F|  |TAMS 0x00000000ebb00000, 0x00000000ebb00000| Untracked 
| 188|0x00000000ebc00000, 0x00000000ebc00000, 0x00000000ebd00000|  0%| F|  |TAMS 0x00000000ebc00000, 0x00000000ebc00000| Untracked 
| 189|0x00000000ebd00000, 0x00000000ebd00000, 0x00000000ebe00000|  0%| F|  |TAMS 0x00000000ebd00000, 0x00000000ebd00000| Untracked 
| 190|0x00000000ebe00000, 0x00000000ebe00000, 0x00000000ebf00000|  0%| F|  |TAMS 0x00000000ebe00000, 0x00000000ebe00000| Untracked 
| 191|0x00000000ebf00000, 0x00000000ebf00000, 0x00000000ec000000|  0%| F|  |TAMS 0x00000000ebf00000, 0x00000000ebf00000| Untracked 
| 192|0x00000000ec000000, 0x00000000ec000000, 0x00000000ec100000|  0%| F|  |TAMS 0x00000000ec000000, 0x00000000ec000000| Untracked 
| 193|0x00000000ec100000, 0x00000000ec100000, 0x00000000ec200000|  0%| F|  |TAMS 0x00000000ec100000, 0x00000000ec100000| Untracked 
| 194|0x00000000ec200000, 0x00000000ec200000, 0x00000000ec300000|  0%| F|  |TAMS 0x00000000ec200000, 0x00000000ec200000| Untracked 
| 195|0x00000000ec300000, 0x00000000ec300000, 0x00000000ec400000|  0%| F|  |TAMS 0x00000000ec300000, 0x00000000ec300000| Untracked 
| 196|0x00000000ec400000, 0x00000000ec400000, 0x00000000ec500000|  0%| F|  |TAMS 0x00000000ec400000, 0x00000000ec400000| Untracked 
| 197|0x00000000ec500000, 0x00000000ec500000, 0x00000000ec600000|  0%| F|  |TAMS 0x00000000ec500000, 0x00000000ec500000| Untracked 
| 198|0x00000000ec600000, 0x00000000ec600000, 0x00000000ec700000|  0%| F|  |TAMS 0x00000000ec600000, 0x00000000ec600000| Untracked 
| 199|0x00000000ec700000, 0x00000000ec700000, 0x00000000ec800000|  0%| F|  |TAMS 0x00000000ec700000, 0x00000000ec700000| Untracked 
| 200|0x00000000ec800000, 0x00000000ec800000, 0x00000000ec900000|  0%| F|  |TAMS 0x00000000ec800000, 0x00000000ec800000| Untracked 
| 201|0x00000000ec900000, 0x00000000ec900000, 0x00000000eca00000|  0%| F|  |TAMS 0x00000000ec900000, 0x00000000ec900000| Untracked 
| 202|0x00000000eca00000, 0x00000000eca00000, 0x00000000ecb00000|  0%| F|  |TAMS 0x00000000eca00000, 0x00000000eca00000| Untracked 
| 203|0x00000000ecb00000, 0x00000000ecb00000, 0x00000000ecc00000|  0%| F|  |TAMS 0x00000000ecb00000, 0x00000000ecb00000| Untracked 
| 204|0x00000000ecc00000, 0x00000000ecc00000, 0x00000000ecd00000|  0%| F|  |TAMS 0x00000000ecc00000, 0x00000000ecc00000| Untracked 
| 205|0x00000000ecd00000, 0x00000000ecd00000, 0x00000000ece00000|  0%| F|  |TAMS 0x00000000ecd00000, 0x00000000ecd00000| Untracked 
| 206|0x00000000ece00000, 0x00000000ece00000, 0x00000000ecf00000|  0%| F|  |TAMS 0x00000000ece00000, 0x00000000ece00000| Untracked 
| 207|0x00000000ecf00000, 0x00000000ecf00000, 0x00000000ed000000|  0%| F|  |TAMS 0x00000000ecf00000, 0x00000000ecf00000| Untracked 
| 208|0x00000000ed000000, 0x00000000ed000000, 0x00000000ed100000|  0%| F|  |TAMS 0x00000000ed000000, 0x00000000ed000000| Untracked 
| 209|0x00000000ed100000, 0x00000000ed100000, 0x00000000ed200000|  0%| F|  |TAMS 0x00000000ed100000, 0x00000000ed100000| Untracked 
| 210|0x00000000ed200000, 0x00000000ed200000, 0x00000000ed300000|  0%| F|  |TAMS 0x00000000ed200000, 0x00000000ed200000| Untracked 
| 211|0x00000000ed300000, 0x00000000ed300000, 0x00000000ed400000|  0%| F|  |TAMS 0x00000000ed300000, 0x00000000ed300000| Untracked 
| 212|0x00000000ed400000, 0x00000000ed400000, 0x00000000ed500000|  0%| F|  |TAMS 0x00000000ed400000, 0x00000000ed400000| Untracked 
| 213|0x00000000ed500000, 0x00000000ed500000, 0x00000000ed600000|  0%| F|  |TAMS 0x00000000ed500000, 0x00000000ed500000| Untracked 
| 214|0x00000000ed600000, 0x00000000ed600000, 0x00000000ed700000|  0%| F|  |TAMS 0x00000000ed600000, 0x00000000ed600000| Untracked 
| 215|0x00000000ed700000, 0x00000000ed700000, 0x00000000ed800000|  0%| F|  |TAMS 0x00000000ed700000, 0x00000000ed700000| Untracked 
| 216|0x00000000ed800000, 0x00000000ed800000, 0x00000000ed900000|  0%| F|  |TAMS 0x00000000ed800000, 0x00000000ed800000| Untracked 
| 217|0x00000000ed900000, 0x00000000ed900000, 0x00000000eda00000|  0%| F|  |TAMS 0x00000000ed900000, 0x00000000ed900000| Untracked 
| 218|0x00000000eda00000, 0x00000000eda00000, 0x00000000edb00000|  0%| F|  |TAMS 0x00000000eda00000, 0x00000000eda00000| Untracked 
| 219|0x00000000edb00000, 0x00000000edb00000, 0x00000000edc00000|  0%| F|  |TAMS 0x00000000edb00000, 0x00000000edb00000| Untracked 
| 220|0x00000000edc00000, 0x00000000edc00000, 0x00000000edd00000|  0%| F|  |TAMS 0x00000000edc00000, 0x00000000edc00000| Untracked 
| 221|0x00000000edd00000, 0x00000000edd00000, 0x00000000ede00000|  0%| F|  |TAMS 0x00000000edd00000, 0x00000000edd00000| Untracked 
| 222|0x00000000ede00000, 0x00000000ede00000, 0x00000000edf00000|  0%| F|  |TAMS 0x00000000ede00000, 0x00000000ede00000| Untracked 
| 223|0x00000000edf00000, 0x00000000edf00000, 0x00000000ee000000|  0%| F|  |TAMS 0x00000000edf00000, 0x00000000edf00000| Untracked 
| 224|0x00000000ee000000, 0x00000000ee000000, 0x00000000ee100000|  0%| F|  |TAMS 0x00000000ee000000, 0x00000000ee000000| Untracked 
| 225|0x00000000ee100000, 0x00000000ee100000, 0x00000000ee200000|  0%| F|  |TAMS 0x00000000ee100000, 0x00000000ee100000| Untracked 
| 226|0x00000000ee200000, 0x00000000ee200000, 0x00000000ee300000|  0%| F|  |TAMS 0x00000000ee200000, 0x00000000ee200000| Untracked 
| 227|0x00000000ee300000, 0x00000000ee300000, 0x00000000ee400000|  0%| F|  |TAMS 0x00000000ee300000, 0x00000000ee300000| Untracked 
| 228|0x00000000ee400000, 0x00000000ee400000, 0x00000000ee500000|  0%| F|  |TAMS 0x00000000ee400000, 0x00000000ee400000| Untracked 
| 229|0x00000000ee500000, 0x00000000ee500000, 0x00000000ee600000|  0%| F|  |TAMS 0x00000000ee500000, 0x00000000ee500000| Untracked 
| 230|0x00000000ee600000, 0x00000000ee600000, 0x00000000ee700000|  0%| F|  |TAMS 0x00000000ee600000, 0x00000000ee600000| Untracked 
| 231|0x00000000ee700000, 0x00000000ee700000, 0x00000000ee800000|  0%| F|  |TAMS 0x00000000ee700000, 0x00000000ee700000| Untracked 
| 232|0x00000000ee800000, 0x00000000ee880800, 0x00000000ee900000| 50%| E|  |TAMS 0x00000000ee800000, 0x00000000ee800000| Complete 
| 233|0x00000000ee900000, 0x00000000eea00000, 0x00000000eea00000|100%| E|CS|TAMS 0x00000000ee900000, 0x00000000ee900000| Complete 
| 234|0x00000000eea00000, 0x00000000eeb00000, 0x00000000eeb00000|100%| E|CS|TAMS 0x00000000eea00000, 0x00000000eea00000| Complete 
| 235|0x00000000eeb00000, 0x00000000eec00000, 0x00000000eec00000|100%| E|CS|TAMS 0x00000000eeb00000, 0x00000000eeb00000| Complete 
| 236|0x00000000eec00000, 0x00000000eed00000, 0x00000000eed00000|100%| E|CS|TAMS 0x00000000eec00000, 0x00000000eec00000| Complete 
| 237|0x00000000eed00000, 0x00000000eee00000, 0x00000000eee00000|100%| E|CS|TAMS 0x00000000eed00000, 0x00000000eed00000| Complete 
| 238|0x00000000eee00000, 0x00000000eef00000, 0x00000000eef00000|100%| E|CS|TAMS 0x00000000eee00000, 0x00000000eee00000| Complete 
| 239|0x00000000eef00000, 0x00000000ef000000, 0x00000000ef000000|100%| E|CS|TAMS 0x00000000eef00000, 0x00000000eef00000| Complete 
| 240|0x00000000ef000000, 0x00000000ef100000, 0x00000000ef100000|100%| E|CS|TAMS 0x00000000ef000000, 0x00000000ef000000| Complete 
| 241|0x00000000ef100000, 0x00000000ef200000, 0x00000000ef200000|100%| E|CS|TAMS 0x00000000ef100000, 0x00000000ef100000| Complete 
| 242|0x00000000ef200000, 0x00000000ef300000, 0x00000000ef300000|100%| E|CS|TAMS 0x00000000ef200000, 0x00000000ef200000| Complete 
| 243|0x00000000ef300000, 0x00000000ef400000, 0x00000000ef400000|100%| E|CS|TAMS 0x00000000ef300000, 0x00000000ef300000| Complete 
| 244|0x00000000ef400000, 0x00000000ef500000, 0x00000000ef500000|100%| E|CS|TAMS 0x00000000ef400000, 0x00000000ef400000| Complete 
| 245|0x00000000ef500000, 0x00000000ef600000, 0x00000000ef600000|100%| E|CS|TAMS 0x00000000ef500000, 0x00000000ef500000| Complete 
| 246|0x00000000ef600000, 0x00000000ef700000, 0x00000000ef700000|100%| E|CS|TAMS 0x00000000ef600000, 0x00000000ef600000| Complete 
| 247|0x00000000ef700000, 0x00000000ef800000, 0x00000000ef800000|100%| E|CS|TAMS 0x00000000ef700000, 0x00000000ef700000| Complete 
| 248|0x00000000ef800000, 0x00000000ef900000, 0x00000000ef900000|100%| E|CS|TAMS 0x00000000ef800000, 0x00000000ef800000| Complete 
| 249|0x00000000ef900000, 0x00000000efa00000, 0x00000000efa00000|100%| E|CS|TAMS 0x00000000ef900000, 0x00000000ef900000| Complete 
| 250|0x00000000efa00000, 0x00000000efb00000, 0x00000000efb00000|100%| E|CS|TAMS 0x00000000efa00000, 0x00000000efa00000| Complete 
| 251|0x00000000efb00000, 0x00000000efc00000, 0x00000000efc00000|100%| E|CS|TAMS 0x00000000efb00000, 0x00000000efb00000| Complete 
| 252|0x00000000efc00000, 0x00000000efd00000, 0x00000000efd00000|100%| E|CS|TAMS 0x00000000efc00000, 0x00000000efc00000| Complete 
| 253|0x00000000efd00000, 0x00000000efe00000, 0x00000000efe00000|100%| E|CS|TAMS 0x00000000efd00000, 0x00000000efd00000| Complete 
| 254|0x00000000efe00000, 0x00000000eff00000, 0x00000000eff00000|100%| E|CS|TAMS 0x00000000efe00000, 0x00000000efe00000| Complete 
| 255|0x00000000eff00000, 0x00000000f0000000, 0x00000000f0000000|100%| E|CS|TAMS 0x00000000eff00000, 0x00000000eff00000| Complete 

Card table byte_map: [0x000002bc77090000,0x000002bc77190000] _byte_map_base: 0x000002bc76990000

Marking Bits (Prev, Next): (CMBitMap*) 0x000002bc60787250, (CMBitMap*) 0x000002bc60787210
 Prev Bits: [0x000002bc77a90000, 0x000002bc78290000)
 Next Bits: [0x000002bc77290000, 0x000002bc77a90000)

Polling page: 0x000002bc5e6d0000

Metaspace:

Usage:
  Non-class:     52.59 MB used.
      Class:      8.18 MB used.
       Both:     60.78 MB used.

Virtual space:
  Non-class space:       64.00 MB reserved,      53.44 MB ( 83%) committed,  1 nodes.
      Class space:      208.00 MB reserved,       9.00 MB (  4%) committed,  1 nodes.
             Both:      272.00 MB reserved,      62.44 MB ( 23%) committed. 

Chunk freelists:
   Non-Class:  2.31 MB
       Class:  3.00 MB
        Both:  5.31 MB

MaxMetaspaceSize: 256.00 MB
CompressedClassSpaceSize: 208.00 MB
Initial GC threshold: 21.00 MB
Current GC threshold: 100.62 MB
CDS: on
MetaspaceReclaimPolicy: balanced
 - commit_granule_bytes: 65536.
 - commit_granule_words: 8192.
 - virtual_space_node_default_size: 8388608.
 - enlarge_chunks_in_place: 1.
 - new_chunks_are_fully_committed: 0.
 - uncommit_free_chunks: 1.
 - use_allocation_guard: 0.


Internal statistics:

num_allocs_failed_limit: 21.
num_arena_births: 2920.
num_arena_deaths: 0.
num_vsnodes_births: 2.
num_vsnodes_deaths: 0.
num_space_committed: 999.
num_space_uncommitted: 0.
num_chunks_returned_to_freelist: 21.
num_chunks_taken_from_freelist: 5565.
num_chunk_merges: 15.
num_chunk_splits: 3616.
num_chunks_enlarged: 2257.
num_inconsistent_stats: 0.

CodeHeap 'non-profiled nmethods': size=120000Kb used=3358Kb max_used=3358Kb free=116642Kb
 bounds [0x000002bc6fb60000, 0x000002bc6feb0000, 0x000002bc77090000]
CodeHeap 'profiled nmethods': size=120000Kb used=13171Kb max_used=13171Kb free=106828Kb
 bounds [0x000002bc68630000, 0x000002bc69310000, 0x000002bc6fb60000]
CodeHeap 'non-nmethods': size=5760Kb used=2380Kb max_used=2409Kb free=3379Kb
 bounds [0x000002bc68090000, 0x000002bc68300000, 0x000002bc68630000]
 total_blobs=7430 nmethods=6531 adapters=811
 compilation: enabled
              stopped_count=0, restarted_count=0
 full_count=0

Compilation events (20 events):
Event: 25.800 Thread 0x000002bc7a818fe0 7383       3       com.sun.org.apache.xerces.internal.util.NamespaceSupport::getDeclaredPrefixCount (17 bytes)
Event: 25.801 Thread 0x000002bc7a818fe0 nmethod 7383 0x000002bc692e7090 code [0x000002bc692e7220, 0x000002bc692e7378]
Event: 25.801 Thread 0x000002bc7a818fe0 7384       3       com.sun.xml.bind.v2.runtime.unmarshaller.SAXConnector::processText (48 bytes)
Event: 25.801 Thread 0x000002bc7a818fe0 nmethod 7384 0x000002bc692e7490 code [0x000002bc692e7680, 0x000002bc692e7ab8]
Event: 25.801 Thread 0x000002bc7a818fe0 7382       1       com.sun.xml.bind.v2.runtime.unmarshaller.UnmarshallingContext::access$200 (5 bytes)
Event: 25.801 Thread 0x000002bc7a818fe0 nmethod 7382 0x000002bc6fea2590 code [0x000002bc6fea2720, 0x000002bc6fea27d8]
Event: 25.801 Thread 0x000002bc7a818fe0 7385       1       com.sun.org.apache.xerces.internal.util.IntStack::size (5 bytes)
Event: 25.801 Thread 0x000002bc7a818fe0 nmethod 7385 0x000002bc6fea2890 code [0x000002bc6fea2a20, 0x000002bc6fea2af8]
Event: 25.801 Thread 0x000002bc7a818fe0 7388       3       com.sun.org.apache.xerces.internal.util.IntStack::pop (17 bytes)
Event: 25.801 Thread 0x000002bc7a818fe0 nmethod 7388 0x000002bc692e7c10 code [0x000002bc692e7da0, 0x000002bc692e7ed8]
Event: 25.801 Thread 0x000002bc7a818fe0 7386       1       com.sun.xml.bind.v2.runtime.unmarshaller.UnmarshallingContext$State::access$800 (5 bytes)
Event: 25.801 Thread 0x000002bc7a818fe0 nmethod 7386 0x000002bc6fea2b90 code [0x000002bc6fea2d20, 0x000002bc6fea2dd8]
Event: 25.802 Thread 0x000002bc7a818fe0 7387       1       com.sun.xml.bind.v2.runtime.unmarshaller.UnmarshallingContext$State::access$900 (5 bytes)
Event: 25.802 Thread 0x000002bc7a818fe0 nmethod 7387 0x000002bc6fea2e90 code [0x000002bc6fea3020, 0x000002bc6fea30d8]
Event: 25.802 Thread 0x000002bc7a818fe0 7389       1       com.sun.xml.bind.v2.runtime.unmarshaller.UnmarshallingContext$State::getPrev (5 bytes)
Event: 25.802 Thread 0x000002bc7a818fe0 nmethod 7389 0x000002bc6fea3190 code [0x000002bc6fea3320, 0x000002bc6fea33f8]
Event: 25.805 Thread 0x000002bc7a818fe0 7390       3       com.sun.org.apache.xerces.internal.impl.XMLDocumentScannerImpl::setFeature (75 bytes)
Event: 25.807 Thread 0x000002bc7a818fe0 nmethod 7390 0x000002bc692e7f90 code [0x000002bc692e8240, 0x000002bc692e8ed8]
Event: 25.807 Thread 0x000002bc7a818fe0 7391       3       com.sun.org.apache.xerces.internal.impl.XMLDocumentFragmentScannerImpl::setFeature (43 bytes)
Event: 25.808 Thread 0x000002bc7a818fe0 nmethod 7391 0x000002bc692e9390 code [0x000002bc692e95c0, 0x000002bc692e9c88]

GC Heap History (18 events):
Event: 0.574 GC heap before
{Heap before GC invocations=0 (full 0):
 garbage-first heap   total 262144K, used 15360K [0x00000000e0000000, 0x0000000100000000)
  region size 1024K, 13 young (13312K), 0 survivors (0K)
 Metaspace       used 894K, committed 1024K, reserved 278528K
  class space    used 68K, committed 128K, reserved 212992K
}
Event: 0.578 GC heap after
{Heap after GC invocations=1 (full 0):
 garbage-first heap   total 262144K, used 4224K [0x00000000e0000000, 0x0000000100000000)
  region size 1024K, 2 young (2048K), 2 survivors (2048K)
 Metaspace       used 894K, committed 1024K, reserved 278528K
  class space    used 68K, committed 128K, reserved 212992K
}
Event: 1.149 GC heap before
{Heap before GC invocations=1 (full 0):
 garbage-first heap   total 262144K, used 22656K [0x00000000e0000000, 0x0000000100000000)
  region size 1024K, 17 young (17408K), 2 survivors (2048K)
 Metaspace       used 3804K, committed 3968K, reserved 278528K
  class space    used 472K, committed 576K, reserved 212992K
}
Event: 1.153 GC heap after
{Heap after GC invocations=2 (full 0):
 garbage-first heap   total 262144K, used 9648K [0x00000000e0000000, 0x0000000100000000)
  region size 1024K, 3 young (3072K), 3 survivors (3072K)
 Metaspace       used 3804K, committed 3968K, reserved 278528K
  class space    used 472K, committed 576K, reserved 212992K
}
Event: 1.688 GC heap before
{Heap before GC invocations=2 (full 0):
 garbage-first heap   total 262144K, used 32176K [0x00000000e0000000, 0x0000000100000000)
  region size 1024K, 25 young (25600K), 3 survivors (3072K)
 Metaspace       used 3931K, committed 4096K, reserved 278528K
  class space    used 474K, committed 576K, reserved 212992K
}
Event: 1.692 GC heap after
{Heap after GC invocations=3 (full 0):
 garbage-first heap   total 262144K, used 13729K [0x00000000e0000000, 0x0000000100000000)
  region size 1024K, 4 young (4096K), 4 survivors (4096K)
 Metaspace       used 3931K, committed 4096K, reserved 278528K
  class space    used 474K, committed 576K, reserved 212992K
}
Event: 10.691 GC heap before
{Heap before GC invocations=3 (full 0):
 garbage-first heap   total 262144K, used 108961K [0x00000000e0000000, 0x0000000100000000)
  region size 1024K, 98 young (100352K), 4 survivors (4096K)
 Metaspace       used 20751K, committed 21504K, reserved 278528K
  class space    used 3072K, committed 3456K, reserved 212992K
}
Event: 10.706 GC heap after
{Heap after GC invocations=4 (full 0):
 garbage-first heap   total 262144K, used 21122K [0x00000000e0000000, 0x0000000100000000)
  region size 1024K, 12 young (12288K), 12 survivors (12288K)
 Metaspace       used 20751K, committed 21504K, reserved 278528K
  class space    used 3072K, committed 3456K, reserved 212992K
}
Event: 16.960 GC heap before
{Heap before GC invocations=5 (full 0):
 garbage-first heap   total 262144K, used 128642K [0x00000000e0000000, 0x0000000100000000)
  region size 1024K, 115 young (117760K), 12 survivors (12288K)
 Metaspace       used 34765K, committed 35968K, reserved 278528K
  class space    used 4872K, committed 5504K, reserved 212992K
}
Event: 16.988 GC heap after
{Heap after GC invocations=6 (full 0):
 garbage-first heap   total 262144K, used 30582K [0x00000000e0000000, 0x0000000100000000)
  region size 1024K, 15 young (15360K), 15 survivors (15360K)
 Metaspace       used 34765K, committed 35968K, reserved 278528K
  class space    used 4872K, committed 5504K, reserved 212992K
}
Event: 16.994 GC heap before
{Heap before GC invocations=6 (full 0):
 garbage-first heap   total 262144K, used 30582K [0x00000000e0000000, 0x0000000100000000)
  region size 1024K, 16 young (16384K), 15 survivors (15360K)
 Metaspace       used 34765K, committed 35968K, reserved 278528K
  class space    used 4872K, committed 5504K, reserved 212992K
}
Event: 17.014 GC heap after
{Heap after GC invocations=7 (full 0):
 garbage-first heap   total 262144K, used 31471K [0x00000000e0000000, 0x0000000100000000)
  region size 1024K, 1 young (1024K), 1 survivors (1024K)
 Metaspace       used 34765K, committed 35968K, reserved 278528K
  class space    used 4872K, committed 5504K, reserved 212992K
}
Event: 17.058 GC heap before
{Heap before GC invocations=7 (full 0):
 garbage-first heap   total 262144K, used 32495K [0x00000000e0000000, 0x0000000100000000)
  region size 1024K, 3 young (3072K), 1 survivors (1024K)
 Metaspace       used 35045K, committed 36288K, reserved 278528K
  class space    used 4918K, committed 5568K, reserved 212992K
}
Event: 17.060 GC heap after
{Heap after GC invocations=8 (full 0):
 garbage-first heap   total 262144K, used 31108K [0x00000000e0000000, 0x0000000100000000)
  region size 1024K, 1 young (1024K), 1 survivors (1024K)
 Metaspace       used 35045K, committed 36288K, reserved 278528K
  class space    used 4918K, committed 5568K, reserved 212992K
}
Event: 19.989 GC heap before
{Heap before GC invocations=9 (full 0):
 garbage-first heap   total 262144K, used 191876K [0x00000000e0000000, 0x0000000100000000)
  region size 1024K, 153 young (156672K), 1 survivors (1024K)
 Metaspace       used 51549K, committed 53248K, reserved 278528K
  class space    used 7051K, committed 7936K, reserved 212992K
}
Event: 20.008 GC heap after
{Heap after GC invocations=10 (full 0):
 garbage-first heap   total 262144K, used 49188K [0x00000000e0000000, 0x0000000100000000)
  region size 1024K, 14 young (14336K), 14 survivors (14336K)
 Metaspace       used 51549K, committed 53248K, reserved 278528K
  class space    used 7051K, committed 7936K, reserved 212992K
}
Event: 24.929 GC heap before
{Heap before GC invocations=10 (full 0):
 garbage-first heap   total 262144K, used 124964K [0x00000000e0000000, 0x0000000100000000)
  region size 1024K, 89 young (91136K), 14 survivors (14336K)
 Metaspace       used 59462K, committed 61120K, reserved 278528K
  class space    used 8112K, committed 8960K, reserved 212992K
}
Event: 24.952 GC heap after
{Heap after GC invocations=11 (full 0):
 garbage-first heap   total 262144K, used 56021K [0x00000000e0000000, 0x0000000100000000)
  region size 1024K, 7 young (7168K), 7 survivors (7168K)
 Metaspace       used 59462K, committed 61120K, reserved 278528K
  class space    used 8112K, committed 8960K, reserved 212992K
}

Deoptimization events (20 events):
Event: 25.413 Thread 0x000002bc7f781ca0 DEOPT PACKING pc=0x000002bc6fbe9970 sp=0x000000d072af8cc0
Event: 25.413 Thread 0x000002bc7f781ca0 DEOPT UNPACKING pc=0x000002bc680e23a3 sp=0x000000d072af8bd0 mode 2
Event: 25.413 Thread 0x000002bc7f781ca0 Uncommon trap: trap_request=0xffffffc6 fr.pc=0x000002bc6fbe9970 relative=0x0000000000000c50
Event: 25.413 Thread 0x000002bc7f781ca0 Uncommon trap: reason=bimorphic_or_optimized_type_check action=maybe_recompile pc=0x000002bc6fbe9970 method=java.util.TreeMap.getEntryUsingComparator(Ljava/lang/Object;)Ljava/util/TreeMap$Entry; @ 29 c2
Event: 25.413 Thread 0x000002bc7f781ca0 DEOPT PACKING pc=0x000002bc6fbe9970 sp=0x000000d072af8cc0
Event: 25.413 Thread 0x000002bc7f781ca0 DEOPT UNPACKING pc=0x000002bc680e23a3 sp=0x000000d072af8bd0 mode 2
Event: 25.552 Thread 0x000002bc7f781ca0 Uncommon trap: trap_request=0xffffff45 fr.pc=0x000002bc6fe7497c relative=0x000000000000007c
Event: 25.552 Thread 0x000002bc7f781ca0 Uncommon trap: reason=unstable_if action=reinterpret pc=0x000002bc6fe7497c method=com.sun.org.apache.xerces.internal.impl.XMLEntityScanner.checkBeforeLoad(Lcom/sun/xml/internal/stream/Entity$ScannedEntity;II)I @ 18 c2
Event: 25.552 Thread 0x000002bc7f781ca0 DEOPT PACKING pc=0x000002bc6fe7497c sp=0x000000d072af7480
Event: 25.552 Thread 0x000002bc7f781ca0 DEOPT UNPACKING pc=0x000002bc680e23a3 sp=0x000000d072af73f0 mode 2
Event: 25.665 Thread 0x000002bc7f781ca0 Uncommon trap: trap_request=0xffffffde fr.pc=0x000002bc6fdaece8 relative=0x0000000000000248
Event: 25.665 Thread 0x000002bc7f781ca0 Uncommon trap: reason=class_check action=maybe_recompile pc=0x000002bc6fdaece8 method=java.util.stream.StreamOpFlag.fromCharacteristics(Ljava/util/Spliterator;)I @ 14 c2
Event: 25.665 Thread 0x000002bc7f781ca0 DEOPT PACKING pc=0x000002bc6fdaece8 sp=0x000000d072af8eb0
Event: 25.665 Thread 0x000002bc7f781ca0 DEOPT UNPACKING pc=0x000002bc680e23a3 sp=0x000000d072af8d98 mode 2
Event: 25.750 Thread 0x000002bc7f781ca0 DEOPT PACKING pc=0x000002bc6875e5ed sp=0x000000d072af81d0
Event: 25.750 Thread 0x000002bc7f781ca0 DEOPT UNPACKING pc=0x000002bc680e2b43 sp=0x000000d072af76c0 mode 0
Event: 25.782 Thread 0x000002bc7f781ca0 DEOPT PACKING pc=0x000002bc6875e5ed sp=0x000000d072af81d0
Event: 25.782 Thread 0x000002bc7f781ca0 DEOPT UNPACKING pc=0x000002bc680e2b43 sp=0x000000d072af76c0 mode 0
Event: 25.797 Thread 0x000002bc7f781ca0 DEOPT PACKING pc=0x000002bc6875e5ed sp=0x000000d072af81d0
Event: 25.797 Thread 0x000002bc7f781ca0 DEOPT UNPACKING pc=0x000002bc680e2b43 sp=0x000000d072af76c0 mode 0

Classes loaded (20 events):
Event: 25.587 Loading class com/sun/org/apache/xerces/internal/dom/CharacterDataImpl$1
Event: 25.587 Loading class com/sun/org/apache/xerces/internal/dom/CharacterDataImpl$1 done
Event: 25.587 Loading class com/sun/org/apache/xerces/internal/dom/DeferredCommentImpl
Event: 25.587 Loading class com/sun/org/apache/xerces/internal/dom/CommentImpl
Event: 25.587 Loading class org/w3c/dom/Comment
Event: 25.587 Loading class org/w3c/dom/Comment done
Event: 25.587 Loading class com/sun/org/apache/xerces/internal/dom/CommentImpl done
Event: 25.587 Loading class com/sun/org/apache/xerces/internal/dom/DeferredCommentImpl done
Event: 25.602 Loading class com/sun/org/apache/xerces/internal/dom/AttributeMap
Event: 25.602 Loading class com/sun/org/apache/xerces/internal/dom/NamedNodeMapImpl
Event: 25.602 Loading class com/sun/org/apache/xerces/internal/dom/NamedNodeMapImpl done
Event: 25.602 Loading class com/sun/org/apache/xerces/internal/dom/AttributeMap done
Event: 25.603 Loading class com/sun/org/apache/xerces/internal/dom/DeferredAttrImpl
Event: 25.603 Loading class com/sun/org/apache/xerces/internal/dom/AttrImpl
Event: 25.603 Loading class com/sun/org/apache/xerces/internal/dom/AttrImpl done
Event: 25.603 Loading class com/sun/org/apache/xerces/internal/dom/DeferredAttrImpl done
Event: 25.665 Loading class java/util/TreeMap$KeySpliterator
Event: 25.665 Loading class java/util/TreeMap$TreeMapSpliterator
Event: 25.665 Loading class java/util/TreeMap$TreeMapSpliterator done
Event: 25.665 Loading class java/util/TreeMap$KeySpliterator done

Classes unloaded (0 events):
No events

Classes redefined (0 events):
No events

Internal exceptions (20 events):
Event: 25.735 Thread 0x000002bc7f781ca0 Exception <a 'sun/nio/fs/WindowsException'{0x00000000ef053900}> (0x00000000ef053900) 
thrown [s\open\src\hotspot\share\prims\jni.cpp, line 516]
Event: 25.735 Thread 0x000002bc7f781ca0 Exception <a 'sun/nio/fs/WindowsException'{0x00000000ef053bc8}> (0x00000000ef053bc8) 
thrown [s\open\src\hotspot\share\prims\jni.cpp, line 516]
Event: 25.735 Thread 0x000002bc7f781ca0 Exception <a 'sun/nio/fs/WindowsException'{0x00000000ef056520}> (0x00000000ef056520) 
thrown [s\open\src\hotspot\share\prims\jni.cpp, line 516]
Event: 25.736 Thread 0x000002bc7f781ca0 Exception <a 'sun/nio/fs/WindowsException'{0x00000000ef056810}> (0x00000000ef056810) 
thrown [s\open\src\hotspot\share\prims\jni.cpp, line 516]
Event: 25.737 Thread 0x000002bc7f781ca0 Exception <a 'sun/nio/fs/WindowsException'{0x00000000ef05ae28}> (0x00000000ef05ae28) 
thrown [s\open\src\hotspot\share\prims\jni.cpp, line 516]
Event: 25.737 Thread 0x000002bc7f781ca0 Exception <a 'sun/nio/fs/WindowsException'{0x00000000ef05b0e8}> (0x00000000ef05b0e8) 
thrown [s\open\src\hotspot\share\prims\jni.cpp, line 516]
Event: 25.737 Thread 0x000002bc7f781ca0 Exception <a 'sun/nio/fs/WindowsException'{0x00000000ef05da18}> (0x00000000ef05da18) 
thrown [s\open\src\hotspot\share\prims\jni.cpp, line 516]
Event: 25.737 Thread 0x000002bc7f781ca0 Exception <a 'sun/nio/fs/WindowsException'{0x00000000ef05dd00}> (0x00000000ef05dd00) 
thrown [s\open\src\hotspot\share\prims\jni.cpp, line 516]
Event: 25.738 Thread 0x000002bc7f781ca0 Exception <a 'sun/nio/fs/WindowsException'{0x00000000ef062290}> (0x00000000ef062290) 
thrown [s\open\src\hotspot\share\prims\jni.cpp, line 516]
Event: 25.738 Thread 0x000002bc7f781ca0 Exception <a 'sun/nio/fs/WindowsException'{0x00000000ef062530}> (0x00000000ef062530) 
thrown [s\open\src\hotspot\share\prims\jni.cpp, line 516]
Event: 25.738 Thread 0x000002bc7f781ca0 Exception <a 'sun/nio/fs/WindowsException'{0x00000000ef064e50}> (0x00000000ef064e50) 
thrown [s\open\src\hotspot\share\prims\jni.cpp, line 516]
Event: 25.739 Thread 0x000002bc7f781ca0 Exception <a 'sun/nio/fs/WindowsException'{0x00000000ef065110}> (0x00000000ef065110) 
thrown [s\open\src\hotspot\share\prims\jni.cpp, line 516]
Event: 25.739 Thread 0x000002bc7f781ca0 Exception <a 'sun/nio/fs/WindowsException'{0x00000000ef068c60}> (0x00000000ef068c60) 
thrown [s\open\src\hotspot\share\prims\jni.cpp, line 516]
Event: 25.740 Thread 0x000002bc7f781ca0 Exception <a 'sun/nio/fs/WindowsException'{0x00000000ef068ef0}> (0x00000000ef068ef0) 
thrown [s\open\src\hotspot\share\prims\jni.cpp, line 516]
Event: 25.740 Thread 0x000002bc7f781ca0 Exception <a 'sun/nio/fs/WindowsException'{0x00000000ef06b7e8}> (0x00000000ef06b7e8) 
thrown [s\open\src\hotspot\share\prims\jni.cpp, line 516]
Event: 25.740 Thread 0x000002bc7f781ca0 Exception <a 'sun/nio/fs/WindowsException'{0x00000000ef06baa0}> (0x00000000ef06baa0) 
thrown [s\open\src\hotspot\share\prims\jni.cpp, line 516]
Event: 25.740 Thread 0x000002bc7f781ca0 Exception <a 'sun/nio/fs/WindowsException'{0x00000000ef06ef00}> (0x00000000ef06ef00) 
thrown [s\open\src\hotspot\share\prims\jni.cpp, line 516]
Event: 25.741 Thread 0x000002bc7f781ca0 Exception <a 'sun/nio/fs/WindowsException'{0x00000000ef06f1d0}> (0x00000000ef06f1d0) 
thrown [s\open\src\hotspot\share\prims\jni.cpp, line 516]
Event: 25.741 Thread 0x000002bc7f781ca0 Exception <a 'sun/nio/fs/WindowsException'{0x00000000ef071b28}> (0x00000000ef071b28) 
thrown [s\open\src\hotspot\share\prims\jni.cpp, line 516]
Event: 25.741 Thread 0x000002bc7f781ca0 Exception <a 'sun/nio/fs/WindowsException'{0x00000000ef071e20}> (0x00000000ef071e20) 
thrown [s\open\src\hotspot\share\prims\jni.cpp, line 516]

VM Operations (20 events):
Event: 24.531 Executing VM operation: HandshakeAllThreads
Event: 24.531 Executing VM operation: HandshakeAllThreads done
Event: 24.852 Executing VM operation: HandshakeAllThreads
Event: 24.853 Executing VM operation: HandshakeAllThreads done
Event: 24.929 Executing VM operation: CollectForMetadataAllocation
Event: 24.952 Executing VM operation: CollectForMetadataAllocation done
Event: 24.962 Executing VM operation: HandshakeAllThreads
Event: 24.963 Executing VM operation: HandshakeAllThreads done
Event: 24.970 Executing VM operation: CollectForMetadataAllocation
Event: 24.970 Executing VM operation: CollectForMetadataAllocation done
Event: 25.040 Executing VM operation: CollectForMetadataAllocation
Event: 25.040 Executing VM operation: CollectForMetadataAllocation done
Event: 25.054 Executing VM operation: G1Concurrent
Event: 25.067 Executing VM operation: G1Concurrent done
Event: 25.106 Executing VM operation: G1Concurrent
Event: 25.106 Executing VM operation: G1Concurrent done
Event: 25.181 Executing VM operation: HandshakeAllThreads
Event: 25.181 Executing VM operation: HandshakeAllThreads done
Event: 25.544 Executing VM operation: HandshakeAllThreads
Event: 25.544 Executing VM operation: HandshakeAllThreads done

Events (20 events):
Event: 19.082 Thread 0x000002bc7a8220a0 flushing nmethod 0x000002bc68f8fc10
Event: 19.082 Thread 0x000002bc7a8220a0 flushing nmethod 0x000002bc68fcac10
Event: 19.082 Thread 0x000002bc7a8220a0 flushing nmethod 0x000002bc68fcf110
Event: 19.082 Thread 0x000002bc7a8220a0 flushing nmethod 0x000002bc68fe4110
Event: 19.082 Thread 0x000002bc7a8220a0 flushing nmethod 0x000002bc68fe4490
Event: 19.082 Thread 0x000002bc7a8220a0 flushing nmethod 0x000002bc68fe8390
Event: 19.082 Thread 0x000002bc7a8220a0 flushing nmethod 0x000002bc68feec90
Event: 19.082 Thread 0x000002bc7a8220a0 flushing nmethod 0x000002bc68ff1510
Event: 19.082 Thread 0x000002bc7a8220a0 flushing nmethod 0x000002bc69086290
Event: 19.082 Thread 0x000002bc7a8220a0 flushing nmethod 0x000002bc69087f90
Event: 19.176 Thread 0x000002bc00efb890 Thread exited: 0x000002bc00efb890
Event: 19.353 Thread 0x000002bc01ceb0e0 Thread added: 0x000002bc01ceb0e0
Event: 19.359 Thread 0x000002bc00efb890 Thread added: 0x000002bc00efb890
Event: 22.456 Thread 0x000002bc00efb890 Thread exited: 0x000002bc00efb890
Event: 24.167 Thread 0x000002bc00efb890 Thread added: 0x000002bc00efb890
Event: 24.918 Thread 0x000002bc00efb890 Thread exited: 0x000002bc00efb890
Event: 25.118 Thread 0x000002bc00efb890 Thread added: 0x000002bc00efb890
Event: 25.186 Thread 0x000002bc7a8220a0 flushing nmethod 0x000002bc68751e90
Event: 25.546 Thread 0x000002bc00efb890 Thread exited: 0x000002bc00efb890
Event: 25.585 Thread 0x000002bc00efb890 Thread added: 0x000002bc00efb890


Dynamic libraries:
0x00007ff7d4520000 - 0x00007ff7d4530000 	C:\Program Files\Java\jdk-18.0.1.1\bin\java.exe
0x00007ff8fae50000 - 0x00007ff8fb048000 	C:\Windows\SYSTEM32\ntdll.dll
0x00007ff8f9ed0000 - 0x00007ff8f9f8d000 	C:\Windows\System32\KERNEL32.DLL
0x00007ff8f8660000 - 0x00007ff8f892e000 	C:\Windows\System32\KERNELBASE.dll
0x00007ff8f8cb0000 - 0x00007ff8f8db0000 	C:\Windows\System32\ucrtbase.dll
0x00007ff8cb2c0000 - 0x00007ff8cb2da000 	C:\Program Files\Java\jdk-18.0.1.1\bin\VCRUNTIME140.dll
0x00007ff8cc5d0000 - 0x00007ff8cc5e8000 	C:\Program Files\Java\jdk-18.0.1.1\bin\jli.dll
0x00007ff8f9ba0000 - 0x00007ff8f9c4e000 	C:\Windows\System32\ADVAPI32.dll
0x00007ff8f9300000 - 0x00007ff8f939e000 	C:\Windows\System32\msvcrt.dll
0x00007ff8fa130000 - 0x00007ff8fa1cc000 	C:\Windows\System32\sechost.dll
0x00007ff8fa660000 - 0x00007ff8fa785000 	C:\Windows\System32\RPCRT4.dll
0x00007ff8f9f90000 - 0x00007ff8fa130000 	C:\Windows\System32\USER32.dll
0x00007ff8f8a90000 - 0x00007ff8f8ab2000 	C:\Windows\System32\win32u.dll
0x00007ff8eb540000 - 0x00007ff8eb7da000 	C:\Windows\WinSxS\amd64_microsoft.windows.common-controls_6595b64144ccf1df_6.0.19041.1110_none_60b5254171f9507e\COMCTL32.dll
0x00007ff8f9420000 - 0x00007ff8f944a000 	C:\Windows\System32\GDI32.dll
0x00007ff8f8b70000 - 0x00007ff8f8c7b000 	C:\Windows\System32\gdi32full.dll
0x00007ff8f8570000 - 0x00007ff8f860d000 	C:\Windows\System32\msvcp_win.dll
0x00007ff8eb040000 - 0x00007ff8eb04a000 	C:\Windows\SYSTEM32\VERSION.dll
0x00007ff8f8eb0000 - 0x00007ff8f8ee0000 	C:\Windows\System32\IMM32.DLL
0x00007ff8e4590000 - 0x00007ff8e459c000 	C:\Program Files\Java\jdk-18.0.1.1\bin\vcruntime140_1.dll
0x00007ff8adae0000 - 0x00007ff8adb6d000 	C:\Program Files\Java\jdk-18.0.1.1\bin\msvcp140.dll
0x00007ff89ea20000 - 0x00007ff89f630000 	C:\Program Files\Java\jdk-18.0.1.1\bin\server\jvm.dll
0x00007ff8f8ee0000 - 0x00007ff8f8ee8000 	C:\Windows\System32\PSAPI.DLL
0x00007ff8ea970000 - 0x00007ff8ea997000 	C:\Windows\SYSTEM32\WINMM.dll
0x00007ff8e3c40000 - 0x00007ff8e3c49000 	C:\Windows\SYSTEM32\WSOCK32.dll
0x00007ff8fa440000 - 0x00007ff8fa4ab000 	C:\Windows\System32\WS2_32.dll
0x00007ff8f5690000 - 0x00007ff8f56a2000 	C:\Windows\SYSTEM32\kernel.appcore.dll
0x00007ff8e38c0000 - 0x00007ff8e38ca000 	C:\Program Files\Java\jdk-18.0.1.1\bin\jimage.dll
0x00007ff8f7d60000 - 0x00007ff8f7f44000 	C:\Windows\SYSTEM32\DBGHELP.DLL
0x00007ff8f7d30000 - 0x00007ff8f7d5c000 	C:\Windows\SYSTEM32\dbgcore.DLL
0x00007ff8f8db0000 - 0x00007ff8f8e32000 	C:\Windows\System32\bcryptPrimitives.dll
0x00007ff8c99c0000 - 0x00007ff8c99e5000 	C:\Program Files\Java\jdk-18.0.1.1\bin\java.dll
0x00007ff8a1000000 - 0x00007ff8a10d6000 	C:\Program Files\Java\jdk-18.0.1.1\bin\jsvml.dll
0x00007ff8f9450000 - 0x00007ff8f9b94000 	C:\Windows\System32\SHELL32.dll
0x00007ff8f58d0000 - 0x00007ff8f6064000 	C:\Windows\SYSTEM32\windows.storage.dll
0x00007ff8f8fa0000 - 0x00007ff8f92f4000 	C:\Windows\System32\combase.dll
0x00007ff8f78e0000 - 0x00007ff8f7910000 	C:\Windows\SYSTEM32\Wldp.dll
0x00007ff8f9d50000 - 0x00007ff8f9dfd000 	C:\Windows\System32\SHCORE.dll
0x00007ff8fac00000 - 0x00007ff8fac55000 	C:\Windows\System32\shlwapi.dll
0x00007ff8f84b0000 - 0x00007ff8f84cf000 	C:\Windows\SYSTEM32\profapi.dll
0x00007ff8c93b0000 - 0x00007ff8c93c3000 	C:\Program Files\Java\jdk-18.0.1.1\bin\net.dll
0x00007ff8ecc20000 - 0x00007ff8ecd2a000 	C:\Windows\SYSTEM32\WINHTTP.dll
0x00007ff8f77b0000 - 0x00007ff8f781a000 	C:\Windows\system32\mswsock.dll
0x00007ff8c8280000 - 0x00007ff8c8296000 	C:\Program Files\Java\jdk-18.0.1.1\bin\nio.dll
0x00007ff8c8060000 - 0x00007ff8c8078000 	C:\Program Files\Java\jdk-18.0.1.1\bin\zip.dll
0x00007ff8f6a30000 - 0x00007ff8f6a40000 	C:\Program Files\Java\jdk-18.0.1.1\bin\verify.dll
0x00007ff8cfd10000 - 0x00007ff8cfd37000 	C:\Users\LUCKY\.gradle\native\e1d6ef7f7dcc3fd88c89a11ec53ec762bb8ba0a96d01ffa2cd45eb1d1d8dd5c5\windows-amd64\native-platform.dll
0x00007ff8adb80000 - 0x00007ff8adcc4000 	C:\Users\LUCKY\.gradle\native\0d407fdbe67a94daf76414ababcb853783967236a71b16ec16e742cd7a986fd3\windows-amd64\native-platform-file-events.dll
0x00007ff8e2900000 - 0x00007ff8e2909000 	C:\Program Files\Java\jdk-18.0.1.1\bin\management.dll
0x00007ff8e2220000 - 0x00007ff8e222b000 	C:\Program Files\Java\jdk-18.0.1.1\bin\management_ext.dll
0x00007ff8f82b0000 - 0x00007ff8f82c8000 	C:\Windows\SYSTEM32\CRYPTSP.dll
0x00007ff8f6f80000 - 0x00007ff8f6fb4000 	C:\Windows\system32\rsaenh.dll
0x00007ff8f8c80000 - 0x00007ff8f8ca7000 	C:\Windows\System32\bcrypt.dll
0x00007ff8f8430000 - 0x00007ff8f845e000 	C:\Windows\SYSTEM32\USERENV.dll
0x00007ff8f76c0000 - 0x00007ff8f76cc000 	C:\Windows\SYSTEM32\CRYPTBASE.dll
0x00007ff8f72d0000 - 0x00007ff8f730b000 	C:\Windows\SYSTEM32\IPHLPAPI.DLL
0x00007ff8f9ec0000 - 0x00007ff8f9ec8000 	C:\Windows\System32\NSI.dll
0x00007ff8f0840000 - 0x00007ff8f0857000 	C:\Windows\SYSTEM32\dhcpcsvc6.DLL
0x00007ff8f1aa0000 - 0x00007ff8f1abd000 	C:\Windows\SYSTEM32\dhcpcsvc.DLL
0x00007ff8f7310000 - 0x00007ff8f73db000 	C:\Windows\SYSTEM32\DNSAPI.dll
0x00007ff8f7990000 - 0x00007ff8f799e000 	C:\Program Files\Java\jdk-18.0.1.1\bin\sunmscapi.dll
0x00007ff8f8930000 - 0x00007ff8f8a86000 	C:\Windows\System32\CRYPT32.dll
0x00007ff8f7950000 - 0x00007ff8f7977000 	C:\Windows\SYSTEM32\ncrypt.dll
0x00007ff8f7910000 - 0x00007ff8f794b000 	C:\Windows\SYSTEM32\NTASN1.dll

dbghelp: loaded successfully - version: 4.0.5 - missing functions: none
symbol engine: initialized successfully - sym options: 0x614 - pdb path: .;C:\Program Files\Java\jdk-18.0.1.1\bin;C:\Windows\SYSTEM32;C:\Windows\WinSxS\amd64_microsoft.windows.common-controls_6595b64144ccf1df_6.0.19041.1110_none_60b5254171f9507e;C:\Program Files\Java\jdk-18.0.1.1\bin\server;C:\Users\LUCKY\.gradle\native\e1d6ef7f7dcc3fd88c89a11ec53ec762bb8ba0a96d01ffa2cd45eb1d1d8dd5c5\windows-amd64;C:\Users\LUCKY\.gradle\native\0d407fdbe67a94daf76414ababcb853783967236a71b16ec16e742cd7a986fd3\windows-amd64

VM Arguments:
jvm_args: --add-opens=java.base/java.util=ALL-UNNAMED --add-opens=java.base/java.lang=ALL-UNNAMED --add-opens=java.base/java.lang.invoke=ALL-UNNAMED --add-opens=java.base/java.util=ALL-UNNAMED --add-opens=java.prefs/java.util.prefs=ALL-UNNAMED --add-opens=java.prefs/java.util.prefs=ALL-UNNAMED --add-opens=java.base/java.nio.charset=ALL-UNNAMED --add-opens=java.base/java.net=ALL-UNNAMED --add-opens=java.base/java.util.concurrent.atomic=ALL-UNNAMED -XX:MaxMetaspaceSize=256m -XX:+HeapDumpOnOutOfMemoryError -Xms256m -Xmx512m -Dfile.encoding=UTF-8 -Duser.country=US -Duser.language=en -Duser.variant 
java_command: org.gradle.launcher.daemon.bootstrap.GradleDaemon 7.5
java_class_path (initial): C:\Users\LUCKY\.gradle\wrapper\dists\gradle-7.5-all\6qsw290k5lz422uaf8jf6m7co\gradle-7.5\lib\gradle-launcher-7.5.jar
Launcher Type: SUN_STANDARD

[Global flags]
     intx CICompilerCount                          = 3                                         {product} {ergonomic}
   size_t CompressedClassSpaceSize                 = 218103808                                 {product} {ergonomic}
     uint ConcGCThreads                            = 1                                         {product} {ergonomic}
     uint G1ConcRefinementThreads                  = 4                                         {product} {ergonomic}
   size_t G1HeapRegionSize                         = 1048576                                   {product} {ergonomic}
    uintx GCDrainStackTargetSize                   = 64                                        {product} {ergonomic}
     bool HeapDumpOnOutOfMemoryError               = true                                   {manageable} {command line}
   size_t InitialHeapSize                          = 268435456                                 {product} {command line}
   size_t MarkStackSize                            = 4194304                                   {product} {ergonomic}
   size_t MaxHeapSize                              = 536870912                                 {product} {command line}
   size_t MaxMetaspaceSize                         = 268435456                                 {product} {command line}
   size_t MaxNewSize                               = 321912832                                 {product} {ergonomic}
   size_t MinHeapDeltaBytes                        = 1048576                                   {product} {ergonomic}
   size_t MinHeapSize                              = 268435456                                 {product} {command line}
    uintx NonNMethodCodeHeapSize                   = 5832780                                {pd product} {ergonomic}
    uintx NonProfiledCodeHeapSize                  = 122912730                              {pd product} {ergonomic}
    uintx ProfiledCodeHeapSize                     = 122912730                              {pd product} {ergonomic}
    uintx ReservedCodeCacheSize                    = 251658240                              {pd product} {ergonomic}
     bool SegmentedCodeCache                       = true                                      {product} {ergonomic}
   size_t SoftMaxHeapSize                          = 536870912                              {manageable} {ergonomic}
     bool UseCompressedClassPointers               = true                           {product lp64_product} {ergonomic}
     bool UseCompressedOops                        = true                           {product lp64_product} {ergonomic}
     bool UseG1GC                                  = true                                      {product} {ergonomic}
     bool UseLargePagesIndividualAllocation        = false                                  {pd product} {ergonomic}

Logging:
Log output configuration:
 #0: stdout all=warning uptime,level,tags foldmultilines=false
 #1: stderr all=off uptime,level,tags foldmultilines=false

Environment Variables:
CLASSPATH=D:\MyWork\ReactNative\BPM\BPM_MIC-main\android\\gradle\wrapper\gradle-wrapper.jar
PATH=C:\Program Files\Common Files\Oracle\Java\javapath;C:\Windows\system32;C:\Windows;C:\Windows\System32\Wbem;C:\Windows\System32\WindowsPowerShell\v1.0\;C:\Windows\System32\OpenSSH\;C:\Program Files\Git\cmd;C:\Users\LUCKY\AppData\Roaming\nvm;C:\Program Files\nodejs;C:\xampp\php;C:\ProgramData\ComposerSetup\bin;C:\Program Files\PuTTY\;C:\Program Files\Java\jdk-18.0.1.1\bin;C:\Program Files\Microsoft SQL Server\150\Tools\Binn\;C:\Users\LUCKY\AppData\Local\Programs\Python\Python310\Scripts\;C:\Users\LUCKY\AppData\Local\Programs\Python\Python310\;C:\Users\LUCKY\AppData\Local\Microsoft\WindowsApps;C:\Program Files\Bandizip\;C:\Users\LUCKY\AppData\Roaming\npm;C:\Users\LUCKY\AppData\Local\Programs\Microsoft VS Code\bin;C:\Users\LUCKY\AppData\Roaming\nvm;C:\Program Files\nodejs;C:\Users\LUCKY\AppData\Roaming\Composer\vendor\bin;C:\Program Files\JetBrains\PyCharm Community Edition 2022.1.1\bin;
USERNAME=LUCKY
OS=Windows_NT
PROCESSOR_IDENTIFIER=Intel64 Family 6 Model 58 Stepping 9, GenuineIntel



---------------  S Y S T E M  ---------------

OS:
 Windows 10 , 64 bit Build 19041 (10.0.19041.1806)
OS uptime: 2 days 10:06 hours

CPU: total 4 (initial active 4) (2 cores per cpu, 2 threads per core) family 6 model 58 stepping 9 microcode 0x21, cx8, cmov, fxsr, ht, mmx, sse, sse2, sse3, ssse3, sse4.1, sse4.2, popcnt, tsc, tscinvbit, avx, aes, erms, clmul, vzeroupper, clflush

Memory: 4k page, system-wide physical 12182M (2829M free)
TotalPageFile size 16790M (AvailPageFile size 4247M)
current process WorkingSet (physical memory assigned to process): 391M, peak: 407M
current process commit charge ("private bytes"): 471M, peak: 485M

vm_info: Java HotSpot(TM) 64-Bit Server VM (18.0.1.1+2-6) for windows-amd64 JRE (18.0.1.1+2-6), built on Apr 25 2022 21:53:15 by "mach5one" with MS VC++ 16.8 / 16.9 (VS2019)

END.
