#
# A fatal error has been detected by the Java Runtime Environment:
#
#  EXCEPTION_ACCESS_VIOLATION (0xc0000005) at pc=0x00007ff89edaa9a0, pid=13716, tid=4244
#
# JRE version: Java(TM) SE Runtime Environment (18.0.1.1+2) (build 18.0.1.1+2-6)
# Java VM: Java HotSpot(TM) 64-Bit Server VM (18.0.1.1+2-6, mixed mode, sharing, tiered, compressed oops, compressed class ptrs, g1 gc, windows-amd64)
# Problematic frame:
# V  [jvm.dll+0x38a9a0]
#
# No core dump will be written. Minidumps are not enabled by default on client versions of Windows
#
# If you would like to submit a bug report, please visit:
#   https://bugreport.java.com/bugreport/crash.jsp
#

---------------  S U M M A R Y ------------

Command Line: --add-opens=java.base/java.util=ALL-UNNAMED --add-opens=java.base/java.lang=ALL-UNNAMED --add-opens=java.base/java.lang.invoke=ALL-UNNAMED --add-opens=java.base/java.util=ALL-UNNAMED --add-opens=java.prefs/java.util.prefs=ALL-UNNAMED --add-opens=java.prefs/java.util.prefs=ALL-UNNAMED --add-opens=java.base/java.nio.charset=ALL-UNNAMED --add-opens=java.base/java.net=ALL-UNNAMED --add-opens=java.base/java.util.concurrent.atomic=ALL-UNNAMED -XX:MaxMetaspaceSize=256m -XX:+HeapDumpOnOutOfMemoryError -Xms256m -Xmx512m -Dfile.encoding=UTF-8 -Duser.country=US -Duser.language=en -Duser.variant org.gradle.launcher.daemon.bootstrap.GradleDaemon 7.5

Host: Intel(R) Core(TM) i5-3230M CPU @ 2.60GHz, 4 cores, 11G,  Windows 10 , 64 bit Build 19041 (10.0.19041.1806)
Time: Fri Jul 29 07:01:17 2022 Tokyo Standard Time elapsed time: 4.741331 seconds (0d 0h 0m 4s)

---------------  T H R E A D  ---------------

Current thread (0x000002a286de0300):  JavaThread "C2 CompilerThread1" daemon [_thread_in_native, id=4244, stack(0x000000b05c300000,0x000000b05c400000)]


Current CompileTask:
C2:   4741 2347   !   4       java.lang.ClassLoader::loadClass (121 bytes)

Stack: [0x000000b05c300000,0x000000b05c400000],  sp=0x000000b05c3fb4e0,  free space=1005k
Native frames: (J=compiled Java code, j=interpreted, Vv=VM code, C=native code)
V  [jvm.dll+0x38a9a0]
V  [jvm.dll+0x383d28]
V  [jvm.dll+0x1d29ee]
V  [jvm.dll+0x22fd79]
V  [jvm.dll+0x22eff1]
V  [jvm.dll+0x1b9cfc]
V  [jvm.dll+0x23e8ca]
V  [jvm.dll+0x23cbb5]
V  [jvm.dll+0x7a5fb1]
V  [jvm.dll+0x7a03ea]
V  [jvm.dll+0x697725]
C  [ucrtbase.dll+0x21bb2]
C  [KERNEL32.DLL+0x17034]
C  [ntdll.dll+0x52651]


siginfo: EXCEPTION_ACCESS_VIOLATION (0xc0000005), reading address 0x000000a28a258b40


Register to memory mapping:

RIP=0x00007ff89edaa9a0 jvm.dll
RAX=0x0 is NULL
RBX=0x000000b05c3fb530 is pointing into the stack for thread: 0x000002a286de0300
RCX=0x0 is NULL
RDX=0x000000a28a258b40 is an unknown value
RSP=0x000000b05c3fb4e0 is pointing into the stack for thread: 0x000002a286de0300
RBP=0x000000b05c3fb650 is pointing into the stack for thread: 0x000002a286de0300
RSI=0x00007ff89f5536b0 jvm.dll
RDI=0x000000000000000e is an unknown value
R8 =0x00000000000006c0 is an unknown value
R9 =0x000000000000001b is an unknown value
R10=0x00000000000006c2 is an unknown value
R11=0x0000000000000004 is an unknown value
R12=0x0000000000000001 is an unknown value
R13=0x0 is NULL
R14=0x0000000000002a68 is an unknown value
R15=0x0000000000002a68 is an unknown value


Registers:
RAX=0x0000000000000000, RBX=0x000000b05c3fb530, RCX=0x0000000000000000, RDX=0x000000a28a258b40
RSP=0x000000b05c3fb4e0, RBP=0x000000b05c3fb650, RSI=0x00007ff89f5536b0, RDI=0x000000000000000e
R8 =0x00000000000006c0, R9 =0x000000000000001b, R10=0x00000000000006c2, R11=0x0000000000000004
R12=0x0000000000000001, R13=0x0000000000000000, R14=0x0000000000002a68, R15=0x0000000000002a68
RIP=0x00007ff89edaa9a0, EFLAGS=0x0000000000010246

Top of Stack: (sp=0x000000b05c3fb4e0)
0x000000b05c3fb4e0:   0000000000002f4a 00007ff89edaaaf4
0x000000b05c3fb4f0:   000002a2868f1a90 000002a286b7cc00
0x000000b05c3fb500:   0000000000000004 00007ff89eda3d28
0x000000b05c3fb510:   0000000000000002 0000000000000007
0x000000b05c3fb520:   0000000000002f4c 0000000000002f4c
0x000000b05c3fb530:   0000000000000000 00000004000006c2
0x000000b05c3fb540:   0000001b00000007 000000a28a258b40
0x000000b05c3fb550:   000002a28838b150 000002a289d67150
0x000000b05c3fb560:   000002a28755ba10 00000000000003d8
0x000000b05c3fb570:   000002a28755ba00 000002a2e7887860
0x000000b05c3fb580:   000000b05c3fb690 00007ff89ebf29ee
0x000000b05c3fb590:   000000b05c3fb9f0 000000b05c3fbad0
0x000000b05c3fb5a0:   0000000000000000 000002a28755ba00
0x000000b05c3fb5b0:   0000000000000000 00007ff8f8cbfde6
0x000000b05c3fb5c0:   0000000000000007 000002a28755ba00
0x000000b05c3fb5d0:   000002a287c49a30 000002a287c50040 

Instructions: (pc=0x00007ff89edaa9a0)
0x00007ff89edaa8a0:   48 8b a8 80 00 00 00 48 8b 8d d0 08 00 00 48 85
0x00007ff89edaa8b0:   c9 75 0c e8 78 0b 00 00 48 8b 8d d0 08 00 00 48
0x00007ff89edaa8c0:   8b 01 0f 57 c0 48 89 85 d0 08 00 00 0f 11 01 0f
0x00007ff89edaa8d0:   11 41 10 41 0f 10 06 0f 11 01 41 0f 10 4e 10 0f
0x00007ff89edaa8e0:   11 49 10 48 8b 43 08 48 89 0c 06 ff c7 ba 50 00
0x00007ff89edaa8f0:   00 00 3b bb 90 00 00 00 0f 82 62 ff ff ff 4c 8b
0x00007ff89edaa900:   74 24 60 4c 8b 6c 24 58 4c 8b 64 24 50 48 8b c3
0x00007ff89edaa910:   48 83 c4 20 41 5f 5f 5e 5d 5b c3 cc cc cc cc cc
0x00007ff89edaa920:   40 53 48 83 ec 20 8b 51 0c 48 8b d9 83 fa 04 73
0x00007ff89edaa930:   2a 4c 8b 59 18 66 66 66 0f 1f 84 00 00 00 00 00
0x00007ff89edaa940:   44 8b d2 44 8d 4a 01 4b 83 3c d3 00 0f 85 8f 00
0x00007ff89edaa950:   00 00 41 8b d1 41 83 f9 04 72 e5 48 89 74 24 30
0x00007ff89edaa960:   48 89 7c 24 38 8b 79 10 3b 79 14 73 62 48 8d 35
0x00007ff89edaa970:   3c 8d 7a 00 0f 1f 40 00 0f 1f 84 00 00 00 00 00
0x00007ff89edaa980:   48 8b 43 20 8b cf 48 8b 14 c8 48 3b d6 74 39 33
0x00007ff89edaa990:   c0 48 89 53 18 33 c9 66 0f 1f 84 00 00 00 00 00
0x00007ff89edaa9a0:   48 83 3c 11 00 44 8d 48 01 75 6f 48 83 c1 08 41
0x00007ff89edaa9b0:   8b c1 41 83 f9 04 72 e8 48 8b 4b 28 48 85 c9 74
0x00007ff89edaa9c0:   07 8b d7 e8 58 01 00 00 ff c7 3b 7b 14 72 b1 48
0x00007ff89edaa9d0:   8b 74 24 30 33 c0 48 8b 7c 24 38 48 83 c4 20 5b
0x00007ff89edaa9e0:   c3 8b 41 10 44 8d 04 82 41 c1 e0 06 41 81 c0 00
0x00007ff89edaa9f0:   ff ff ff 44 89 41 08 4b 8b 14 d3 48 0f bc c2 44
0x00007ff89edaaa00:   89 49 0c 8b c8 48 d3 ea 48 ff ca 41 03 c0 48 89
0x00007ff89edaaa10:   13 89 43 08 48 83 c4 20 5b c3 48 8b 74 24 30 44
0x00007ff89edaaa20:   8d 04 b8 8b c8 8d 47 01 48 8b 7c 24 38 41 c1 e0
0x00007ff89edaaa30:   06 44 89 43 08 48 8b 14 ca 89 43 10 48 0f bc c2
0x00007ff89edaaa40:   44 89 4b 0c 8b c8 48 d3 ea 48 ff ca 41 03 c0 48
0x00007ff89edaaa50:   89 13 89 43 08 48 83 c4 20 5b c3 cc cc cc cc cc
0x00007ff89edaaa60:   40 53 48 83 ec 20 65 48 8b 04 25 58 00 00 00 8b
0x00007ff89edaaa70:   0d 33 a5 7e 00 48 8b 1c c8 b8 50 00 00 00 80 3c
0x00007ff89edaaa80:   18 00 75 05 e8 23 35 4c 00 b8 20 00 00 00 48 8b
0x00007ff89edaaa90:   04 18 48 8b 88 c0 04 00 00 48 8b 99 80 00 00 00 


Stack slot to memory mapping:
stack at sp + 0 slots: 0x0000000000002f4a is an unknown value
stack at sp + 1 slots: 0x00007ff89edaaaf4 jvm.dll
stack at sp + 2 slots: 0x000002a2868f1a90 points into unknown readable memory: 0x0000000000000007 | 07 00 00 00 00 00 00 00
stack at sp + 3 slots: 0x000002a286b7cc00 points into unknown readable memory: 0x000002a28607ade8 | e8 ad 07 86 a2 02 00 00
stack at sp + 4 slots: 0x0000000000000004 is an unknown value
stack at sp + 5 slots: 0x00007ff89eda3d28 jvm.dll
stack at sp + 6 slots: 0x0000000000000002 is an unknown value
stack at sp + 7 slots: 0x0000000000000007 is an unknown value


---------------  P R O C E S S  ---------------

Threads class SMR info:
_java_thread_list=0x000002a287641670, length=26, elements={
0x000002a2e77d2990, 0x000002a2e789e880, 0x000002a2ff87eab0, 0x000002a2ff8945a0,
0x000002a2ff894e50, 0x000002a2ff899ec0, 0x000002a2ff89af10, 0x000002a2ff89f8d0,
0x000002a2ff8a2390, 0x000002a2ff8b6c00, 0x000002a2ffaf3380, 0x000002a2ffb03ea0,
0x000002a286de0300, 0x000002a286ebbe80, 0x000002a286dfcfd0, 0x000002a287287c30,
0x000002a287501070, 0x000002a287501530, 0x000002a2872bb060, 0x000002a2875019f0,
0x000002a2874c75d0, 0x000002a287558cc0, 0x000002a287557980, 0x000002a287558320,
0x000002a287559190, 0x000002a287556640
}

Java Threads: ( => current thread )
  0x000002a2e77d2990 JavaThread "main" [_thread_blocked, id=7296, stack(0x000000b05b000000,0x000000b05b100000)]
  0x000002a2e789e880 JavaThread "Reference Handler" daemon [_thread_blocked, id=14012, stack(0x000000b05b700000,0x000000b05b800000)]
  0x000002a2ff87eab0 JavaThread "Finalizer" daemon [_thread_blocked, id=6660, stack(0x000000b05b800000,0x000000b05b900000)]
  0x000002a2ff8945a0 JavaThread "Signal Dispatcher" daemon [_thread_blocked, id=9696, stack(0x000000b05b900000,0x000000b05ba00000)]
  0x000002a2ff894e50 JavaThread "Attach Listener" daemon [_thread_blocked, id=3632, stack(0x000000b05ba00000,0x000000b05bb00000)]
  0x000002a2ff899ec0 JavaThread "Service Thread" daemon [_thread_blocked, id=11204, stack(0x000000b05bb00000,0x000000b05bc00000)]
  0x000002a2ff89af10 JavaThread "Monitor Deflation Thread" daemon [_thread_blocked, id=6120, stack(0x000000b05bc00000,0x000000b05bd00000)]
  0x000002a2ff89f8d0 JavaThread "C2 CompilerThread0" daemon [_thread_in_native, id=6004, stack(0x000000b05bd00000,0x000000b05be00000)]
  0x000002a2ff8a2390 JavaThread "C1 CompilerThread0" daemon [_thread_blocked, id=13472, stack(0x000000b05be00000,0x000000b05bf00000)]
  0x000002a2ff8b6c00 JavaThread "Sweeper thread" daemon [_thread_blocked, id=10036, stack(0x000000b05bf00000,0x000000b05c000000)]
  0x000002a2ffaf3380 JavaThread "Common-Cleaner" daemon [_thread_blocked, id=14296, stack(0x000000b05c000000,0x000000b05c100000)]
  0x000002a2ffb03ea0 JavaThread "Notification Thread" daemon [_thread_blocked, id=14612, stack(0x000000b05c100000,0x000000b05c200000)]
=>0x000002a286de0300 JavaThread "C2 CompilerThread1" daemon [_thread_in_native, id=4244, stack(0x000000b05c300000,0x000000b05c400000)]
  0x000002a286ebbe80 JavaThread "Daemon health stats" [_thread_blocked, id=11892, stack(0x000000b05c700000,0x000000b05c800000)]
  0x000002a286dfcfd0 JavaThread "Incoming local TCP Connector on port 64173" [_thread_in_native, id=10880, stack(0x000000b05c800000,0x000000b05c900000)]
  0x000002a287287c30 JavaThread "Daemon periodic checks" [_thread_blocked, id=15000, stack(0x000000b05c900000,0x000000b05ca00000)]
  0x000002a287501070 JavaThread "Daemon" [_thread_blocked, id=15308, stack(0x000000b05ca00000,0x000000b05cb00000)]
  0x000002a287501530 JavaThread "Handler for socket connection from /127.0.0.1:64173 to /127.0.0.1:64174" [_thread_in_native, id=8828, stack(0x000000b05cb00000,0x000000b05cc00000)]
  0x000002a2872bb060 JavaThread "Cancel handler" [_thread_blocked, id=14604, stack(0x000000b05cc00000,0x000000b05cd00000)]
  0x000002a2875019f0 JavaThread "Daemon worker" [_thread_in_Java, id=12236, stack(0x000000b05cd00000,0x000000b05ce00000)]
  0x000002a2874c75d0 JavaThread "Asynchronous log dispatcher for DefaultDaemonConnection: socket connection from /127.0.0.1:64173 to /127.0.0.1:64174" [_thread_blocked, id=14632, stack(0x000000b05ce00000,0x000000b05cf00000)]
  0x000002a287558cc0 JavaThread "Stdin handler" [_thread_blocked, id=7336, stack(0x000000b05cf00000,0x000000b05d000000)]
  0x000002a287557980 JavaThread "Daemon client event forwarder" [_thread_blocked, id=12716, stack(0x000000b05d000000,0x000000b05d100000)]
  0x000002a287558320 JavaThread "Cache worker for journal cache (C:\Users\LUCKY\.gradle\caches\journal-1)" [_thread_blocked, id=11344, stack(0x000000b05d100000,0x000000b05d200000)]
  0x000002a287559190 JavaThread "File lock request listener" [_thread_in_native, id=1516, stack(0x000000b05d200000,0x000000b05d300000)]
  0x000002a287556640 JavaThread "Cache worker for file hash cache (C:\Users\LUCKY\.gradle\caches\7.5\fileHashes)" [_thread_blocked, id=4636, stack(0x000000b05d300000,0x000000b05d400000)]

Other Threads:
  0x000002a2e7899560 VMThread "VM Thread" [stack: 0x000000b05b600000,0x000000b05b700000] [id=8500]
  0x000002a2ffb091b0 WatcherThread "VM Periodic Task Thread" [stack: 0x000000b05c200000,0x000000b05c300000] [id=10896]
  0x000002a2e7805710 WorkerThread "GC Thread#0" [stack: 0x000000b05b100000,0x000000b05b200000] [id=5680]
  0x000002a2ffce7110 WorkerThread "GC Thread#1" [stack: 0x000000b05c400000,0x000000b05c500000] [id=15172]
  0x000002a2ffd3a120 WorkerThread "GC Thread#2" [stack: 0x000000b05c500000,0x000000b05c600000] [id=13296]
  0x000002a2ffd3a3c0 WorkerThread "GC Thread#3" [stack: 0x000000b05c600000,0x000000b05c700000] [id=13612]
  0x000002a2e780b560 ConcurrentGCThread "G1 Main Marker" [stack: 0x000000b05b200000,0x000000b05b300000] [id=8812]
  0x000002a2e780c600 WorkerThread "G1 Conc#0" [stack: 0x000000b05b300000,0x000000b05b400000] [id=5888]
  0x000002a2e7879780 ConcurrentGCThread "G1 Refine#0" [stack: 0x000000b05b400000,0x000000b05b500000] [id=6224]
  0x000002a2e7879e40 ConcurrentGCThread "G1 Service" [stack: 0x000000b05b500000,0x000000b05b600000] [id=11092]

Threads with active compile tasks:
C2 CompilerThread0     4832 2359       4       java.net.URLClassLoader$1::run (5 bytes)
C2 CompilerThread1     4832 2347   !   4       java.lang.ClassLoader::loadClass (121 bytes)

VM state: not at safepoint (normal execution)

VM Mutex/Monitor currently owned by a thread: None

Heap address: 0x00000000e0000000, size: 512 MB, Compressed Oops mode: 32-bit

CDS archive(s) mapped at: [0x0000000800000000-0x0000000800ba0000-0x0000000800ba0000), size 12189696, SharedBaseAddress: 0x0000000800000000, ArchiveRelocationMode: 0.
Compressed class space mapped at: 0x0000000800c00000-0x000000080dc00000, reserved size: 218103808
Narrow klass base: 0x0000000800000000, Narrow klass shift: 0, Narrow klass range: 0x100000000

GC Precious Log:
 CardTable entry size: 512
 Card Set container configuration: InlinePtr #cards 5 size 8 Array Of Cards #cards 12 size 40 Howl #buckets 4 coarsen threshold 1843 Howl Bitmap #cards 512 size 80 coarsen threshold 460 Card regions per heap region 1 cards per card region 2048
 CPUs: 4 total, 4 available
 Memory: 12182M
 Large Page Support: Disabled
 NUMA Support: Disabled
 Compressed Oops: Enabled (32-bit)
 Heap Region Size: 1M
 Heap Min Capacity: 256M
 Heap Initial Capacity: 256M
 Heap Max Capacity: 512M
 Pre-touch: Disabled
 Parallel Workers: 4
 Concurrent Workers: 1
 Concurrent Refinement Workers: 4
 Periodic GC: Disabled

Heap:
 garbage-first heap   total 262144K, used 85865K [0x00000000e0000000, 0x0000000100000000)
  region size 1024K, 76 young (77824K), 4 survivors (4096K)
 Metaspace       used 17791K, committed 18432K, reserved 278528K
  class space    used 2585K, committed 2880K, reserved 212992K

Heap Regions: E=young(eden), S=young(survivor), O=old, HS=humongous(starts), HC=humongous(continues), CS=collection set, F=free, OA=open archive, CA=closed archive, TAMS=top-at-mark-start (previous, next)
|   0|0x00000000e0000000, 0x00000000e0100000, 0x00000000e0100000|100%|HS|  |TAMS 0x00000000e0000000, 0x00000000e0000000| Complete 
|   1|0x00000000e0100000, 0x00000000e0200000, 0x00000000e0200000|100%|HC|  |TAMS 0x00000000e0100000, 0x00000000e0100000| Complete 
|   2|0x00000000e0200000, 0x00000000e0300000, 0x00000000e0300000|100%|HC|  |TAMS 0x00000000e0200000, 0x00000000e0200000| Complete 
|   3|0x00000000e0300000, 0x00000000e0400000, 0x00000000e0400000|100%| O|  |TAMS 0x00000000e0300000, 0x00000000e0300000| Untracked 
|   4|0x00000000e0400000, 0x00000000e0500000, 0x00000000e0500000|100%| O|  |TAMS 0x00000000e0400000, 0x00000000e0400000| Untracked 
|   5|0x00000000e0500000, 0x00000000e0600000, 0x00000000e0600000|100%| O|  |TAMS 0x00000000e0500000, 0x00000000e0500000| Untracked 
|   6|0x00000000e0600000, 0x00000000e0700000, 0x00000000e0700000|100%| O|  |TAMS 0x00000000e0600000, 0x00000000e0600000| Untracked 
|   7|0x00000000e0700000, 0x00000000e0700000, 0x00000000e0800000|  0%| F|  |TAMS 0x00000000e0700000, 0x00000000e0700000| Untracked 
|   8|0x00000000e0800000, 0x00000000e0900000, 0x00000000e0900000|100%| O|  |TAMS 0x00000000e0800000, 0x00000000e0800000| Untracked 
|   9|0x00000000e0900000, 0x00000000e09fd200, 0x00000000e0a00000| 98%| O|  |TAMS 0x00000000e0900000, 0x00000000e0900000| Untracked 
|  10|0x00000000e0a00000, 0x00000000e0a00000, 0x00000000e0b00000|  0%| F|  |TAMS 0x00000000e0a00000, 0x00000000e0a00000| Untracked 
|  11|0x00000000e0b00000, 0x00000000e0b00000, 0x00000000e0c00000|  0%| F|  |TAMS 0x00000000e0b00000, 0x00000000e0b00000| Untracked 
|  12|0x00000000e0c00000, 0x00000000e0c00000, 0x00000000e0d00000|  0%| F|  |TAMS 0x00000000e0c00000, 0x00000000e0c00000| Untracked 
|  13|0x00000000e0d00000, 0x00000000e0d00000, 0x00000000e0e00000|  0%| F|  |TAMS 0x00000000e0d00000, 0x00000000e0d00000| Untracked 
|  14|0x00000000e0e00000, 0x00000000e0e00000, 0x00000000e0f00000|  0%| F|  |TAMS 0x00000000e0e00000, 0x00000000e0e00000| Untracked 
|  15|0x00000000e0f00000, 0x00000000e0f00000, 0x00000000e1000000|  0%| F|  |TAMS 0x00000000e0f00000, 0x00000000e0f00000| Untracked 
|  16|0x00000000e1000000, 0x00000000e1000000, 0x00000000e1100000|  0%| F|  |TAMS 0x00000000e1000000, 0x00000000e1000000| Untracked 
|  17|0x00000000e1100000, 0x00000000e1100000, 0x00000000e1200000|  0%| F|  |TAMS 0x00000000e1100000, 0x00000000e1100000| Untracked 
|  18|0x00000000e1200000, 0x00000000e1200000, 0x00000000e1300000|  0%| F|  |TAMS 0x00000000e1200000, 0x00000000e1200000| Untracked 
|  19|0x00000000e1300000, 0x00000000e1300000, 0x00000000e1400000|  0%| F|  |TAMS 0x00000000e1300000, 0x00000000e1300000| Untracked 
|  20|0x00000000e1400000, 0x00000000e1400000, 0x00000000e1500000|  0%| F|  |TAMS 0x00000000e1400000, 0x00000000e1400000| Untracked 
|  21|0x00000000e1500000, 0x00000000e1500000, 0x00000000e1600000|  0%| F|  |TAMS 0x00000000e1500000, 0x00000000e1500000| Untracked 
|  22|0x00000000e1600000, 0x00000000e1600000, 0x00000000e1700000|  0%| F|  |TAMS 0x00000000e1600000, 0x00000000e1600000| Untracked 
|  23|0x00000000e1700000, 0x00000000e1700000, 0x00000000e1800000|  0%| F|  |TAMS 0x00000000e1700000, 0x00000000e1700000| Untracked 
|  24|0x00000000e1800000, 0x00000000e1800000, 0x00000000e1900000|  0%| F|  |TAMS 0x00000000e1800000, 0x00000000e1800000| Untracked 
|  25|0x00000000e1900000, 0x00000000e1900000, 0x00000000e1a00000|  0%| F|  |TAMS 0x00000000e1900000, 0x00000000e1900000| Untracked 
|  26|0x00000000e1a00000, 0x00000000e1a00000, 0x00000000e1b00000|  0%| F|  |TAMS 0x00000000e1a00000, 0x00000000e1a00000| Untracked 
|  27|0x00000000e1b00000, 0x00000000e1b00000, 0x00000000e1c00000|  0%| F|  |TAMS 0x00000000e1b00000, 0x00000000e1b00000| Untracked 
|  28|0x00000000e1c00000, 0x00000000e1c00000, 0x00000000e1d00000|  0%| F|  |TAMS 0x00000000e1c00000, 0x00000000e1c00000| Untracked 
|  29|0x00000000e1d00000, 0x00000000e1d00000, 0x00000000e1e00000|  0%| F|  |TAMS 0x00000000e1d00000, 0x00000000e1d00000| Untracked 
|  30|0x00000000e1e00000, 0x00000000e1e00000, 0x00000000e1f00000|  0%| F|  |TAMS 0x00000000e1e00000, 0x00000000e1e00000| Untracked 
|  31|0x00000000e1f00000, 0x00000000e1f00000, 0x00000000e2000000|  0%| F|  |TAMS 0x00000000e1f00000, 0x00000000e1f00000| Untracked 
|  32|0x00000000e2000000, 0x00000000e2000000, 0x00000000e2100000|  0%| F|  |TAMS 0x00000000e2000000, 0x00000000e2000000| Untracked 
|  33|0x00000000e2100000, 0x00000000e2100000, 0x00000000e2200000|  0%| F|  |TAMS 0x00000000e2100000, 0x00000000e2100000| Untracked 
|  34|0x00000000e2200000, 0x00000000e2200000, 0x00000000e2300000|  0%| F|  |TAMS 0x00000000e2200000, 0x00000000e2200000| Untracked 
|  35|0x00000000e2300000, 0x00000000e2300000, 0x00000000e2400000|  0%| F|  |TAMS 0x00000000e2300000, 0x00000000e2300000| Untracked 
|  36|0x00000000e2400000, 0x00000000e2400000, 0x00000000e2500000|  0%| F|  |TAMS 0x00000000e2400000, 0x00000000e2400000| Untracked 
|  37|0x00000000e2500000, 0x00000000e2500000, 0x00000000e2600000|  0%| F|  |TAMS 0x00000000e2500000, 0x00000000e2500000| Untracked 
|  38|0x00000000e2600000, 0x00000000e2600000, 0x00000000e2700000|  0%| F|  |TAMS 0x00000000e2600000, 0x00000000e2600000| Untracked 
|  39|0x00000000e2700000, 0x00000000e2700000, 0x00000000e2800000|  0%| F|  |TAMS 0x00000000e2700000, 0x00000000e2700000| Untracked 
|  40|0x00000000e2800000, 0x00000000e2800000, 0x00000000e2900000|  0%| F|  |TAMS 0x00000000e2800000, 0x00000000e2800000| Untracked 
|  41|0x00000000e2900000, 0x00000000e2900000, 0x00000000e2a00000|  0%| F|  |TAMS 0x00000000e2900000, 0x00000000e2900000| Untracked 
|  42|0x00000000e2a00000, 0x00000000e2a00000, 0x00000000e2b00000|  0%| F|  |TAMS 0x00000000e2a00000, 0x00000000e2a00000| Untracked 
|  43|0x00000000e2b00000, 0x00000000e2b00000, 0x00000000e2c00000|  0%| F|  |TAMS 0x00000000e2b00000, 0x00000000e2b00000| Untracked 
|  44|0x00000000e2c00000, 0x00000000e2c00000, 0x00000000e2d00000|  0%| F|  |TAMS 0x00000000e2c00000, 0x00000000e2c00000| Untracked 
|  45|0x00000000e2d00000, 0x00000000e2d00000, 0x00000000e2e00000|  0%| F|  |TAMS 0x00000000e2d00000, 0x00000000e2d00000| Untracked 
|  46|0x00000000e2e00000, 0x00000000e2e00000, 0x00000000e2f00000|  0%| F|  |TAMS 0x00000000e2e00000, 0x00000000e2e00000| Untracked 
|  47|0x00000000e2f00000, 0x00000000e2f00000, 0x00000000e3000000|  0%| F|  |TAMS 0x00000000e2f00000, 0x00000000e2f00000| Untracked 
|  48|0x00000000e3000000, 0x00000000e3000000, 0x00000000e3100000|  0%| F|  |TAMS 0x00000000e3000000, 0x00000000e3000000| Untracked 
|  49|0x00000000e3100000, 0x00000000e3100000, 0x00000000e3200000|  0%| F|  |TAMS 0x00000000e3100000, 0x00000000e3100000| Untracked 
|  50|0x00000000e3200000, 0x00000000e3200000, 0x00000000e3300000|  0%| F|  |TAMS 0x00000000e3200000, 0x00000000e3200000| Untracked 
|  51|0x00000000e3300000, 0x00000000e3300000, 0x00000000e3400000|  0%| F|  |TAMS 0x00000000e3300000, 0x00000000e3300000| Untracked 
|  52|0x00000000e3400000, 0x00000000e3400000, 0x00000000e3500000|  0%| F|  |TAMS 0x00000000e3400000, 0x00000000e3400000| Untracked 
|  53|0x00000000e3500000, 0x00000000e3500000, 0x00000000e3600000|  0%| F|  |TAMS 0x00000000e3500000, 0x00000000e3500000| Untracked 
|  54|0x00000000e3600000, 0x00000000e3600000, 0x00000000e3700000|  0%| F|  |TAMS 0x00000000e3600000, 0x00000000e3600000| Untracked 
|  55|0x00000000e3700000, 0x00000000e3700000, 0x00000000e3800000|  0%| F|  |TAMS 0x00000000e3700000, 0x00000000e3700000| Untracked 
|  56|0x00000000e3800000, 0x00000000e3800000, 0x00000000e3900000|  0%| F|  |TAMS 0x00000000e3800000, 0x00000000e3800000| Untracked 
|  57|0x00000000e3900000, 0x00000000e3900000, 0x00000000e3a00000|  0%| F|  |TAMS 0x00000000e3900000, 0x00000000e3900000| Untracked 
|  58|0x00000000e3a00000, 0x00000000e3a00000, 0x00000000e3b00000|  0%| F|  |TAMS 0x00000000e3a00000, 0x00000000e3a00000| Untracked 
|  59|0x00000000e3b00000, 0x00000000e3b00000, 0x00000000e3c00000|  0%| F|  |TAMS 0x00000000e3b00000, 0x00000000e3b00000| Untracked 
|  60|0x00000000e3c00000, 0x00000000e3c00000, 0x00000000e3d00000|  0%| F|  |TAMS 0x00000000e3c00000, 0x00000000e3c00000| Untracked 
|  61|0x00000000e3d00000, 0x00000000e3d00000, 0x00000000e3e00000|  0%| F|  |TAMS 0x00000000e3d00000, 0x00000000e3d00000| Untracked 
|  62|0x00000000e3e00000, 0x00000000e3e00000, 0x00000000e3f00000|  0%| F|  |TAMS 0x00000000e3e00000, 0x00000000e3e00000| Untracked 
|  63|0x00000000e3f00000, 0x00000000e3f00000, 0x00000000e4000000|  0%| F|  |TAMS 0x00000000e3f00000, 0x00000000e3f00000| Untracked 
|  64|0x00000000e4000000, 0x00000000e4000000, 0x00000000e4100000|  0%| F|  |TAMS 0x00000000e4000000, 0x00000000e4000000| Untracked 
|  65|0x00000000e4100000, 0x00000000e4100000, 0x00000000e4200000|  0%| F|  |TAMS 0x00000000e4100000, 0x00000000e4100000| Untracked 
|  66|0x00000000e4200000, 0x00000000e4200000, 0x00000000e4300000|  0%| F|  |TAMS 0x00000000e4200000, 0x00000000e4200000| Untracked 
|  67|0x00000000e4300000, 0x00000000e4300000, 0x00000000e4400000|  0%| F|  |TAMS 0x00000000e4300000, 0x00000000e4300000| Untracked 
|  68|0x00000000e4400000, 0x00000000e4400000, 0x00000000e4500000|  0%| F|  |TAMS 0x00000000e4400000, 0x00000000e4400000| Untracked 
|  69|0x00000000e4500000, 0x00000000e4500000, 0x00000000e4600000|  0%| F|  |TAMS 0x00000000e4500000, 0x00000000e4500000| Untracked 
|  70|0x00000000e4600000, 0x00000000e4600000, 0x00000000e4700000|  0%| F|  |TAMS 0x00000000e4600000, 0x00000000e4600000| Untracked 
|  71|0x00000000e4700000, 0x00000000e4700000, 0x00000000e4800000|  0%| F|  |TAMS 0x00000000e4700000, 0x00000000e4700000| Untracked 
|  72|0x00000000e4800000, 0x00000000e4800000, 0x00000000e4900000|  0%| F|  |TAMS 0x00000000e4800000, 0x00000000e4800000| Untracked 
|  73|0x00000000e4900000, 0x00000000e4900000, 0x00000000e4a00000|  0%| F|  |TAMS 0x00000000e4900000, 0x00000000e4900000| Untracked 
|  74|0x00000000e4a00000, 0x00000000e4a00000, 0x00000000e4b00000|  0%| F|  |TAMS 0x00000000e4a00000, 0x00000000e4a00000| Untracked 
|  75|0x00000000e4b00000, 0x00000000e4b00000, 0x00000000e4c00000|  0%| F|  |TAMS 0x00000000e4b00000, 0x00000000e4b00000| Untracked 
|  76|0x00000000e4c00000, 0x00000000e4c00000, 0x00000000e4d00000|  0%| F|  |TAMS 0x00000000e4c00000, 0x00000000e4c00000| Untracked 
|  77|0x00000000e4d00000, 0x00000000e4d00000, 0x00000000e4e00000|  0%| F|  |TAMS 0x00000000e4d00000, 0x00000000e4d00000| Untracked 
|  78|0x00000000e4e00000, 0x00000000e4e00000, 0x00000000e4f00000|  0%| F|  |TAMS 0x00000000e4e00000, 0x00000000e4e00000| Untracked 
|  79|0x00000000e4f00000, 0x00000000e4f00000, 0x00000000e5000000|  0%| F|  |TAMS 0x00000000e4f00000, 0x00000000e4f00000| Untracked 
|  80|0x00000000e5000000, 0x00000000e5000000, 0x00000000e5100000|  0%| F|  |TAMS 0x00000000e5000000, 0x00000000e5000000| Untracked 
|  81|0x00000000e5100000, 0x00000000e5100000, 0x00000000e5200000|  0%| F|  |TAMS 0x00000000e5100000, 0x00000000e5100000| Untracked 
|  82|0x00000000e5200000, 0x00000000e5200000, 0x00000000e5300000|  0%| F|  |TAMS 0x00000000e5200000, 0x00000000e5200000| Untracked 
|  83|0x00000000e5300000, 0x00000000e5300000, 0x00000000e5400000|  0%| F|  |TAMS 0x00000000e5300000, 0x00000000e5300000| Untracked 
|  84|0x00000000e5400000, 0x00000000e5400000, 0x00000000e5500000|  0%| F|  |TAMS 0x00000000e5400000, 0x00000000e5400000| Untracked 
|  85|0x00000000e5500000, 0x00000000e5500000, 0x00000000e5600000|  0%| F|  |TAMS 0x00000000e5500000, 0x00000000e5500000| Untracked 
|  86|0x00000000e5600000, 0x00000000e5600000, 0x00000000e5700000|  0%| F|  |TAMS 0x00000000e5600000, 0x00000000e5600000| Untracked 
|  87|0x00000000e5700000, 0x00000000e5700000, 0x00000000e5800000|  0%| F|  |TAMS 0x00000000e5700000, 0x00000000e5700000| Untracked 
|  88|0x00000000e5800000, 0x00000000e5800000, 0x00000000e5900000|  0%| F|  |TAMS 0x00000000e5800000, 0x00000000e5800000| Untracked 
|  89|0x00000000e5900000, 0x00000000e5900000, 0x00000000e5a00000|  0%| F|  |TAMS 0x00000000e5900000, 0x00000000e5900000| Untracked 
|  90|0x00000000e5a00000, 0x00000000e5a00000, 0x00000000e5b00000|  0%| F|  |TAMS 0x00000000e5a00000, 0x00000000e5a00000| Untracked 
|  91|0x00000000e5b00000, 0x00000000e5b00000, 0x00000000e5c00000|  0%| F|  |TAMS 0x00000000e5b00000, 0x00000000e5b00000| Untracked 
|  92|0x00000000e5c00000, 0x00000000e5c00000, 0x00000000e5d00000|  0%| F|  |TAMS 0x00000000e5c00000, 0x00000000e5c00000| Untracked 
|  93|0x00000000e5d00000, 0x00000000e5d00000, 0x00000000e5e00000|  0%| F|  |TAMS 0x00000000e5d00000, 0x00000000e5d00000| Untracked 
|  94|0x00000000e5e00000, 0x00000000e5e00000, 0x00000000e5f00000|  0%| F|  |TAMS 0x00000000e5e00000, 0x00000000e5e00000| Untracked 
|  95|0x00000000e5f00000, 0x00000000e5f00000, 0x00000000e6000000|  0%| F|  |TAMS 0x00000000e5f00000, 0x00000000e5f00000| Untracked 
|  96|0x00000000e6000000, 0x00000000e6000000, 0x00000000e6100000|  0%| F|  |TAMS 0x00000000e6000000, 0x00000000e6000000| Untracked 
|  97|0x00000000e6100000, 0x00000000e6100000, 0x00000000e6200000|  0%| F|  |TAMS 0x00000000e6100000, 0x00000000e6100000| Untracked 
|  98|0x00000000e6200000, 0x00000000e6200000, 0x00000000e6300000|  0%| F|  |TAMS 0x00000000e6200000, 0x00000000e6200000| Untracked 
|  99|0x00000000e6300000, 0x00000000e6300000, 0x00000000e6400000|  0%| F|  |TAMS 0x00000000e6300000, 0x00000000e6300000| Untracked 
| 100|0x00000000e6400000, 0x00000000e6400000, 0x00000000e6500000|  0%| F|  |TAMS 0x00000000e6400000, 0x00000000e6400000| Untracked 
| 101|0x00000000e6500000, 0x00000000e6500000, 0x00000000e6600000|  0%| F|  |TAMS 0x00000000e6500000, 0x00000000e6500000| Untracked 
| 102|0x00000000e6600000, 0x00000000e6600000, 0x00000000e6700000|  0%| F|  |TAMS 0x00000000e6600000, 0x00000000e6600000| Untracked 
| 103|0x00000000e6700000, 0x00000000e6700000, 0x00000000e6800000|  0%| F|  |TAMS 0x00000000e6700000, 0x00000000e6700000| Untracked 
| 104|0x00000000e6800000, 0x00000000e6800000, 0x00000000e6900000|  0%| F|  |TAMS 0x00000000e6800000, 0x00000000e6800000| Untracked 
| 105|0x00000000e6900000, 0x00000000e6900000, 0x00000000e6a00000|  0%| F|  |TAMS 0x00000000e6900000, 0x00000000e6900000| Untracked 
| 106|0x00000000e6a00000, 0x00000000e6a00000, 0x00000000e6b00000|  0%| F|  |TAMS 0x00000000e6a00000, 0x00000000e6a00000| Untracked 
| 107|0x00000000e6b00000, 0x00000000e6b00000, 0x00000000e6c00000|  0%| F|  |TAMS 0x00000000e6b00000, 0x00000000e6b00000| Untracked 
| 108|0x00000000e6c00000, 0x00000000e6c00000, 0x00000000e6d00000|  0%| F|  |TAMS 0x00000000e6c00000, 0x00000000e6c00000| Untracked 
| 109|0x00000000e6d00000, 0x00000000e6d00000, 0x00000000e6e00000|  0%| F|  |TAMS 0x00000000e6d00000, 0x00000000e6d00000| Untracked 
| 110|0x00000000e6e00000, 0x00000000e6e00000, 0x00000000e6f00000|  0%| F|  |TAMS 0x00000000e6e00000, 0x00000000e6e00000| Untracked 
| 111|0x00000000e6f00000, 0x00000000e6f00000, 0x00000000e7000000|  0%| F|  |TAMS 0x00000000e6f00000, 0x00000000e6f00000| Untracked 
| 112|0x00000000e7000000, 0x00000000e7000000, 0x00000000e7100000|  0%| F|  |TAMS 0x00000000e7000000, 0x00000000e7000000| Untracked 
| 113|0x00000000e7100000, 0x00000000e7100000, 0x00000000e7200000|  0%| F|  |TAMS 0x00000000e7100000, 0x00000000e7100000| Untracked 
| 114|0x00000000e7200000, 0x00000000e7200000, 0x00000000e7300000|  0%| F|  |TAMS 0x00000000e7200000, 0x00000000e7200000| Untracked 
| 115|0x00000000e7300000, 0x00000000e7300000, 0x00000000e7400000|  0%| F|  |TAMS 0x00000000e7300000, 0x00000000e7300000| Untracked 
| 116|0x00000000e7400000, 0x00000000e7400000, 0x00000000e7500000|  0%| F|  |TAMS 0x00000000e7400000, 0x00000000e7400000| Untracked 
| 117|0x00000000e7500000, 0x00000000e7500000, 0x00000000e7600000|  0%| F|  |TAMS 0x00000000e7500000, 0x00000000e7500000| Untracked 
| 118|0x00000000e7600000, 0x00000000e7600000, 0x00000000e7700000|  0%| F|  |TAMS 0x00000000e7600000, 0x00000000e7600000| Untracked 
| 119|0x00000000e7700000, 0x00000000e7700000, 0x00000000e7800000|  0%| F|  |TAMS 0x00000000e7700000, 0x00000000e7700000| Untracked 
| 120|0x00000000e7800000, 0x00000000e7800000, 0x00000000e7900000|  0%| F|  |TAMS 0x00000000e7800000, 0x00000000e7800000| Untracked 
| 121|0x00000000e7900000, 0x00000000e7900000, 0x00000000e7a00000|  0%| F|  |TAMS 0x00000000e7900000, 0x00000000e7900000| Untracked 
| 122|0x00000000e7a00000, 0x00000000e7a00000, 0x00000000e7b00000|  0%| F|  |TAMS 0x00000000e7a00000, 0x00000000e7a00000| Untracked 
| 123|0x00000000e7b00000, 0x00000000e7b00000, 0x00000000e7c00000|  0%| F|  |TAMS 0x00000000e7b00000, 0x00000000e7b00000| Untracked 
| 124|0x00000000e7c00000, 0x00000000e7c00000, 0x00000000e7d00000|  0%| F|  |TAMS 0x00000000e7c00000, 0x00000000e7c00000| Untracked 
| 125|0x00000000e7d00000, 0x00000000e7d00000, 0x00000000e7e00000|  0%| F|  |TAMS 0x00000000e7d00000, 0x00000000e7d00000| Untracked 
| 126|0x00000000e7e00000, 0x00000000e7e00000, 0x00000000e7f00000|  0%| F|  |TAMS 0x00000000e7e00000, 0x00000000e7e00000| Untracked 
| 127|0x00000000e7f00000, 0x00000000e7f00000, 0x00000000e8000000|  0%| F|  |TAMS 0x00000000e7f00000, 0x00000000e7f00000| Untracked 
| 128|0x00000000e8000000, 0x00000000e8000000, 0x00000000e8100000|  0%| F|  |TAMS 0x00000000e8000000, 0x00000000e8000000| Untracked 
| 129|0x00000000e8100000, 0x00000000e8100000, 0x00000000e8200000|  0%| F|  |TAMS 0x00000000e8100000, 0x00000000e8100000| Untracked 
| 130|0x00000000e8200000, 0x00000000e8200000, 0x00000000e8300000|  0%| F|  |TAMS 0x00000000e8200000, 0x00000000e8200000| Untracked 
| 131|0x00000000e8300000, 0x00000000e8300000, 0x00000000e8400000|  0%| F|  |TAMS 0x00000000e8300000, 0x00000000e8300000| Untracked 
| 132|0x00000000e8400000, 0x00000000e8400000, 0x00000000e8500000|  0%| F|  |TAMS 0x00000000e8400000, 0x00000000e8400000| Untracked 
| 133|0x00000000e8500000, 0x00000000e8500000, 0x00000000e8600000|  0%| F|  |TAMS 0x00000000e8500000, 0x00000000e8500000| Untracked 
| 134|0x00000000e8600000, 0x00000000e8600000, 0x00000000e8700000|  0%| F|  |TAMS 0x00000000e8600000, 0x00000000e8600000| Untracked 
| 135|0x00000000e8700000, 0x00000000e8700000, 0x00000000e8800000|  0%| F|  |TAMS 0x00000000e8700000, 0x00000000e8700000| Untracked 
| 136|0x00000000e8800000, 0x00000000e8800000, 0x00000000e8900000|  0%| F|  |TAMS 0x00000000e8800000, 0x00000000e8800000| Untracked 
| 137|0x00000000e8900000, 0x00000000e8900000, 0x00000000e8a00000|  0%| F|  |TAMS 0x00000000e8900000, 0x00000000e8900000| Untracked 
| 138|0x00000000e8a00000, 0x00000000e8a00000, 0x00000000e8b00000|  0%| F|  |TAMS 0x00000000e8a00000, 0x00000000e8a00000| Untracked 
| 139|0x00000000e8b00000, 0x00000000e8b00000, 0x00000000e8c00000|  0%| F|  |TAMS 0x00000000e8b00000, 0x00000000e8b00000| Untracked 
| 140|0x00000000e8c00000, 0x00000000e8c00000, 0x00000000e8d00000|  0%| F|  |TAMS 0x00000000e8c00000, 0x00000000e8c00000| Untracked 
| 141|0x00000000e8d00000, 0x00000000e8d00000, 0x00000000e8e00000|  0%| F|  |TAMS 0x00000000e8d00000, 0x00000000e8d00000| Untracked 
| 142|0x00000000e8e00000, 0x00000000e8e00000, 0x00000000e8f00000|  0%| F|  |TAMS 0x00000000e8e00000, 0x00000000e8e00000| Untracked 
| 143|0x00000000e8f00000, 0x00000000e8f00000, 0x00000000e9000000|  0%| F|  |TAMS 0x00000000e8f00000, 0x00000000e8f00000| Untracked 
| 144|0x00000000e9000000, 0x00000000e9000000, 0x00000000e9100000|  0%| F|  |TAMS 0x00000000e9000000, 0x00000000e9000000| Untracked 
| 145|0x00000000e9100000, 0x00000000e9100000, 0x00000000e9200000|  0%| F|  |TAMS 0x00000000e9100000, 0x00000000e9100000| Untracked 
| 146|0x00000000e9200000, 0x00000000e9200000, 0x00000000e9300000|  0%| F|  |TAMS 0x00000000e9200000, 0x00000000e9200000| Untracked 
| 147|0x00000000e9300000, 0x00000000e9300000, 0x00000000e9400000|  0%| F|  |TAMS 0x00000000e9300000, 0x00000000e9300000| Untracked 
| 148|0x00000000e9400000, 0x00000000e9400000, 0x00000000e9500000|  0%| F|  |TAMS 0x00000000e9400000, 0x00000000e9400000| Untracked 
| 149|0x00000000e9500000, 0x00000000e9500000, 0x00000000e9600000|  0%| F|  |TAMS 0x00000000e9500000, 0x00000000e9500000| Untracked 
| 150|0x00000000e9600000, 0x00000000e9600000, 0x00000000e9700000|  0%| F|  |TAMS 0x00000000e9600000, 0x00000000e9600000| Untracked 
| 151|0x00000000e9700000, 0x00000000e9700000, 0x00000000e9800000|  0%| F|  |TAMS 0x00000000e9700000, 0x00000000e9700000| Untracked 
| 152|0x00000000e9800000, 0x00000000e9800000, 0x00000000e9900000|  0%| F|  |TAMS 0x00000000e9800000, 0x00000000e9800000| Untracked 
| 153|0x00000000e9900000, 0x00000000e9900000, 0x00000000e9a00000|  0%| F|  |TAMS 0x00000000e9900000, 0x00000000e9900000| Untracked 
| 154|0x00000000e9a00000, 0x00000000e9a00000, 0x00000000e9b00000|  0%| F|  |TAMS 0x00000000e9a00000, 0x00000000e9a00000| Untracked 
| 155|0x00000000e9b00000, 0x00000000e9b00000, 0x00000000e9c00000|  0%| F|  |TAMS 0x00000000e9b00000, 0x00000000e9b00000| Untracked 
| 156|0x00000000e9c00000, 0x00000000e9c00000, 0x00000000e9d00000|  0%| F|  |TAMS 0x00000000e9c00000, 0x00000000e9c00000| Untracked 
| 157|0x00000000e9d00000, 0x00000000e9d00000, 0x00000000e9e00000|  0%| F|  |TAMS 0x00000000e9d00000, 0x00000000e9d00000| Untracked 
| 158|0x00000000e9e00000, 0x00000000e9e00000, 0x00000000e9f00000|  0%| F|  |TAMS 0x00000000e9e00000, 0x00000000e9e00000| Untracked 
| 159|0x00000000e9f00000, 0x00000000e9f00000, 0x00000000ea000000|  0%| F|  |TAMS 0x00000000e9f00000, 0x00000000e9f00000| Untracked 
| 160|0x00000000ea000000, 0x00000000ea000000, 0x00000000ea100000|  0%| F|  |TAMS 0x00000000ea000000, 0x00000000ea000000| Untracked 
| 161|0x00000000ea100000, 0x00000000ea100000, 0x00000000ea200000|  0%| F|  |TAMS 0x00000000ea100000, 0x00000000ea100000| Untracked 
| 162|0x00000000ea200000, 0x00000000ea200000, 0x00000000ea300000|  0%| F|  |TAMS 0x00000000ea200000, 0x00000000ea200000| Untracked 
| 163|0x00000000ea300000, 0x00000000ea300000, 0x00000000ea400000|  0%| F|  |TAMS 0x00000000ea300000, 0x00000000ea300000| Untracked 
| 164|0x00000000ea400000, 0x00000000ea400000, 0x00000000ea500000|  0%| F|  |TAMS 0x00000000ea400000, 0x00000000ea400000| Untracked 
| 165|0x00000000ea500000, 0x00000000ea500000, 0x00000000ea600000|  0%| F|  |TAMS 0x00000000ea500000, 0x00000000ea500000| Untracked 
| 166|0x00000000ea600000, 0x00000000ea600000, 0x00000000ea700000|  0%| F|  |TAMS 0x00000000ea600000, 0x00000000ea600000| Untracked 
| 167|0x00000000ea700000, 0x00000000ea700000, 0x00000000ea800000|  0%| F|  |TAMS 0x00000000ea700000, 0x00000000ea700000| Untracked 
| 168|0x00000000ea800000, 0x00000000ea800000, 0x00000000ea900000|  0%| F|  |TAMS 0x00000000ea800000, 0x00000000ea800000| Untracked 
| 169|0x00000000ea900000, 0x00000000ea900000, 0x00000000eaa00000|  0%| F|  |TAMS 0x00000000ea900000, 0x00000000ea900000| Untracked 
| 170|0x00000000eaa00000, 0x00000000eaa00000, 0x00000000eab00000|  0%| F|  |TAMS 0x00000000eaa00000, 0x00000000eaa00000| Untracked 
| 171|0x00000000eab00000, 0x00000000eab00000, 0x00000000eac00000|  0%| F|  |TAMS 0x00000000eab00000, 0x00000000eab00000| Untracked 
| 172|0x00000000eac00000, 0x00000000eac00000, 0x00000000ead00000|  0%| F|  |TAMS 0x00000000eac00000, 0x00000000eac00000| Untracked 
| 173|0x00000000ead00000, 0x00000000ead00000, 0x00000000eae00000|  0%| F|  |TAMS 0x00000000ead00000, 0x00000000ead00000| Untracked 
| 174|0x00000000eae00000, 0x00000000eae00000, 0x00000000eaf00000|  0%| F|  |TAMS 0x00000000eae00000, 0x00000000eae00000| Untracked 
| 175|0x00000000eaf00000, 0x00000000eaf00000, 0x00000000eb000000|  0%| F|  |TAMS 0x00000000eaf00000, 0x00000000eaf00000| Untracked 
| 176|0x00000000eb000000, 0x00000000eb000000, 0x00000000eb100000|  0%| F|  |TAMS 0x00000000eb000000, 0x00000000eb000000| Untracked 
| 177|0x00000000eb100000, 0x00000000eb100000, 0x00000000eb200000|  0%| F|  |TAMS 0x00000000eb100000, 0x00000000eb100000| Untracked 
| 178|0x00000000eb200000, 0x00000000eb200000, 0x00000000eb300000|  0%| F|  |TAMS 0x00000000eb200000, 0x00000000eb200000| Untracked 
| 179|0x00000000eb300000, 0x00000000eb380800, 0x00000000eb400000| 50%| E|  |TAMS 0x00000000eb300000, 0x00000000eb300000| Complete 
| 180|0x00000000eb400000, 0x00000000eb500000, 0x00000000eb500000|100%| E|CS|TAMS 0x00000000eb400000, 0x00000000eb400000| Complete 
| 181|0x00000000eb500000, 0x00000000eb600000, 0x00000000eb600000|100%| E|CS|TAMS 0x00000000eb500000, 0x00000000eb500000| Complete 
| 182|0x00000000eb600000, 0x00000000eb700000, 0x00000000eb700000|100%| E|CS|TAMS 0x00000000eb600000, 0x00000000eb600000| Complete 
| 183|0x00000000eb700000, 0x00000000eb800000, 0x00000000eb800000|100%| E|CS|TAMS 0x00000000eb700000, 0x00000000eb700000| Complete 
| 184|0x00000000eb800000, 0x00000000eb900000, 0x00000000eb900000|100%| E|CS|TAMS 0x00000000eb800000, 0x00000000eb800000| Complete 
| 185|0x00000000eb900000, 0x00000000eba00000, 0x00000000eba00000|100%| E|CS|TAMS 0x00000000eb900000, 0x00000000eb900000| Complete 
| 186|0x00000000eba00000, 0x00000000ebb00000, 0x00000000ebb00000|100%| E|CS|TAMS 0x00000000eba00000, 0x00000000eba00000| Complete 
| 187|0x00000000ebb00000, 0x00000000ebc00000, 0x00000000ebc00000|100%| E|CS|TAMS 0x00000000ebb00000, 0x00000000ebb00000| Complete 
| 188|0x00000000ebc00000, 0x00000000ebd00000, 0x00000000ebd00000|100%| E|CS|TAMS 0x00000000ebc00000, 0x00000000ebc00000| Complete 
| 189|0x00000000ebd00000, 0x00000000ebe00000, 0x00000000ebe00000|100%| E|CS|TAMS 0x00000000ebd00000, 0x00000000ebd00000| Complete 
| 190|0x00000000ebe00000, 0x00000000ebf00000, 0x00000000ebf00000|100%| E|CS|TAMS 0x00000000ebe00000, 0x00000000ebe00000| Complete 
| 191|0x00000000ebf00000, 0x00000000ec000000, 0x00000000ec000000|100%| E|CS|TAMS 0x00000000ebf00000, 0x00000000ebf00000| Complete 
| 192|0x00000000ec000000, 0x00000000ec100000, 0x00000000ec100000|100%| E|CS|TAMS 0x00000000ec000000, 0x00000000ec000000| Complete 
| 193|0x00000000ec100000, 0x00000000ec200000, 0x00000000ec200000|100%| E|CS|TAMS 0x00000000ec100000, 0x00000000ec100000| Complete 
| 194|0x00000000ec200000, 0x00000000ec300000, 0x00000000ec300000|100%| E|CS|TAMS 0x00000000ec200000, 0x00000000ec200000| Complete 
| 195|0x00000000ec300000, 0x00000000ec400000, 0x00000000ec400000|100%| E|CS|TAMS 0x00000000ec300000, 0x00000000ec300000| Complete 
| 196|0x00000000ec400000, 0x00000000ec500000, 0x00000000ec500000|100%| E|CS|TAMS 0x00000000ec400000, 0x00000000ec400000| Complete 
| 197|0x00000000ec500000, 0x00000000ec600000, 0x00000000ec600000|100%| E|CS|TAMS 0x00000000ec500000, 0x00000000ec500000| Complete 
| 198|0x00000000ec600000, 0x00000000ec700000, 0x00000000ec700000|100%| E|CS|TAMS 0x00000000ec600000, 0x00000000ec600000| Complete 
| 199|0x00000000ec700000, 0x00000000ec800000, 0x00000000ec800000|100%| E|CS|TAMS 0x00000000ec700000, 0x00000000ec700000| Complete 
| 200|0x00000000ec800000, 0x00000000ec900000, 0x00000000ec900000|100%| E|CS|TAMS 0x00000000ec800000, 0x00000000ec800000| Complete 
| 201|0x00000000ec900000, 0x00000000eca00000, 0x00000000eca00000|100%| E|CS|TAMS 0x00000000ec900000, 0x00000000ec900000| Complete 
| 202|0x00000000eca00000, 0x00000000ecb00000, 0x00000000ecb00000|100%| E|CS|TAMS 0x00000000eca00000, 0x00000000eca00000| Complete 
| 203|0x00000000ecb00000, 0x00000000ecc00000, 0x00000000ecc00000|100%| E|CS|TAMS 0x00000000ecb00000, 0x00000000ecb00000| Complete 
| 204|0x00000000ecc00000, 0x00000000ecd00000, 0x00000000ecd00000|100%| E|CS|TAMS 0x00000000ecc00000, 0x00000000ecc00000| Complete 
| 205|0x00000000ecd00000, 0x00000000ece00000, 0x00000000ece00000|100%| E|CS|TAMS 0x00000000ecd00000, 0x00000000ecd00000| Complete 
| 206|0x00000000ece00000, 0x00000000ecf00000, 0x00000000ecf00000|100%| E|CS|TAMS 0x00000000ece00000, 0x00000000ece00000| Complete 
| 207|0x00000000ecf00000, 0x00000000ed000000, 0x00000000ed000000|100%| E|CS|TAMS 0x00000000ecf00000, 0x00000000ecf00000| Complete 
| 208|0x00000000ed000000, 0x00000000ed100000, 0x00000000ed100000|100%| E|CS|TAMS 0x00000000ed000000, 0x00000000ed000000| Complete 
| 209|0x00000000ed100000, 0x00000000ed200000, 0x00000000ed200000|100%| E|CS|TAMS 0x00000000ed100000, 0x00000000ed100000| Complete 
| 210|0x00000000ed200000, 0x00000000ed300000, 0x00000000ed300000|100%| E|CS|TAMS 0x00000000ed200000, 0x00000000ed200000| Complete 
| 211|0x00000000ed300000, 0x00000000ed400000, 0x00000000ed400000|100%| E|CS|TAMS 0x00000000ed300000, 0x00000000ed300000| Complete 
| 212|0x00000000ed400000, 0x00000000ed500000, 0x00000000ed500000|100%| E|CS|TAMS 0x00000000ed400000, 0x00000000ed400000| Complete 
| 213|0x00000000ed500000, 0x00000000ed600000, 0x00000000ed600000|100%| E|CS|TAMS 0x00000000ed500000, 0x00000000ed500000| Complete 
| 214|0x00000000ed600000, 0x00000000ed700000, 0x00000000ed700000|100%| E|CS|TAMS 0x00000000ed600000, 0x00000000ed600000| Complete 
| 215|0x00000000ed700000, 0x00000000ed800000, 0x00000000ed800000|100%| E|CS|TAMS 0x00000000ed700000, 0x00000000ed700000| Complete 
| 216|0x00000000ed800000, 0x00000000ed900000, 0x00000000ed900000|100%| E|CS|TAMS 0x00000000ed800000, 0x00000000ed800000| Complete 
| 217|0x00000000ed900000, 0x00000000eda00000, 0x00000000eda00000|100%| E|CS|TAMS 0x00000000ed900000, 0x00000000ed900000| Complete 
| 218|0x00000000eda00000, 0x00000000edb00000, 0x00000000edb00000|100%| E|CS|TAMS 0x00000000eda00000, 0x00000000eda00000| Complete 
| 219|0x00000000edb00000, 0x00000000edc00000, 0x00000000edc00000|100%| E|CS|TAMS 0x00000000edb00000, 0x00000000edb00000| Complete 
| 220|0x00000000edc00000, 0x00000000edd00000, 0x00000000edd00000|100%| E|CS|TAMS 0x00000000edc00000, 0x00000000edc00000| Complete 
| 221|0x00000000edd00000, 0x00000000ede00000, 0x00000000ede00000|100%| E|CS|TAMS 0x00000000edd00000, 0x00000000edd00000| Complete 
| 222|0x00000000ede00000, 0x00000000edf00000, 0x00000000edf00000|100%| E|CS|TAMS 0x00000000ede00000, 0x00000000ede00000| Complete 
| 223|0x00000000edf00000, 0x00000000ee000000, 0x00000000ee000000|100%| E|CS|TAMS 0x00000000edf00000, 0x00000000edf00000| Complete 
| 224|0x00000000ee000000, 0x00000000ee100000, 0x00000000ee100000|100%| E|CS|TAMS 0x00000000ee000000, 0x00000000ee000000| Complete 
| 225|0x00000000ee100000, 0x00000000ee200000, 0x00000000ee200000|100%| E|CS|TAMS 0x00000000ee100000, 0x00000000ee100000| Complete 
| 226|0x00000000ee200000, 0x00000000ee300000, 0x00000000ee300000|100%| E|CS|TAMS 0x00000000ee200000, 0x00000000ee200000| Complete 
| 227|0x00000000ee300000, 0x00000000ee3dd5d0, 0x00000000ee400000| 86%| S|CS|TAMS 0x00000000ee300000, 0x00000000ee300000| Complete 
| 228|0x00000000ee400000, 0x00000000ee500000, 0x00000000ee500000|100%| S|CS|TAMS 0x00000000ee400000, 0x00000000ee400000| Complete 
| 229|0x00000000ee500000, 0x00000000ee600000, 0x00000000ee600000|100%| S|CS|TAMS 0x00000000ee500000, 0x00000000ee500000| Complete 
| 230|0x00000000ee600000, 0x00000000ee700000, 0x00000000ee700000|100%| S|CS|TAMS 0x00000000ee600000, 0x00000000ee600000| Complete 
| 231|0x00000000ee700000, 0x00000000ee800000, 0x00000000ee800000|100%| E|CS|TAMS 0x00000000ee700000, 0x00000000ee700000| Complete 
| 232|0x00000000ee800000, 0x00000000ee900000, 0x00000000ee900000|100%| E|CS|TAMS 0x00000000ee800000, 0x00000000ee800000| Complete 
| 233|0x00000000ee900000, 0x00000000eea00000, 0x00000000eea00000|100%| E|CS|TAMS 0x00000000ee900000, 0x00000000ee900000| Complete 
| 234|0x00000000eea00000, 0x00000000eeb00000, 0x00000000eeb00000|100%| E|CS|TAMS 0x00000000eea00000, 0x00000000eea00000| Complete 
| 235|0x00000000eeb00000, 0x00000000eec00000, 0x00000000eec00000|100%| E|CS|TAMS 0x00000000eeb00000, 0x00000000eeb00000| Complete 
| 236|0x00000000eec00000, 0x00000000eed00000, 0x00000000eed00000|100%| E|CS|TAMS 0x00000000eec00000, 0x00000000eec00000| Complete 
| 237|0x00000000eed00000, 0x00000000eee00000, 0x00000000eee00000|100%| E|CS|TAMS 0x00000000eed00000, 0x00000000eed00000| Complete 
| 238|0x00000000eee00000, 0x00000000eef00000, 0x00000000eef00000|100%| E|CS|TAMS 0x00000000eee00000, 0x00000000eee00000| Complete 
| 239|0x00000000eef00000, 0x00000000ef000000, 0x00000000ef000000|100%| E|CS|TAMS 0x00000000eef00000, 0x00000000eef00000| Complete 
| 240|0x00000000ef000000, 0x00000000ef100000, 0x00000000ef100000|100%| E|CS|TAMS 0x00000000ef000000, 0x00000000ef000000| Complete 
| 241|0x00000000ef100000, 0x00000000ef200000, 0x00000000ef200000|100%| E|CS|TAMS 0x00000000ef100000, 0x00000000ef100000| Complete 
| 242|0x00000000ef200000, 0x00000000ef300000, 0x00000000ef300000|100%| E|CS|TAMS 0x00000000ef200000, 0x00000000ef200000| Complete 
| 243|0x00000000ef300000, 0x00000000ef400000, 0x00000000ef400000|100%| E|CS|TAMS 0x00000000ef300000, 0x00000000ef300000| Complete 
| 244|0x00000000ef400000, 0x00000000ef500000, 0x00000000ef500000|100%| E|CS|TAMS 0x00000000ef400000, 0x00000000ef400000| Complete 
| 245|0x00000000ef500000, 0x00000000ef600000, 0x00000000ef600000|100%| E|CS|TAMS 0x00000000ef500000, 0x00000000ef500000| Complete 
| 246|0x00000000ef600000, 0x00000000ef700000, 0x00000000ef700000|100%| E|CS|TAMS 0x00000000ef600000, 0x00000000ef600000| Complete 
| 247|0x00000000ef700000, 0x00000000ef800000, 0x00000000ef800000|100%| E|CS|TAMS 0x00000000ef700000, 0x00000000ef700000| Complete 
| 248|0x00000000ef800000, 0x00000000ef900000, 0x00000000ef900000|100%| E|CS|TAMS 0x00000000ef800000, 0x00000000ef800000| Complete 
| 249|0x00000000ef900000, 0x00000000efa00000, 0x00000000efa00000|100%| E|CS|TAMS 0x00000000ef900000, 0x00000000ef900000| Complete 
| 250|0x00000000efa00000, 0x00000000efb00000, 0x00000000efb00000|100%| E|CS|TAMS 0x00000000efa00000, 0x00000000efa00000| Complete 
| 251|0x00000000efb00000, 0x00000000efc00000, 0x00000000efc00000|100%| E|CS|TAMS 0x00000000efb00000, 0x00000000efb00000| Complete 
| 252|0x00000000efc00000, 0x00000000efd00000, 0x00000000efd00000|100%| E|CS|TAMS 0x00000000efc00000, 0x00000000efc00000| Complete 
| 253|0x00000000efd00000, 0x00000000efe00000, 0x00000000efe00000|100%| E|CS|TAMS 0x00000000efd00000, 0x00000000efd00000| Complete 
| 254|0x00000000efe00000, 0x00000000eff00000, 0x00000000eff00000|100%| E|CS|TAMS 0x00000000efe00000, 0x00000000efe00000| Complete 
| 255|0x00000000eff00000, 0x00000000f0000000, 0x00000000f0000000|100%| E|CS|TAMS 0x00000000eff00000, 0x00000000eff00000| Complete 

Card table byte_map: [0x000002a2fe110000,0x000002a2fe210000] _byte_map_base: 0x000002a2fda10000

Marking Bits (Prev, Next): (CMBitMap*) 0x000002a2e7806c30, (CMBitMap*) 0x000002a2e7806c70
 Prev Bits: [0x000002a2fe310000, 0x000002a2feb10000)
 Next Bits: [0x000002a2feb10000, 0x000002a2ff310000)

Polling page: 0x000002a2e5790000

Metaspace:

Usage:
  Non-class:     14.88 MB used.
      Class:      2.53 MB used.
       Both:     17.42 MB used.

Virtual space:
  Non-class space:       64.00 MB reserved,      15.19 MB ( 24%) committed,  1 nodes.
      Class space:      208.00 MB reserved,       2.88 MB (  1%) committed,  1 nodes.
             Both:      272.00 MB reserved,      18.06 MB (  7%) committed. 

Chunk freelists:
   Non-Class:  526.00 KB
       Class:  1.12 MB
        Both:  1.63 MB

MaxMetaspaceSize: 256.00 MB
CompressedClassSpaceSize: 208.00 MB
Initial GC threshold: 21.00 MB
Current GC threshold: 21.00 MB
CDS: on
MetaspaceReclaimPolicy: balanced
 - commit_granule_bytes: 65536.
 - commit_granule_words: 8192.
 - virtual_space_node_default_size: 8388608.
 - enlarge_chunks_in_place: 1.
 - new_chunks_are_fully_committed: 0.
 - uncommit_free_chunks: 1.
 - use_allocation_guard: 0.


Internal statistics:

num_allocs_failed_limit: 0.
num_arena_births: 938.
num_arena_deaths: 0.
num_vsnodes_births: 2.
num_vsnodes_deaths: 0.
num_space_committed: 289.
num_space_uncommitted: 0.
num_chunks_returned_to_freelist: 0.
num_chunks_taken_from_freelist: 1676.
num_chunk_merges: 0.
num_chunk_splits: 1076.
num_chunks_enlarged: 678.
num_inconsistent_stats: 0.

CodeHeap 'non-profiled nmethods': size=120000Kb used=1210Kb max_used=1210Kb free=118789Kb
 bounds [0x000002a2f6be0000, 0x000002a2f6e50000, 0x000002a2fe110000]
CodeHeap 'profiled nmethods': size=120000Kb used=5372Kb max_used=5372Kb free=114627Kb
 bounds [0x000002a2ef6b0000, 0x000002a2efbf0000, 0x000002a2f6be0000]
CodeHeap 'non-nmethods': size=5760Kb used=1247Kb max_used=1283Kb free=4512Kb
 bounds [0x000002a2ef110000, 0x000002a2ef380000, 0x000002a2ef6b0000]
 total_blobs=3152 nmethods=2608 adapters=456
 compilation: enabled
              stopped_count=0, restarted_count=0
 full_count=0

Compilation events (20 events):
Event: 4.712 Thread 0x000002a2ff8a2390 2567 %     3       com.google.common.io.LineBuffer::add @ 47 (204 bytes)
Event: 4.713 Thread 0x000002a2ff8a2390 nmethod 2567% 0x000002a2efbd0b10 code [0x000002a2efbd0d40, 0x000002a2efbd1718]
Event: 4.713 Thread 0x000002a2ff8a2390 2568       3       com.google.common.io.LineBuffer::add (204 bytes)
Event: 4.714 Thread 0x000002a2ff8a2390 nmethod 2568 0x000002a2efbd1b10 code [0x000002a2efbd1d40, 0x000002a2efbd2538]
Event: 4.714 Thread 0x000002a2ff8a2390 2573       3       com.google.common.collect.RegularImmutableMap::checkNoConflictInKeyBucket (42 bytes)
Event: 4.714 Thread 0x000002a2ff8a2390 nmethod 2573 0x000002a2efbd2890 code [0x000002a2efbd2a80, 0x000002a2efbd2f48]
Event: 4.714 Thread 0x000002a2ff8a2390 2570       3       com.google.common.collect.ImmutableEntry::<init> (15 bytes)
Event: 4.715 Thread 0x000002a2ff8a2390 nmethod 2570 0x000002a2efbd3110 code [0x000002a2efbd32c0, 0x000002a2efbd3538]
Event: 4.715 Thread 0x000002a2ff8a2390 2571       3       com.google.common.collect.AbstractMapEntry::<init> (5 bytes)
Event: 4.715 Thread 0x000002a2ff8a2390 nmethod 2571 0x000002a2efbd3610 code [0x000002a2efbd37a0, 0x000002a2efbd38f8]
Event: 4.715 Thread 0x000002a2ff8a2390 2572       3       com.google.common.collect.ImmutableMapEntry::<init> (12 bytes)
Event: 4.715 Thread 0x000002a2ff8a2390 nmethod 2572 0x000002a2efbd3990 code [0x000002a2efbd3b40, 0x000002a2efbd3e48]
Event: 4.715 Thread 0x000002a2ff8a2390 2574       3       com.google.common.collect.RegularImmutableMap::makeImmutable (44 bytes)
Event: 4.715 Thread 0x000002a2ff8a2390 nmethod 2574 0x000002a2efbd3f90 code [0x000002a2efbd41a0, 0x000002a2efbd4a38]
Event: 4.716 Thread 0x000002a2ff8a2390 2575       1       com.google.common.collect.ImmutableMapEntry::getNextInKeyBucket (2 bytes)
Event: 4.716 Thread 0x000002a2ff8a2390 nmethod 2575 0x000002a2f6d0c610 code [0x000002a2f6d0c7a0, 0x000002a2f6d0c878]
Event: 4.716 Thread 0x000002a2ff8a2390 2577       3       com.google.common.collect.ImmutableMapEntry$NonTerminalImmutableMapEntry::<init> (12 bytes)
Event: 4.716 Thread 0x000002a2ff8a2390 nmethod 2577 0x000002a2efbd4c10 code [0x000002a2efbd4de0, 0x000002a2efbd51c8]
Event: 4.716 Thread 0x000002a2ff8a2390 2576       1       com.google.common.collect.ImmutableMapEntry$NonTerminalImmutableMapEntry::getNextInKeyBucket (5 bytes)
Event: 4.716 Thread 0x000002a2ff8a2390 nmethod 2576 0x000002a2f6d0c910 code [0x000002a2f6d0caa0, 0x000002a2f6d0cb78]

GC Heap History (6 events):
Event: 0.862 GC heap before
{Heap before GC invocations=0 (full 0):
 garbage-first heap   total 262144K, used 16384K [0x00000000e0000000, 0x0000000100000000)
  region size 1024K, 13 young (13312K), 0 survivors (0K)
 Metaspace       used 895K, committed 1024K, reserved 278528K
  class space    used 68K, committed 128K, reserved 212992K
}
Event: 0.867 GC heap after
{Heap after GC invocations=1 (full 0):
 garbage-first heap   total 262144K, used 3736K [0x00000000e0000000, 0x0000000100000000)
  region size 1024K, 2 young (2048K), 2 survivors (2048K)
 Metaspace       used 895K, committed 1024K, reserved 278528K
  class space    used 68K, committed 128K, reserved 212992K
}
Event: 1.512 GC heap before
{Heap before GC invocations=1 (full 0):
 garbage-first heap   total 262144K, used 22168K [0x00000000e0000000, 0x0000000100000000)
  region size 1024K, 17 young (17408K), 2 survivors (2048K)
 Metaspace       used 3835K, committed 4032K, reserved 278528K
  class space    used 472K, committed 576K, reserved 212992K
}
Event: 1.516 GC heap after
{Heap after GC invocations=2 (full 0):
 garbage-first heap   total 262144K, used 9239K [0x00000000e0000000, 0x0000000100000000)
  region size 1024K, 3 young (3072K), 3 survivors (3072K)
 Metaspace       used 3835K, committed 4032K, reserved 278528K
  class space    used 472K, committed 576K, reserved 212992K
}
Event: 2.132 GC heap before
{Heap before GC invocations=2 (full 0):
 garbage-first heap   total 262144K, used 31767K [0x00000000e0000000, 0x0000000100000000)
  region size 1024K, 25 young (25600K), 3 survivors (3072K)
 Metaspace       used 3961K, committed 4160K, reserved 278528K
  class space    used 474K, committed 576K, reserved 212992K
}
Event: 2.136 GC heap after
{Heap after GC invocations=3 (full 0):
 garbage-first heap   total 262144K, used 13161K [0x00000000e0000000, 0x0000000100000000)
  region size 1024K, 4 young (4096K), 4 survivors (4096K)
 Metaspace       used 3961K, committed 4160K, reserved 278528K
  class space    used 474K, committed 576K, reserved 212992K
}

Deoptimization events (20 events):
Event: 4.042 Thread 0x000002a2875019f0 Uncommon trap: trap_request=0xffffff45 fr.pc=0x000002a2f6cd65c4 relative=0x0000000000000284
Event: 4.042 Thread 0x000002a2875019f0 Uncommon trap: reason=unstable_if action=reinterpret pc=0x000002a2f6cd65c4 method=java.util.HashMap.getNode(Ljava/lang/Object;)Ljava/util/HashMap$Node; @ 66 c2
Event: 4.042 Thread 0x000002a2875019f0 DEOPT PACKING pc=0x000002a2f6cd65c4 sp=0x000000b05cdfbc70
Event: 4.042 Thread 0x000002a2875019f0 DEOPT UNPACKING pc=0x000002a2ef1623a3 sp=0x000000b05cdfbb90 mode 2
Event: 4.044 Thread 0x000002a2875019f0 Uncommon trap: trap_request=0xffffff45 fr.pc=0x000002a2f6cf4068 relative=0x0000000000000768
Event: 4.044 Thread 0x000002a2875019f0 Uncommon trap: reason=unstable_if action=reinterpret pc=0x000002a2f6cf4068 method=java.util.HashMap.putVal(ILjava/lang/Object;Ljava/lang/Object;ZZ)Ljava/lang/Object; @ 94 c2
Event: 4.044 Thread 0x000002a2875019f0 DEOPT PACKING pc=0x000002a2f6cf4068 sp=0x000000b05cdfbc40
Event: 4.044 Thread 0x000002a2875019f0 DEOPT UNPACKING pc=0x000002a2ef1623a3 sp=0x000000b05cdfbb70 mode 2
Event: 4.044 Thread 0x000002a2875019f0 Uncommon trap: trap_request=0xffffff45 fr.pc=0x000002a2f6ca63ec relative=0x000000000000022c
Event: 4.044 Thread 0x000002a2875019f0 Uncommon trap: reason=unstable_if action=reinterpret pc=0x000002a2f6ca63ec method=java.util.HashMap.getNode(Ljava/lang/Object;)Ljava/util/HashMap$Node; @ 66 c2
Event: 4.044 Thread 0x000002a2875019f0 DEOPT PACKING pc=0x000002a2f6ca63ec sp=0x000000b05cdfbc10
Event: 4.044 Thread 0x000002a2875019f0 DEOPT UNPACKING pc=0x000002a2ef1623a3 sp=0x000000b05cdfbb90 mode 2
Event: 4.077 Thread 0x000002a2875019f0 Uncommon trap: trap_request=0xffffff45 fr.pc=0x000002a2f6c8acac relative=0x000000000000028c
Event: 4.077 Thread 0x000002a2875019f0 Uncommon trap: reason=unstable_if action=reinterpret pc=0x000002a2f6c8acac method=java.util.concurrent.ConcurrentHashMap.get(Ljava/lang/Object;)Ljava/lang/Object; @ 152 c2
Event: 4.077 Thread 0x000002a2875019f0 DEOPT PACKING pc=0x000002a2f6c8acac sp=0x000000b05cdfb0e0
Event: 4.077 Thread 0x000002a2875019f0 DEOPT UNPACKING pc=0x000002a2ef1623a3 sp=0x000000b05cdfb048 mode 2
Event: 4.143 Thread 0x000002a2875019f0 Uncommon trap: trap_request=0xffffffcc fr.pc=0x000002a2f6cefdd4 relative=0x0000000000000334
Event: 4.143 Thread 0x000002a2875019f0 Uncommon trap: reason=intrinsic_or_type_checked_inlining action=make_not_entrant pc=0x000002a2f6cefdd4 method=java.util.Arrays.copyOf([Ljava/lang/Object;ILjava/lang/Class;)[Ljava/lang/Object; @ 35 c2
Event: 4.143 Thread 0x000002a2875019f0 DEOPT PACKING pc=0x000002a2f6cefdd4 sp=0x000000b05cdfbe00
Event: 4.143 Thread 0x000002a2875019f0 DEOPT UNPACKING pc=0x000002a2ef1623a3 sp=0x000000b05cdfbd90 mode 2

Classes loaded (20 events):
Event: 4.088 Loading class java/util/stream/MatchOps
Event: 4.090 Loading class java/util/stream/MatchOps done
Event: 4.090 Loading class java/util/stream/MatchOps$MatchOp
Event: 4.091 Loading class java/util/stream/MatchOps$MatchOp done
Event: 4.092 Loading class java/util/stream/MatchOps$BooleanTerminalSink
Event: 4.092 Loading class java/util/stream/MatchOps$BooleanTerminalSink done
Event: 4.095 Loading class java/util/stream/MatchOps$1MatchSink
Event: 4.097 Loading class java/util/stream/MatchOps$1MatchSink done
Event: 4.212 Loading class java/util/ConcurrentModificationException
Event: 4.212 Loading class java/util/ConcurrentModificationException done
Event: 4.361 Loading class java/lang/InstantiationException
Event: 4.361 Loading class java/lang/InstantiationException done
Event: 4.462 Loading class java/util/concurrent/atomic/AtomicReferenceFieldUpdater
Event: 4.463 Loading class java/util/concurrent/atomic/AtomicReferenceFieldUpdater done
Event: 4.463 Loading class java/util/concurrent/atomic/AtomicReferenceFieldUpdater$AtomicReferenceFieldUpdaterImpl
Event: 4.463 Loading class java/util/concurrent/atomic/AtomicReferenceFieldUpdater$AtomicReferenceFieldUpdaterImpl done
Event: 4.463 Loading class java/util/concurrent/atomic/AtomicReferenceFieldUpdater$AtomicReferenceFieldUpdaterImpl$1
Event: 4.463 Loading class java/util/concurrent/atomic/AtomicReferenceFieldUpdater$AtomicReferenceFieldUpdaterImpl$1 done
Event: 4.463 Loading class sun/reflect/misc/ReflectUtil
Event: 4.464 Loading class sun/reflect/misc/ReflectUtil done

Classes unloaded (0 events):
No events

Classes redefined (0 events):
No events

Internal exceptions (20 events):
Event: 3.482 Thread 0x000002a2875019f0 Exception <a 'java/lang/NoSuchMethodError'{0x00000000ed6507b8}: 'java.lang.Object java.lang.invoke.DirectMethodHandle$Holder.invokeStatic(java.lang.Object, java.lang.Object, java.lang.Object, java.lang.Object, java.lang.Object, java.lang.Object, java.lang.Object, java.lang.Object, java.lang.Object, java.lang.Object, java.lang.Object, java.lang.Object, java.lang.Object, java.lang.Object, java.lang.Object, java.lang.Object, java.lang.Object, java.lang.Object, java.lang.Object, java.lang.Object, java.lang.Obj
Event: 3.486 Thread 0x000002a2875019f0 Exception <a 'java/lang/NoSuchMethodError'{0x00000000ed67d910}: 'java.lang.Object java.lang.invoke.DirectMethodHandle$Holder.invokeStatic(java.lang.Object, java.lang.Object, java.lang.Object, java.lang.Object, java.lang.Object, java.lang.Object, java.lang.Object, java.lang.Object, java.lang.Object, java.lang.Object, java.lang.Object, java.lang.Object, java.lang.Object, java.lang.Object, java.lang.Object, java.lang.Object, java.lang.Object, java.lang.Object, java.lang.Object, java.lang.Object, java.lang.Obj
Event: 3.490 Thread 0x000002a2875019f0 Exception <a 'java/lang/NoSuchMethodError'{0x00000000ed6ac958}: 'java.lang.Object java.lang.invoke.DirectMethodHandle$Holder.invokeStatic(java.lang.Object, java.lang.Object, java.lang.Object, java.lang.Object, java.lang.Object, java.lang.Object, java.lang.Object, java.lang.Object, java.lang.Object, java.lang.Object, java.lang.Object, java.lang.Object, java.lang.Object, java.lang.Object, java.lang.Object, java.lang.Object, java.lang.Object, java.lang.Object, java.lang.Object, java.lang.Object, java.lang.Obj
Event: 3.570 Thread 0x000002a2875019f0 Exception <a 'java/lang/NoSuchMethodError'{0x00000000ed2743a0}: 'void java.lang.invoke.DirectMethodHandle$Holder.invokeInterface(java.lang.Object, java.lang.Object)'> (0x00000000ed2743a0) 
thrown [s\open\src\hotspot\share\interpreter\linkResolver.cpp, line 766]
Event: 3.571 Thread 0x000002a2875019f0 Exception <a 'java/lang/IncompatibleClassChangeError'{0x00000000ed277dd0}: Found class java.lang.Object, but interface was expected> (0x00000000ed277dd0) 
thrown [s\open\src\hotspot\share\interpreter\linkResolver.cpp, line 833]
Event: 3.642 Thread 0x000002a2875019f0 Exception <a 'java/lang/NoSuchMethodError'{0x00000000ecf63858}: 'int java.lang.invoke.DirectMethodHandle$Holder.invokeSpecialIFC(java.lang.Object, java.lang.Object, java.lang.Object, java.lang.Object)'> (0x00000000ecf63858) 
thrown [s\open\src\hotspot\share\interpreter\linkResolver.cpp, line 766]
Event: 3.646 Thread 0x000002a2875019f0 Exception <a 'java/lang/NoSuchMethodError'{0x00000000ecf72c68}: 'java.lang.Object java.lang.invoke.DirectMethodHandle$Holder.invokeInterface(java.lang.Object, java.lang.Object, java.lang.Object)'> (0x00000000ecf72c68) 
thrown [s\open\src\hotspot\share\interpreter\linkResolver.cpp, line 766]
Event: 3.646 Thread 0x000002a2875019f0 Exception <a 'java/lang/IncompatibleClassChangeError'{0x00000000ecf76878}: Found class java.lang.Object, but interface was expected> (0x00000000ecf76878) 
thrown [s\open\src\hotspot\share\interpreter\linkResolver.cpp, line 833]
Event: 3.649 Thread 0x000002a2875019f0 Exception <a 'java/lang/NoSuchMethodError'{0x00000000ecf88f08}: 'java.lang.Object java.lang.invoke.DirectMethodHandle$Holder.newInvokeSpecial(java.lang.Object, java.lang.Object, java.lang.Object, java.lang.Object, java.lang.Object, java.lang.Object, java.lang.Object, java.lang.Object, java.lang.Object, java.lang.Object)'> (0x00000000ecf88f08) 
thrown [s\open\src\hotspot\share\interpreter\linkResolver.cpp, line 766]
Event: 3.752 Thread 0x000002a2875019f0 Exception <a 'java/lang/NoSuchMethodError'{0x00000000ecc62980}: 'int java.lang.invoke.DirectMethodHandle$Holder.invokeStatic(java.lang.Object, java.lang.Object, java.lang.Object, java.lang.Object)'> (0x00000000ecc62980) 
thrown [s\open\src\hotspot\share\interpreter\linkResolver.cpp, line 766]
Event: 3.786 Thread 0x000002a2875019f0 Exception <a 'java/lang/NoSuchMethodError'{0x00000000ecb411c8}: 'java.lang.Object java.lang.invoke.DirectMethodHandle$Holder.invokeVirtual(java.lang.Object, java.lang.Object, java.lang.Object, java.lang.Object, java.lang.Object, java.lang.Object, java.lang.Object, java.lang.Object, java.lang.Object, java.lang.Object, java.lang.Object, java.lang.Object, java.lang.Object, java.lang.Object, java.lang.Object, java.lang.Object, java.lang.Object, java.lang.Object, java.lang.Object, java.lang.Object)'> (0x0000000
Event: 3.787 Thread 0x000002a2875019f0 Exception <a 'java/lang/NoSuchMethodError'{0x00000000ecb46de0}: 'java.lang.Object java.lang.invoke.DirectMethodHandle$Holder.invokeSpecial(java.lang.Object, java.lang.Object, java.lang.Object, java.lang.Object, java.lang.Object, java.lang.Object, java.lang.Object, java.lang.Object, java.lang.Object, java.lang.Object, java.lang.Object, java.lang.Object, java.lang.Object, java.lang.Object, java.lang.Object, java.lang.Object, java.lang.Object, java.lang.Object, java.lang.Object, java.lang.Object, java.lang.Ob
Event: 3.787 Thread 0x000002a2875019f0 Exception <a 'java/lang/NoSuchMethodError'{0x00000000ecb4c290}: 'java.lang.Object java.lang.invoke.DelegatingMethodHandle$Holder.reinvoke_L(java.lang.Object, java.lang.Object, java.lang.Object, java.lang.Object, java.lang.Object, java.lang.Object, java.lang.Object, java.lang.Object, java.lang.Object, java.lang.Object, java.lang.Object, java.lang.Object, java.lang.Object, java.lang.Object, java.lang.Object, java.lang.Object, java.lang.Object, java.lang.Object, java.lang.Object, java.lang.Object)'> (0x000000
Event: 3.809 Thread 0x000002a2875019f0 Exception <a 'java/lang/NoSuchMethodError'{0x00000000ecbefba0}: 'java.lang.Object java.lang.invoke.DirectMethodHandle$Holder.invokeInterface(java.lang.Object, java.lang.Object)'> (0x00000000ecbefba0) 
thrown [s\open\src\hotspot\share\interpreter\linkResolver.cpp, line 766]
Event: 3.965 Thread 0x000002a2875019f0 Exception <a 'java/lang/NoSuchMethodError'{0x00000000ec471170}: 'void java.lang.invoke.DirectMethodHandle$Holder.invokeStatic(java.lang.Object, java.lang.Object)'> (0x00000000ec471170) 
thrown [s\open\src\hotspot\share\interpreter\linkResolver.cpp, line 766]
Event: 4.176 Thread 0x000002a2875019f0 Exception <a 'java/lang/NoSuchMethodError'{0x00000000ec0dde60}: 'java.lang.Object java.lang.invoke.DirectMethodHandle$Holder.newInvokeSpecial(java.lang.Object, java.lang.Object, java.lang.Object, java.lang.Object, java.lang.Object, java.lang.Object, java.lang.Object)'> (0x00000000ec0dde60) 
thrown [s\open\src\hotspot\share\interpreter\linkResolver.cpp, line 766]
Event: 4.177 Thread 0x000002a2875019f0 Exception <a 'java/lang/NoSuchMethodError'{0x00000000ec0e2890}: 'java.lang.Object java.lang.invoke.Invokers$Holder.linkToTargetMethod(java.lang.Object, java.lang.Object, java.lang.Object, java.lang.Object, java.lang.Object, java.lang.Object, java.lang.Object)'> (0x00000000ec0e2890) 
thrown [s\open\src\hotspot\share\interpreter\linkResolver.cpp, line 766]
Event: 4.222 Thread 0x000002a2875019f0 Exception <a 'java/lang/NoSuchMethodError'{0x00000000ebf92a70}: 'void java.lang.invoke.DirectMethodHandle$Holder.invokeSpecial(java.lang.Object, java.lang.Object, java.lang.Object, java.lang.Object, java.lang.Object, java.lang.Object, java.lang.Object)'> (0x00000000ebf92a70) 
thrown [s\open\src\hotspot\share\interpreter\linkResolver.cpp, line 766]
Event: 4.278 Thread 0x000002a2875019f0 Exception <a 'java/lang/NoSuchMethodError'{0x00000000ebd15100}: 'java.lang.Object java.lang.invoke.DirectMethodHandle$Holder.invokeVirtual(java.lang.Object, java.lang.Object, java.lang.Object, java.lang.Object, java.lang.Object, java.lang.Object, java.lang.Object, java.lang.Object, java.lang.Object, java.lang.Object, java.lang.Object, java.lang.Object, java.lang.Object, java.lang.Object, java.lang.Object, java.lang.Object, java.lang.Object, java.lang.Object, java.lang.Object, java.lang.Object, java.lang.Ob
Event: 4.545 Thread 0x000002a2875019f0 Exception <a 'java/lang/NoSuchMethodError'{0x00000000ebac75f0}: 'int java.lang.invoke.DirectMethodHandle$Holder.invokeStaticInit(java.lang.Object, java.lang.Object, java.lang.Object)'> (0x00000000ebac75f0) 
thrown [s\open\src\hotspot\share\interpreter\linkResolver.cpp, line 766]

VM Operations (20 events):
Event: 2.496 Executing VM operation: HandshakeAllThreads
Event: 2.496 Executing VM operation: HandshakeAllThreads done
Event: 2.536 Executing VM operation: HandshakeAllThreads
Event: 2.536 Executing VM operation: HandshakeAllThreads done
Event: 2.630 Executing VM operation: HandshakeAllThreads
Event: 2.630 Executing VM operation: HandshakeAllThreads done
Event: 2.678 Executing VM operation: HandshakeAllThreads
Event: 2.678 Executing VM operation: HandshakeAllThreads done
Event: 2.708 Executing VM operation: HandshakeAllThreads
Event: 2.708 Executing VM operation: HandshakeAllThreads done
Event: 2.777 Executing VM operation: HandshakeAllThreads
Event: 2.777 Executing VM operation: HandshakeAllThreads done
Event: 3.416 Executing VM operation: ICBufferFull
Event: 3.416 Executing VM operation: ICBufferFull done
Event: 3.499 Executing VM operation: HandshakeAllThreads
Event: 3.499 Executing VM operation: HandshakeAllThreads done
Event: 3.500 Executing VM operation: HandshakeAllThreads
Event: 3.500 Executing VM operation: HandshakeAllThreads done
Event: 4.333 Executing VM operation: ICBufferFull
Event: 4.334 Executing VM operation: ICBufferFull done

Events (20 events):
Event: 1.070 Loaded shared library C:\Users\LUCKY\.gradle\native\0d407fdbe67a94daf76414ababcb853783967236a71b16ec16e742cd7a986fd3\windows-amd64\native-platform-file-events.dll
Event: 1.556 Thread 0x000002a2ffb53210 Thread exited: 0x000002a2ffb53210
Event: 1.774 Thread 0x000002a286771e50 Thread added: 0x000002a286771e50
Event: 1.902 Thread 0x000002a286771e50 Thread exited: 0x000002a286771e50
Event: 2.144 Thread 0x000002a286de0300 Thread added: 0x000002a286de0300
Event: 2.511 Loaded shared library C:\Program Files\Java\jdk-18.0.1.1\bin\management.dll
Event: 2.514 Loaded shared library C:\Program Files\Java\jdk-18.0.1.1\bin\management_ext.dll
Event: 2.557 Thread 0x000002a286ebbe80 Thread added: 0x000002a286ebbe80
Event: 2.878 Thread 0x000002a286dfcfd0 Thread added: 0x000002a286dfcfd0
Event: 2.952 Thread 0x000002a287287c30 Thread added: 0x000002a287287c30
Event: 2.980 Thread 0x000002a287501070 Thread added: 0x000002a287501070
Event: 2.983 Thread 0x000002a287501530 Thread added: 0x000002a287501530
Event: 3.011 Thread 0x000002a2872bb060 Thread added: 0x000002a2872bb060
Event: 3.020 Thread 0x000002a2875019f0 Thread added: 0x000002a2875019f0
Event: 3.040 Thread 0x000002a2874c75d0 Thread added: 0x000002a2874c75d0
Event: 3.044 Thread 0x000002a287558cc0 Thread added: 0x000002a287558cc0
Event: 3.051 Thread 0x000002a287557980 Thread added: 0x000002a287557980
Event: 3.200 Thread 0x000002a287558320 Thread added: 0x000002a287558320
Event: 3.230 Thread 0x000002a287559190 Thread added: 0x000002a287559190
Event: 3.613 Thread 0x000002a287556640 Thread added: 0x000002a287556640


Dynamic libraries:
0x00007ff7d4520000 - 0x00007ff7d4530000 	C:\Program Files\Java\jdk-18.0.1.1\bin\java.exe
0x00007ff8fae50000 - 0x00007ff8fb048000 	C:\Windows\SYSTEM32\ntdll.dll
0x00007ff8f9ed0000 - 0x00007ff8f9f8d000 	C:\Windows\System32\KERNEL32.DLL
0x00007ff8f8660000 - 0x00007ff8f892e000 	C:\Windows\System32\KERNELBASE.dll
0x00007ff8f8cb0000 - 0x00007ff8f8db0000 	C:\Windows\System32\ucrtbase.dll
0x00007ff8cc5d0000 - 0x00007ff8cc5e8000 	C:\Program Files\Java\jdk-18.0.1.1\bin\jli.dll
0x00007ff8cb2c0000 - 0x00007ff8cb2da000 	C:\Program Files\Java\jdk-18.0.1.1\bin\VCRUNTIME140.dll
0x00007ff8f9ba0000 - 0x00007ff8f9c4e000 	C:\Windows\System32\ADVAPI32.dll
0x00007ff8f9300000 - 0x00007ff8f939e000 	C:\Windows\System32\msvcrt.dll
0x00007ff8fa130000 - 0x00007ff8fa1cc000 	C:\Windows\System32\sechost.dll
0x00007ff8fa660000 - 0x00007ff8fa785000 	C:\Windows\System32\RPCRT4.dll
0x00007ff8f9f90000 - 0x00007ff8fa130000 	C:\Windows\System32\USER32.dll
0x00007ff8f8a90000 - 0x00007ff8f8ab2000 	C:\Windows\System32\win32u.dll
0x00007ff8f9420000 - 0x00007ff8f944a000 	C:\Windows\System32\GDI32.dll
0x00007ff8eb540000 - 0x00007ff8eb7da000 	C:\Windows\WinSxS\amd64_microsoft.windows.common-controls_6595b64144ccf1df_6.0.19041.1110_none_60b5254171f9507e\COMCTL32.dll
0x00007ff8f8b70000 - 0x00007ff8f8c7b000 	C:\Windows\System32\gdi32full.dll
0x00007ff8f8570000 - 0x00007ff8f860d000 	C:\Windows\System32\msvcp_win.dll
0x00007ff8eb040000 - 0x00007ff8eb04a000 	C:\Windows\SYSTEM32\VERSION.dll
0x00007ff8f8eb0000 - 0x00007ff8f8ee0000 	C:\Windows\System32\IMM32.DLL
0x00007ff8e4590000 - 0x00007ff8e459c000 	C:\Program Files\Java\jdk-18.0.1.1\bin\vcruntime140_1.dll
0x00007ff8adae0000 - 0x00007ff8adb6d000 	C:\Program Files\Java\jdk-18.0.1.1\bin\msvcp140.dll
0x00007ff89ea20000 - 0x00007ff89f630000 	C:\Program Files\Java\jdk-18.0.1.1\bin\server\jvm.dll
0x00007ff8f8ee0000 - 0x00007ff8f8ee8000 	C:\Windows\System32\PSAPI.DLL
0x00007ff8e3c40000 - 0x00007ff8e3c49000 	C:\Windows\SYSTEM32\WSOCK32.dll
0x00007ff8ea970000 - 0x00007ff8ea997000 	C:\Windows\SYSTEM32\WINMM.dll
0x00007ff8fa440000 - 0x00007ff8fa4ab000 	C:\Windows\System32\WS2_32.dll
0x00007ff8f5690000 - 0x00007ff8f56a2000 	C:\Windows\SYSTEM32\kernel.appcore.dll
0x00007ff8e38c0000 - 0x00007ff8e38ca000 	C:\Program Files\Java\jdk-18.0.1.1\bin\jimage.dll
0x00007ff8f7d60000 - 0x00007ff8f7f44000 	C:\Windows\SYSTEM32\DBGHELP.DLL
0x00007ff8f7d30000 - 0x00007ff8f7d5c000 	C:\Windows\SYSTEM32\dbgcore.DLL
0x00007ff8f8db0000 - 0x00007ff8f8e32000 	C:\Windows\System32\bcryptPrimitives.dll
0x00007ff8c99c0000 - 0x00007ff8c99e5000 	C:\Program Files\Java\jdk-18.0.1.1\bin\java.dll
0x00007ff8a1000000 - 0x00007ff8a10d6000 	C:\Program Files\Java\jdk-18.0.1.1\bin\jsvml.dll
0x00007ff8f9450000 - 0x00007ff8f9b94000 	C:\Windows\System32\SHELL32.dll
0x00007ff8f58d0000 - 0x00007ff8f6064000 	C:\Windows\SYSTEM32\windows.storage.dll
0x00007ff8f8fa0000 - 0x00007ff8f92f4000 	C:\Windows\System32\combase.dll
0x00007ff8f78e0000 - 0x00007ff8f7910000 	C:\Windows\SYSTEM32\Wldp.dll
0x00007ff8f9d50000 - 0x00007ff8f9dfd000 	C:\Windows\System32\SHCORE.dll
0x00007ff8fac00000 - 0x00007ff8fac55000 	C:\Windows\System32\shlwapi.dll
0x00007ff8f84b0000 - 0x00007ff8f84cf000 	C:\Windows\SYSTEM32\profapi.dll
0x00007ff8c93b0000 - 0x00007ff8c93c3000 	C:\Program Files\Java\jdk-18.0.1.1\bin\net.dll
0x00007ff8ecc20000 - 0x00007ff8ecd2a000 	C:\Windows\SYSTEM32\WINHTTP.dll
0x00007ff8f77b0000 - 0x00007ff8f781a000 	C:\Windows\system32\mswsock.dll
0x00007ff8c8280000 - 0x00007ff8c8296000 	C:\Program Files\Java\jdk-18.0.1.1\bin\nio.dll
0x00007ff8c8060000 - 0x00007ff8c8078000 	C:\Program Files\Java\jdk-18.0.1.1\bin\zip.dll
0x00007ff8f6a30000 - 0x00007ff8f6a40000 	C:\Program Files\Java\jdk-18.0.1.1\bin\verify.dll
0x00007ff8c97c0000 - 0x00007ff8c97e7000 	C:\Users\LUCKY\.gradle\native\e1d6ef7f7dcc3fd88c89a11ec53ec762bb8ba0a96d01ffa2cd45eb1d1d8dd5c5\windows-amd64\native-platform.dll
0x00007ff89f640000 - 0x00007ff89f784000 	C:\Users\LUCKY\.gradle\native\0d407fdbe67a94daf76414ababcb853783967236a71b16ec16e742cd7a986fd3\windows-amd64\native-platform-file-events.dll
0x00007ff8e2900000 - 0x00007ff8e2909000 	C:\Program Files\Java\jdk-18.0.1.1\bin\management.dll
0x00007ff8e2220000 - 0x00007ff8e222b000 	C:\Program Files\Java\jdk-18.0.1.1\bin\management_ext.dll
0x00007ff8f82b0000 - 0x00007ff8f82c8000 	C:\Windows\SYSTEM32\CRYPTSP.dll
0x00007ff8f6f80000 - 0x00007ff8f6fb4000 	C:\Windows\system32\rsaenh.dll
0x00007ff8f8c80000 - 0x00007ff8f8ca7000 	C:\Windows\System32\bcrypt.dll
0x00007ff8f8430000 - 0x00007ff8f845e000 	C:\Windows\SYSTEM32\USERENV.dll
0x00007ff8f76c0000 - 0x00007ff8f76cc000 	C:\Windows\SYSTEM32\CRYPTBASE.dll
0x00007ff8f72d0000 - 0x00007ff8f730b000 	C:\Windows\SYSTEM32\IPHLPAPI.DLL
0x00007ff8f9ec0000 - 0x00007ff8f9ec8000 	C:\Windows\System32\NSI.dll
0x00007ff8f0840000 - 0x00007ff8f0857000 	C:\Windows\SYSTEM32\dhcpcsvc6.DLL
0x00007ff8f1aa0000 - 0x00007ff8f1abd000 	C:\Windows\SYSTEM32\dhcpcsvc.DLL
0x00007ff8f7310000 - 0x00007ff8f73db000 	C:\Windows\SYSTEM32\DNSAPI.dll

dbghelp: loaded successfully - version: 4.0.5 - missing functions: none
symbol engine: initialized successfully - sym options: 0x614 - pdb path: .;C:\Program Files\Java\jdk-18.0.1.1\bin;C:\Windows\SYSTEM32;C:\Windows\WinSxS\amd64_microsoft.windows.common-controls_6595b64144ccf1df_6.0.19041.1110_none_60b5254171f9507e;C:\Program Files\Java\jdk-18.0.1.1\bin\server;C:\Users\LUCKY\.gradle\native\e1d6ef7f7dcc3fd88c89a11ec53ec762bb8ba0a96d01ffa2cd45eb1d1d8dd5c5\windows-amd64;C:\Users\LUCKY\.gradle\native\0d407fdbe67a94daf76414ababcb853783967236a71b16ec16e742cd7a986fd3\windows-amd64

VM Arguments:
jvm_args: --add-opens=java.base/java.util=ALL-UNNAMED --add-opens=java.base/java.lang=ALL-UNNAMED --add-opens=java.base/java.lang.invoke=ALL-UNNAMED --add-opens=java.base/java.util=ALL-UNNAMED --add-opens=java.prefs/java.util.prefs=ALL-UNNAMED --add-opens=java.prefs/java.util.prefs=ALL-UNNAMED --add-opens=java.base/java.nio.charset=ALL-UNNAMED --add-opens=java.base/java.net=ALL-UNNAMED --add-opens=java.base/java.util.concurrent.atomic=ALL-UNNAMED -XX:MaxMetaspaceSize=256m -XX:+HeapDumpOnOutOfMemoryError -Xms256m -Xmx512m -Dfile.encoding=UTF-8 -Duser.country=US -Duser.language=en -Duser.variant 
java_command: org.gradle.launcher.daemon.bootstrap.GradleDaemon 7.5
java_class_path (initial): C:\Users\LUCKY\.gradle\wrapper\dists\gradle-7.5-all\6qsw290k5lz422uaf8jf6m7co\gradle-7.5\lib\gradle-launcher-7.5.jar
Launcher Type: SUN_STANDARD

[Global flags]
     intx CICompilerCount                          = 3                                         {product} {ergonomic}
   size_t CompressedClassSpaceSize                 = 218103808                                 {product} {ergonomic}
     uint ConcGCThreads                            = 1                                         {product} {ergonomic}
     uint G1ConcRefinementThreads                  = 4                                         {product} {ergonomic}
   size_t G1HeapRegionSize                         = 1048576                                   {product} {ergonomic}
    uintx GCDrainStackTargetSize                   = 64                                        {product} {ergonomic}
     bool HeapDumpOnOutOfMemoryError               = true                                   {manageable} {command line}
   size_t InitialHeapSize                          = 268435456                                 {product} {command line}
   size_t MarkStackSize                            = 4194304                                   {product} {ergonomic}
   size_t MaxHeapSize                              = 536870912                                 {product} {command line}
   size_t MaxMetaspaceSize                         = 268435456                                 {product} {command line}
   size_t MaxNewSize                               = 321912832                                 {product} {ergonomic}
   size_t MinHeapDeltaBytes                        = 1048576                                   {product} {ergonomic}
   size_t MinHeapSize                              = 268435456                                 {product} {command line}
    uintx NonNMethodCodeHeapSize                   = 5832780                                {pd product} {ergonomic}
    uintx NonProfiledCodeHeapSize                  = 122912730                              {pd product} {ergonomic}
    uintx ProfiledCodeHeapSize                     = 122912730                              {pd product} {ergonomic}
    uintx ReservedCodeCacheSize                    = 251658240                              {pd product} {ergonomic}
     bool SegmentedCodeCache                       = true                                      {product} {ergonomic}
   size_t SoftMaxHeapSize                          = 536870912                              {manageable} {ergonomic}
     bool UseCompressedClassPointers               = true                           {product lp64_product} {ergonomic}
     bool UseCompressedOops                        = true                           {product lp64_product} {ergonomic}
     bool UseG1GC                                  = true                                      {product} {ergonomic}
     bool UseLargePagesIndividualAllocation        = false                                  {pd product} {ergonomic}

Logging:
Log output configuration:
 #0: stdout all=warning uptime,level,tags foldmultilines=false
 #1: stderr all=off uptime,level,tags foldmultilines=false

Environment Variables:
CLASSPATH=D:\MyWork\ReactNative\BPM\BPM_MIC-main\android\\gradle\wrapper\gradle-wrapper.jar
PATH=C:\Program Files\Common Files\Oracle\Java\javapath;C:\Windows\system32;C:\Windows;C:\Windows\System32\Wbem;C:\Windows\System32\WindowsPowerShell\v1.0\;C:\Windows\System32\OpenSSH\;C:\Program Files\Git\cmd;C:\Users\LUCKY\AppData\Roaming\nvm;C:\Program Files\nodejs;C:\xampp\php;C:\ProgramData\ComposerSetup\bin;C:\Program Files\PuTTY\;C:\Program Files\Java\jdk-18.0.1.1\bin;C:\Program Files\Microsoft SQL Server\150\Tools\Binn\;C:\Users\LUCKY\AppData\Local\Programs\Python\Python310\Scripts\;C:\Users\LUCKY\AppData\Local\Programs\Python\Python310\;C:\Users\LUCKY\AppData\Local\Microsoft\WindowsApps;C:\Program Files\Bandizip\;C:\Users\LUCKY\AppData\Roaming\npm;C:\Users\LUCKY\AppData\Local\Programs\Microsoft VS Code\bin;C:\Users\LUCKY\AppData\Roaming\nvm;C:\Program Files\nodejs;C:\Users\LUCKY\AppData\Roaming\Composer\vendor\bin;C:\Program Files\JetBrains\PyCharm Community Edition 2022.1.1\bin;
USERNAME=LUCKY
OS=Windows_NT
PROCESSOR_IDENTIFIER=Intel64 Family 6 Model 58 Stepping 9, GenuineIntel



---------------  S Y S T E M  ---------------

OS:
 Windows 10 , 64 bit Build 19041 (10.0.19041.1806)
OS uptime: 2 days 6:37 hours

CPU: total 4 (initial active 4) (2 cores per cpu, 2 threads per core) family 6 model 58 stepping 9 microcode 0x21, cx8, cmov, fxsr, ht, mmx, sse, sse2, sse3, ssse3, sse4.1, sse4.2, popcnt, tsc, tscinvbit, avx, aes, erms, clmul, vzeroupper, clflush

Memory: 4k page, system-wide physical 12182M (3156M free)
TotalPageFile size 16790M (AvailPageFile size 4788M)
current process WorkingSet (physical memory assigned to process): 209M, peak: 209M
current process commit charge ("private bytes"): 426M, peak: 427M

vm_info: Java HotSpot(TM) 64-Bit Server VM (18.0.1.1+2-6) for windows-amd64 JRE (18.0.1.1+2-6), built on Apr 25 2022 21:53:15 by "mach5one" with MS VC++ 16.8 / 16.9 (VS2019)

END.
