#
# A fatal error has been detected by the Java Runtime Environment:
#
#  EXCEPTION_ACCESS_VIOLATION (0xc0000005) at pc=0x00007ff89edaa9a0, pid=14768, tid=13884
#
# JRE version: Java(TM) SE Runtime Environment (18.0.1.1+2) (build 18.0.1.1+2-6)
# Java VM: Java HotSpot(TM) 64-Bit Server VM (18.0.1.1+2-6, mixed mode, sharing, tiered, compressed oops, compressed class ptrs, g1 gc, windows-amd64)
# Problematic frame:
# V  [jvm.dll+0x38a9a0]
#
# No core dump will be written. Minidumps are not enabled by default on client versions of Windows
#
# If you would like to submit a bug report, please visit:
#   https://bugreport.java.com/bugreport/crash.jsp
#

---------------  S U M M A R Y ------------

Command Line: --add-opens=java.base/java.util=ALL-UNNAMED --add-opens=java.base/java.lang=ALL-UNNAMED --add-opens=java.base/java.lang.invoke=ALL-UNNAMED --add-opens=java.base/java.util=ALL-UNNAMED --add-opens=java.prefs/java.util.prefs=ALL-UNNAMED --add-opens=java.prefs/java.util.prefs=ALL-UNNAMED --add-opens=java.base/java.nio.charset=ALL-UNNAMED --add-opens=java.base/java.net=ALL-UNNAMED --add-opens=java.base/java.util.concurrent.atomic=ALL-UNNAMED -XX:MaxMetaspaceSize=256m -XX:+HeapDumpOnOutOfMemoryError -Xms256m -Xmx512m -Dfile.encoding=UTF-8 -Duser.country=US -Duser.language=en -Duser.variant org.gradle.launcher.daemon.bootstrap.GradleDaemon 7.5

Host: Intel(R) Core(TM) i5-3230M CPU @ 2.60GHz, 4 cores, 11G,  Windows 10 , 64 bit Build 19041 (10.0.19041.1806)
Time: Fri Jul 29 07:05:03 2022 Tokyo Standard Time elapsed time: 140.920314 seconds (0d 0h 2m 20s)

---------------  T H R E A D  ---------------

Current thread (0x00000179e33df690):  JavaThread "C2 CompilerThread1" daemon [_thread_in_native, id=13884, stack(0x0000002d56600000,0x0000002d56700000)]


Current CompileTask:
C2: 140920 11139 %     4       org.objectweb.asm.ClassReader::readCode @ 92 (5109 bytes)

Stack: [0x0000002d56600000,0x0000002d56700000],  sp=0x0000002d566fb5f0,  free space=1005k
Native frames: (J=compiled Java code, j=interpreted, Vv=VM code, C=native code)
V  [jvm.dll+0x38a9a0]
V  [jvm.dll+0x38645d]
V  [jvm.dll+0x1d337d]
V  [jvm.dll+0x1d2871]
V  [jvm.dll+0x22fd79]
V  [jvm.dll+0x22eff1]
V  [jvm.dll+0x1b9cfc]
V  [jvm.dll+0x23e8ca]
V  [jvm.dll+0x23cbb5]
V  [jvm.dll+0x7a5fb1]
V  [jvm.dll+0x7a03ea]
V  [jvm.dll+0x697725]
C  [ucrtbase.dll+0x21bb2]
C  [KERNEL32.DLL+0x17034]
C  [ntdll.dll+0x52651]


siginfo: EXCEPTION_ACCESS_VIOLATION (0xc0000005), reading address 0x00007df89f5536b0


Register to memory mapping:

RIP=0x00007ff89edaa9a0 jvm.dll
RAX=0x0 is NULL
RBX=0x0000002d566fb640 is pointing into the stack for thread: 0x00000179e33df690
RCX=0x0 is NULL
RDX=0x00007df89f5536b0 is an unknown value
RSP=0x0000002d566fb5f0 is pointing into the stack for thread: 0x00000179e33df690
RBP=0x0000000000000024 is an unknown value
RSI=0x00007ff89f5536b0 jvm.dll
RDI=0x0000000000000006 is an unknown value
R8 =0x0 is NULL
R9 =0x0 is NULL
R10=0x0000000000000013 is an unknown value
R11=0x00000179e74446d0 points into unknown readable memory: 0x0000001300000003 | 03 00 00 00 13 00 00 00
R12=0x0 is NULL
R13=0x00000179de0cc580 points into unknown readable memory: 0x0000000000000000 | 00 00 00 00 00 00 00 00
R14=0x00000000000ba680 is an unknown value
R15=0x00000179e28cf010 points into unknown readable memory: 0x00000179e738a040 | 40 a0 38 e7 79 01 00 00


Registers:
RAX=0x0000000000000000, RBX=0x0000002d566fb640, RCX=0x0000000000000000, RDX=0x00007df89f5536b0
RSP=0x0000002d566fb5f0, RBP=0x0000000000000024, RSI=0x00007ff89f5536b0, RDI=0x0000000000000006
R8 =0x0000000000000000, R9 =0x0000000000000000, R10=0x0000000000000013, R11=0x00000179e74446d0
R12=0x0000000000000000, R13=0x00000179de0cc580, R14=0x00000000000ba680, R15=0x00000179e28cf010
RIP=0x00007ff89edaa9a0, EFLAGS=0x0000000000010246

Top of Stack: (sp=0x0000002d566fb5f0)
0x0000002d566fb5f0:   0000002d566fb640 0000000000000005
0x0000002d566fb600:   00007ff89f5536b0 00007ff89ec34c9b
0x0000002d566fb610:   00000179e7617110 00007ff89eda645d
0x0000002d566fb620:   0000002d566fb8e0 00000000000012a4
0x0000002d566fb630:   00007ff89f31a2b0 00007ff89ec4f4e2
0x0000002d566fb640:   0000000000000000 0000000400000000
0x0000002d566fb650:   0000001300000000 00007df89f5536b0
0x0000002d566fb660:   00000179e5928190 00000179e74446d0
0x0000002d566fb670:   00000179e28cf020 00007ff89ebf337d
0x0000002d566fb680:   00000000000012a4 0000002d566fb780
0x0000002d566fb690:   0000002d566fbd60 0000002d566fbc80
0x0000002d566fb6a0:   0000000000000000 00000003000012a4
0x0000002d566fb6b0:   0000001300000013 00000179e27dfec0
0x0000002d566fb6c0:   00000179e59282e8 00000179e7444770
0x0000002d566fb6d0:   00000179e7f09ed0 00000179e7f09ed0
0x0000002d566fb6e0:   00000179e4582678 00007ff800000002 

Instructions: (pc=0x00007ff89edaa9a0)
0x00007ff89edaa8a0:   48 8b a8 80 00 00 00 48 8b 8d d0 08 00 00 48 85
0x00007ff89edaa8b0:   c9 75 0c e8 78 0b 00 00 48 8b 8d d0 08 00 00 48
0x00007ff89edaa8c0:   8b 01 0f 57 c0 48 89 85 d0 08 00 00 0f 11 01 0f
0x00007ff89edaa8d0:   11 41 10 41 0f 10 06 0f 11 01 41 0f 10 4e 10 0f
0x00007ff89edaa8e0:   11 49 10 48 8b 43 08 48 89 0c 06 ff c7 ba 50 00
0x00007ff89edaa8f0:   00 00 3b bb 90 00 00 00 0f 82 62 ff ff ff 4c 8b
0x00007ff89edaa900:   74 24 60 4c 8b 6c 24 58 4c 8b 64 24 50 48 8b c3
0x00007ff89edaa910:   48 83 c4 20 41 5f 5f 5e 5d 5b c3 cc cc cc cc cc
0x00007ff89edaa920:   40 53 48 83 ec 20 8b 51 0c 48 8b d9 83 fa 04 73
0x00007ff89edaa930:   2a 4c 8b 59 18 66 66 66 0f 1f 84 00 00 00 00 00
0x00007ff89edaa940:   44 8b d2 44 8d 4a 01 4b 83 3c d3 00 0f 85 8f 00
0x00007ff89edaa950:   00 00 41 8b d1 41 83 f9 04 72 e5 48 89 74 24 30
0x00007ff89edaa960:   48 89 7c 24 38 8b 79 10 3b 79 14 73 62 48 8d 35
0x00007ff89edaa970:   3c 8d 7a 00 0f 1f 40 00 0f 1f 84 00 00 00 00 00
0x00007ff89edaa980:   48 8b 43 20 8b cf 48 8b 14 c8 48 3b d6 74 39 33
0x00007ff89edaa990:   c0 48 89 53 18 33 c9 66 0f 1f 84 00 00 00 00 00
0x00007ff89edaa9a0:   48 83 3c 11 00 44 8d 48 01 75 6f 48 83 c1 08 41
0x00007ff89edaa9b0:   8b c1 41 83 f9 04 72 e8 48 8b 4b 28 48 85 c9 74
0x00007ff89edaa9c0:   07 8b d7 e8 58 01 00 00 ff c7 3b 7b 14 72 b1 48
0x00007ff89edaa9d0:   8b 74 24 30 33 c0 48 8b 7c 24 38 48 83 c4 20 5b
0x00007ff89edaa9e0:   c3 8b 41 10 44 8d 04 82 41 c1 e0 06 41 81 c0 00
0x00007ff89edaa9f0:   ff ff ff 44 89 41 08 4b 8b 14 d3 48 0f bc c2 44
0x00007ff89edaaa00:   89 49 0c 8b c8 48 d3 ea 48 ff ca 41 03 c0 48 89
0x00007ff89edaaa10:   13 89 43 08 48 83 c4 20 5b c3 48 8b 74 24 30 44
0x00007ff89edaaa20:   8d 04 b8 8b c8 8d 47 01 48 8b 7c 24 38 41 c1 e0
0x00007ff89edaaa30:   06 44 89 43 08 48 8b 14 ca 89 43 10 48 0f bc c2
0x00007ff89edaaa40:   44 89 4b 0c 8b c8 48 d3 ea 48 ff ca 41 03 c0 48
0x00007ff89edaaa50:   89 13 89 43 08 48 83 c4 20 5b c3 cc cc cc cc cc
0x00007ff89edaaa60:   40 53 48 83 ec 20 65 48 8b 04 25 58 00 00 00 8b
0x00007ff89edaaa70:   0d 33 a5 7e 00 48 8b 1c c8 b8 50 00 00 00 80 3c
0x00007ff89edaaa80:   18 00 75 05 e8 23 35 4c 00 b8 20 00 00 00 48 8b
0x00007ff89edaaa90:   04 18 48 8b 88 c0 04 00 00 48 8b 99 80 00 00 00 


Stack slot to memory mapping:
stack at sp + 0 slots: 0x0000002d566fb640 is pointing into the stack for thread: 0x00000179e33df690
stack at sp + 1 slots: 0x0000000000000005 is an unknown value
stack at sp + 2 slots: 0x00007ff89f5536b0 jvm.dll
stack at sp + 3 slots: 0x00007ff89ec34c9b jvm.dll
stack at sp + 4 slots: 0x00000179e7617110 points into unknown readable memory: 0x40230d188d97a518 | 18 a5 97 8d 18 0d 23 40
stack at sp + 5 slots: 0x00007ff89eda645d jvm.dll
stack at sp + 6 slots: 0x0000002d566fb8e0 is pointing into the stack for thread: 0x00000179e33df690
stack at sp + 7 slots: 0x00000000000012a4 is an unknown value


---------------  P R O C E S S  ---------------

Threads class SMR info:
_java_thread_list=0x00000179e2832330, length=80, elements={
0x00000179c4036a30, 0x00000179de0d0fc0, 0x00000179de0d1870, 0x00000179de0e4a30,
0x00000179de0e52e0, 0x00000179de0e5b90, 0x00000179de0e66c0, 0x00000179de0ea8e0,
0x00000179de0f41f0, 0x00000179de1022e0, 0x00000179e2478410, 0x00000179e2481b30,
0x00000179e369b300, 0x00000179e3c006e0, 0x00000179e3e9c070, 0x00000179e3ec9540,
0x00000179e3e58200, 0x00000179e3d54050, 0x00000179e39de590, 0x00000179e38355b0,
0x00000179e3837c30, 0x00000179e3834740, 0x00000179e3834c10, 0x00000179e3835a80,
0x00000179e38350e0, 0x00000179e3834270, 0x00000179e3835f50, 0x00000179e38368f0,
0x00000179e3836dc0, 0x00000179e3837290, 0x00000179e4a58140, 0x00000179e4a5d7e0,
0x00000179e4a572d0, 0x00000179e4a5b160, 0x00000179e4a57c70, 0x00000179e4a5bfd0,
0x00000179e4a5bb00, 0x00000179e4a5c4a0, 0x00000179e4a5a7c0, 0x00000179e4a56e00,
0x00000179e4a5c970, 0x00000179e4a5ac90, 0x00000179e4a56930, 0x00000179e4ba7210,
0x00000179e4ba8550, 0x00000179e4ba4b90, 0x00000179e4ba76e0, 0x00000179e4ba6870,
0x00000179e4ba7bb0, 0x00000179e4baa230, 0x00000179e4ba5530, 0x00000179e4ba6d40,
0x00000179e4ba63a0, 0x00000179e4ba5060, 0x00000179e4ba5a00, 0x00000179e4ba41f0,
0x00000179e4ba5ed0, 0x00000179e4ba9890, 0x00000179e4ba8080, 0x00000179e4ba46c0,
0x00000179e4ba8ef0, 0x00000179e4ba93c0, 0x00000179e4ba9d60, 0x00000179e4baa700,
0x00000179e4baabd0, 0x00000179e4ba3850, 0x00000179e4ba3d20, 0x00000179e5d0ea20,
0x00000179e5d0dbb0, 0x00000179e5d0e080, 0x00000179e5d10700, 0x00000179e5d13250,
0x00000179e5d11f10, 0x00000179e5d11570, 0x00000179e5d0f3c0, 0x00000179e5d0f890,
0x00000179e5d0eef0, 0x00000179e5d128b0, 0x00000179e5d12d80, 0x00000179e33df690
}

Java Threads: ( => current thread )
  0x00000179c4036a30 JavaThread "main" [_thread_blocked, id=1144, stack(0x0000002d56900000,0x0000002d56a00000)]
  0x00000179de0d0fc0 JavaThread "Reference Handler" daemon [_thread_blocked, id=8236, stack(0x0000002d57000000,0x0000002d57100000)]
  0x00000179de0d1870 JavaThread "Finalizer" daemon [_thread_blocked, id=12784, stack(0x0000002d57100000,0x0000002d57200000)]
  0x00000179de0e4a30 JavaThread "Signal Dispatcher" daemon [_thread_blocked, id=6064, stack(0x0000002d57200000,0x0000002d57300000)]
  0x00000179de0e52e0 JavaThread "Attach Listener" daemon [_thread_blocked, id=15200, stack(0x0000002d57300000,0x0000002d57400000)]
  0x00000179de0e5b90 JavaThread "Service Thread" daemon [_thread_blocked, id=13488, stack(0x0000002d57400000,0x0000002d57500000)]
  0x00000179de0e66c0 JavaThread "Monitor Deflation Thread" daemon [_thread_blocked, id=14536, stack(0x0000002d57500000,0x0000002d57600000)]
  0x00000179de0ea8e0 JavaThread "C2 CompilerThread0" daemon [_thread_in_native, id=10184, stack(0x0000002d57600000,0x0000002d57700000)]
  0x00000179de0f41f0 JavaThread "C1 CompilerThread0" daemon [_thread_blocked, id=10660, stack(0x0000002d57700000,0x0000002d57800000)]
  0x00000179de1022e0 JavaThread "Sweeper thread" daemon [_thread_blocked, id=4692, stack(0x0000002d57800000,0x0000002d57900000)]
  0x00000179e2478410 JavaThread "Common-Cleaner" daemon [_thread_blocked, id=11100, stack(0x0000002d57900000,0x0000002d57a00000)]
  0x00000179e2481b30 JavaThread "Notification Thread" daemon [_thread_blocked, id=10944, stack(0x0000002d57a00000,0x0000002d57b00000)]
  0x00000179e369b300 JavaThread "Daemon health stats" [_thread_blocked, id=14880, stack(0x0000002d58000000,0x0000002d58100000)]
  0x00000179e3c006e0 JavaThread "Incoming local TCP Connector on port 64242" [_thread_in_native, id=13416, stack(0x0000002d58100000,0x0000002d58200000)]
  0x00000179e3e9c070 JavaThread "Daemon periodic checks" [_thread_blocked, id=6004, stack(0x0000002d58200000,0x0000002d58300000)]
  0x00000179e3ec9540 JavaThread "Daemon" [_thread_blocked, id=9744, stack(0x0000002d58300000,0x0000002d58400000)]
  0x00000179e3e58200 JavaThread "Handler for socket connection from /127.0.0.1:64242 to /127.0.0.1:64243" [_thread_in_native, id=13516, stack(0x0000002d58400000,0x0000002d58500000)]
  0x00000179e3d54050 JavaThread "Cancel handler" [_thread_blocked, id=14632, stack(0x0000002d58500000,0x0000002d58600000)]
  0x00000179e39de590 JavaThread "Daemon worker" [_thread_blocked, id=14000, stack(0x0000002d58600000,0x0000002d58700000)]
  0x00000179e38355b0 JavaThread "Asynchronous log dispatcher for DefaultDaemonConnection: socket connection from /127.0.0.1:64242 to /127.0.0.1:64243" [_thread_blocked, id=13496, stack(0x0000002d58700000,0x0000002d58800000)]
  0x00000179e3837c30 JavaThread "Stdin handler" [_thread_blocked, id=9688, stack(0x0000002d58800000,0x0000002d58900000)]
  0x00000179e3834740 JavaThread "Daemon client event forwarder" [_thread_blocked, id=10392, stack(0x0000002d58900000,0x0000002d58a00000)]
  0x00000179e3834c10 JavaThread "Cache worker for journal cache (C:\Users\LUCKY\.gradle\caches\journal-1)" [_thread_blocked, id=12060, stack(0x0000002d58a00000,0x0000002d58b00000)]
  0x00000179e3835a80 JavaThread "File lock request listener" [_thread_in_native, id=12640, stack(0x0000002d58b00000,0x0000002d58c00000)]
  0x00000179e38350e0 JavaThread "Cache worker for file hash cache (C:\Users\LUCKY\.gradle\caches\7.5\fileHashes)" [_thread_blocked, id=14072, stack(0x0000002d58c00000,0x0000002d58d00000)]
  0x00000179e3834270 JavaThread "File watcher server" daemon [_thread_in_native, id=14808, stack(0x0000002d58d00000,0x0000002d58e00000)]
  0x00000179e3835f50 JavaThread "File watcher consumer" daemon [_thread_blocked, id=7056, stack(0x0000002d58e00000,0x0000002d58f00000)]
  0x00000179e38368f0 JavaThread "Cache worker for checksums cache (D:\MyWork\ReactNative\BPM\BPM_MIC-main\android\.gradle\7.5\checksums)" [_thread_blocked, id=12652, stack(0x0000002d58f00000,0x0000002d59000000)]
  0x00000179e3836dc0 JavaThread "Cache worker for cache directory md-rule (C:\Users\LUCKY\.gradle\caches\7.5\md-rule)" [_thread_blocked, id=14612, stack(0x0000002d59000000,0x0000002d59100000)]
  0x00000179e3837290 JavaThread "Cache worker for file content cache (C:\Users\LUCKY\.gradle\caches\7.5\fileContent)" [_thread_blocked, id=13136, stack(0x0000002d59100000,0x0000002d59200000)]
  0x00000179e4a58140 JavaThread "Cache worker for file hash cache (D:\MyWork\ReactNative\BPM\BPM_MIC-main\android\.gradle\7.5\fileHashes)" [_thread_blocked, id=7936, stack(0x0000002d59200000,0x0000002d59300000)]
  0x00000179e4a5d7e0 JavaThread "Cache worker for cache directory md-supplier (C:\Users\LUCKY\.gradle\caches\7.5\md-supplier)" [_thread_blocked, id=10992, stack(0x0000002d59300000,0x0000002d59400000)]
  0x00000179e4a572d0 JavaThread "Cache worker for execution history cache (C:\Users\LUCKY\.gradle\caches\7.5\executionHistory)" [_thread_blocked, id=14856, stack(0x0000002d59400000,0x0000002d59500000)]
  0x00000179e4a5b160 JavaThread "jar transforms" [_thread_in_Java, id=4792, stack(0x0000002d59500000,0x0000002d59600000)]
  0x00000179e4a57c70 JavaThread "jar transforms Thread 2" [_thread_in_native, id=4584, stack(0x0000002d59600000,0x0000002d59700000)]
  0x00000179e4a5bfd0 JavaThread "jar transforms Thread 3" [_thread_in_Java, id=11204, stack(0x0000002d59700000,0x0000002d59800000)]
  0x00000179e4a5bb00 JavaThread "jar transforms Thread 4" [_thread_in_native, id=14012, stack(0x0000002d59800000,0x0000002d59900000)]
  0x00000179e4a5c4a0 JavaThread "Cache worker for dependencies-accessors (D:\MyWork\ReactNative\BPM\BPM_MIC-main\android\.gradle\7.5\dependencies-accessors)" [_thread_blocked, id=10456, stack(0x0000002d59900000,0x0000002d59a00000)]
  0x00000179e4a5a7c0 JavaThread "Cache worker for Build Output Cleanup Cache (D:\MyWork\ReactNative\BPM\BPM_MIC-main\android\.gradle\buildOutputCleanup)" [_thread_blocked, id=14020, stack(0x0000002d59a00000,0x0000002d59b00000)]
  0x00000179e4a56e00 JavaThread "Unconstrained build operations" [_thread_blocked, id=7760, stack(0x0000002d57c00000,0x0000002d57d00000)]
  0x00000179e4a5c970 JavaThread "Unconstrained build operations Thread 2" [_thread_blocked, id=12720, stack(0x0000002d59c00000,0x0000002d59d00000)]
  0x00000179e4a5ac90 JavaThread "Unconstrained build operations Thread 3" [_thread_blocked, id=4636, stack(0x0000002d59d00000,0x0000002d59e00000)]
  0x00000179e4a56930 JavaThread "Unconstrained build operations Thread 4" [_thread_blocked, id=5876, stack(0x0000002d59e00000,0x0000002d59f00000)]
  0x00000179e4ba7210 JavaThread "Unconstrained build operations Thread 5" [_thread_blocked, id=13528, stack(0x0000002d59f00000,0x0000002d5a000000)]
  0x00000179e4ba8550 JavaThread "Unconstrained build operations Thread 6" [_thread_blocked, id=13796, stack(0x0000002d5a000000,0x0000002d5a100000)]
  0x00000179e4ba4b90 JavaThread "Unconstrained build operations Thread 7" [_thread_blocked, id=13760, stack(0x0000002d5a100000,0x0000002d5a200000)]
  0x00000179e4ba76e0 JavaThread "Unconstrained build operations Thread 8" [_thread_blocked, id=14428, stack(0x0000002d5a200000,0x0000002d5a300000)]
  0x00000179e4ba6870 JavaThread "Unconstrained build operations Thread 9" [_thread_blocked, id=9212, stack(0x0000002d5a300000,0x0000002d5a400000)]
  0x00000179e4ba7bb0 JavaThread "Unconstrained build operations Thread 10" [_thread_blocked, id=14576, stack(0x0000002d5a400000,0x0000002d5a500000)]
  0x00000179e4baa230 JavaThread "Unconstrained build operations Thread 11" [_thread_blocked, id=13308, stack(0x0000002d5a500000,0x0000002d5a600000)]
  0x00000179e4ba5530 JavaThread "Unconstrained build operations Thread 12" [_thread_blocked, id=520, stack(0x0000002d5a600000,0x0000002d5a700000)]
  0x00000179e4ba6d40 JavaThread "Unconstrained build operations Thread 13" [_thread_blocked, id=15152, stack(0x0000002d5a700000,0x0000002d5a800000)]
  0x00000179e4ba63a0 JavaThread "Unconstrained build operations Thread 14" [_thread_blocked, id=1568, stack(0x0000002d5a800000,0x0000002d5a900000)]
  0x00000179e4ba5060 JavaThread "Unconstrained build operations Thread 15" [_thread_blocked, id=9116, stack(0x0000002d5a900000,0x0000002d5aa00000)]
  0x00000179e4ba5a00 JavaThread "Unconstrained build operations Thread 16" [_thread_blocked, id=12900, stack(0x0000002d5aa00000,0x0000002d5ab00000)]
  0x00000179e4ba41f0 JavaThread "Unconstrained build operations Thread 17" [_thread_blocked, id=6904, stack(0x0000002d5ab00000,0x0000002d5ac00000)]
  0x00000179e4ba5ed0 JavaThread "Unconstrained build operations Thread 18" [_thread_blocked, id=11600, stack(0x0000002d5ac00000,0x0000002d5ad00000)]
  0x00000179e4ba9890 JavaThread "Unconstrained build operations Thread 19" [_thread_blocked, id=14760, stack(0x0000002d5ad00000,0x0000002d5ae00000)]
  0x00000179e4ba8080 JavaThread "Unconstrained build operations Thread 20" [_thread_blocked, id=4608, stack(0x0000002d5ae00000,0x0000002d5af00000)]
  0x00000179e4ba46c0 JavaThread "Unconstrained build operations Thread 21" [_thread_blocked, id=6672, stack(0x0000002d5af00000,0x0000002d5b000000)]
  0x00000179e4ba8ef0 JavaThread "Unconstrained build operations Thread 22" [_thread_blocked, id=14048, stack(0x0000002d5b000000,0x0000002d5b100000)]
  0x00000179e4ba93c0 JavaThread "Unconstrained build operations Thread 23" [_thread_blocked, id=4808, stack(0x0000002d5b100000,0x0000002d5b200000)]
  0x00000179e4ba9d60 JavaThread "Unconstrained build operations Thread 24" [_thread_blocked, id=8948, stack(0x0000002d5b200000,0x0000002d5b300000)]
  0x00000179e4baa700 JavaThread "Unconstrained build operations Thread 25" [_thread_blocked, id=7684, stack(0x0000002d5b300000,0x0000002d5b400000)]
  0x00000179e4baabd0 JavaThread "Unconstrained build operations Thread 26" [_thread_blocked, id=11804, stack(0x0000002d5b400000,0x0000002d5b500000)]
  0x00000179e4ba3850 JavaThread "Unconstrained build operations Thread 27" [_thread_blocked, id=14688, stack(0x0000002d5b500000,0x0000002d5b600000)]
  0x00000179e4ba3d20 JavaThread "Unconstrained build operations Thread 28" [_thread_blocked, id=12292, stack(0x0000002d5b600000,0x0000002d5b700000)]
  0x00000179e5d0ea20 JavaThread "Unconstrained build operations Thread 29" [_thread_blocked, id=13144, stack(0x0000002d5b700000,0x0000002d5b800000)]
  0x00000179e5d0dbb0 JavaThread "Unconstrained build operations Thread 30" [_thread_blocked, id=14664, stack(0x0000002d5b800000,0x0000002d5b900000)]
  0x00000179e5d0e080 JavaThread "Unconstrained build operations Thread 31" [_thread_blocked, id=14224, stack(0x0000002d5b900000,0x0000002d5ba00000)]
  0x00000179e5d10700 JavaThread "Unconstrained build operations Thread 32" [_thread_blocked, id=14524, stack(0x0000002d5ba00000,0x0000002d5bb00000)]
  0x00000179e5d13250 JavaThread "Unconstrained build operations Thread 33" [_thread_blocked, id=7604, stack(0x0000002d5bb00000,0x0000002d5bc00000)]
  0x00000179e5d11f10 JavaThread "Unconstrained build operations Thread 34" [_thread_blocked, id=4156, stack(0x0000002d5bc00000,0x0000002d5bd00000)]
  0x00000179e5d11570 JavaThread "Unconstrained build operations Thread 35" [_thread_blocked, id=6172, stack(0x0000002d5bd00000,0x0000002d5be00000)]
  0x00000179e5d0f3c0 JavaThread "Unconstrained build operations Thread 36" [_thread_blocked, id=15308, stack(0x0000002d5be00000,0x0000002d5bf00000)]
  0x00000179e5d0f890 JavaThread "Unconstrained build operations Thread 37" [_thread_blocked, id=14964, stack(0x0000002d5bf00000,0x0000002d5c000000)]
  0x00000179e5d0eef0 JavaThread "Unconstrained build operations Thread 38" [_thread_blocked, id=6900, stack(0x0000002d5c000000,0x0000002d5c100000)]
  0x00000179e5d128b0 JavaThread "Unconstrained build operations Thread 39" [_thread_blocked, id=12280, stack(0x0000002d5c100000,0x0000002d5c200000)]
  0x00000179e5d12d80 JavaThread "Unconstrained build operations Thread 40" [_thread_blocked, id=12968, stack(0x0000002d5c200000,0x0000002d5c300000)]
=>0x00000179e33df690 JavaThread "C2 CompilerThread1" daemon [_thread_in_native, id=13884, stack(0x0000002d56600000,0x0000002d56700000)]

Other Threads:
  0x00000179c4079df0 VMThread "VM Thread" [stack: 0x0000002d56f00000,0x0000002d57000000] [id=9420]
  0x00000179e2486830 WatcherThread "VM Periodic Task Thread" [stack: 0x0000002d57b00000,0x0000002d57c00000] [id=8348]
  0x00000179c4065900 WorkerThread "GC Thread#0" [stack: 0x0000002d56a00000,0x0000002d56b00000] [id=14220]
  0x00000179e28740c0 WorkerThread "GC Thread#1" [stack: 0x0000002d57d00000,0x0000002d57e00000] [id=9732]
  0x00000179e266f0f0 WorkerThread "GC Thread#2" [stack: 0x0000002d57e00000,0x0000002d57f00000] [id=7476]
  0x00000179e279f550 WorkerThread "GC Thread#3" [stack: 0x0000002d57f00000,0x0000002d58000000] [id=1200]
  0x00000179c406a5e0 ConcurrentGCThread "G1 Main Marker" [stack: 0x0000002d56b00000,0x0000002d56c00000] [id=13980]
  0x00000179c406b520 WorkerThread "G1 Conc#0" [stack: 0x0000002d56c00000,0x0000002d56d00000] [id=14136]
  0x00000179c40d8ec0 ConcurrentGCThread "G1 Refine#0" [stack: 0x0000002d56d00000,0x0000002d56e00000] [id=13432]
  0x00000179e34cc8a0 ConcurrentGCThread "G1 Refine#1" [stack: 0x0000002d5c500000,0x0000002d5c600000] [id=8748]
  0x00000179c40d9580 ConcurrentGCThread "G1 Service" [stack: 0x0000002d56e00000,0x0000002d56f00000] [id=13832]

Threads with active compile tasks:
C2 CompilerThread1   141011 11139 %     4       org.objectweb.asm.ClassReader::readCode @ 92 (5109 bytes)

VM state: not at safepoint (normal execution)

VM Mutex/Monitor currently owned by a thread: None

Heap address: 0x00000000e0000000, size: 512 MB, Compressed Oops mode: 32-bit

CDS archive(s) mapped at: [0x0000000800000000-0x0000000800ba0000-0x0000000800ba0000), size 12189696, SharedBaseAddress: 0x0000000800000000, ArchiveRelocationMode: 0.
Compressed class space mapped at: 0x0000000800c00000-0x000000080dc00000, reserved size: 218103808
Narrow klass base: 0x0000000800000000, Narrow klass shift: 0, Narrow klass range: 0x100000000

GC Precious Log:
 CardTable entry size: 512
 Card Set container configuration: InlinePtr #cards 5 size 8 Array Of Cards #cards 12 size 40 Howl #buckets 4 coarsen threshold 1843 Howl Bitmap #cards 512 size 80 coarsen threshold 460 Card regions per heap region 1 cards per card region 2048
 CPUs: 4 total, 4 available
 Memory: 12182M
 Large Page Support: Disabled
 NUMA Support: Disabled
 Compressed Oops: Enabled (32-bit)
 Heap Region Size: 1M
 Heap Min Capacity: 256M
 Heap Initial Capacity: 256M
 Heap Max Capacity: 512M
 Pre-touch: Disabled
 Parallel Workers: 4
 Concurrent Workers: 1
 Concurrent Refinement Workers: 4
 Periodic GC: Disabled

Heap:
 garbage-first heap   total 262144K, used 124164K [0x00000000e0000000, 0x0000000100000000)
  region size 1024K, 73 young (74752K), 7 survivors (7168K)
 Metaspace       used 58266K, committed 59840K, reserved 278528K
  class space    used 7580K, committed 8384K, reserved 212992K

Heap Regions: E=young(eden), S=young(survivor), O=old, HS=humongous(starts), HC=humongous(continues), CS=collection set, F=free, OA=open archive, CA=closed archive, TAMS=top-at-mark-start (previous, next)
|   0|0x00000000e0000000, 0x00000000e0100000, 0x00000000e0100000|100%|HS|  |TAMS 0x00000000e0100000, 0x00000000e0000000| Complete 
|   1|0x00000000e0100000, 0x00000000e0200000, 0x00000000e0200000|100%|HC|  |TAMS 0x00000000e0200000, 0x00000000e0100000| Complete 
|   2|0x00000000e0200000, 0x00000000e0300000, 0x00000000e0300000|100%|HC|  |TAMS 0x00000000e0300000, 0x00000000e0200000| Complete 
|   3|0x00000000e0300000, 0x00000000e0400000, 0x00000000e0400000|100%| O|  |TAMS 0x00000000e0300000, 0x00000000e0300000| Untracked 
|   4|0x00000000e0400000, 0x00000000e0500000, 0x00000000e0500000|100%| O|  |TAMS 0x00000000e0500000, 0x00000000e0400000| Untracked 
|   5|0x00000000e0500000, 0x00000000e0600000, 0x00000000e0600000|100%| O|  |TAMS 0x00000000e0600000, 0x00000000e0500000| Untracked 
|   6|0x00000000e0600000, 0x00000000e0700000, 0x00000000e0700000|100%| O|  |TAMS 0x00000000e0700000, 0x00000000e0600000| Untracked 
|   7|0x00000000e0700000, 0x00000000e0800000, 0x00000000e0800000|100%| O|  |TAMS 0x00000000e0800000, 0x00000000e0700000| Untracked 
|   8|0x00000000e0800000, 0x00000000e0900000, 0x00000000e0900000|100%| O|  |TAMS 0x00000000e0900000, 0x00000000e0800000| Untracked 
|   9|0x00000000e0900000, 0x00000000e0a00000, 0x00000000e0a00000|100%| O|  |TAMS 0x00000000e0a00000, 0x00000000e0900000| Untracked 
|  10|0x00000000e0a00000, 0x00000000e0b00000, 0x00000000e0b00000|100%| O|  |TAMS 0x00000000e0b00000, 0x00000000e0a00000| Untracked 
|  11|0x00000000e0b00000, 0x00000000e0c00000, 0x00000000e0c00000|100%| O|  |TAMS 0x00000000e0c00000, 0x00000000e0b00000| Untracked 
|  12|0x00000000e0c00000, 0x00000000e0d00000, 0x00000000e0d00000|100%| O|  |TAMS 0x00000000e0d00000, 0x00000000e0c00000| Untracked 
|  13|0x00000000e0d00000, 0x00000000e0e00000, 0x00000000e0e00000|100%| O|  |TAMS 0x00000000e0e00000, 0x00000000e0d00000| Untracked 
|  14|0x00000000e0e00000, 0x00000000e0f00000, 0x00000000e0f00000|100%| O|  |TAMS 0x00000000e0f00000, 0x00000000e0e00000| Untracked 
|  15|0x00000000e0f00000, 0x00000000e1000000, 0x00000000e1000000|100%| O|  |TAMS 0x00000000e1000000, 0x00000000e0f00000| Untracked 
|  16|0x00000000e1000000, 0x00000000e1100000, 0x00000000e1100000|100%| O|  |TAMS 0x00000000e1100000, 0x00000000e1000000| Untracked 
|  17|0x00000000e1100000, 0x00000000e1200000, 0x00000000e1200000|100%| O|  |TAMS 0x00000000e1200000, 0x00000000e1100000| Untracked 
|  18|0x00000000e1200000, 0x00000000e1300000, 0x00000000e1300000|100%| O|  |TAMS 0x00000000e1300000, 0x00000000e1200000| Untracked 
|  19|0x00000000e1300000, 0x00000000e1400000, 0x00000000e1400000|100%| O|  |TAMS 0x00000000e1400000, 0x00000000e1300000| Untracked 
|  20|0x00000000e1400000, 0x00000000e1500000, 0x00000000e1500000|100%| O|  |TAMS 0x00000000e1500000, 0x00000000e1400000| Untracked 
|  21|0x00000000e1500000, 0x00000000e1600000, 0x00000000e1600000|100%| O|  |TAMS 0x00000000e1600000, 0x00000000e1500000| Untracked 
|  22|0x00000000e1600000, 0x00000000e1700000, 0x00000000e1700000|100%| O|  |TAMS 0x00000000e1700000, 0x00000000e1600000| Untracked 
|  23|0x00000000e1700000, 0x00000000e1800000, 0x00000000e1800000|100%| O|  |TAMS 0x00000000e1800000, 0x00000000e1700000| Untracked 
|  24|0x00000000e1800000, 0x00000000e1900000, 0x00000000e1900000|100%| O|  |TAMS 0x00000000e1900000, 0x00000000e1800000| Untracked 
|  25|0x00000000e1900000, 0x00000000e1a00000, 0x00000000e1a00000|100%| O|  |TAMS 0x00000000e1a00000, 0x00000000e1900000| Untracked 
|  26|0x00000000e1a00000, 0x00000000e1b00000, 0x00000000e1b00000|100%| O|  |TAMS 0x00000000e1b00000, 0x00000000e1a00000| Untracked 
|  27|0x00000000e1b00000, 0x00000000e1c00000, 0x00000000e1c00000|100%| O|  |TAMS 0x00000000e1c00000, 0x00000000e1b00000| Untracked 
|  28|0x00000000e1c00000, 0x00000000e1d00000, 0x00000000e1d00000|100%| O|  |TAMS 0x00000000e1c8b400, 0x00000000e1c00000| Untracked 
|  29|0x00000000e1d00000, 0x00000000e1e00000, 0x00000000e1e00000|100%| O|  |TAMS 0x00000000e1d00000, 0x00000000e1d00000| Untracked 
|  30|0x00000000e1e00000, 0x00000000e1f00000, 0x00000000e1f00000|100%| O|  |TAMS 0x00000000e1e00000, 0x00000000e1e00000| Untracked 
|  31|0x00000000e1f00000, 0x00000000e2000000, 0x00000000e2000000|100%| O|  |TAMS 0x00000000e1f00000, 0x00000000e1f00000| Untracked 
|  32|0x00000000e2000000, 0x00000000e2100000, 0x00000000e2100000|100%| O|  |TAMS 0x00000000e2000000, 0x00000000e2000000| Untracked 
|  33|0x00000000e2100000, 0x00000000e2200000, 0x00000000e2200000|100%| O|  |TAMS 0x00000000e2100000, 0x00000000e2100000| Untracked 
|  34|0x00000000e2200000, 0x00000000e2300000, 0x00000000e2300000|100%| O|  |TAMS 0x00000000e2200000, 0x00000000e2200000| Untracked 
|  35|0x00000000e2300000, 0x00000000e2400000, 0x00000000e2400000|100%| O|  |TAMS 0x00000000e2300000, 0x00000000e2300000| Untracked 
|  36|0x00000000e2400000, 0x00000000e2500000, 0x00000000e2500000|100%| O|  |TAMS 0x00000000e2400000, 0x00000000e2400000| Untracked 
|  37|0x00000000e2500000, 0x00000000e2600000, 0x00000000e2600000|100%| O|  |TAMS 0x00000000e2500000, 0x00000000e2500000| Untracked 
|  38|0x00000000e2600000, 0x00000000e2700000, 0x00000000e2700000|100%| O|  |TAMS 0x00000000e2600000, 0x00000000e2600000| Untracked 
|  39|0x00000000e2700000, 0x00000000e2800000, 0x00000000e2800000|100%| O|  |TAMS 0x00000000e2700000, 0x00000000e2700000| Untracked 
|  40|0x00000000e2800000, 0x00000000e2900000, 0x00000000e2900000|100%|HS|  |TAMS 0x00000000e2800000, 0x00000000e2800000| Complete 
|  41|0x00000000e2900000, 0x00000000e2a00000, 0x00000000e2a00000|100%|HC|  |TAMS 0x00000000e2900000, 0x00000000e2900000| Complete 
|  42|0x00000000e2a00000, 0x00000000e2b00000, 0x00000000e2b00000|100%|HC|  |TAMS 0x00000000e2a00000, 0x00000000e2a00000| Complete 
|  43|0x00000000e2b00000, 0x00000000e2c00000, 0x00000000e2c00000|100%| O|  |TAMS 0x00000000e2b00000, 0x00000000e2b00000| Untracked 
|  44|0x00000000e2c00000, 0x00000000e2d00000, 0x00000000e2d00000|100%| O|  |TAMS 0x00000000e2c00000, 0x00000000e2c00000| Untracked 
|  45|0x00000000e2d00000, 0x00000000e2e00000, 0x00000000e2e00000|100%| O|  |TAMS 0x00000000e2d00000, 0x00000000e2d00000| Untracked 
|  46|0x00000000e2e00000, 0x00000000e2f00000, 0x00000000e2f00000|100%| O|  |TAMS 0x00000000e2e00000, 0x00000000e2e00000| Untracked 
|  47|0x00000000e2f00000, 0x00000000e2f7e800, 0x00000000e3000000| 49%| O|  |TAMS 0x00000000e2f00000, 0x00000000e2f00000| Untracked 
|  48|0x00000000e3000000, 0x00000000e3000000, 0x00000000e3100000|  0%| F|  |TAMS 0x00000000e3000000, 0x00000000e3000000| Untracked 
|  49|0x00000000e3100000, 0x00000000e3100000, 0x00000000e3200000|  0%| F|  |TAMS 0x00000000e3100000, 0x00000000e3100000| Untracked 
|  50|0x00000000e3200000, 0x00000000e3300000, 0x00000000e3300000|100%|HS|  |TAMS 0x00000000e3200000, 0x00000000e3200000| Complete 
|  51|0x00000000e3300000, 0x00000000e3400000, 0x00000000e3400000|100%|HC|  |TAMS 0x00000000e3300000, 0x00000000e3300000| Complete 
|  52|0x00000000e3400000, 0x00000000e3400000, 0x00000000e3500000|  0%| F|  |TAMS 0x00000000e3400000, 0x00000000e3400000| Untracked 
|  53|0x00000000e3500000, 0x00000000e3500000, 0x00000000e3600000|  0%| F|  |TAMS 0x00000000e3500000, 0x00000000e3500000| Untracked 
|  54|0x00000000e3600000, 0x00000000e3600000, 0x00000000e3700000|  0%| F|  |TAMS 0x00000000e3600000, 0x00000000e3600000| Untracked 
|  55|0x00000000e3700000, 0x00000000e3700000, 0x00000000e3800000|  0%| F|  |TAMS 0x00000000e3700000, 0x00000000e3700000| Untracked 
|  56|0x00000000e3800000, 0x00000000e3800000, 0x00000000e3900000|  0%| F|  |TAMS 0x00000000e3800000, 0x00000000e3800000| Untracked 
|  57|0x00000000e3900000, 0x00000000e3900000, 0x00000000e3a00000|  0%| F|  |TAMS 0x00000000e3900000, 0x00000000e3900000| Untracked 
|  58|0x00000000e3a00000, 0x00000000e3a00000, 0x00000000e3b00000|  0%| F|  |TAMS 0x00000000e3a00000, 0x00000000e3a00000| Untracked 
|  59|0x00000000e3b00000, 0x00000000e3b00000, 0x00000000e3c00000|  0%| F|  |TAMS 0x00000000e3b00000, 0x00000000e3b00000| Untracked 
|  60|0x00000000e3c00000, 0x00000000e3c00000, 0x00000000e3d00000|  0%| F|  |TAMS 0x00000000e3c00000, 0x00000000e3c00000| Untracked 
|  61|0x00000000e3d00000, 0x00000000e3d00000, 0x00000000e3e00000|  0%| F|  |TAMS 0x00000000e3d00000, 0x00000000e3d00000| Untracked 
|  62|0x00000000e3e00000, 0x00000000e3e00000, 0x00000000e3f00000|  0%| F|  |TAMS 0x00000000e3e00000, 0x00000000e3e00000| Untracked 
|  63|0x00000000e3f00000, 0x00000000e3f00000, 0x00000000e4000000|  0%| F|  |TAMS 0x00000000e3f00000, 0x00000000e3f00000| Untracked 
|  64|0x00000000e4000000, 0x00000000e4000000, 0x00000000e4100000|  0%| F|  |TAMS 0x00000000e4000000, 0x00000000e4000000| Untracked 
|  65|0x00000000e4100000, 0x00000000e4100000, 0x00000000e4200000|  0%| F|  |TAMS 0x00000000e4100000, 0x00000000e4100000| Untracked 
|  66|0x00000000e4200000, 0x00000000e4200000, 0x00000000e4300000|  0%| F|  |TAMS 0x00000000e4200000, 0x00000000e4200000| Untracked 
|  67|0x00000000e4300000, 0x00000000e4300000, 0x00000000e4400000|  0%| F|  |TAMS 0x00000000e4300000, 0x00000000e4300000| Untracked 
|  68|0x00000000e4400000, 0x00000000e4400000, 0x00000000e4500000|  0%| F|  |TAMS 0x00000000e4400000, 0x00000000e4400000| Untracked 
|  69|0x00000000e4500000, 0x00000000e4500000, 0x00000000e4600000|  0%| F|  |TAMS 0x00000000e4500000, 0x00000000e4500000| Untracked 
|  70|0x00000000e4600000, 0x00000000e4600000, 0x00000000e4700000|  0%| F|  |TAMS 0x00000000e4600000, 0x00000000e4600000| Untracked 
|  71|0x00000000e4700000, 0x00000000e4700000, 0x00000000e4800000|  0%| F|  |TAMS 0x00000000e4700000, 0x00000000e4700000| Untracked 
|  72|0x00000000e4800000, 0x00000000e4800000, 0x00000000e4900000|  0%| F|  |TAMS 0x00000000e4800000, 0x00000000e4800000| Untracked 
|  73|0x00000000e4900000, 0x00000000e4900000, 0x00000000e4a00000|  0%| F|  |TAMS 0x00000000e4900000, 0x00000000e4900000| Untracked 
|  74|0x00000000e4a00000, 0x00000000e4a00000, 0x00000000e4b00000|  0%| F|  |TAMS 0x00000000e4a00000, 0x00000000e4a00000| Untracked 
|  75|0x00000000e4b00000, 0x00000000e4b00000, 0x00000000e4c00000|  0%| F|  |TAMS 0x00000000e4b00000, 0x00000000e4b00000| Untracked 
|  76|0x00000000e4c00000, 0x00000000e4c00000, 0x00000000e4d00000|  0%| F|  |TAMS 0x00000000e4c00000, 0x00000000e4c00000| Untracked 
|  77|0x00000000e4d00000, 0x00000000e4d00000, 0x00000000e4e00000|  0%| F|  |TAMS 0x00000000e4d00000, 0x00000000e4d00000| Untracked 
|  78|0x00000000e4e00000, 0x00000000e4e00000, 0x00000000e4f00000|  0%| F|  |TAMS 0x00000000e4e00000, 0x00000000e4e00000| Untracked 
|  79|0x00000000e4f00000, 0x00000000e4f00000, 0x00000000e5000000|  0%| F|  |TAMS 0x00000000e4f00000, 0x00000000e4f00000| Untracked 
|  80|0x00000000e5000000, 0x00000000e5000000, 0x00000000e5100000|  0%| F|  |TAMS 0x00000000e5000000, 0x00000000e5000000| Untracked 
|  81|0x00000000e5100000, 0x00000000e5100000, 0x00000000e5200000|  0%| F|  |TAMS 0x00000000e5100000, 0x00000000e5100000| Untracked 
|  82|0x00000000e5200000, 0x00000000e5200000, 0x00000000e5300000|  0%| F|  |TAMS 0x00000000e5200000, 0x00000000e5200000| Untracked 
|  83|0x00000000e5300000, 0x00000000e5300000, 0x00000000e5400000|  0%| F|  |TAMS 0x00000000e5300000, 0x00000000e5300000| Untracked 
|  84|0x00000000e5400000, 0x00000000e5400000, 0x00000000e5500000|  0%| F|  |TAMS 0x00000000e5400000, 0x00000000e5400000| Untracked 
|  85|0x00000000e5500000, 0x00000000e5500000, 0x00000000e5600000|  0%| F|  |TAMS 0x00000000e5500000, 0x00000000e5500000| Untracked 
|  86|0x00000000e5600000, 0x00000000e5600000, 0x00000000e5700000|  0%| F|  |TAMS 0x00000000e5600000, 0x00000000e5600000| Untracked 
|  87|0x00000000e5700000, 0x00000000e5700000, 0x00000000e5800000|  0%| F|  |TAMS 0x00000000e5700000, 0x00000000e5700000| Untracked 
|  88|0x00000000e5800000, 0x00000000e5800000, 0x00000000e5900000|  0%| F|  |TAMS 0x00000000e5800000, 0x00000000e5800000| Untracked 
|  89|0x00000000e5900000, 0x00000000e5900000, 0x00000000e5a00000|  0%| F|  |TAMS 0x00000000e5900000, 0x00000000e5900000| Untracked 
|  90|0x00000000e5a00000, 0x00000000e5a00000, 0x00000000e5b00000|  0%| F|  |TAMS 0x00000000e5a00000, 0x00000000e5a00000| Untracked 
|  91|0x00000000e5b00000, 0x00000000e5b00000, 0x00000000e5c00000|  0%| F|  |TAMS 0x00000000e5b00000, 0x00000000e5b00000| Untracked 
|  92|0x00000000e5c00000, 0x00000000e5c00000, 0x00000000e5d00000|  0%| F|  |TAMS 0x00000000e5c00000, 0x00000000e5c00000| Untracked 
|  93|0x00000000e5d00000, 0x00000000e5d00000, 0x00000000e5e00000|  0%| F|  |TAMS 0x00000000e5d00000, 0x00000000e5d00000| Untracked 
|  94|0x00000000e5e00000, 0x00000000e5e00000, 0x00000000e5f00000|  0%| F|  |TAMS 0x00000000e5e00000, 0x00000000e5e00000| Untracked 
|  95|0x00000000e5f00000, 0x00000000e5f00000, 0x00000000e6000000|  0%| F|  |TAMS 0x00000000e5f00000, 0x00000000e5f00000| Untracked 
|  96|0x00000000e6000000, 0x00000000e60c2a78, 0x00000000e6100000| 76%| S|CS|TAMS 0x00000000e6000000, 0x00000000e6000000| Complete 
|  97|0x00000000e6100000, 0x00000000e6100000, 0x00000000e6200000|  0%| F|  |TAMS 0x00000000e6100000, 0x00000000e6100000| Untracked 
|  98|0x00000000e6200000, 0x00000000e6300000, 0x00000000e6300000|100%| S|CS|TAMS 0x00000000e6200000, 0x00000000e6200000| Complete 
|  99|0x00000000e6300000, 0x00000000e6400000, 0x00000000e6400000|100%| S|CS|TAMS 0x00000000e6300000, 0x00000000e6300000| Complete 
| 100|0x00000000e6400000, 0x00000000e6400000, 0x00000000e6500000|  0%| F|  |TAMS 0x00000000e6400000, 0x00000000e6400000| Untracked 
| 101|0x00000000e6500000, 0x00000000e6500000, 0x00000000e6600000|  0%| F|  |TAMS 0x00000000e6500000, 0x00000000e6500000| Untracked 
| 102|0x00000000e6600000, 0x00000000e6600000, 0x00000000e6700000|  0%| F|  |TAMS 0x00000000e6600000, 0x00000000e6600000| Untracked 
| 103|0x00000000e6700000, 0x00000000e6800000, 0x00000000e6800000|100%| S|CS|TAMS 0x00000000e6700000, 0x00000000e6700000| Complete 
| 104|0x00000000e6800000, 0x00000000e6900000, 0x00000000e6900000|100%| S|CS|TAMS 0x00000000e6800000, 0x00000000e6800000| Complete 
| 105|0x00000000e6900000, 0x00000000e6a00000, 0x00000000e6a00000|100%| S|CS|TAMS 0x00000000e6900000, 0x00000000e6900000| Complete 
| 106|0x00000000e6a00000, 0x00000000e6a00000, 0x00000000e6b00000|  0%| F|  |TAMS 0x00000000e6a00000, 0x00000000e6a00000| Untracked 
| 107|0x00000000e6b00000, 0x00000000e6b00000, 0x00000000e6c00000|  0%| F|  |TAMS 0x00000000e6b00000, 0x00000000e6b00000| Untracked 
| 108|0x00000000e6c00000, 0x00000000e6d00000, 0x00000000e6d00000|100%| S|CS|TAMS 0x00000000e6c00000, 0x00000000e6c00000| Complete 
| 109|0x00000000e6d00000, 0x00000000e6d00000, 0x00000000e6e00000|  0%| F|  |TAMS 0x00000000e6d00000, 0x00000000e6d00000| Untracked 
| 110|0x00000000e6e00000, 0x00000000e6e00000, 0x00000000e6f00000|  0%| F|  |TAMS 0x00000000e6e00000, 0x00000000e6e00000| Untracked 
| 111|0x00000000e6f00000, 0x00000000e6f00000, 0x00000000e7000000|  0%| F|  |TAMS 0x00000000e6f00000, 0x00000000e6f00000| Untracked 
| 112|0x00000000e7000000, 0x00000000e7000000, 0x00000000e7100000|  0%| F|  |TAMS 0x00000000e7000000, 0x00000000e7000000| Untracked 
| 113|0x00000000e7100000, 0x00000000e7100000, 0x00000000e7200000|  0%| F|  |TAMS 0x00000000e7100000, 0x00000000e7100000| Untracked 
| 114|0x00000000e7200000, 0x00000000e7200000, 0x00000000e7300000|  0%| F|  |TAMS 0x00000000e7200000, 0x00000000e7200000| Untracked 
| 115|0x00000000e7300000, 0x00000000e7300000, 0x00000000e7400000|  0%| F|  |TAMS 0x00000000e7300000, 0x00000000e7300000| Untracked 
| 116|0x00000000e7400000, 0x00000000e7400000, 0x00000000e7500000|  0%| F|  |TAMS 0x00000000e7400000, 0x00000000e7400000| Untracked 
| 117|0x00000000e7500000, 0x00000000e7500000, 0x00000000e7600000|  0%| F|  |TAMS 0x00000000e7500000, 0x00000000e7500000| Untracked 
| 118|0x00000000e7600000, 0x00000000e7600000, 0x00000000e7700000|  0%| F|  |TAMS 0x00000000e7600000, 0x00000000e7600000| Untracked 
| 119|0x00000000e7700000, 0x00000000e7700000, 0x00000000e7800000|  0%| F|  |TAMS 0x00000000e7700000, 0x00000000e7700000| Untracked 
| 120|0x00000000e7800000, 0x00000000e7800000, 0x00000000e7900000|  0%| F|  |TAMS 0x00000000e7800000, 0x00000000e7800000| Untracked 
| 121|0x00000000e7900000, 0x00000000e7900000, 0x00000000e7a00000|  0%| F|  |TAMS 0x00000000e7900000, 0x00000000e7900000| Untracked 
| 122|0x00000000e7a00000, 0x00000000e7a00000, 0x00000000e7b00000|  0%| F|  |TAMS 0x00000000e7a00000, 0x00000000e7a00000| Untracked 
| 123|0x00000000e7b00000, 0x00000000e7b00000, 0x00000000e7c00000|  0%| F|  |TAMS 0x00000000e7b00000, 0x00000000e7b00000| Untracked 
| 124|0x00000000e7c00000, 0x00000000e7c00000, 0x00000000e7d00000|  0%| F|  |TAMS 0x00000000e7c00000, 0x00000000e7c00000| Untracked 
| 125|0x00000000e7d00000, 0x00000000e7d00000, 0x00000000e7e00000|  0%| F|  |TAMS 0x00000000e7d00000, 0x00000000e7d00000| Untracked 
| 126|0x00000000e7e00000, 0x00000000e7e00000, 0x00000000e7f00000|  0%| F|  |TAMS 0x00000000e7e00000, 0x00000000e7e00000| Untracked 
| 127|0x00000000e7f00000, 0x00000000e7f00000, 0x00000000e8000000|  0%| F|  |TAMS 0x00000000e7f00000, 0x00000000e7f00000| Untracked 
| 128|0x00000000e8000000, 0x00000000e8000000, 0x00000000e8100000|  0%| F|  |TAMS 0x00000000e8000000, 0x00000000e8000000| Untracked 
| 129|0x00000000e8100000, 0x00000000e8100000, 0x00000000e8200000|  0%| F|  |TAMS 0x00000000e8100000, 0x00000000e8100000| Untracked 
| 130|0x00000000e8200000, 0x00000000e8200000, 0x00000000e8300000|  0%| F|  |TAMS 0x00000000e8200000, 0x00000000e8200000| Untracked 
| 131|0x00000000e8300000, 0x00000000e8300000, 0x00000000e8400000|  0%| F|  |TAMS 0x00000000e8300000, 0x00000000e8300000| Untracked 
| 132|0x00000000e8400000, 0x00000000e8400000, 0x00000000e8500000|  0%| F|  |TAMS 0x00000000e8400000, 0x00000000e8400000| Untracked 
| 133|0x00000000e8500000, 0x00000000e8500000, 0x00000000e8600000|  0%| F|  |TAMS 0x00000000e8500000, 0x00000000e8500000| Untracked 
| 134|0x00000000e8600000, 0x00000000e8600000, 0x00000000e8700000|  0%| F|  |TAMS 0x00000000e8600000, 0x00000000e8600000| Untracked 
| 135|0x00000000e8700000, 0x00000000e8700000, 0x00000000e8800000|  0%| F|  |TAMS 0x00000000e8700000, 0x00000000e8700000| Untracked 
| 136|0x00000000e8800000, 0x00000000e8800000, 0x00000000e8900000|  0%| F|  |TAMS 0x00000000e8800000, 0x00000000e8800000| Untracked 
| 137|0x00000000e8900000, 0x00000000e8900000, 0x00000000e8a00000|  0%| F|  |TAMS 0x00000000e8900000, 0x00000000e8900000| Untracked 
| 138|0x00000000e8a00000, 0x00000000e8a00000, 0x00000000e8b00000|  0%| F|  |TAMS 0x00000000e8a00000, 0x00000000e8a00000| Untracked 
| 139|0x00000000e8b00000, 0x00000000e8b00000, 0x00000000e8c00000|  0%| F|  |TAMS 0x00000000e8b00000, 0x00000000e8b00000| Untracked 
| 140|0x00000000e8c00000, 0x00000000e8c00000, 0x00000000e8d00000|  0%| F|  |TAMS 0x00000000e8c00000, 0x00000000e8c00000| Untracked 
| 141|0x00000000e8d00000, 0x00000000e8d00000, 0x00000000e8e00000|  0%| F|  |TAMS 0x00000000e8d00000, 0x00000000e8d00000| Untracked 
| 142|0x00000000e8e00000, 0x00000000e8e00000, 0x00000000e8f00000|  0%| F|  |TAMS 0x00000000e8e00000, 0x00000000e8e00000| Untracked 
| 143|0x00000000e8f00000, 0x00000000e8f00000, 0x00000000e9000000|  0%| F|  |TAMS 0x00000000e8f00000, 0x00000000e8f00000| Untracked 
| 144|0x00000000e9000000, 0x00000000e9000000, 0x00000000e9100000|  0%| F|  |TAMS 0x00000000e9000000, 0x00000000e9000000| Untracked 
| 145|0x00000000e9100000, 0x00000000e9100000, 0x00000000e9200000|  0%| F|  |TAMS 0x00000000e9100000, 0x00000000e9100000| Untracked 
| 146|0x00000000e9200000, 0x00000000e9200000, 0x00000000e9300000|  0%| F|  |TAMS 0x00000000e9200000, 0x00000000e9200000| Untracked 
| 147|0x00000000e9300000, 0x00000000e9300000, 0x00000000e9400000|  0%| F|  |TAMS 0x00000000e9300000, 0x00000000e9300000| Untracked 
| 148|0x00000000e9400000, 0x00000000e9400000, 0x00000000e9500000|  0%| F|  |TAMS 0x00000000e9400000, 0x00000000e9400000| Untracked 
| 149|0x00000000e9500000, 0x00000000e9500000, 0x00000000e9600000|  0%| F|  |TAMS 0x00000000e9500000, 0x00000000e9500000| Untracked 
| 150|0x00000000e9600000, 0x00000000e9600000, 0x00000000e9700000|  0%| F|  |TAMS 0x00000000e9600000, 0x00000000e9600000| Untracked 
| 151|0x00000000e9700000, 0x00000000e9700000, 0x00000000e9800000|  0%| F|  |TAMS 0x00000000e9700000, 0x00000000e9700000| Untracked 
| 152|0x00000000e9800000, 0x00000000e9800000, 0x00000000e9900000|  0%| F|  |TAMS 0x00000000e9800000, 0x00000000e9800000| Untracked 
| 153|0x00000000e9900000, 0x00000000e9900000, 0x00000000e9a00000|  0%| F|  |TAMS 0x00000000e9900000, 0x00000000e9900000| Untracked 
| 154|0x00000000e9a00000, 0x00000000e9a00000, 0x00000000e9b00000|  0%| F|  |TAMS 0x00000000e9a00000, 0x00000000e9a00000| Untracked 
| 155|0x00000000e9b00000, 0x00000000e9b00000, 0x00000000e9c00000|  0%| F|  |TAMS 0x00000000e9b00000, 0x00000000e9b00000| Untracked 
| 156|0x00000000e9c00000, 0x00000000e9c00000, 0x00000000e9d00000|  0%| F|  |TAMS 0x00000000e9c00000, 0x00000000e9c00000| Untracked 
| 157|0x00000000e9d00000, 0x00000000e9d00000, 0x00000000e9e00000|  0%| F|  |TAMS 0x00000000e9d00000, 0x00000000e9d00000| Untracked 
| 158|0x00000000e9e00000, 0x00000000e9e00000, 0x00000000e9f00000|  0%| F|  |TAMS 0x00000000e9e00000, 0x00000000e9e00000| Untracked 
| 159|0x00000000e9f00000, 0x00000000e9f00000, 0x00000000ea000000|  0%| F|  |TAMS 0x00000000e9f00000, 0x00000000e9f00000| Untracked 
| 160|0x00000000ea000000, 0x00000000ea000000, 0x00000000ea100000|  0%| F|  |TAMS 0x00000000ea000000, 0x00000000ea000000| Untracked 
| 161|0x00000000ea100000, 0x00000000ea100000, 0x00000000ea200000|  0%| F|  |TAMS 0x00000000ea100000, 0x00000000ea100000| Untracked 
| 162|0x00000000ea200000, 0x00000000ea200000, 0x00000000ea300000|  0%| F|  |TAMS 0x00000000ea200000, 0x00000000ea200000| Untracked 
| 163|0x00000000ea300000, 0x00000000ea300000, 0x00000000ea400000|  0%| F|  |TAMS 0x00000000ea300000, 0x00000000ea300000| Untracked 
| 164|0x00000000ea400000, 0x00000000ea400000, 0x00000000ea500000|  0%| F|  |TAMS 0x00000000ea400000, 0x00000000ea400000| Untracked 
| 165|0x00000000ea500000, 0x00000000ea500000, 0x00000000ea600000|  0%| F|  |TAMS 0x00000000ea500000, 0x00000000ea500000| Untracked 
| 166|0x00000000ea600000, 0x00000000ea600000, 0x00000000ea700000|  0%| F|  |TAMS 0x00000000ea600000, 0x00000000ea600000| Untracked 
| 167|0x00000000ea700000, 0x00000000ea700000, 0x00000000ea800000|  0%| F|  |TAMS 0x00000000ea700000, 0x00000000ea700000| Untracked 
| 168|0x00000000ea800000, 0x00000000ea800000, 0x00000000ea900000|  0%| F|  |TAMS 0x00000000ea800000, 0x00000000ea800000| Untracked 
| 169|0x00000000ea900000, 0x00000000ea900000, 0x00000000eaa00000|  0%| F|  |TAMS 0x00000000ea900000, 0x00000000ea900000| Untracked 
| 170|0x00000000eaa00000, 0x00000000eaa00000, 0x00000000eab00000|  0%| F|  |TAMS 0x00000000eaa00000, 0x00000000eaa00000| Untracked 
| 171|0x00000000eab00000, 0x00000000eab00000, 0x00000000eac00000|  0%| F|  |TAMS 0x00000000eab00000, 0x00000000eab00000| Untracked 
| 172|0x00000000eac00000, 0x00000000eac00000, 0x00000000ead00000|  0%| F|  |TAMS 0x00000000eac00000, 0x00000000eac00000| Untracked 
| 173|0x00000000ead00000, 0x00000000ead00000, 0x00000000eae00000|  0%| F|  |TAMS 0x00000000ead00000, 0x00000000ead00000| Untracked 
| 174|0x00000000eae00000, 0x00000000eae00000, 0x00000000eaf00000|  0%| F|  |TAMS 0x00000000eae00000, 0x00000000eae00000| Untracked 
| 175|0x00000000eaf00000, 0x00000000eaf00000, 0x00000000eb000000|  0%| F|  |TAMS 0x00000000eaf00000, 0x00000000eaf00000| Untracked 
| 176|0x00000000eb000000, 0x00000000eb000000, 0x00000000eb100000|  0%| F|  |TAMS 0x00000000eb000000, 0x00000000eb000000| Untracked 
| 177|0x00000000eb100000, 0x00000000eb100000, 0x00000000eb200000|  0%| F|  |TAMS 0x00000000eb100000, 0x00000000eb100000| Untracked 
| 178|0x00000000eb200000, 0x00000000eb200000, 0x00000000eb300000|  0%| F|  |TAMS 0x00000000eb200000, 0x00000000eb200000| Untracked 
| 179|0x00000000eb300000, 0x00000000eb300000, 0x00000000eb400000|  0%| F|  |TAMS 0x00000000eb300000, 0x00000000eb300000| Untracked 
| 180|0x00000000eb400000, 0x00000000eb400000, 0x00000000eb500000|  0%| F|  |TAMS 0x00000000eb400000, 0x00000000eb400000| Untracked 
| 181|0x00000000eb500000, 0x00000000eb500000, 0x00000000eb600000|  0%| F|  |TAMS 0x00000000eb500000, 0x00000000eb500000| Untracked 
| 182|0x00000000eb600000, 0x00000000eb600000, 0x00000000eb700000|  0%| F|  |TAMS 0x00000000eb600000, 0x00000000eb600000| Untracked 
| 183|0x00000000eb700000, 0x00000000eb700000, 0x00000000eb800000|  0%| F|  |TAMS 0x00000000eb700000, 0x00000000eb700000| Untracked 
| 184|0x00000000eb800000, 0x00000000eb800000, 0x00000000eb900000|  0%| F|  |TAMS 0x00000000eb800000, 0x00000000eb800000| Untracked 
| 185|0x00000000eb900000, 0x00000000eb900000, 0x00000000eba00000|  0%| F|  |TAMS 0x00000000eb900000, 0x00000000eb900000| Untracked 
| 186|0x00000000eba00000, 0x00000000eba00000, 0x00000000ebb00000|  0%| F|  |TAMS 0x00000000eba00000, 0x00000000eba00000| Untracked 
| 187|0x00000000ebb00000, 0x00000000ebb00000, 0x00000000ebc00000|  0%| F|  |TAMS 0x00000000ebb00000, 0x00000000ebb00000| Untracked 
| 188|0x00000000ebc00000, 0x00000000ebc00000, 0x00000000ebd00000|  0%| F|  |TAMS 0x00000000ebc00000, 0x00000000ebc00000| Untracked 
| 189|0x00000000ebd00000, 0x00000000ebd80800, 0x00000000ebe00000| 50%| E|  |TAMS 0x00000000ebd00000, 0x00000000ebd00000| Complete 
| 190|0x00000000ebe00000, 0x00000000ebf00000, 0x00000000ebf00000|100%| E|CS|TAMS 0x00000000ebe00000, 0x00000000ebe00000| Complete 
| 191|0x00000000ebf00000, 0x00000000ec000000, 0x00000000ec000000|100%| E|CS|TAMS 0x00000000ebf00000, 0x00000000ebf00000| Complete 
| 192|0x00000000ec000000, 0x00000000ec100000, 0x00000000ec100000|100%| E|CS|TAMS 0x00000000ec000000, 0x00000000ec000000| Complete 
| 193|0x00000000ec100000, 0x00000000ec200000, 0x00000000ec200000|100%| E|CS|TAMS 0x00000000ec100000, 0x00000000ec100000| Complete 
| 194|0x00000000ec200000, 0x00000000ec300000, 0x00000000ec300000|100%| E|CS|TAMS 0x00000000ec200000, 0x00000000ec200000| Complete 
| 195|0x00000000ec300000, 0x00000000ec400000, 0x00000000ec400000|100%| E|CS|TAMS 0x00000000ec300000, 0x00000000ec300000| Complete 
| 196|0x00000000ec400000, 0x00000000ec500000, 0x00000000ec500000|100%| E|CS|TAMS 0x00000000ec400000, 0x00000000ec400000| Complete 
| 197|0x00000000ec500000, 0x00000000ec600000, 0x00000000ec600000|100%| E|CS|TAMS 0x00000000ec500000, 0x00000000ec500000| Complete 
| 198|0x00000000ec600000, 0x00000000ec700000, 0x00000000ec700000|100%| E|CS|TAMS 0x00000000ec600000, 0x00000000ec600000| Complete 
| 199|0x00000000ec700000, 0x00000000ec800000, 0x00000000ec800000|100%| E|CS|TAMS 0x00000000ec700000, 0x00000000ec700000| Complete 
| 200|0x00000000ec800000, 0x00000000ec900000, 0x00000000ec900000|100%| E|CS|TAMS 0x00000000ec800000, 0x00000000ec800000| Complete 
| 201|0x00000000ec900000, 0x00000000eca00000, 0x00000000eca00000|100%| E|CS|TAMS 0x00000000ec900000, 0x00000000ec900000| Complete 
| 202|0x00000000eca00000, 0x00000000ecb00000, 0x00000000ecb00000|100%| E|CS|TAMS 0x00000000eca00000, 0x00000000eca00000| Complete 
| 203|0x00000000ecb00000, 0x00000000ecc00000, 0x00000000ecc00000|100%| E|CS|TAMS 0x00000000ecb00000, 0x00000000ecb00000| Complete 
| 204|0x00000000ecc00000, 0x00000000ecd00000, 0x00000000ecd00000|100%| E|CS|TAMS 0x00000000ecc00000, 0x00000000ecc00000| Complete 
| 205|0x00000000ecd00000, 0x00000000ece00000, 0x00000000ece00000|100%| E|CS|TAMS 0x00000000ecd00000, 0x00000000ecd00000| Complete 
| 206|0x00000000ece00000, 0x00000000ecf00000, 0x00000000ecf00000|100%| E|CS|TAMS 0x00000000ece00000, 0x00000000ece00000| Complete 
| 207|0x00000000ecf00000, 0x00000000ed000000, 0x00000000ed000000|100%| E|CS|TAMS 0x00000000ecf00000, 0x00000000ecf00000| Complete 
| 208|0x00000000ed000000, 0x00000000ed100000, 0x00000000ed100000|100%| E|CS|TAMS 0x00000000ed000000, 0x00000000ed000000| Complete 
| 209|0x00000000ed100000, 0x00000000ed200000, 0x00000000ed200000|100%| E|CS|TAMS 0x00000000ed100000, 0x00000000ed100000| Complete 
| 210|0x00000000ed200000, 0x00000000ed300000, 0x00000000ed300000|100%| E|CS|TAMS 0x00000000ed200000, 0x00000000ed200000| Complete 
| 211|0x00000000ed300000, 0x00000000ed400000, 0x00000000ed400000|100%| E|CS|TAMS 0x00000000ed300000, 0x00000000ed300000| Complete 
| 212|0x00000000ed400000, 0x00000000ed500000, 0x00000000ed500000|100%| E|CS|TAMS 0x00000000ed400000, 0x00000000ed400000| Complete 
| 213|0x00000000ed500000, 0x00000000ed600000, 0x00000000ed600000|100%| E|CS|TAMS 0x00000000ed500000, 0x00000000ed500000| Complete 
| 214|0x00000000ed600000, 0x00000000ed700000, 0x00000000ed700000|100%| E|CS|TAMS 0x00000000ed600000, 0x00000000ed600000| Complete 
| 215|0x00000000ed700000, 0x00000000ed800000, 0x00000000ed800000|100%| E|CS|TAMS 0x00000000ed700000, 0x00000000ed700000| Complete 
| 216|0x00000000ed800000, 0x00000000ed900000, 0x00000000ed900000|100%| E|CS|TAMS 0x00000000ed800000, 0x00000000ed800000| Complete 
| 217|0x00000000ed900000, 0x00000000eda00000, 0x00000000eda00000|100%| E|CS|TAMS 0x00000000ed900000, 0x00000000ed900000| Complete 
| 218|0x00000000eda00000, 0x00000000edb00000, 0x00000000edb00000|100%| E|CS|TAMS 0x00000000eda00000, 0x00000000eda00000| Complete 
| 219|0x00000000edb00000, 0x00000000edc00000, 0x00000000edc00000|100%| E|CS|TAMS 0x00000000edb00000, 0x00000000edb00000| Complete 
| 220|0x00000000edc00000, 0x00000000edd00000, 0x00000000edd00000|100%| E|CS|TAMS 0x00000000edc00000, 0x00000000edc00000| Complete 
| 221|0x00000000edd00000, 0x00000000ede00000, 0x00000000ede00000|100%| E|CS|TAMS 0x00000000edd00000, 0x00000000edd00000| Complete 
| 222|0x00000000ede00000, 0x00000000edf00000, 0x00000000edf00000|100%| E|CS|TAMS 0x00000000ede00000, 0x00000000ede00000| Complete 
| 223|0x00000000edf00000, 0x00000000ee000000, 0x00000000ee000000|100%| E|CS|TAMS 0x00000000edf00000, 0x00000000edf00000| Complete 
| 224|0x00000000ee000000, 0x00000000ee100000, 0x00000000ee100000|100%| E|CS|TAMS 0x00000000ee000000, 0x00000000ee000000| Complete 
| 225|0x00000000ee100000, 0x00000000ee200000, 0x00000000ee200000|100%| E|CS|TAMS 0x00000000ee100000, 0x00000000ee100000| Complete 
| 226|0x00000000ee200000, 0x00000000ee300000, 0x00000000ee300000|100%| E|CS|TAMS 0x00000000ee200000, 0x00000000ee200000| Complete 
| 227|0x00000000ee300000, 0x00000000ee400000, 0x00000000ee400000|100%| E|CS|TAMS 0x00000000ee300000, 0x00000000ee300000| Complete 
| 228|0x00000000ee400000, 0x00000000ee500000, 0x00000000ee500000|100%| E|CS|TAMS 0x00000000ee400000, 0x00000000ee400000| Complete 
| 229|0x00000000ee500000, 0x00000000ee600000, 0x00000000ee600000|100%| E|CS|TAMS 0x00000000ee500000, 0x00000000ee500000| Complete 
| 230|0x00000000ee600000, 0x00000000ee700000, 0x00000000ee700000|100%| E|CS|TAMS 0x00000000ee600000, 0x00000000ee600000| Complete 
| 231|0x00000000ee700000, 0x00000000ee800000, 0x00000000ee800000|100%| E|CS|TAMS 0x00000000ee700000, 0x00000000ee700000| Complete 
| 232|0x00000000ee800000, 0x00000000ee900000, 0x00000000ee900000|100%| E|CS|TAMS 0x00000000ee800000, 0x00000000ee800000| Complete 
| 233|0x00000000ee900000, 0x00000000eea00000, 0x00000000eea00000|100%| E|CS|TAMS 0x00000000ee900000, 0x00000000ee900000| Complete 
| 234|0x00000000eea00000, 0x00000000eeb00000, 0x00000000eeb00000|100%| E|CS|TAMS 0x00000000eea00000, 0x00000000eea00000| Complete 
| 235|0x00000000eeb00000, 0x00000000eec00000, 0x00000000eec00000|100%| E|CS|TAMS 0x00000000eeb00000, 0x00000000eeb00000| Complete 
| 236|0x00000000eec00000, 0x00000000eed00000, 0x00000000eed00000|100%| E|CS|TAMS 0x00000000eec00000, 0x00000000eec00000| Complete 
| 237|0x00000000eed00000, 0x00000000eee00000, 0x00000000eee00000|100%| E|CS|TAMS 0x00000000eed00000, 0x00000000eed00000| Complete 
| 238|0x00000000eee00000, 0x00000000eef00000, 0x00000000eef00000|100%| E|CS|TAMS 0x00000000eee00000, 0x00000000eee00000| Complete 
| 239|0x00000000eef00000, 0x00000000ef000000, 0x00000000ef000000|100%| E|CS|TAMS 0x00000000eef00000, 0x00000000eef00000| Complete 
| 240|0x00000000ef000000, 0x00000000ef100000, 0x00000000ef100000|100%| E|CS|TAMS 0x00000000ef000000, 0x00000000ef000000| Complete 
| 241|0x00000000ef100000, 0x00000000ef200000, 0x00000000ef200000|100%| E|CS|TAMS 0x00000000ef100000, 0x00000000ef100000| Complete 
| 242|0x00000000ef200000, 0x00000000ef300000, 0x00000000ef300000|100%| E|CS|TAMS 0x00000000ef200000, 0x00000000ef200000| Complete 
| 243|0x00000000ef300000, 0x00000000ef400000, 0x00000000ef400000|100%| E|CS|TAMS 0x00000000ef300000, 0x00000000ef300000| Complete 
| 244|0x00000000ef400000, 0x00000000ef500000, 0x00000000ef500000|100%| E|CS|TAMS 0x00000000ef400000, 0x00000000ef400000| Complete 
| 245|0x00000000ef500000, 0x00000000ef600000, 0x00000000ef600000|100%| E|CS|TAMS 0x00000000ef500000, 0x00000000ef500000| Complete 
| 246|0x00000000ef600000, 0x00000000ef700000, 0x00000000ef700000|100%| E|CS|TAMS 0x00000000ef600000, 0x00000000ef600000| Complete 
| 247|0x00000000ef700000, 0x00000000ef800000, 0x00000000ef800000|100%| E|CS|TAMS 0x00000000ef700000, 0x00000000ef700000| Complete 
| 248|0x00000000ef800000, 0x00000000ef900000, 0x00000000ef900000|100%| E|CS|TAMS 0x00000000ef800000, 0x00000000ef800000| Complete 
| 249|0x00000000ef900000, 0x00000000efa00000, 0x00000000efa00000|100%| E|CS|TAMS 0x00000000ef900000, 0x00000000ef900000| Complete 
| 250|0x00000000efa00000, 0x00000000efb00000, 0x00000000efb00000|100%| E|CS|TAMS 0x00000000efa00000, 0x00000000efa00000| Complete 
| 251|0x00000000efb00000, 0x00000000efc00000, 0x00000000efc00000|100%| E|CS|TAMS 0x00000000efb00000, 0x00000000efb00000| Complete 
| 252|0x00000000efc00000, 0x00000000efd00000, 0x00000000efd00000|100%| E|CS|TAMS 0x00000000efc00000, 0x00000000efc00000| Complete 
| 253|0x00000000efd00000, 0x00000000efe00000, 0x00000000efe00000|100%| E|CS|TAMS 0x00000000efd00000, 0x00000000efd00000| Complete 
| 254|0x00000000efe00000, 0x00000000eff00000, 0x00000000eff00000|100%| E|CS|TAMS 0x00000000efe00000, 0x00000000efe00000| Complete 
| 255|0x00000000eff00000, 0x00000000f0000000, 0x00000000f0000000|100%| E|CS|TAMS 0x00000000eff00000, 0x00000000eff00000| Complete 

Card table byte_map: [0x00000179da970000,0x00000179daa70000] _byte_map_base: 0x00000179da270000

Marking Bits (Prev, Next): (CMBitMap*) 0x00000179c4065cb0, (CMBitMap*) 0x00000179c4065cf0
 Prev Bits: [0x00000179dab70000, 0x00000179db370000)
 Next Bits: [0x00000179db370000, 0x00000179dbb70000)

Polling page: 0x00000179c1f80000

Metaspace:

Usage:
  Non-class:     49.50 MB used.
      Class:      7.40 MB used.
       Both:     56.90 MB used.

Virtual space:
  Non-class space:       64.00 MB reserved,      50.25 MB ( 79%) committed,  1 nodes.
      Class space:      208.00 MB reserved,       8.19 MB (  4%) committed,  1 nodes.
             Both:      272.00 MB reserved,      58.44 MB ( 21%) committed. 

Chunk freelists:
   Non-Class:  1.61 MB
       Class:  3.84 MB
        Both:  5.45 MB

MaxMetaspaceSize: 256.00 MB
CompressedClassSpaceSize: 208.00 MB
Initial GC threshold: 21.00 MB
Current GC threshold: 59.94 MB
CDS: on
MetaspaceReclaimPolicy: balanced
 - commit_granule_bytes: 65536.
 - commit_granule_words: 8192.
 - virtual_space_node_default_size: 8388608.
 - enlarge_chunks_in_place: 1.
 - new_chunks_are_fully_committed: 0.
 - uncommit_free_chunks: 1.
 - use_allocation_guard: 0.


Internal statistics:

num_allocs_failed_limit: 12.
num_arena_births: 2542.
num_arena_deaths: 0.
num_vsnodes_births: 2.
num_vsnodes_deaths: 0.
num_space_committed: 935.
num_space_uncommitted: 0.
num_chunks_returned_to_freelist: 12.
num_chunks_taken_from_freelist: 4877.
num_chunk_merges: 12.
num_chunk_splits: 3186.
num_chunks_enlarged: 1987.
num_inconsistent_stats: 0.

CodeHeap 'non-profiled nmethods': size=120000Kb used=6115Kb max_used=6164Kb free=113884Kb
 bounds [0x00000179d3440000, 0x00000179d3a60000, 0x00000179da970000]
CodeHeap 'profiled nmethods': size=120000Kb used=17059Kb max_used=19105Kb free=102940Kb
 bounds [0x00000179cbf10000, 0x00000179cd1c0000, 0x00000179d3440000]
CodeHeap 'non-nmethods': size=5760Kb used=2389Kb max_used=2459Kb free=3370Kb
 bounds [0x00000179cb970000, 0x00000179cbc00000, 0x00000179cbf10000]
 total_blobs=9806 nmethods=8902 adapters=816
 compilation: enabled
              stopped_count=0, restarted_count=0
 full_count=0

Compilation events (20 events):
Event: 140.877 Thread 0x00000179de0f41f0 nmethod 11161 0x00000179cd0c0890 code [0x00000179cd0c0fe0, 0x00000179cd0c56e8]
Event: 140.877 Thread 0x00000179de0f41f0 11165       3       org.objectweb.asm.MethodWriter::putMethodInfo (1274 bytes)
Event: 140.882 Thread 0x00000179de0f41f0 nmethod 11165 0x00000179ccccaa90 code [0x00000179ccccb120, 0x00000179ccccd6c8]
Event: 140.882 Thread 0x00000179de0f41f0 11166 %     3       org.objectweb.asm.ClassWriter::toByteArray @ 17 (1535 bytes)
Event: 140.891 Thread 0x00000179de0f41f0 nmethod 11166% 0x00000179cc549810 code [0x00000179cc54a100, 0x00000179cc54e1c8]
Event: 140.891 Thread 0x00000179de0f41f0 11167       3       org.objectweb.asm.ClassReader::readField (671 bytes)
Event: 140.895 Thread 0x00000179de0f41f0 nmethod 11167 0x00000179cd134190 code [0x00000179cd1346e0, 0x00000179cd136b08]
Event: 140.895 Thread 0x00000179de0f41f0 11163       3       org.objectweb.asm.Attribute::computeAttributesSize (62 bytes)
Event: 140.895 Thread 0x00000179de0ea8e0 11169       4       org.objectweb.asm.SymbolTable::getConstantPoolLength (8 bytes)
Event: 140.895 Thread 0x00000179de0f41f0 nmethod 11163 0x00000179cc903d10 code [0x00000179cc903ee0, 0x00000179cc904208]
Event: 140.895 Thread 0x00000179de0f41f0 11170       3       org.objectweb.asm.ClassWriter::toByteArray (1535 bytes)
Event: 140.896 Thread 0x00000179de0ea8e0 nmethod 11169 0x00000179d34a0a90 code [0x00000179d34a0c00, 0x00000179d34a0c98]
Event: 140.896 Thread 0x00000179de0ea8e0 11171       4       org.objectweb.asm.ByteVector::<init> (12 bytes)
Event: 140.898 Thread 0x00000179de0ea8e0 nmethod 11171 0x00000179d34a0610 code [0x00000179d34a07a0, 0x00000179d34a09d8]
Event: 140.898 Thread 0x00000179de0ea8e0 11172       4       org.objectweb.asm.SymbolTable::putConstantPool (28 bytes)
Event: 140.902 Thread 0x00000179de0ea8e0 nmethod 11172 0x00000179d349ff90 code [0x00000179d34a0120, 0x00000179d34a03a8]
Event: 140.903 Thread 0x00000179de0f41f0 nmethod 11170 0x00000179cc662590 code [0x00000179cc662e60, 0x00000179cc666ba8]
Event: 140.903 Thread 0x00000179de0f41f0 11164       3       org.objectweb.asm.Attribute::putAttributes (78 bytes)
Event: 140.904 Thread 0x00000179de0f41f0 nmethod 11164 0x00000179cc5ebf10 code [0x00000179cc5ec140, 0x00000179cc5ec5f8]
Event: 140.904 Thread 0x00000179de0f41f0 11162       3       org.objectweb.asm.MethodWriter::computeMethodInfoSize (571 bytes)

GC Heap History (20 events):
Event: 136.538 GC heap before
{Heap before GC invocations=14 (full 0):
 garbage-first heap   total 262144K, used 204279K [0x00000000e0000000, 0x0000000100000000)
  region size 1024K, 153 young (156672K), 3 survivors (3072K)
 Metaspace       used 58195K, committed 59776K, reserved 278528K
  class space    used 7576K, committed 8384K, reserved 212992K
}
Event: 136.542 GC heap after
{Heap after GC invocations=15 (full 0):
 garbage-first heap   total 262144K, used 52569K [0x00000000e0000000, 0x0000000100000000)
  region size 1024K, 4 young (4096K), 4 survivors (4096K)
 Metaspace       used 58195K, committed 59776K, reserved 278528K
  class space    used 7576K, committed 8384K, reserved 212992K
}
Event: 136.972 GC heap before
{Heap before GC invocations=15 (full 0):
 garbage-first heap   total 262144K, used 204121K [0x00000000e0000000, 0x0000000100000000)
  region size 1024K, 153 young (156672K), 4 survivors (4096K)
 Metaspace       used 58195K, committed 59776K, reserved 278528K
  class space    used 7576K, committed 8384K, reserved 212992K
}
Event: 136.976 GC heap after
{Heap after GC invocations=16 (full 0):
 garbage-first heap   total 262144K, used 52138K [0x00000000e0000000, 0x0000000100000000)
  region size 1024K, 4 young (4096K), 4 survivors (4096K)
 Metaspace       used 58195K, committed 59776K, reserved 278528K
  class space    used 7576K, committed 8384K, reserved 212992K
}
Event: 137.393 GC heap before
{Heap before GC invocations=16 (full 0):
 garbage-first heap   total 262144K, used 204714K [0x00000000e0000000, 0x0000000100000000)
  region size 1024K, 153 young (156672K), 4 survivors (4096K)
 Metaspace       used 58195K, committed 59776K, reserved 278528K
  class space    used 7576K, committed 8384K, reserved 212992K
}
Event: 137.398 GC heap after
{Heap after GC invocations=17 (full 0):
 garbage-first heap   total 262144K, used 52730K [0x00000000e0000000, 0x0000000100000000)
  region size 1024K, 4 young (4096K), 4 survivors (4096K)
 Metaspace       used 58195K, committed 59776K, reserved 278528K
  class space    used 7576K, committed 8384K, reserved 212992K
}
Event: 138.089 GC heap before
{Heap before GC invocations=17 (full 0):
 garbage-first heap   total 262144K, used 209402K [0x00000000e0000000, 0x0000000100000000)
  region size 1024K, 153 young (156672K), 4 survivors (4096K)
 Metaspace       used 58213K, committed 59776K, reserved 278528K
  class space    used 7579K, committed 8384K, reserved 212992K
}
Event: 138.094 GC heap after
{Heap after GC invocations=18 (full 0):
 garbage-first heap   total 262144K, used 55075K [0x00000000e0000000, 0x0000000100000000)
  region size 1024K, 5 young (5120K), 5 survivors (5120K)
 Metaspace       used 58213K, committed 59776K, reserved 278528K
  class space    used 7579K, committed 8384K, reserved 212992K
}
Event: 138.611 GC heap before
{Heap before GC invocations=18 (full 0):
 garbage-first heap   total 262144K, used 206627K [0x00000000e0000000, 0x0000000100000000)
  region size 1024K, 153 young (156672K), 5 survivors (5120K)
 Metaspace       used 58230K, committed 59776K, reserved 278528K
  class space    used 7580K, committed 8384K, reserved 212992K
}
Event: 138.616 GC heap after
{Heap after GC invocations=19 (full 0):
 garbage-first heap   total 262144K, used 54753K [0x00000000e0000000, 0x0000000100000000)
  region size 1024K, 4 young (4096K), 4 survivors (4096K)
 Metaspace       used 58230K, committed 59776K, reserved 278528K
  class space    used 7580K, committed 8384K, reserved 212992K
}
Event: 139.188 GC heap before
{Heap before GC invocations=19 (full 0):
 garbage-first heap   total 262144K, used 207329K [0x00000000e0000000, 0x0000000100000000)
  region size 1024K, 153 young (156672K), 4 survivors (4096K)
 Metaspace       used 58242K, committed 59776K, reserved 278528K
  class space    used 7580K, committed 8384K, reserved 212992K
}
Event: 139.193 GC heap after
{Heap after GC invocations=20 (full 0):
 garbage-first heap   total 262144K, used 56136K [0x00000000e0000000, 0x0000000100000000)
  region size 1024K, 6 young (6144K), 6 survivors (6144K)
 Metaspace       used 58242K, committed 59776K, reserved 278528K
  class space    used 7580K, committed 8384K, reserved 212992K
}
Event: 139.676 GC heap before
{Heap before GC invocations=20 (full 0):
 garbage-first heap   total 262144K, used 205640K [0x00000000e0000000, 0x0000000100000000)
  region size 1024K, 153 young (156672K), 6 survivors (6144K)
 Metaspace       used 58255K, committed 59776K, reserved 278528K
  class space    used 7580K, committed 8384K, reserved 212992K
}
Event: 139.682 GC heap after
{Heap after GC invocations=21 (full 0):
 garbage-first heap   total 262144K, used 56377K [0x00000000e0000000, 0x0000000100000000)
  region size 1024K, 6 young (6144K), 6 survivors (6144K)
 Metaspace       used 58255K, committed 59776K, reserved 278528K
  class space    used 7580K, committed 8384K, reserved 212992K
}
Event: 139.969 GC heap before
{Heap before GC invocations=21 (full 0):
 garbage-first heap   total 262144K, used 206905K [0x00000000e0000000, 0x0000000100000000)
  region size 1024K, 153 young (156672K), 6 survivors (6144K)
 Metaspace       used 58262K, committed 59840K, reserved 278528K
  class space    used 7580K, committed 8384K, reserved 212992K
}
Event: 139.974 GC heap after
{Heap after GC invocations=22 (full 0):
 garbage-first heap   total 262144K, used 55802K [0x00000000e0000000, 0x0000000100000000)
  region size 1024K, 5 young (5120K), 5 survivors (5120K)
 Metaspace       used 58262K, committed 59840K, reserved 278528K
  class space    used 7580K, committed 8384K, reserved 212992K
}
Event: 140.182 GC heap before
{Heap before GC invocations=22 (full 0):
 garbage-first heap   total 262144K, used 207354K [0x00000000e0000000, 0x0000000100000000)
  region size 1024K, 153 young (156672K), 5 survivors (5120K)
 Metaspace       used 58265K, committed 59840K, reserved 278528K
  class space    used 7580K, committed 8384K, reserved 212992K
}
Event: 140.188 GC heap after
{Heap after GC invocations=23 (full 0):
 garbage-first heap   total 262144K, used 56826K [0x00000000e0000000, 0x0000000100000000)
  region size 1024K, 6 young (6144K), 6 survivors (6144K)
 Metaspace       used 58265K, committed 59840K, reserved 278528K
  class space    used 7580K, committed 8384K, reserved 212992K
}
Event: 140.583 GC heap before
{Heap before GC invocations=23 (full 0):
 garbage-first heap   total 262144K, used 207354K [0x00000000e0000000, 0x0000000100000000)
  region size 1024K, 153 young (156672K), 6 survivors (6144K)
 Metaspace       used 58266K, committed 59840K, reserved 278528K
  class space    used 7580K, committed 8384K, reserved 212992K
}
Event: 140.589 GC heap after
{Heap after GC invocations=24 (full 0):
 garbage-first heap   total 262144K, used 57604K [0x00000000e0000000, 0x0000000100000000)
  region size 1024K, 7 young (7168K), 7 survivors (7168K)
 Metaspace       used 58266K, committed 59840K, reserved 278528K
  class space    used 7580K, committed 8384K, reserved 212992K
}

Deoptimization events (20 events):
Event: 140.869 Thread 0x00000179e4a5b160 Uncommon trap: trap_request=0xffffff45 fr.pc=0x00000179d3950e9c relative=0x000000000000007c
Event: 140.869 Thread 0x00000179e4a5b160 Uncommon trap: reason=unstable_if action=reinterpret pc=0x00000179d3950e9c method=org.objectweb.asm.Attribute.computeAttributesSize(Lorg/objectweb/asm/SymbolTable;II)I @ 16 c2
Event: 140.869 Thread 0x00000179e4a5b160 DEOPT PACKING pc=0x00000179d3950e9c sp=0x0000002d595fe600
Event: 140.869 Thread 0x00000179e4a5b160 DEOPT UNPACKING pc=0x00000179cb9c23a3 sp=0x0000002d595fe578 mode 2
Event: 140.869 Thread 0x00000179e4a5b160 Uncommon trap: trap_request=0xffffff45 fr.pc=0x00000179d3a3f23c relative=0x000000000000039c
Event: 140.869 Thread 0x00000179e4a5b160 Uncommon trap: reason=unstable_if action=reinterpret pc=0x00000179d3a3f23c method=org.objectweb.asm.Attribute.computeAttributesSize(Lorg/objectweb/asm/SymbolTable;II)I @ 16 c2
Event: 140.869 Thread 0x00000179e4a5b160 DEOPT PACKING pc=0x00000179d3a3f23c sp=0x0000002d595fe650
Event: 140.869 Thread 0x00000179e4a5b160 DEOPT UNPACKING pc=0x00000179cb9c23a3 sp=0x0000002d595fe568 mode 2
Event: 140.869 Thread 0x00000179e4a5b160 Uncommon trap: trap_request=0xffffff45 fr.pc=0x00000179d395bb60 relative=0x00000000000000e0
Event: 140.869 Thread 0x00000179e4a5b160 Uncommon trap: reason=unstable_if action=reinterpret pc=0x00000179d395bb60 method=org.objectweb.asm.Attribute.putAttributes(Lorg/objectweb/asm/SymbolTable;IILorg/objectweb/asm/ByteVector;)V @ 14 c2
Event: 140.869 Thread 0x00000179e4a5b160 DEOPT PACKING pc=0x00000179d395bb60 sp=0x0000002d595fe5d0
Event: 140.869 Thread 0x00000179e4a5b160 DEOPT UNPACKING pc=0x00000179cb9c23a3 sp=0x0000002d595fe558 mode 2
Event: 140.869 Thread 0x00000179e4a5b160 Uncommon trap: trap_request=0xffffff45 fr.pc=0x00000179d3a23b74 relative=0x0000000000000fb4
Event: 140.869 Thread 0x00000179e4a5b160 Uncommon trap: reason=unstable_if action=reinterpret pc=0x00000179d3a23b74 method=org.objectweb.asm.MethodWriter.putMethodInfo(Lorg/objectweb/asm/ByteVector;)V @ 126 c2
Event: 140.869 Thread 0x00000179e4a5b160 DEOPT PACKING pc=0x00000179d3a23b74 sp=0x0000002d595fe610
Event: 140.869 Thread 0x00000179e4a5b160 DEOPT UNPACKING pc=0x00000179cb9c23a3 sp=0x0000002d595fe5c8 mode 2
Event: 140.873 Thread 0x00000179e4a57c70 DEOPT PACKING pc=0x00000179cc944404 sp=0x0000002d596fe3a0
Event: 140.873 Thread 0x00000179e4a57c70 DEOPT UNPACKING pc=0x00000179cb9c2b43 sp=0x0000002d596fdad0 mode 0
Event: 140.899 Thread 0x00000179e4a5bfd0 DEOPT PACKING pc=0x00000179cc944d6c sp=0x0000002d597fe030
Event: 140.899 Thread 0x00000179e4a5bfd0 DEOPT UNPACKING pc=0x00000179cb9c2b43 sp=0x0000002d597fd740 mode 0

Classes loaded (20 events):
Event: 21.907 Loading class java/util/Collections$UnmodifiableSortedMap
Event: 21.907 Loading class java/util/Collections$UnmodifiableSortedMap done
Event: 21.908 Loading class sun/nio/cs/US_ASCII$Decoder
Event: 21.909 Loading class sun/nio/cs/US_ASCII$Decoder done
Event: 22.280 Loading class jdk/internal/access/foreign/MemorySegmentProxy
Event: 22.280 Loading class jdk/internal/access/foreign/MemorySegmentProxy done
Event: 32.625 Loading class com/sun/org/apache/xerces/internal/util/EncodingMap
Event: 32.628 Loading class com/sun/org/apache/xerces/internal/util/EncodingMap done
Event: 32.630 Loading class sun/nio/cs/ISO_8859_1$Decoder
Event: 32.631 Loading class sun/nio/cs/ISO_8859_1$Decoder done
Event: 133.515 Loading class java/util/zip/ZipFile$ZipEntryIterator
Event: 133.515 Loading class java/util/zip/ZipFile$ZipEntryIterator done
Event: 134.836 Loading class sun/security/ssl/Alert
Event: 134.836 Loading class sun/security/ssl/Alert done
Event: 134.837 Loading class sun/security/ssl/Alert$AlertConsumer
Event: 134.837 Loading class sun/security/ssl/Alert$AlertConsumer done
Event: 134.837 Loading class sun/security/ssl/Alert$Level
Event: 134.837 Loading class sun/security/ssl/Alert$Level done
Event: 137.897 Loading class sun/nio/fs/WindowsSecurity$Privilege
Event: 137.898 Loading class sun/nio/fs/WindowsSecurity$Privilege done

Classes unloaded (0 events):
No events

Classes redefined (0 events):
No events

Internal exceptions (20 events):
Event: 140.576 Thread 0x00000179e4a5b160 Exception <a 'sun/nio/fs/WindowsException'{0x00000000e7738df8}> (0x00000000e7738df8) 
thrown [s\open\src\hotspot\share\prims\jni.cpp, line 516]
Event: 140.600 Thread 0x00000179e4a5b160 Exception <a 'sun/nio/fs/WindowsException'{0x00000000efb94c08}> (0x00000000efb94c08) 
thrown [s\open\src\hotspot\share\prims\jni.cpp, line 516]
Event: 140.601 Thread 0x00000179e4a5b160 Exception <a 'sun/nio/fs/WindowsException'{0x00000000efb94d90}> (0x00000000efb94d90) 
thrown [s\open\src\hotspot\share\prims\jni.cpp, line 516]
Event: 140.608 Thread 0x00000179e4a5b160 Exception <a 'sun/nio/fs/WindowsException'{0x00000000efb9dfd8}> (0x00000000efb9dfd8) 
thrown [s\open\src\hotspot\share\prims\jni.cpp, line 516]
Event: 140.613 Thread 0x00000179e4a5b160 Exception <a 'sun/nio/fs/WindowsException'{0x00000000ef723670}> (0x00000000ef723670) 
thrown [s\open\src\hotspot\share\prims\jni.cpp, line 516]
Event: 140.615 Thread 0x00000179e4a5b160 Exception <a 'sun/nio/fs/WindowsException'{0x00000000ef7237f8}> (0x00000000ef7237f8) 
thrown [s\open\src\hotspot\share\prims\jni.cpp, line 516]
Event: 140.711 Thread 0x00000179e4a5b160 Exception <a 'sun/nio/fs/WindowsException'{0x00000000ef748020}> (0x00000000ef748020) 
thrown [s\open\src\hotspot\share\prims\jni.cpp, line 516]
Event: 140.794 Thread 0x00000179e4a5b160 Exception <a 'sun/nio/fs/WindowsException'{0x00000000ede5c4b8}> (0x00000000ede5c4b8) 
thrown [s\open\src\hotspot\share\prims\jni.cpp, line 516]
Event: 140.795 Thread 0x00000179e4a5b160 Exception <a 'sun/nio/fs/WindowsException'{0x00000000ede5c650}> (0x00000000ede5c650) 
thrown [s\open\src\hotspot\share\prims\jni.cpp, line 516]
Event: 140.805 Thread 0x00000179e4a5b160 Exception <a 'sun/nio/fs/WindowsException'{0x00000000ede63fa8}> (0x00000000ede63fa8) 
thrown [s\open\src\hotspot\share\prims\jni.cpp, line 516]
Event: 140.808 Thread 0x00000179e4a5b160 Exception <a 'sun/nio/fs/WindowsException'{0x00000000edda3760}> (0x00000000edda3760) 
thrown [s\open\src\hotspot\share\prims\jni.cpp, line 516]
Event: 140.811 Thread 0x00000179e4a5b160 Exception <a 'sun/nio/fs/WindowsException'{0x00000000edda3910}> (0x00000000edda3910) 
thrown [s\open\src\hotspot\share\prims\jni.cpp, line 516]
Event: 140.852 Thread 0x00000179e4a5b160 Exception <a 'sun/nio/fs/WindowsException'{0x00000000eddaa638}> (0x00000000eddaa638) 
thrown [s\open\src\hotspot\share\prims\jni.cpp, line 516]
Event: 140.854 Thread 0x00000179e4a5b160 Exception <a 'sun/nio/fs/WindowsException'{0x00000000eddc85d0}> (0x00000000eddc85d0) 
thrown [s\open\src\hotspot\share\prims\jni.cpp, line 516]
Event: 140.856 Thread 0x00000179e4a5b160 Exception <a 'sun/nio/fs/WindowsException'{0x00000000eddc87a8}> (0x00000000eddc87a8) 
thrown [s\open\src\hotspot\share\prims\jni.cpp, line 516]
Event: 140.858 Thread 0x00000179e4a5bb00 Exception <a 'sun/nio/fs/WindowsException'{0x00000000ed26d250}> (0x00000000ed26d250) 
thrown [s\open\src\hotspot\share\prims\jni.cpp, line 516]
Event: 140.865 Thread 0x00000179e4a5b160 Exception <a 'sun/nio/fs/WindowsException'{0x00000000eddd1888}> (0x00000000eddd1888) 
thrown [s\open\src\hotspot\share\prims\jni.cpp, line 516]
Event: 140.884 Thread 0x00000179e4a5b160 Exception <a 'sun/nio/fs/WindowsException'{0x00000000ece31098}> (0x00000000ece31098) 
thrown [s\open\src\hotspot\share\prims\jni.cpp, line 516]
Event: 140.886 Thread 0x00000179e4a5b160 Exception <a 'sun/nio/fs/WindowsException'{0x00000000ece31240}> (0x00000000ece31240) 
thrown [s\open\src\hotspot\share\prims\jni.cpp, line 516]
Event: 140.907 Thread 0x00000179e4a5bb00 Exception <a 'sun/nio/fs/WindowsException'{0x00000000ed26d3e8}> (0x00000000ed26d3e8) 
thrown [s\open\src\hotspot\share\prims\jni.cpp, line 516]

VM Operations (20 events):
Event: 138.611 Executing VM operation: G1CollectForAllocation
Event: 138.618 Executing VM operation: G1CollectForAllocation done
Event: 139.122 Executing VM operation: HandshakeAllThreads
Event: 139.122 Executing VM operation: HandshakeAllThreads done
Event: 139.174 Executing VM operation: HandshakeAllThreads
Event: 139.188 Executing VM operation: HandshakeAllThreads done
Event: 139.188 Executing VM operation: G1CollectForAllocation
Event: 139.200 Executing VM operation: G1CollectForAllocation done
Event: 139.360 Executing VM operation: HandshakeAllThreads
Event: 139.395 Executing VM operation: HandshakeAllThreads done
Event: 139.676 Executing VM operation: G1CollectForAllocation
Event: 139.676 Executing VM operation: G1CollectForAllocation done
Event: 139.676 Executing VM operation: G1CollectForAllocation
Event: 139.682 Executing VM operation: G1CollectForAllocation done
Event: 139.969 Executing VM operation: G1CollectForAllocation
Event: 139.975 Executing VM operation: G1CollectForAllocation done
Event: 140.181 Executing VM operation: G1CollectForAllocation
Event: 140.189 Executing VM operation: G1CollectForAllocation done
Event: 140.583 Executing VM operation: G1CollectForAllocation
Event: 140.589 Executing VM operation: G1CollectForAllocation done

Events (20 events):
Event: 139.414 Thread 0x00000179de1022e0 flushing nmethod 0x00000179cd15cc90
Event: 139.414 Thread 0x00000179de1022e0 flushing nmethod 0x00000179cd15d290
Event: 139.414 Thread 0x00000179de1022e0 flushing nmethod 0x00000179cd15f090
Event: 139.414 Thread 0x00000179de1022e0 flushing nmethod 0x00000179cd16ab90
Event: 139.414 Thread 0x00000179de1022e0 flushing nmethod 0x00000179cd16f910
Event: 139.414 Thread 0x00000179de1022e0 flushing nmethod 0x00000179cd170b10
Event: 139.414 Thread 0x00000179de1022e0 flushing nmethod 0x00000179cd170f90
Event: 139.414 Thread 0x00000179de1022e0 flushing nmethod 0x00000179cd174010
Event: 139.414 Thread 0x00000179de1022e0 flushing nmethod 0x00000179cd174c90
Event: 139.414 Thread 0x00000179de1022e0 flushing nmethod 0x00000179cd175010
Event: 139.414 Thread 0x00000179de1022e0 flushing nmethod 0x00000179cd17ee90
Event: 139.414 Thread 0x00000179de1022e0 flushing nmethod 0x00000179cd185310
Event: 139.414 Thread 0x00000179de1022e0 flushing nmethod 0x00000179cd18df90
Event: 139.414 Thread 0x00000179de1022e0 flushing nmethod 0x00000179cd194590
Event: 139.414 Thread 0x00000179de1022e0 flushing nmethod 0x00000179cd19b010
Event: 139.414 Thread 0x00000179de1022e0 flushing nmethod 0x00000179cd1a1a90
Event: 139.414 Thread 0x00000179de1022e0 flushing nmethod 0x00000179cd1a2190
Event: 139.414 Thread 0x00000179de1022e0 flushing nmethod 0x00000179cd1a2a90
Event: 139.414 Thread 0x00000179de1022e0 flushing nmethod 0x00000179cd1a9b10
Event: 139.414 Thread 0x00000179de1022e0 flushing nmethod 0x00000179cd1ab410


Dynamic libraries:
0x00007ff7d4520000 - 0x00007ff7d4530000 	C:\Program Files\Java\jdk-18.0.1.1\bin\java.exe
0x00007ff8fae50000 - 0x00007ff8fb048000 	C:\Windows\SYSTEM32\ntdll.dll
0x00007ff8f9ed0000 - 0x00007ff8f9f8d000 	C:\Windows\System32\KERNEL32.DLL
0x00007ff8f8660000 - 0x00007ff8f892e000 	C:\Windows\System32\KERNELBASE.dll
0x00007ff8f8cb0000 - 0x00007ff8f8db0000 	C:\Windows\System32\ucrtbase.dll
0x00007ff8cb2c0000 - 0x00007ff8cb2da000 	C:\Program Files\Java\jdk-18.0.1.1\bin\VCRUNTIME140.dll
0x00007ff8cc5d0000 - 0x00007ff8cc5e8000 	C:\Program Files\Java\jdk-18.0.1.1\bin\jli.dll
0x00007ff8f9ba0000 - 0x00007ff8f9c4e000 	C:\Windows\System32\ADVAPI32.dll
0x00007ff8f9300000 - 0x00007ff8f939e000 	C:\Windows\System32\msvcrt.dll
0x00007ff8fa130000 - 0x00007ff8fa1cc000 	C:\Windows\System32\sechost.dll
0x00007ff8fa660000 - 0x00007ff8fa785000 	C:\Windows\System32\RPCRT4.dll
0x00007ff8f9f90000 - 0x00007ff8fa130000 	C:\Windows\System32\USER32.dll
0x00007ff8f8a90000 - 0x00007ff8f8ab2000 	C:\Windows\System32\win32u.dll
0x00007ff8f9420000 - 0x00007ff8f944a000 	C:\Windows\System32\GDI32.dll
0x00007ff8f8b70000 - 0x00007ff8f8c7b000 	C:\Windows\System32\gdi32full.dll
0x00007ff8eb540000 - 0x00007ff8eb7da000 	C:\Windows\WinSxS\amd64_microsoft.windows.common-controls_6595b64144ccf1df_6.0.19041.1110_none_60b5254171f9507e\COMCTL32.dll
0x00007ff8f8570000 - 0x00007ff8f860d000 	C:\Windows\System32\msvcp_win.dll
0x00007ff8eb040000 - 0x00007ff8eb04a000 	C:\Windows\SYSTEM32\VERSION.dll
0x00007ff8f8eb0000 - 0x00007ff8f8ee0000 	C:\Windows\System32\IMM32.DLL
0x00007ff8e4590000 - 0x00007ff8e459c000 	C:\Program Files\Java\jdk-18.0.1.1\bin\vcruntime140_1.dll
0x00007ff8adae0000 - 0x00007ff8adb6d000 	C:\Program Files\Java\jdk-18.0.1.1\bin\msvcp140.dll
0x00007ff89ea20000 - 0x00007ff89f630000 	C:\Program Files\Java\jdk-18.0.1.1\bin\server\jvm.dll
0x00007ff8f8ee0000 - 0x00007ff8f8ee8000 	C:\Windows\System32\PSAPI.DLL
0x00007ff8ea970000 - 0x00007ff8ea997000 	C:\Windows\SYSTEM32\WINMM.dll
0x00007ff8e3c40000 - 0x00007ff8e3c49000 	C:\Windows\SYSTEM32\WSOCK32.dll
0x00007ff8fa440000 - 0x00007ff8fa4ab000 	C:\Windows\System32\WS2_32.dll
0x00007ff8f5690000 - 0x00007ff8f56a2000 	C:\Windows\SYSTEM32\kernel.appcore.dll
0x00007ff8e38c0000 - 0x00007ff8e38ca000 	C:\Program Files\Java\jdk-18.0.1.1\bin\jimage.dll
0x00007ff8f7d60000 - 0x00007ff8f7f44000 	C:\Windows\SYSTEM32\DBGHELP.DLL
0x00007ff8f7d30000 - 0x00007ff8f7d5c000 	C:\Windows\SYSTEM32\dbgcore.DLL
0x00007ff8f8db0000 - 0x00007ff8f8e32000 	C:\Windows\System32\bcryptPrimitives.dll
0x00007ff8c99c0000 - 0x00007ff8c99e5000 	C:\Program Files\Java\jdk-18.0.1.1\bin\java.dll
0x00007ff8a1000000 - 0x00007ff8a10d6000 	C:\Program Files\Java\jdk-18.0.1.1\bin\jsvml.dll
0x00007ff8f9450000 - 0x00007ff8f9b94000 	C:\Windows\System32\SHELL32.dll
0x00007ff8f58d0000 - 0x00007ff8f6064000 	C:\Windows\SYSTEM32\windows.storage.dll
0x00007ff8f8fa0000 - 0x00007ff8f92f4000 	C:\Windows\System32\combase.dll
0x00007ff8f78e0000 - 0x00007ff8f7910000 	C:\Windows\SYSTEM32\Wldp.dll
0x00007ff8f9d50000 - 0x00007ff8f9dfd000 	C:\Windows\System32\SHCORE.dll
0x00007ff8fac00000 - 0x00007ff8fac55000 	C:\Windows\System32\shlwapi.dll
0x00007ff8f84b0000 - 0x00007ff8f84cf000 	C:\Windows\SYSTEM32\profapi.dll
0x00007ff8c93b0000 - 0x00007ff8c93c3000 	C:\Program Files\Java\jdk-18.0.1.1\bin\net.dll
0x00007ff8ecc20000 - 0x00007ff8ecd2a000 	C:\Windows\SYSTEM32\WINHTTP.dll
0x00007ff8f77b0000 - 0x00007ff8f781a000 	C:\Windows\system32\mswsock.dll
0x00007ff8c8280000 - 0x00007ff8c8296000 	C:\Program Files\Java\jdk-18.0.1.1\bin\nio.dll
0x00007ff8c8060000 - 0x00007ff8c8078000 	C:\Program Files\Java\jdk-18.0.1.1\bin\zip.dll
0x00007ff8f6a30000 - 0x00007ff8f6a40000 	C:\Program Files\Java\jdk-18.0.1.1\bin\verify.dll
0x00007ff8d28c0000 - 0x00007ff8d28e7000 	C:\Users\LUCKY\.gradle\native\e1d6ef7f7dcc3fd88c89a11ec53ec762bb8ba0a96d01ffa2cd45eb1d1d8dd5c5\windows-amd64\native-platform.dll
0x00007ff8a0ae0000 - 0x00007ff8a0c24000 	C:\Users\LUCKY\.gradle\native\0d407fdbe67a94daf76414ababcb853783967236a71b16ec16e742cd7a986fd3\windows-amd64\native-platform-file-events.dll
0x00007ff8e2900000 - 0x00007ff8e2909000 	C:\Program Files\Java\jdk-18.0.1.1\bin\management.dll
0x00007ff8e2220000 - 0x00007ff8e222b000 	C:\Program Files\Java\jdk-18.0.1.1\bin\management_ext.dll
0x00007ff8f82b0000 - 0x00007ff8f82c8000 	C:\Windows\SYSTEM32\CRYPTSP.dll
0x00007ff8f6f80000 - 0x00007ff8f6fb4000 	C:\Windows\system32\rsaenh.dll
0x00007ff8f8c80000 - 0x00007ff8f8ca7000 	C:\Windows\System32\bcrypt.dll
0x00007ff8f8430000 - 0x00007ff8f845e000 	C:\Windows\SYSTEM32\USERENV.dll
0x00007ff8f76c0000 - 0x00007ff8f76cc000 	C:\Windows\SYSTEM32\CRYPTBASE.dll
0x00007ff8f72d0000 - 0x00007ff8f730b000 	C:\Windows\SYSTEM32\IPHLPAPI.DLL
0x00007ff8f9ec0000 - 0x00007ff8f9ec8000 	C:\Windows\System32\NSI.dll
0x00007ff8f0840000 - 0x00007ff8f0857000 	C:\Windows\SYSTEM32\dhcpcsvc6.DLL
0x00007ff8f1aa0000 - 0x00007ff8f1abd000 	C:\Windows\SYSTEM32\dhcpcsvc.DLL
0x00007ff8f7310000 - 0x00007ff8f73db000 	C:\Windows\SYSTEM32\DNSAPI.dll
0x00007ff8f6a10000 - 0x00007ff8f6a1e000 	C:\Program Files\Java\jdk-18.0.1.1\bin\sunmscapi.dll
0x00007ff8f8930000 - 0x00007ff8f8a86000 	C:\Windows\System32\CRYPT32.dll
0x00007ff8f7950000 - 0x00007ff8f7977000 	C:\Windows\SYSTEM32\ncrypt.dll
0x00007ff8f7910000 - 0x00007ff8f794b000 	C:\Windows\SYSTEM32\NTASN1.dll
0x00007ff8eb430000 - 0x00007ff8eb43a000 	C:\Windows\System32\rasadhlp.dll
0x00007ff8ec7c0000 - 0x00007ff8ec840000 	C:\Windows\System32\fwpuclnt.dll
0x00007ff8f8250000 - 0x00007ff8f8283000 	C:\Windows\SYSTEM32\ntmarta.dll

dbghelp: loaded successfully - version: 4.0.5 - missing functions: none
symbol engine: initialized successfully - sym options: 0x614 - pdb path: .;C:\Program Files\Java\jdk-18.0.1.1\bin;C:\Windows\SYSTEM32;C:\Windows\WinSxS\amd64_microsoft.windows.common-controls_6595b64144ccf1df_6.0.19041.1110_none_60b5254171f9507e;C:\Program Files\Java\jdk-18.0.1.1\bin\server;C:\Users\LUCKY\.gradle\native\e1d6ef7f7dcc3fd88c89a11ec53ec762bb8ba0a96d01ffa2cd45eb1d1d8dd5c5\windows-amd64;C:\Users\LUCKY\.gradle\native\0d407fdbe67a94daf76414ababcb853783967236a71b16ec16e742cd7a986fd3\windows-amd64

VM Arguments:
jvm_args: --add-opens=java.base/java.util=ALL-UNNAMED --add-opens=java.base/java.lang=ALL-UNNAMED --add-opens=java.base/java.lang.invoke=ALL-UNNAMED --add-opens=java.base/java.util=ALL-UNNAMED --add-opens=java.prefs/java.util.prefs=ALL-UNNAMED --add-opens=java.prefs/java.util.prefs=ALL-UNNAMED --add-opens=java.base/java.nio.charset=ALL-UNNAMED --add-opens=java.base/java.net=ALL-UNNAMED --add-opens=java.base/java.util.concurrent.atomic=ALL-UNNAMED -XX:MaxMetaspaceSize=256m -XX:+HeapDumpOnOutOfMemoryError -Xms256m -Xmx512m -Dfile.encoding=UTF-8 -Duser.country=US -Duser.language=en -Duser.variant 
java_command: org.gradle.launcher.daemon.bootstrap.GradleDaemon 7.5
java_class_path (initial): C:\Users\LUCKY\.gradle\wrapper\dists\gradle-7.5-all\6qsw290k5lz422uaf8jf6m7co\gradle-7.5\lib\gradle-launcher-7.5.jar
Launcher Type: SUN_STANDARD

[Global flags]
     intx CICompilerCount                          = 3                                         {product} {ergonomic}
   size_t CompressedClassSpaceSize                 = 218103808                                 {product} {ergonomic}
     uint ConcGCThreads                            = 1                                         {product} {ergonomic}
     uint G1ConcRefinementThreads                  = 4                                         {product} {ergonomic}
   size_t G1HeapRegionSize                         = 1048576                                   {product} {ergonomic}
    uintx GCDrainStackTargetSize                   = 64                                        {product} {ergonomic}
     bool HeapDumpOnOutOfMemoryError               = true                                   {manageable} {command line}
   size_t InitialHeapSize                          = 268435456                                 {product} {command line}
   size_t MarkStackSize                            = 4194304                                   {product} {ergonomic}
   size_t MaxHeapSize                              = 536870912                                 {product} {command line}
   size_t MaxMetaspaceSize                         = 268435456                                 {product} {command line}
   size_t MaxNewSize                               = 321912832                                 {product} {ergonomic}
   size_t MinHeapDeltaBytes                        = 1048576                                   {product} {ergonomic}
   size_t MinHeapSize                              = 268435456                                 {product} {command line}
    uintx NonNMethodCodeHeapSize                   = 5832780                                {pd product} {ergonomic}
    uintx NonProfiledCodeHeapSize                  = 122912730                              {pd product} {ergonomic}
    uintx ProfiledCodeHeapSize                     = 122912730                              {pd product} {ergonomic}
    uintx ReservedCodeCacheSize                    = 251658240                              {pd product} {ergonomic}
     bool SegmentedCodeCache                       = true                                      {product} {ergonomic}
   size_t SoftMaxHeapSize                          = 536870912                              {manageable} {ergonomic}
     bool UseCompressedClassPointers               = true                           {product lp64_product} {ergonomic}
     bool UseCompressedOops                        = true                           {product lp64_product} {ergonomic}
     bool UseG1GC                                  = true                                      {product} {ergonomic}
     bool UseLargePagesIndividualAllocation        = false                                  {pd product} {ergonomic}

Logging:
Log output configuration:
 #0: stdout all=warning uptime,level,tags foldmultilines=false
 #1: stderr all=off uptime,level,tags foldmultilines=false

Environment Variables:
CLASSPATH=D:\MyWork\ReactNative\BPM\BPM_MIC-main\android\\gradle\wrapper\gradle-wrapper.jar
PATH=C:\Program Files\Common Files\Oracle\Java\javapath;C:\Windows\system32;C:\Windows;C:\Windows\System32\Wbem;C:\Windows\System32\WindowsPowerShell\v1.0\;C:\Windows\System32\OpenSSH\;C:\Program Files\Git\cmd;C:\Users\LUCKY\AppData\Roaming\nvm;C:\Program Files\nodejs;C:\xampp\php;C:\ProgramData\ComposerSetup\bin;C:\Program Files\PuTTY\;C:\Program Files\Java\jdk-18.0.1.1\bin;C:\Program Files\Microsoft SQL Server\150\Tools\Binn\;C:\Users\LUCKY\AppData\Local\Programs\Python\Python310\Scripts\;C:\Users\LUCKY\AppData\Local\Programs\Python\Python310\;C:\Users\LUCKY\AppData\Local\Microsoft\WindowsApps;C:\Program Files\Bandizip\;C:\Users\LUCKY\AppData\Roaming\npm;C:\Users\LUCKY\AppData\Local\Programs\Microsoft VS Code\bin;C:\Users\LUCKY\AppData\Roaming\nvm;C:\Program Files\nodejs;C:\Users\LUCKY\AppData\Roaming\Composer\vendor\bin;C:\Program Files\JetBrains\PyCharm Community Edition 2022.1.1\bin;
USERNAME=LUCKY
OS=Windows_NT
PROCESSOR_IDENTIFIER=Intel64 Family 6 Model 58 Stepping 9, GenuineIntel



---------------  S Y S T E M  ---------------

OS:
 Windows 10 , 64 bit Build 19041 (10.0.19041.1806)
OS uptime: 2 days 6:41 hours

CPU: total 4 (initial active 4) (2 cores per cpu, 2 threads per core) family 6 model 58 stepping 9 microcode 0x21, cx8, cmov, fxsr, ht, mmx, sse, sse2, sse3, ssse3, sse4.1, sse4.2, popcnt, tsc, tscinvbit, avx, aes, erms, clmul, vzeroupper, clflush

Memory: 4k page, system-wide physical 12182M (2972M free)
TotalPageFile size 16790M (AvailPageFile size 4705M)
current process WorkingSet (physical memory assigned to process): 433M, peak: 437M
current process commit charge ("private bytes"): 502M, peak: 508M

vm_info: Java HotSpot(TM) 64-Bit Server VM (18.0.1.1+2-6) for windows-amd64 JRE (18.0.1.1+2-6), built on Apr 25 2022 21:53:15 by "mach5one" with MS VC++ 16.8 / 16.9 (VS2019)

END.
